[0.744s] Invoking command in '/home/login/ws_moveit/src/my_robot_control': PYTHONPATH=/home/login/ws_moveit/build/my_robot_control/prefix_override:/usr/lib/python3/dist-packages/colcon_core/task/python/colcon_distutils_commands:/home/login/ws_moveit/install/my_robot_control/lib/python3.12/site-packages:${PYTHONPATH} /usr/bin/python3 -W ignore:setup.py install is deprecated -W ignore:easy_install command is deprecated setup.py egg_info --egg-base ../../build/my_robot_control build --build-base /home/login/ws_moveit/build/my_robot_control/build install --record /home/login/ws_moveit/build/my_robot_control/install.log --single-version-externally-managed install_data
[0.988s] running egg_info
[1.005s] writing ../../build/my_robot_control/my_robot_control.egg-info/PKG-INFO
[1.005s] writing dependency_links to ../../build/my_robot_control/my_robot_control.egg-info/dependency_links.txt
[1.005s] writing entry points to ../../build/my_robot_control/my_robot_control.egg-info/entry_points.txt
[1.005s] writing requirements to ../../build/my_robot_control/my_robot_control.egg-info/requires.txt
[1.005s] writing top-level names to ../../build/my_robot_control/my_robot_control.egg-info/top_level.txt
[1.043s] reading manifest file '../../build/my_robot_control/my_robot_control.egg-info/SOURCES.txt'
[1.044s] writing manifest file '../../build/my_robot_control/my_robot_control.egg-info/SOURCES.txt'
[1.045s] running build
[1.045s] running build_py
[1.045s] copying my_robot_control/movelt_planning_obstacle.py -> /home/login/ws_moveit/build/my_robot_control/build/lib/my_robot_control
[1.046s] running install
[1.051s] running install_lib
[1.068s] copying /home/login/ws_moveit/build/my_robot_control/build/lib/my_robot_control/movelt_planning_obstacle.py -> /home/login/ws_moveit/install/my_robot_control/lib/python3.12/site-packages/my_robot_control
[1.069s] byte-compiling /home/login/ws_moveit/install/my_robot_control/lib/python3.12/site-packages/my_robot_control/movelt_planning_obstacle.py to movelt_planning_obstacle.cpython-312.pyc
[1.071s] running install_data
[1.071s] running install_egg_info
[1.088s] removing '/home/login/ws_moveit/install/my_robot_control/lib/python3.12/site-packages/my_robot_control-0.0.0-py3.12.egg-info' (and everything under it)
[1.088s] Copying ../../build/my_robot_control/my_robot_control.egg-info to /home/login/ws_moveit/install/my_robot_control/lib/python3.12/site-packages/my_robot_control-0.0.0-py3.12.egg-info
[1.089s] running install_scripts
[1.214s] Installing add_box_obstacle script to /home/login/ws_moveit/install/my_robot_control/lib/my_robot_control
[1.214s] Installing cartesian_commander_panda script to /home/login/ws_moveit/install/my_robot_control/lib/my_robot_control
[1.214s] Installing cartesian_commander_ur5 script to /home/login/ws_moveit/install/my_robot_control/lib/my_robot_control
[1.214s] Installing home_commander_panda script to /home/login/ws_moveit/install/my_robot_control/lib/my_robot_control
[1.215s] Installing home_commander_ur5 script to /home/login/ws_moveit/install/my_robot_control/lib/my_robot_control
[1.215s] Installing movelt_planning_obstacle script to /home/login/ws_moveit/install/my_robot_control/lib/my_robot_control
[1.215s] Installing trajectory_visualizer script to /home/login/ws_moveit/install/my_robot_control/lib/my_robot_control
[1.216s] writing list of installed files to '/home/login/ws_moveit/build/my_robot_control/install.log'
[1.264s] Invoked command in '/home/login/ws_moveit/src/my_robot_control' returned '0': PYTHONPATH=/home/login/ws_moveit/build/my_robot_control/prefix_override:/usr/lib/python3/dist-packages/colcon_core/task/python/colcon_distutils_commands:/home/login/ws_moveit/install/my_robot_control/lib/python3.12/site-packages:${PYTHONPATH} /usr/bin/python3 -W ignore:setup.py install is deprecated -W ignore:easy_install command is deprecated setup.py egg_info --egg-base ../../build/my_robot_control build --build-base /home/login/ws_moveit/build/my_robot_control/build install --record /home/login/ws_moveit/build/my_robot_control/install.log --single-version-externally-managed install_data
