[0.210s] DEBUG:colcon:Command line arguments: ['/usr/bin/colcon', 'build']
[0.210s] DEBUG:colcon:Parsed command line arguments: Namespace(log_base=None, log_level=None, verb_name='build', build_base='build', install_base='install', merge_install=False, symlink_install=False, test_result_base=None, continue_on_error=False, executor='parallel', parallel_workers=12, event_handlers=None, ignore_user_meta=False, metas=['./colcon.meta'], base_paths=['.'], packages_ignore=None, packages_ignore_regex=None, paths=None, packages_up_to=None, packages_up_to_regex=None, packages_above=None, packages_above_and_dependencies=None, packages_above_depth=None, packages_select_by_dep=None, packages_skip_by_dep=None, packages_skip_up_to=None, packages_select_build_failed=False, packages_skip_build_finished=False, packages_select_test_failures=False, packages_skip_test_passed=False, packages_select=None, packages_skip=None, packages_select_regex=None, packages_skip_regex=None, packages_start=None, packages_end=None, allow_overriding=[], cmake_args=None, cmake_target=None, cmake_target_skip_unavailable=False, cmake_clean_cache=False, cmake_clean_first=False, cmake_force_configure=False, ament_cmake_args=None, catkin_cmake_args=None, catkin_skip_building_tests=False, mixin_files=None, mixin=None, verb_parser=<colcon_mixin.mixin.mixin_argument.MixinArgumentDecorator object at 0x7fd8ccca1fd0>, verb_extension=<colcon_core.verb.build.BuildVerb object at 0x7fd8ccca1d00>, main=<bound method BuildVerb.main of <colcon_core.verb.build.BuildVerb object at 0x7fd8ccca1d00>>, mixin_verb=('build',))
[0.239s] Level 1:colcon.colcon_core.package_discovery:discover_packages(colcon_meta) check parameters
[0.239s] Level 1:colcon.colcon_core.package_discovery:discover_packages(recursive) check parameters
[0.239s] Level 1:colcon.colcon_core.package_discovery:discover_packages(ignore) check parameters
[0.239s] Level 1:colcon.colcon_core.package_discovery:discover_packages(path) check parameters
[0.240s] Level 1:colcon.colcon_core.package_discovery:discover_packages(colcon_meta) discover
[0.240s] Level 1:colcon.colcon_core.package_discovery:discover_packages(recursive) discover
[0.240s] INFO:colcon.colcon_core.package_discovery:Crawling recursively for packages in '/home/login/ws_moveit/src'
[0.240s] Level 1:colcon.colcon_core.package_identification:_identify(.) by extensions ['ignore', 'ignore_ament_install']
[0.240s] Level 1:colcon.colcon_core.package_identification:_identify(.) by extension 'ignore'
[0.240s] Level 1:colcon.colcon_core.package_identification:_identify(.) by extension 'ignore_ament_install'
[0.240s] Level 1:colcon.colcon_core.package_identification:_identify(.) by extensions ['colcon_pkg']
[0.240s] Level 1:colcon.colcon_core.package_identification:_identify(.) by extension 'colcon_pkg'
[0.240s] Level 1:colcon.colcon_core.package_identification:_identify(.) by extensions ['colcon_meta']
[0.240s] Level 1:colcon.colcon_core.package_identification:_identify(.) by extension 'colcon_meta'
[0.240s] Level 1:colcon.colcon_core.package_identification:_identify(.) by extensions ['ros']
[0.240s] Level 1:colcon.colcon_core.package_identification:_identify(.) by extension 'ros'
[0.258s] Level 1:colcon.colcon_core.package_identification:_identify(.) by extensions ['cmake', 'python']
[0.258s] Level 1:colcon.colcon_core.package_identification:_identify(.) by extension 'cmake'
[0.258s] Level 1:colcon.colcon_core.package_identification:_identify(.) by extension 'python'
[0.258s] Level 1:colcon.colcon_core.package_identification:_identify(.) by extensions ['python_setup_py']
[0.258s] Level 1:colcon.colcon_core.package_identification:_identify(.) by extension 'python_setup_py'
[0.258s] Level 1:colcon.colcon_core.package_identification:_identify(build) by extensions ['ignore', 'ignore_ament_install']
[0.259s] Level 1:colcon.colcon_core.package_identification:_identify(build) by extension 'ignore'
[0.259s] Level 1:colcon.colcon_core.package_identification:_identify(build) ignored
[0.259s] Level 1:colcon.colcon_core.package_identification:_identify(install) by extensions ['ignore', 'ignore_ament_install']
[0.259s] Level 1:colcon.colcon_core.package_identification:_identify(install) by extension 'ignore'
[0.259s] Level 1:colcon.colcon_core.package_identification:_identify(install) ignored
[0.259s] Level 1:colcon.colcon_core.package_identification:_identify(log) by extensions ['ignore', 'ignore_ament_install']
[0.259s] Level 1:colcon.colcon_core.package_identification:_identify(log) by extension 'ignore'
[0.259s] Level 1:colcon.colcon_core.package_identification:_identify(log) ignored
[0.259s] Level 1:colcon.colcon_core.package_identification:_identify(moveit2_tutorials) by extensions ['ignore', 'ignore_ament_install']
[0.259s] Level 1:colcon.colcon_core.package_identification:_identify(moveit2_tutorials) by extension 'ignore'
[0.259s] Level 1:colcon.colcon_core.package_identification:_identify(moveit2_tutorials) by extension 'ignore_ament_install'
[0.259s] Level 1:colcon.colcon_core.package_identification:_identify(moveit2_tutorials) by extensions ['colcon_pkg']
[0.259s] Level 1:colcon.colcon_core.package_identification:_identify(moveit2_tutorials) by extension 'colcon_pkg'
[0.259s] Level 1:colcon.colcon_core.package_identification:_identify(moveit2_tutorials) by extensions ['colcon_meta']
[0.259s] Level 1:colcon.colcon_core.package_identification:_identify(moveit2_tutorials) by extension 'colcon_meta'
[0.259s] Level 1:colcon.colcon_core.package_identification:_identify(moveit2_tutorials) by extensions ['ros']
[0.259s] Level 1:colcon.colcon_core.package_identification:_identify(moveit2_tutorials) by extension 'ros'
[0.262s] DEBUG:colcon.colcon_core.package_identification:Package 'moveit2_tutorials' with type 'ros.ament_cmake' and name 'moveit2_tutorials'
[0.262s] Level 1:colcon.colcon_core.package_identification:_identify(moveit_task_constructor) by extensions ['ignore', 'ignore_ament_install']
[0.262s] Level 1:colcon.colcon_core.package_identification:_identify(moveit_task_constructor) by extension 'ignore'
[0.263s] Level 1:colcon.colcon_core.package_identification:_identify(moveit_task_constructor) by extension 'ignore_ament_install'
[0.263s] Level 1:colcon.colcon_core.package_identification:_identify(moveit_task_constructor) by extensions ['colcon_pkg']
[0.263s] Level 1:colcon.colcon_core.package_identification:_identify(moveit_task_constructor) by extension 'colcon_pkg'
[0.263s] Level 1:colcon.colcon_core.package_identification:_identify(moveit_task_constructor) by extensions ['colcon_meta']
[0.263s] Level 1:colcon.colcon_core.package_identification:_identify(moveit_task_constructor) by extension 'colcon_meta'
[0.263s] Level 1:colcon.colcon_core.package_identification:_identify(moveit_task_constructor) by extensions ['ros']
[0.263s] Level 1:colcon.colcon_core.package_identification:_identify(moveit_task_constructor) by extension 'ros'
[0.263s] Level 1:colcon.colcon_core.package_identification:_identify(moveit_task_constructor) by extensions ['cmake', 'python']
[0.263s] Level 1:colcon.colcon_core.package_identification:_identify(moveit_task_constructor) by extension 'cmake'
[0.263s] Level 1:colcon.colcon_core.package_identification:_identify(moveit_task_constructor) by extension 'python'
[0.263s] Level 1:colcon.colcon_core.package_identification:_identify(moveit_task_constructor) by extensions ['python_setup_py']
[0.263s] Level 1:colcon.colcon_core.package_identification:_identify(moveit_task_constructor) by extension 'python_setup_py'
[0.263s] Level 1:colcon.colcon_core.package_identification:_identify(moveit_task_constructor/build) by extensions ['ignore', 'ignore_ament_install']
[0.263s] Level 1:colcon.colcon_core.package_identification:_identify(moveit_task_constructor/build) by extension 'ignore'
[0.263s] Level 1:colcon.colcon_core.package_identification:_identify(moveit_task_constructor/build) ignored
[0.263s] Level 1:colcon.colcon_core.package_identification:_identify(moveit_task_constructor/capabilities) by extensions ['ignore', 'ignore_ament_install']
[0.263s] Level 1:colcon.colcon_core.package_identification:_identify(moveit_task_constructor/capabilities) by extension 'ignore'
[0.263s] Level 1:colcon.colcon_core.package_identification:_identify(moveit_task_constructor/capabilities) by extension 'ignore_ament_install'
[0.263s] Level 1:colcon.colcon_core.package_identification:_identify(moveit_task_constructor/capabilities) by extensions ['colcon_pkg']
[0.263s] Level 1:colcon.colcon_core.package_identification:_identify(moveit_task_constructor/capabilities) by extension 'colcon_pkg'
[0.264s] Level 1:colcon.colcon_core.package_identification:_identify(moveit_task_constructor/capabilities) by extensions ['colcon_meta']
[0.264s] Level 1:colcon.colcon_core.package_identification:_identify(moveit_task_constructor/capabilities) by extension 'colcon_meta'
[0.264s] Level 1:colcon.colcon_core.package_identification:_identify(moveit_task_constructor/capabilities) by extensions ['ros']
[0.264s] Level 1:colcon.colcon_core.package_identification:_identify(moveit_task_constructor/capabilities) by extension 'ros'
[0.264s] DEBUG:colcon.colcon_core.package_identification:Package 'moveit_task_constructor/capabilities' with type 'ros.ament_cmake' and name 'moveit_task_constructor_capabilities'
[0.264s] Level 1:colcon.colcon_core.package_identification:_identify(moveit_task_constructor/core) by extensions ['ignore', 'ignore_ament_install']
[0.264s] Level 1:colcon.colcon_core.package_identification:_identify(moveit_task_constructor/core) by extension 'ignore'
[0.265s] Level 1:colcon.colcon_core.package_identification:_identify(moveit_task_constructor/core) by extension 'ignore_ament_install'
[0.265s] Level 1:colcon.colcon_core.package_identification:_identify(moveit_task_constructor/core) by extensions ['colcon_pkg']
[0.265s] Level 1:colcon.colcon_core.package_identification:_identify(moveit_task_constructor/core) by extension 'colcon_pkg'
[0.265s] Level 1:colcon.colcon_core.package_identification:_identify(moveit_task_constructor/core) by extensions ['colcon_meta']
[0.265s] Level 1:colcon.colcon_core.package_identification:_identify(moveit_task_constructor/core) by extension 'colcon_meta'
[0.265s] Level 1:colcon.colcon_core.package_identification:_identify(moveit_task_constructor/core) by extensions ['ros']
[0.265s] Level 1:colcon.colcon_core.package_identification:_identify(moveit_task_constructor/core) by extension 'ros'
[0.265s] DEBUG:colcon.colcon_core.package_identification:Package 'moveit_task_constructor/core' with type 'ros.ament_cmake' and name 'moveit_task_constructor_core'
[0.266s] Level 1:colcon.colcon_core.package_identification:_identify(moveit_task_constructor/demo) by extensions ['ignore', 'ignore_ament_install']
[0.266s] Level 1:colcon.colcon_core.package_identification:_identify(moveit_task_constructor/demo) by extension 'ignore'
[0.266s] Level 1:colcon.colcon_core.package_identification:_identify(moveit_task_constructor/demo) by extension 'ignore_ament_install'
[0.266s] Level 1:colcon.colcon_core.package_identification:_identify(moveit_task_constructor/demo) by extensions ['colcon_pkg']
[0.266s] Level 1:colcon.colcon_core.package_identification:_identify(moveit_task_constructor/demo) by extension 'colcon_pkg'
[0.266s] Level 1:colcon.colcon_core.package_identification:_identify(moveit_task_constructor/demo) by extensions ['colcon_meta']
[0.266s] Level 1:colcon.colcon_core.package_identification:_identify(moveit_task_constructor/demo) by extension 'colcon_meta'
[0.266s] Level 1:colcon.colcon_core.package_identification:_identify(moveit_task_constructor/demo) by extensions ['ros']
[0.266s] Level 1:colcon.colcon_core.package_identification:_identify(moveit_task_constructor/demo) by extension 'ros'
[0.266s] DEBUG:colcon.colcon_core.package_identification:Package 'moveit_task_constructor/demo' with type 'ros.ament_cmake' and name 'moveit_task_constructor_demo'
[0.266s] Level 1:colcon.colcon_core.package_identification:_identify(moveit_task_constructor/install) by extensions ['ignore', 'ignore_ament_install']
[0.267s] Level 1:colcon.colcon_core.package_identification:_identify(moveit_task_constructor/install) by extension 'ignore'
[0.267s] Level 1:colcon.colcon_core.package_identification:_identify(moveit_task_constructor/install) ignored
[0.267s] Level 1:colcon.colcon_core.package_identification:_identify(moveit_task_constructor/log) by extensions ['ignore', 'ignore_ament_install']
[0.267s] Level 1:colcon.colcon_core.package_identification:_identify(moveit_task_constructor/log) by extension 'ignore'
[0.267s] Level 1:colcon.colcon_core.package_identification:_identify(moveit_task_constructor/log) ignored
[0.267s] Level 1:colcon.colcon_core.package_identification:_identify(moveit_task_constructor/msgs) by extensions ['ignore', 'ignore_ament_install']
[0.267s] Level 1:colcon.colcon_core.package_identification:_identify(moveit_task_constructor/msgs) by extension 'ignore'
[0.267s] Level 1:colcon.colcon_core.package_identification:_identify(moveit_task_constructor/msgs) by extension 'ignore_ament_install'
[0.267s] Level 1:colcon.colcon_core.package_identification:_identify(moveit_task_constructor/msgs) by extensions ['colcon_pkg']
[0.267s] Level 1:colcon.colcon_core.package_identification:_identify(moveit_task_constructor/msgs) by extension 'colcon_pkg'
[0.267s] Level 1:colcon.colcon_core.package_identification:_identify(moveit_task_constructor/msgs) by extensions ['colcon_meta']
[0.267s] Level 1:colcon.colcon_core.package_identification:_identify(moveit_task_constructor/msgs) by extension 'colcon_meta'
[0.267s] Level 1:colcon.colcon_core.package_identification:_identify(moveit_task_constructor/msgs) by extensions ['ros']
[0.267s] Level 1:colcon.colcon_core.package_identification:_identify(moveit_task_constructor/msgs) by extension 'ros'
[0.268s] DEBUG:colcon.colcon_core.package_identification:Package 'moveit_task_constructor/msgs' with type 'ros.ament_cmake' and name 'moveit_task_constructor_msgs'
[0.268s] Level 1:colcon.colcon_core.package_identification:_identify(moveit_task_constructor/rviz_marker_tools) by extensions ['ignore', 'ignore_ament_install']
[0.268s] Level 1:colcon.colcon_core.package_identification:_identify(moveit_task_constructor/rviz_marker_tools) by extension 'ignore'
[0.268s] Level 1:colcon.colcon_core.package_identification:_identify(moveit_task_constructor/rviz_marker_tools) by extension 'ignore_ament_install'
[0.268s] Level 1:colcon.colcon_core.package_identification:_identify(moveit_task_constructor/rviz_marker_tools) by extensions ['colcon_pkg']
[0.268s] Level 1:colcon.colcon_core.package_identification:_identify(moveit_task_constructor/rviz_marker_tools) by extension 'colcon_pkg'
[0.268s] Level 1:colcon.colcon_core.package_identification:_identify(moveit_task_constructor/rviz_marker_tools) by extensions ['colcon_meta']
[0.268s] Level 1:colcon.colcon_core.package_identification:_identify(moveit_task_constructor/rviz_marker_tools) by extension 'colcon_meta'
[0.268s] Level 1:colcon.colcon_core.package_identification:_identify(moveit_task_constructor/rviz_marker_tools) by extensions ['ros']
[0.268s] Level 1:colcon.colcon_core.package_identification:_identify(moveit_task_constructor/rviz_marker_tools) by extension 'ros'
[0.269s] DEBUG:colcon.colcon_core.package_identification:Package 'moveit_task_constructor/rviz_marker_tools' with type 'ros.ament_cmake' and name 'rviz_marker_tools'
[0.269s] Level 1:colcon.colcon_core.package_identification:_identify(moveit_task_constructor/src) by extensions ['ignore', 'ignore_ament_install']
[0.269s] Level 1:colcon.colcon_core.package_identification:_identify(moveit_task_constructor/src) by extension 'ignore'
[0.269s] Level 1:colcon.colcon_core.package_identification:_identify(moveit_task_constructor/src) by extension 'ignore_ament_install'
[0.269s] Level 1:colcon.colcon_core.package_identification:_identify(moveit_task_constructor/src) by extensions ['colcon_pkg']
[0.269s] Level 1:colcon.colcon_core.package_identification:_identify(moveit_task_constructor/src) by extension 'colcon_pkg'
[0.269s] Level 1:colcon.colcon_core.package_identification:_identify(moveit_task_constructor/src) by extensions ['colcon_meta']
[0.269s] Level 1:colcon.colcon_core.package_identification:_identify(moveit_task_constructor/src) by extension 'colcon_meta'
[0.269s] Level 1:colcon.colcon_core.package_identification:_identify(moveit_task_constructor/src) by extensions ['ros']
[0.269s] Level 1:colcon.colcon_core.package_identification:_identify(moveit_task_constructor/src) by extension 'ros'
[0.269s] Level 1:colcon.colcon_core.package_identification:_identify(moveit_task_constructor/src) by extensions ['cmake', 'python']
[0.269s] Level 1:colcon.colcon_core.package_identification:_identify(moveit_task_constructor/src) by extension 'cmake'
[0.269s] Level 1:colcon.colcon_core.package_identification:_identify(moveit_task_constructor/src) by extension 'python'
[0.269s] Level 1:colcon.colcon_core.package_identification:_identify(moveit_task_constructor/src) by extensions ['python_setup_py']
[0.269s] Level 1:colcon.colcon_core.package_identification:_identify(moveit_task_constructor/src) by extension 'python_setup_py'
[0.269s] Level 1:colcon.colcon_core.package_identification:_identify(moveit_task_constructor/src/moveit_task_constructor) by extensions ['ignore', 'ignore_ament_install']
[0.269s] Level 1:colcon.colcon_core.package_identification:_identify(moveit_task_constructor/src/moveit_task_constructor) by extension 'ignore'
[0.269s] Level 1:colcon.colcon_core.package_identification:_identify(moveit_task_constructor/src/moveit_task_constructor) by extension 'ignore_ament_install'
[0.270s] Level 1:colcon.colcon_core.package_identification:_identify(moveit_task_constructor/src/moveit_task_constructor) by extensions ['colcon_pkg']
[0.270s] Level 1:colcon.colcon_core.package_identification:_identify(moveit_task_constructor/src/moveit_task_constructor) by extension 'colcon_pkg'
[0.270s] Level 1:colcon.colcon_core.package_identification:_identify(moveit_task_constructor/src/moveit_task_constructor) by extensions ['colcon_meta']
[0.270s] Level 1:colcon.colcon_core.package_identification:_identify(moveit_task_constructor/src/moveit_task_constructor) by extension 'colcon_meta'
[0.270s] Level 1:colcon.colcon_core.package_identification:_identify(moveit_task_constructor/src/moveit_task_constructor) by extensions ['ros']
[0.270s] Level 1:colcon.colcon_core.package_identification:_identify(moveit_task_constructor/src/moveit_task_constructor) by extension 'ros'
[0.270s] Level 1:colcon.colcon_core.package_identification:_identify(moveit_task_constructor/src/moveit_task_constructor) by extensions ['cmake', 'python']
[0.270s] Level 1:colcon.colcon_core.package_identification:_identify(moveit_task_constructor/src/moveit_task_constructor) by extension 'cmake'
[0.270s] Level 1:colcon.colcon_core.package_identification:_identify(moveit_task_constructor/src/moveit_task_constructor) by extension 'python'
[0.270s] Level 1:colcon.colcon_core.package_identification:_identify(moveit_task_constructor/src/moveit_task_constructor) by extensions ['python_setup_py']
[0.270s] Level 1:colcon.colcon_core.package_identification:_identify(moveit_task_constructor/src/moveit_task_constructor) by extension 'python_setup_py'
[0.270s] Level 1:colcon.colcon_core.package_identification:_identify(moveit_task_constructor/src/moveit_task_constructor/capabilities) by extensions ['ignore', 'ignore_ament_install']
[0.270s] Level 1:colcon.colcon_core.package_identification:_identify(moveit_task_constructor/src/moveit_task_constructor/capabilities) by extension 'ignore'
[0.270s] Level 1:colcon.colcon_core.package_identification:_identify(moveit_task_constructor/src/moveit_task_constructor/capabilities) by extension 'ignore_ament_install'
[0.270s] Level 1:colcon.colcon_core.package_identification:_identify(moveit_task_constructor/src/moveit_task_constructor/capabilities) by extensions ['colcon_pkg']
[0.270s] Level 1:colcon.colcon_core.package_identification:_identify(moveit_task_constructor/src/moveit_task_constructor/capabilities) by extension 'colcon_pkg'
[0.270s] Level 1:colcon.colcon_core.package_identification:_identify(moveit_task_constructor/src/moveit_task_constructor/capabilities) by extensions ['colcon_meta']
[0.270s] Level 1:colcon.colcon_core.package_identification:_identify(moveit_task_constructor/src/moveit_task_constructor/capabilities) by extension 'colcon_meta'
[0.270s] Level 1:colcon.colcon_core.package_identification:_identify(moveit_task_constructor/src/moveit_task_constructor/capabilities) by extensions ['ros']
[0.270s] Level 1:colcon.colcon_core.package_identification:_identify(moveit_task_constructor/src/moveit_task_constructor/capabilities) by extension 'ros'
[0.271s] DEBUG:colcon.colcon_core.package_identification:Package 'moveit_task_constructor/src/moveit_task_constructor/capabilities' with type 'ros.catkin' and name 'moveit_task_constructor_capabilities'
[0.271s] Level 1:colcon.colcon_core.package_identification:_identify(moveit_task_constructor/src/moveit_task_constructor/core) by extensions ['ignore', 'ignore_ament_install']
[0.271s] Level 1:colcon.colcon_core.package_identification:_identify(moveit_task_constructor/src/moveit_task_constructor/core) by extension 'ignore'
[0.271s] Level 1:colcon.colcon_core.package_identification:_identify(moveit_task_constructor/src/moveit_task_constructor/core) by extension 'ignore_ament_install'
[0.271s] Level 1:colcon.colcon_core.package_identification:_identify(moveit_task_constructor/src/moveit_task_constructor/core) by extensions ['colcon_pkg']
[0.271s] Level 1:colcon.colcon_core.package_identification:_identify(moveit_task_constructor/src/moveit_task_constructor/core) by extension 'colcon_pkg'
[0.271s] Level 1:colcon.colcon_core.package_identification:_identify(moveit_task_constructor/src/moveit_task_constructor/core) by extensions ['colcon_meta']
[0.271s] Level 1:colcon.colcon_core.package_identification:_identify(moveit_task_constructor/src/moveit_task_constructor/core) by extension 'colcon_meta'
[0.271s] Level 1:colcon.colcon_core.package_identification:_identify(moveit_task_constructor/src/moveit_task_constructor/core) by extensions ['ros']
[0.271s] Level 1:colcon.colcon_core.package_identification:_identify(moveit_task_constructor/src/moveit_task_constructor/core) by extension 'ros'
[0.274s] DEBUG:colcon.colcon_core.package_identification:Package 'moveit_task_constructor/src/moveit_task_constructor/core' with type 'ros.catkin' and name 'moveit_task_constructor_core'
[0.274s] Level 1:colcon.colcon_core.package_identification:_identify(moveit_task_constructor/src/moveit_task_constructor/demo) by extensions ['ignore', 'ignore_ament_install']
[0.274s] Level 1:colcon.colcon_core.package_identification:_identify(moveit_task_constructor/src/moveit_task_constructor/demo) by extension 'ignore'
[0.274s] Level 1:colcon.colcon_core.package_identification:_identify(moveit_task_constructor/src/moveit_task_constructor/demo) by extension 'ignore_ament_install'
[0.274s] Level 1:colcon.colcon_core.package_identification:_identify(moveit_task_constructor/src/moveit_task_constructor/demo) by extensions ['colcon_pkg']
[0.274s] Level 1:colcon.colcon_core.package_identification:_identify(moveit_task_constructor/src/moveit_task_constructor/demo) by extension 'colcon_pkg'
[0.274s] Level 1:colcon.colcon_core.package_identification:_identify(moveit_task_constructor/src/moveit_task_constructor/demo) by extensions ['colcon_meta']
[0.274s] Level 1:colcon.colcon_core.package_identification:_identify(moveit_task_constructor/src/moveit_task_constructor/demo) by extension 'colcon_meta'
[0.274s] Level 1:colcon.colcon_core.package_identification:_identify(moveit_task_constructor/src/moveit_task_constructor/demo) by extensions ['ros']
[0.274s] Level 1:colcon.colcon_core.package_identification:_identify(moveit_task_constructor/src/moveit_task_constructor/demo) by extension 'ros'
[0.275s] DEBUG:colcon.colcon_core.package_identification:Package 'moveit_task_constructor/src/moveit_task_constructor/demo' with type 'ros.catkin' and name 'moveit_task_constructor_demo'
[0.275s] Level 1:colcon.colcon_core.package_identification:_identify(moveit_task_constructor/src/moveit_task_constructor/msgs) by extensions ['ignore', 'ignore_ament_install']
[0.275s] Level 1:colcon.colcon_core.package_identification:_identify(moveit_task_constructor/src/moveit_task_constructor/msgs) by extension 'ignore'
[0.275s] Level 1:colcon.colcon_core.package_identification:_identify(moveit_task_constructor/src/moveit_task_constructor/msgs) by extension 'ignore_ament_install'
[0.275s] Level 1:colcon.colcon_core.package_identification:_identify(moveit_task_constructor/src/moveit_task_constructor/msgs) by extensions ['colcon_pkg']
[0.275s] Level 1:colcon.colcon_core.package_identification:_identify(moveit_task_constructor/src/moveit_task_constructor/msgs) by extension 'colcon_pkg'
[0.275s] Level 1:colcon.colcon_core.package_identification:_identify(moveit_task_constructor/src/moveit_task_constructor/msgs) by extensions ['colcon_meta']
[0.275s] Level 1:colcon.colcon_core.package_identification:_identify(moveit_task_constructor/src/moveit_task_constructor/msgs) by extension 'colcon_meta'
[0.275s] Level 1:colcon.colcon_core.package_identification:_identify(moveit_task_constructor/src/moveit_task_constructor/msgs) by extensions ['ros']
[0.275s] Level 1:colcon.colcon_core.package_identification:_identify(moveit_task_constructor/src/moveit_task_constructor/msgs) by extension 'ros'
[0.276s] DEBUG:colcon.colcon_core.package_identification:Package 'moveit_task_constructor/src/moveit_task_constructor/msgs' with type 'ros.catkin' and name 'moveit_task_constructor_msgs'
[0.276s] Level 1:colcon.colcon_core.package_identification:_identify(moveit_task_constructor/src/moveit_task_constructor/rviz_marker_tools) by extensions ['ignore', 'ignore_ament_install']
[0.276s] Level 1:colcon.colcon_core.package_identification:_identify(moveit_task_constructor/src/moveit_task_constructor/rviz_marker_tools) by extension 'ignore'
[0.276s] Level 1:colcon.colcon_core.package_identification:_identify(moveit_task_constructor/src/moveit_task_constructor/rviz_marker_tools) by extension 'ignore_ament_install'
[0.276s] Level 1:colcon.colcon_core.package_identification:_identify(moveit_task_constructor/src/moveit_task_constructor/rviz_marker_tools) by extensions ['colcon_pkg']
[0.276s] Level 1:colcon.colcon_core.package_identification:_identify(moveit_task_constructor/src/moveit_task_constructor/rviz_marker_tools) by extension 'colcon_pkg'
[0.276s] Level 1:colcon.colcon_core.package_identification:_identify(moveit_task_constructor/src/moveit_task_constructor/rviz_marker_tools) by extensions ['colcon_meta']
[0.276s] Level 1:colcon.colcon_core.package_identification:_identify(moveit_task_constructor/src/moveit_task_constructor/rviz_marker_tools) by extension 'colcon_meta'
[0.276s] Level 1:colcon.colcon_core.package_identification:_identify(moveit_task_constructor/src/moveit_task_constructor/rviz_marker_tools) by extensions ['ros']
[0.276s] Level 1:colcon.colcon_core.package_identification:_identify(moveit_task_constructor/src/moveit_task_constructor/rviz_marker_tools) by extension 'ros'
[0.277s] DEBUG:colcon.colcon_core.package_identification:Package 'moveit_task_constructor/src/moveit_task_constructor/rviz_marker_tools' with type 'ros.catkin' and name 'rviz_marker_tools'
[0.277s] Level 1:colcon.colcon_core.package_identification:_identify(moveit_task_constructor/src/moveit_task_constructor/visualization) by extensions ['ignore', 'ignore_ament_install']
[0.277s] Level 1:colcon.colcon_core.package_identification:_identify(moveit_task_constructor/src/moveit_task_constructor/visualization) by extension 'ignore'
[0.277s] Level 1:colcon.colcon_core.package_identification:_identify(moveit_task_constructor/src/moveit_task_constructor/visualization) by extension 'ignore_ament_install'
[0.277s] Level 1:colcon.colcon_core.package_identification:_identify(moveit_task_constructor/src/moveit_task_constructor/visualization) by extensions ['colcon_pkg']
[0.277s] Level 1:colcon.colcon_core.package_identification:_identify(moveit_task_constructor/src/moveit_task_constructor/visualization) by extension 'colcon_pkg'
[0.277s] Level 1:colcon.colcon_core.package_identification:_identify(moveit_task_constructor/src/moveit_task_constructor/visualization) by extensions ['colcon_meta']
[0.277s] Level 1:colcon.colcon_core.package_identification:_identify(moveit_task_constructor/src/moveit_task_constructor/visualization) by extension 'colcon_meta'
[0.277s] Level 1:colcon.colcon_core.package_identification:_identify(moveit_task_constructor/src/moveit_task_constructor/visualization) by extensions ['ros']
[0.277s] Level 1:colcon.colcon_core.package_identification:_identify(moveit_task_constructor/src/moveit_task_constructor/visualization) by extension 'ros'
[0.278s] DEBUG:colcon.colcon_core.package_identification:Package 'moveit_task_constructor/src/moveit_task_constructor/visualization' with type 'ros.catkin' and name 'moveit_task_constructor_visualization'
[0.278s] Level 1:colcon.colcon_core.package_identification:_identify(moveit_task_constructor/visualization) by extensions ['ignore', 'ignore_ament_install']
[0.278s] Level 1:colcon.colcon_core.package_identification:_identify(moveit_task_constructor/visualization) by extension 'ignore'
[0.278s] Level 1:colcon.colcon_core.package_identification:_identify(moveit_task_constructor/visualization) by extension 'ignore_ament_install'
[0.278s] Level 1:colcon.colcon_core.package_identification:_identify(moveit_task_constructor/visualization) by extensions ['colcon_pkg']
[0.278s] Level 1:colcon.colcon_core.package_identification:_identify(moveit_task_constructor/visualization) by extension 'colcon_pkg'
[0.278s] Level 1:colcon.colcon_core.package_identification:_identify(moveit_task_constructor/visualization) by extensions ['colcon_meta']
[0.278s] Level 1:colcon.colcon_core.package_identification:_identify(moveit_task_constructor/visualization) by extension 'colcon_meta'
[0.278s] Level 1:colcon.colcon_core.package_identification:_identify(moveit_task_constructor/visualization) by extensions ['ros']
[0.278s] Level 1:colcon.colcon_core.package_identification:_identify(moveit_task_constructor/visualization) by extension 'ros'
[0.279s] DEBUG:colcon.colcon_core.package_identification:Package 'moveit_task_constructor/visualization' with type 'ros.ament_cmake' and name 'moveit_task_constructor_visualization'
[0.279s] Level 1:colcon.colcon_core.package_identification:_identify(my_robot_control) by extensions ['ignore', 'ignore_ament_install']
[0.279s] Level 1:colcon.colcon_core.package_identification:_identify(my_robot_control) by extension 'ignore'
[0.279s] Level 1:colcon.colcon_core.package_identification:_identify(my_robot_control) by extension 'ignore_ament_install'
[0.279s] Level 1:colcon.colcon_core.package_identification:_identify(my_robot_control) by extensions ['colcon_pkg']
[0.279s] Level 1:colcon.colcon_core.package_identification:_identify(my_robot_control) by extension 'colcon_pkg'
[0.279s] Level 1:colcon.colcon_core.package_identification:_identify(my_robot_control) by extensions ['colcon_meta']
[0.279s] Level 1:colcon.colcon_core.package_identification:_identify(my_robot_control) by extension 'colcon_meta'
[0.279s] Level 1:colcon.colcon_core.package_identification:_identify(my_robot_control) by extensions ['ros']
[0.279s] Level 1:colcon.colcon_core.package_identification:_identify(my_robot_control) by extension 'ros'
[0.279s] DEBUG:colcon.colcon_core.package_identification:Package 'my_robot_control' with type 'ros.ament_python' and name 'my_robot_control'
[0.279s] Level 1:colcon.colcon_core.package_identification:_identify(my_robot_control_ur5) by extensions ['ignore', 'ignore_ament_install']
[0.279s] Level 1:colcon.colcon_core.package_identification:_identify(my_robot_control_ur5) by extension 'ignore'
[0.280s] Level 1:colcon.colcon_core.package_identification:_identify(my_robot_control_ur5) by extension 'ignore_ament_install'
[0.280s] Level 1:colcon.colcon_core.package_identification:_identify(my_robot_control_ur5) by extensions ['colcon_pkg']
[0.280s] Level 1:colcon.colcon_core.package_identification:_identify(my_robot_control_ur5) by extension 'colcon_pkg'
[0.280s] Level 1:colcon.colcon_core.package_identification:_identify(my_robot_control_ur5) by extensions ['colcon_meta']
[0.280s] Level 1:colcon.colcon_core.package_identification:_identify(my_robot_control_ur5) by extension 'colcon_meta'
[0.280s] Level 1:colcon.colcon_core.package_identification:_identify(my_robot_control_ur5) by extensions ['ros']
[0.280s] Level 1:colcon.colcon_core.package_identification:_identify(my_robot_control_ur5) by extension 'ros'
[0.280s] DEBUG:colcon.colcon_core.package_identification:Package 'my_robot_control_ur5' with type 'ros.ament_cmake' and name 'my_robot_control_ur5'
[0.280s] Level 1:colcon.colcon_core.package_discovery:discover_packages(recursive) using defaults
[0.280s] Level 1:colcon.colcon_core.package_discovery:discover_packages(ignore) discover
[0.280s] Level 1:colcon.colcon_core.package_discovery:discover_packages(ignore) using defaults
[0.280s] Level 1:colcon.colcon_core.package_discovery:discover_packages(path) discover
[0.280s] Level 1:colcon.colcon_core.package_discovery:discover_packages(path) using defaults
[0.298s] Level 1:colcon.colcon_core.package_discovery:discover_packages(prefix_path) check parameters
[0.298s] Level 1:colcon.colcon_core.package_discovery:discover_packages(prefix_path) discover
[0.300s] DEBUG:colcon.colcon_installed_package_information.package_discovery:Found 3 installed packages in /home/login/ros2_ws/install
[0.300s] DEBUG:colcon.colcon_installed_package_information.package_discovery:Found 12 installed packages in /home/login/install
[0.301s] DEBUG:colcon.colcon_installed_package_information.package_discovery:Found 9 installed packages in /home/login/ws_moveit/install
[0.303s] DEBUG:colcon.colcon_installed_package_information.package_discovery:Found 427 installed packages in /opt/ros/jazzy
[0.304s] Level 1:colcon.colcon_core.package_discovery:discover_packages(prefix_path) using defaults
[0.357s] ERROR:colcon:colcon build: Duplicate package names not supported:
- moveit_task_constructor_capabilities:
  - moveit_task_constructor/capabilities
  - moveit_task_constructor/src/moveit_task_constructor/capabilities
- moveit_task_constructor_core:
  - moveit_task_constructor/core
  - moveit_task_constructor/src/moveit_task_constructor/core
- moveit_task_constructor_demo:
  - moveit_task_constructor/demo
  - moveit_task_constructor/src/moveit_task_constructor/demo
- moveit_task_constructor_msgs:
  - moveit_task_constructor/msgs
  - moveit_task_constructor/src/moveit_task_constructor/msgs
- moveit_task_constructor_visualization:
  - moveit_task_constructor/src/moveit_task_constructor/visualization
  - moveit_task_constructor/visualization
- rviz_marker_tools:
  - moveit_task_constructor/rviz_marker_tools
  - moveit_task_constructor/src/moveit_task_constructor/rviz_marker_tools
