running develop
running egg_info
creating my_robot_control.egg-info
writing my_robot_control.egg-info/PKG-INFO
writing dependency_links to my_robot_control.egg-info/dependency_links.txt
writing entry points to my_robot_control.egg-info/entry_points.txt
writing requirements to my_robot_control.egg-info/requires.txt
writing top-level names to my_robot_control.egg-info/top_level.txt
writing manifest file 'my_robot_control.egg-info/SOURCES.txt'
reading manifest file 'my_robot_control.egg-info/SOURCES.txt'
writing manifest file 'my_robot_control.egg-info/SOURCES.txt'
running build_ext
Creating /home/login/ws_moveit/install/my_robot_control/lib/python3.12/site-packages/my-robot-control.egg-link (link to .)
Installing home_commander script to /home/login/ws_moveit/install/my_robot_control/lib/my_robot_control

Installed /home/login/ws_moveit/build/my_robot_control
running symlink_data
creating /home/login/ws_moveit/install/my_robot_control/share
creating /home/login/ws_moveit/install/my_robot_control/share/ament_index
creating /home/login/ws_moveit/install/my_robot_control/share/ament_index/resource_index
creating /home/login/ws_moveit/install/my_robot_control/share/ament_index/resource_index/packages
symbolically linking /home/login/ws_moveit/build/my_robot_control/resource/my_robot_control -> /home/login/ws_moveit/install/my_robot_control/share/ament_index/resource_index/packages
creating /home/login/ws_moveit/install/my_robot_control/share/my_robot_control
symbolically linking /home/login/ws_moveit/build/my_robot_control/package.xml -> /home/login/ws_moveit/install/my_robot_control/share/my_robot_control
