[1.000s] Invoking command in '/home/login/ws_moveit/src/move_it': PYTHONPATH=/home/login/ws_moveit/build/move_it/prefix_override:/usr/lib/python3/dist-packages/colcon_core/task/python/colcon_distutils_commands:/home/login/ws_moveit/install/move_it/lib/python3.12/site-packages:${PYTHONPATH} /usr/bin/python3 -W ignore:setup.py install is deprecated -W ignore:easy_install command is deprecated setup.py egg_info --egg-base ../../build/move_it build --build-base /home/login/ws_moveit/build/move_it/build install --record /home/login/ws_moveit/build/move_it/install.log --single-version-externally-managed install_data
[1.357s] running egg_info
[1.357s] creating ../../build/move_it/move_it.egg-info
[1.380s] writing ../../build/move_it/move_it.egg-info/PKG-INFO
[1.380s] writing dependency_links to ../../build/move_it/move_it.egg-info/dependency_links.txt
[1.380s] writing entry points to ../../build/move_it/move_it.egg-info/entry_points.txt
[1.381s] writing requirements to ../../build/move_it/move_it.egg-info/requires.txt
[1.381s] writing top-level names to ../../build/move_it/move_it.egg-info/top_level.txt
[1.381s] writing manifest file '../../build/move_it/move_it.egg-info/SOURCES.txt'
[1.432s] reading manifest file '../../build/move_it/move_it.egg-info/SOURCES.txt'
[1.433s] writing manifest file '../../build/move_it/move_it.egg-info/SOURCES.txt'
[1.433s] running build
[1.433s] running build_py
[1.433s] creating /home/login/ws_moveit/build/move_it/build
[1.434s] creating /home/login/ws_moveit/build/move_it/build/lib
[1.434s] creating /home/login/ws_moveit/build/move_it/build/lib/move_it
[1.434s] copying move_it/__init__.py -> /home/login/ws_moveit/build/move_it/build/lib/move_it
[1.434s] copying move_it/cartesian_mover.py -> /home/login/ws_moveit/build/move_it/build/lib/move_it
[1.435s] running install
[1.443s] running install_lib
[1.469s] creating /home/login/ws_moveit/install/move_it/lib/python3.12/site-packages/move_it
[1.470s] copying /home/login/ws_moveit/build/move_it/build/lib/move_it/__init__.py -> /home/login/ws_moveit/install/move_it/lib/python3.12/site-packages/move_it
[1.470s] copying /home/login/ws_moveit/build/move_it/build/lib/move_it/cartesian_mover.py -> /home/login/ws_moveit/install/move_it/lib/python3.12/site-packages/move_it
[1.471s] byte-compiling /home/login/ws_moveit/install/move_it/lib/python3.12/site-packages/move_it/__init__.py to __init__.cpython-312.pyc
[1.471s] byte-compiling /home/login/ws_moveit/install/move_it/lib/python3.12/site-packages/move_it/cartesian_mover.py to cartesian_mover.cpython-312.pyc
[1.473s] running install_data
[1.473s] creating /home/login/ws_moveit/install/move_it/share/ament_index
[1.473s] creating /home/login/ws_moveit/install/move_it/share/ament_index/resource_index
[1.474s] creating /home/login/ws_moveit/install/move_it/share/ament_index/resource_index/packages
[1.474s] copying resource/move_it -> /home/login/ws_moveit/install/move_it/share/ament_index/resource_index/packages
[1.474s] copying package.xml -> /home/login/ws_moveit/install/move_it/share/move_it
[1.475s] creating /home/login/ws_moveit/install/move_it/share/move_it/launch
[1.475s] copying launch/move_it.launch.py -> /home/login/ws_moveit/install/move_it/share/move_it/launch
[1.475s] running install_egg_info
[1.499s] Copying ../../build/move_it/move_it.egg-info to /home/login/ws_moveit/install/move_it/lib/python3.12/site-packages/move_it-0.0.0-py3.12.egg-info
[1.501s] running install_scripts
[1.648s] Installing cartesian_mover script to /home/login/ws_moveit/install/move_it/lib/move_it
[1.649s] writing list of installed files to '/home/login/ws_moveit/build/move_it/install.log'
[1.685s] Invoked command in '/home/login/ws_moveit/src/move_it' returned '0': PYTHONPATH=/home/login/ws_moveit/build/move_it/prefix_override:/usr/lib/python3/dist-packages/colcon_core/task/python/colcon_distutils_commands:/home/login/ws_moveit/install/move_it/lib/python3.12/site-packages:${PYTHONPATH} /usr/bin/python3 -W ignore:setup.py install is deprecated -W ignore:easy_install command is deprecated setup.py egg_info --egg-base ../../build/move_it build --build-base /home/login/ws_moveit/build/move_it/build install --record /home/login/ws_moveit/build/move_it/install.log --single-version-externally-managed install_data
