[0.021s] Invoking command in '/home/login/ws_moveit/src/moveit_task_constructor/build/rviz_marker_tools': CMAKE_PREFIX_PATH=${CMAKE_PREFIX_PATH}:/home/login/install/move_it:/home/login/ws_moveit/install/move_it:/home/login/ros2_ws/install/my_test_pkg:/home/login/install/my_test_pkg:/opt/ros/jazzy /usr/bin/cmake /home/login/ws_moveit/src/moveit_task_constructor/rviz_marker_tools -DCMAKE_INSTALL_PREFIX=/home/login/ws_moveit/src/moveit_task_constructor/install/rviz_marker_tools
[0.211s] -- The C compiler identification is GNU 13.3.0
[1.179s] -- The CXX compiler identification is GNU 13.3.0
[2.098s] -- Detecting C compiler ABI info
[2.476s] -- Detecting C compiler ABI info - done
[2.486s] -- Check for working C compiler: /usr/bin/cc - skipped
[2.487s] -- Detecting C compile features
[2.487s] -- Detecting C compile features - done
[2.636s] -- Detecting CXX compiler ABI info
[3.023s] -- Detecting CXX compiler ABI info - done
[3.036s] -- Check for working CXX compiler: /usr/bin/c++ - skipped
[3.037s] -- Detecting CXX compile features
[3.037s] -- Detecting CXX compile features - done
[3.047s] -- Found ament_cmake: 2.5.4 (/opt/ros/jazzy/share/ament_cmake/cmake)
[3.295s] -- Found Python3: /usr/bin/python3 (found version "3.12.3") found components: Interpreter 
[3.518s] -- Found moveit_common: 2.12.3 (/opt/ros/jazzy/share/moveit_common/cmake)
[3.666s] [0mrviz_marker_tools: You did not request a specific build type: Choosing 'Release' for maximum performance[0m
[3.674s] -- Found eigen3_cmake_module: 0.3.0 (/opt/ros/jazzy/share/eigen3_cmake_module/cmake)
[3.689s] -- Found Eigen3: TRUE (found version "3.4.0") 
[3.696s] -- Found geometry_msgs: 5.3.6 (/opt/ros/jazzy/share/geometry_msgs/cmake)
[4.076s] -- Found rosidl_generator_c: 4.6.5 (/opt/ros/jazzy/share/rosidl_generator_c/cmake)
[4.114s] -- Found rosidl_generator_cpp: 4.6.5 (/opt/ros/jazzy/share/rosidl_generator_cpp/cmake)
[4.150s] -- Using all available rosidl_typesupport_c: rosidl_typesupport_fastrtps_c;rosidl_typesupport_introspection_c
[4.188s] -- Using all available rosidl_typesupport_cpp: rosidl_typesupport_fastrtps_cpp;rosidl_typesupport_introspection_cpp
[4.275s] -- Found rclcpp: 28.1.10 (/opt/ros/jazzy/share/rclcpp/cmake)
[4.418s] -- Found rmw_implementation_cmake: 7.3.2 (/opt/ros/jazzy/share/rmw_implementation_cmake/cmake)
[4.431s] -- Found rmw_fastrtps_cpp: 8.4.2 (/opt/ros/jazzy/share/rmw_fastrtps_cpp/cmake)
[4.596s] -- Found OpenSSL: /usr/lib/x86_64-linux-gnu/libcrypto.so (found version "3.0.13")  
[5.040s] -- Found FastRTPS: /opt/ros/jazzy/include (Required is at least version "2.13") 
[5.292s] -- Using RMW implementation 'rmw_fastrtps_cpp' as default
[5.751s] -- Found tf2_eigen: 0.36.12 (/opt/ros/jazzy/share/tf2_eigen/cmake)
[6.008s] -- Found visualization_msgs: 5.3.6 (/opt/ros/jazzy/share/visualization_msgs/cmake)
[6.115s] -- Configuring done (6.1s)
[6.140s] -- Generating done (0.0s)
[6.146s] -- Build files have been written to: /home/login/ws_moveit/src/moveit_task_constructor/build/rviz_marker_tools
[6.168s] Invoked command in '/home/login/ws_moveit/src/moveit_task_constructor/build/rviz_marker_tools' returned '0': CMAKE_PREFIX_PATH=${CMAKE_PREFIX_PATH}:/home/login/install/move_it:/home/login/ws_moveit/install/move_it:/home/login/ros2_ws/install/my_test_pkg:/home/login/install/my_test_pkg:/opt/ros/jazzy /usr/bin/cmake /home/login/ws_moveit/src/moveit_task_constructor/rviz_marker_tools -DCMAKE_INSTALL_PREFIX=/home/login/ws_moveit/src/moveit_task_constructor/install/rviz_marker_tools
[6.171s] Invoking command in '/home/login/ws_moveit/src/moveit_task_constructor/build/rviz_marker_tools': CMAKE_PREFIX_PATH=${CMAKE_PREFIX_PATH}:/home/login/install/move_it:/home/login/ws_moveit/install/move_it:/home/login/ros2_ws/install/my_test_pkg:/home/login/install/my_test_pkg:/opt/ros/jazzy /usr/bin/cmake --build /home/login/ws_moveit/src/moveit_task_constructor/build/rviz_marker_tools -- -j12 -l12
[6.262s] [ 50%] [32mBuilding CXX object CMakeFiles/rviz_marker_tools.dir/src/marker_creation.cpp.o[0m
[15.955s] [100%] [32m[1mLinking CXX shared library librviz_marker_tools.so[0m
[16.951s] [100%] Built target rviz_marker_tools
[17.025s] Invoked command in '/home/login/ws_moveit/src/moveit_task_constructor/build/rviz_marker_tools' returned '0': CMAKE_PREFIX_PATH=${CMAKE_PREFIX_PATH}:/home/login/install/move_it:/home/login/ws_moveit/install/move_it:/home/login/ros2_ws/install/my_test_pkg:/home/login/install/my_test_pkg:/opt/ros/jazzy /usr/bin/cmake --build /home/login/ws_moveit/src/moveit_task_constructor/build/rviz_marker_tools -- -j12 -l12
[17.073s] Invoking command in '/home/login/ws_moveit/src/moveit_task_constructor/build/rviz_marker_tools': CMAKE_PREFIX_PATH=${CMAKE_PREFIX_PATH}:/home/login/install/move_it:/home/login/ws_moveit/install/move_it:/home/login/ros2_ws/install/my_test_pkg:/home/login/install/my_test_pkg:/opt/ros/jazzy /usr/bin/cmake --install /home/login/ws_moveit/src/moveit_task_constructor/build/rviz_marker_tools
[17.093s] -- Install configuration: "Release"
[17.094s] -- Installing: /home/login/ws_moveit/src/moveit_task_constructor/install/rviz_marker_tools/include
[17.098s] -- Installing: /home/login/ws_moveit/src/moveit_task_constructor/install/rviz_marker_tools/include/rviz_marker_tools
[17.098s] -- Installing: /home/login/ws_moveit/src/moveit_task_constructor/install/rviz_marker_tools/include/rviz_marker_tools/marker_creation.h
[17.098s] -- Installing: /home/login/ws_moveit/src/moveit_task_constructor/install/rviz_marker_tools/lib/librviz_marker_tools.so
[17.100s] -- Set non-toolchain portion of runtime path of "/home/login/ws_moveit/src/moveit_task_constructor/install/rviz_marker_tools/lib/librviz_marker_tools.so" to ""
[17.103s] -- Installing: /home/login/ws_moveit/src/moveit_task_constructor/install/rviz_marker_tools/share/rviz_marker_tools/environment/library_path.sh
[17.103s] -- Installing: /home/login/ws_moveit/src/moveit_task_constructor/install/rviz_marker_tools/share/rviz_marker_tools/environment/library_path.dsv
[17.112s] -- Installing: /home/login/ws_moveit/src/moveit_task_constructor/install/rviz_marker_tools/share/ament_index/resource_index/package_run_dependencies/rviz_marker_tools
[17.112s] -- Installing: /home/login/ws_moveit/src/moveit_task_constructor/install/rviz_marker_tools/share/ament_index/resource_index/parent_prefix_path/rviz_marker_tools
[17.112s] -- Installing: /home/login/ws_moveit/src/moveit_task_constructor/install/rviz_marker_tools/share/rviz_marker_tools/environment/ament_prefix_path.sh
[17.112s] -- Installing: /home/login/ws_moveit/src/moveit_task_constructor/install/rviz_marker_tools/share/rviz_marker_tools/environment/ament_prefix_path.dsv
[17.112s] -- Installing: /home/login/ws_moveit/src/moveit_task_constructor/install/rviz_marker_tools/share/rviz_marker_tools/environment/path.sh
[17.112s] -- Installing: /home/login/ws_moveit/src/moveit_task_constructor/install/rviz_marker_tools/share/rviz_marker_tools/environment/path.dsv
[17.112s] -- Installing: /home/login/ws_moveit/src/moveit_task_constructor/install/rviz_marker_tools/share/rviz_marker_tools/local_setup.bash
[17.113s] -- Installing: /home/login/ws_moveit/src/moveit_task_constructor/install/rviz_marker_tools/share/rviz_marker_tools/local_setup.sh
[17.113s] -- Installing: /home/login/ws_moveit/src/moveit_task_constructor/install/rviz_marker_tools/share/rviz_marker_tools/local_setup.zsh
[17.113s] -- Installing: /home/login/ws_moveit/src/moveit_task_constructor/install/rviz_marker_tools/share/rviz_marker_tools/local_setup.dsv
[17.113s] -- Installing: /home/login/ws_moveit/src/moveit_task_constructor/install/rviz_marker_tools/share/rviz_marker_tools/package.dsv
[17.113s] -- Installing: /home/login/ws_moveit/src/moveit_task_constructor/install/rviz_marker_tools/share/ament_index/resource_index/packages/rviz_marker_tools
[17.113s] -- Installing: /home/login/ws_moveit/src/moveit_task_constructor/install/rviz_marker_tools/share/rviz_marker_tools/cmake/rviz_marker_toolsTargetsExport.cmake
[17.113s] -- Installing: /home/login/ws_moveit/src/moveit_task_constructor/install/rviz_marker_tools/share/rviz_marker_tools/cmake/rviz_marker_toolsTargetsExport-release.cmake
[17.113s] -- Installing: /home/login/ws_moveit/src/moveit_task_constructor/install/rviz_marker_tools/share/rviz_marker_tools/cmake/ament_cmake_export_targets-extras.cmake
[17.113s] -- Installing: /home/login/ws_moveit/src/moveit_task_constructor/install/rviz_marker_tools/share/rviz_marker_tools/cmake/ament_cmake_export_dependencies-extras.cmake
[17.121s] -- Installing: /home/login/ws_moveit/src/moveit_task_constructor/install/rviz_marker_tools/share/rviz_marker_tools/cmake/rviz_marker_toolsConfig.cmake
[17.121s] -- Installing: /home/login/ws_moveit/src/moveit_task_constructor/install/rviz_marker_tools/share/rviz_marker_tools/cmake/rviz_marker_toolsConfig-version.cmake
[17.121s] -- Installing: /home/login/ws_moveit/src/moveit_task_constructor/install/rviz_marker_tools/share/rviz_marker_tools/package.xml
[17.122s] Invoked command in '/home/login/ws_moveit/src/moveit_task_constructor/build/rviz_marker_tools' returned '0': CMAKE_PREFIX_PATH=${CMAKE_PREFIX_PATH}:/home/login/install/move_it:/home/login/ws_moveit/install/move_it:/home/login/ros2_ws/install/my_test_pkg:/home/login/install/my_test_pkg:/opt/ros/jazzy /usr/bin/cmake --install /home/login/ws_moveit/src/moveit_task_constructor/build/rviz_marker_tools
