[0.018s] Invoking command in '/home/login/ws_moveit/build/my_robot_control_ur5': CMAKE_PREFIX_PATH=${CMAKE_PREFIX_PATH}:/home/login/ros2_ws/install/my_test_pkg:/home/login/install/my_test_pkg:/home/login/install/my_robot_control:/home/login/install/move_it:/home/login/ws_moveit/install/rviz_marker_tools:/home/login/ws_moveit/install/my_robot_control:/home/login/ws_moveit/install/move_it:/opt/ros/jazzy /usr/bin/cmake /home/login/ws_moveit/src/my_robot_control_ur5 -DCMAKE_INSTALL_PREFIX=/home/login/ws_moveit/install/my_robot_control_ur5
[0.305s] -- The C compiler identification is GNU 13.3.0
[1.017s] -- The CXX compiler identification is GNU 13.3.0
[1.689s] -- Detecting C compiler ABI info
[2.066s] -- Detecting C compiler ABI info - done
[2.075s] -- Check for working C compiler: /usr/bin/cc - skipped
[2.076s] -- Detecting C compile features
[2.076s] -- Detecting C compile features - done
[2.223s] -- Detecting CXX compiler ABI info
[2.616s] -- Detecting CXX compiler ABI info - done
[2.625s] -- Check for working CXX compiler: /usr/bin/c++ - skipped
[2.625s] -- Detecting CXX compile features
[2.626s] -- Detecting CXX compile features - done
[2.648s] -- Found ament_cmake: 2.5.4 (/opt/ros/jazzy/share/ament_cmake/cmake)
[2.832s] -- Found Python3: /usr/bin/python3 (found version "3.12.3") found components: Interpreter 
[3.073s] -- Configuring done (3.0s)
[3.078s] -- Generating done (0.0s)
[3.080s] -- Build files have been written to: /home/login/ws_moveit/build/my_robot_control_ur5
[3.086s] Invoked command in '/home/login/ws_moveit/build/my_robot_control_ur5' returned '0': CMAKE_PREFIX_PATH=${CMAKE_PREFIX_PATH}:/home/login/ros2_ws/install/my_test_pkg:/home/login/install/my_test_pkg:/home/login/install/my_robot_control:/home/login/install/move_it:/home/login/ws_moveit/install/rviz_marker_tools:/home/login/ws_moveit/install/my_robot_control:/home/login/ws_moveit/install/move_it:/opt/ros/jazzy /usr/bin/cmake /home/login/ws_moveit/src/my_robot_control_ur5 -DCMAKE_INSTALL_PREFIX=/home/login/ws_moveit/install/my_robot_control_ur5
[3.087s] Invoking command in '/home/login/ws_moveit/build/my_robot_control_ur5': CMAKE_PREFIX_PATH=${CMAKE_PREFIX_PATH}:/home/login/ros2_ws/install/my_test_pkg:/home/login/install/my_test_pkg:/home/login/install/my_robot_control:/home/login/install/move_it:/home/login/ws_moveit/install/rviz_marker_tools:/home/login/ws_moveit/install/my_robot_control:/home/login/ws_moveit/install/move_it:/opt/ros/jazzy /usr/bin/cmake --build /home/login/ws_moveit/build/my_robot_control_ur5 -- -j12 -l12
[3.128s] Invoked command in '/home/login/ws_moveit/build/my_robot_control_ur5' returned '0': CMAKE_PREFIX_PATH=${CMAKE_PREFIX_PATH}:/home/login/ros2_ws/install/my_test_pkg:/home/login/install/my_test_pkg:/home/login/install/my_robot_control:/home/login/install/move_it:/home/login/ws_moveit/install/rviz_marker_tools:/home/login/ws_moveit/install/my_robot_control:/home/login/ws_moveit/install/move_it:/opt/ros/jazzy /usr/bin/cmake --build /home/login/ws_moveit/build/my_robot_control_ur5 -- -j12 -l12
[3.139s] Invoking command in '/home/login/ws_moveit/build/my_robot_control_ur5': CMAKE_PREFIX_PATH=${CMAKE_PREFIX_PATH}:/home/login/ros2_ws/install/my_test_pkg:/home/login/install/my_test_pkg:/home/login/install/my_robot_control:/home/login/install/move_it:/home/login/ws_moveit/install/rviz_marker_tools:/home/login/ws_moveit/install/my_robot_control:/home/login/ws_moveit/install/move_it:/opt/ros/jazzy /usr/bin/cmake --install /home/login/ws_moveit/build/my_robot_control_ur5
[3.146s] -- Install configuration: ""
[3.147s] -- Installing: /home/login/ws_moveit/install/my_robot_control_ur5/share/ament_index/resource_index/package_run_dependencies/my_robot_control_ur5
[3.147s] -- Installing: /home/login/ws_moveit/install/my_robot_control_ur5/share/ament_index/resource_index/parent_prefix_path/my_robot_control_ur5
[3.148s] -- Installing: /home/login/ws_moveit/install/my_robot_control_ur5/share/my_robot_control_ur5/environment/ament_prefix_path.sh
[3.148s] -- Installing: /home/login/ws_moveit/install/my_robot_control_ur5/share/my_robot_control_ur5/environment/ament_prefix_path.dsv
[3.148s] -- Installing: /home/login/ws_moveit/install/my_robot_control_ur5/share/my_robot_control_ur5/environment/path.sh
[3.148s] -- Installing: /home/login/ws_moveit/install/my_robot_control_ur5/share/my_robot_control_ur5/environment/path.dsv
[3.148s] -- Installing: /home/login/ws_moveit/install/my_robot_control_ur5/share/my_robot_control_ur5/local_setup.bash
[3.149s] -- Installing: /home/login/ws_moveit/install/my_robot_control_ur5/share/my_robot_control_ur5/local_setup.sh
[3.149s] -- Installing: /home/login/ws_moveit/install/my_robot_control_ur5/share/my_robot_control_ur5/local_setup.zsh
[3.149s] -- Installing: /home/login/ws_moveit/install/my_robot_control_ur5/share/my_robot_control_ur5/local_setup.dsv
[3.149s] -- Installing: /home/login/ws_moveit/install/my_robot_control_ur5/share/my_robot_control_ur5/package.dsv
[3.150s] -- Installing: /home/login/ws_moveit/install/my_robot_control_ur5/share/ament_index/resource_index/packages/my_robot_control_ur5
[3.150s] -- Installing: /home/login/ws_moveit/install/my_robot_control_ur5/share/my_robot_control_ur5/cmake/my_robot_control_ur5Config.cmake
[3.150s] -- Installing: /home/login/ws_moveit/install/my_robot_control_ur5/share/my_robot_control_ur5/cmake/my_robot_control_ur5Config-version.cmake
[3.150s] -- Installing: /home/login/ws_moveit/install/my_robot_control_ur5/share/my_robot_control_ur5/package.xml
[3.150s] -- Installing: /home/login/ws_moveit/install/my_robot_control_ur5/share/my_robot_control_ur5/launch
[3.150s] -- Installing: /home/login/ws_moveit/install/my_robot_control_ur5/share/my_robot_control_ur5/launch/static_virtual_joint_tfs.launch.py
[3.151s] -- Installing: /home/login/ws_moveit/install/my_robot_control_ur5/share/my_robot_control_ur5/launch/moveit_rviz.launch.py
[3.151s] -- Installing: /home/login/ws_moveit/install/my_robot_control_ur5/share/my_robot_control_ur5/launch/move_group.launch.py
[3.151s] -- Installing: /home/login/ws_moveit/install/my_robot_control_ur5/share/my_robot_control_ur5/launch/setup_assistant.launch.py
[3.151s] -- Installing: /home/login/ws_moveit/install/my_robot_control_ur5/share/my_robot_control_ur5/launch/spawn_controllers.launch.py
[3.151s] -- Installing: /home/login/ws_moveit/install/my_robot_control_ur5/share/my_robot_control_ur5/launch/rsp.launch.py
[3.151s] -- Installing: /home/login/ws_moveit/install/my_robot_control_ur5/share/my_robot_control_ur5/launch/demo.launch.py
[3.151s] -- Installing: /home/login/ws_moveit/install/my_robot_control_ur5/share/my_robot_control_ur5/config
[3.152s] -- Installing: /home/login/ws_moveit/install/my_robot_control_ur5/share/my_robot_control_ur5/config/ur5.srdf
[3.152s] -- Installing: /home/login/ws_moveit/install/my_robot_control_ur5/share/my_robot_control_ur5/config/ros2_controllers.yaml
[3.152s] -- Installing: /home/login/ws_moveit/install/my_robot_control_ur5/share/my_robot_control_ur5/config/joint_limits.yaml
[3.152s] -- Installing: /home/login/ws_moveit/install/my_robot_control_ur5/share/my_robot_control_ur5/config/kinematics.yaml
[3.152s] -- Installing: /home/login/ws_moveit/install/my_robot_control_ur5/share/my_robot_control_ur5/config/moveit_controllers.yaml
[3.152s] -- Installing: /home/login/ws_moveit/install/my_robot_control_ur5/share/my_robot_control_ur5/config/ur5.ros2_control.xacro
[3.153s] -- Installing: /home/login/ws_moveit/install/my_robot_control_ur5/share/my_robot_control_ur5/config/moveit.rviz
[3.153s] -- Installing: /home/login/ws_moveit/install/my_robot_control_ur5/share/my_robot_control_ur5/config/initial_positions.yaml
[3.153s] -- Installing: /home/login/ws_moveit/install/my_robot_control_ur5/share/my_robot_control_ur5/config/pilz_cartesian_limits.yaml
[3.153s] -- Installing: /home/login/ws_moveit/install/my_robot_control_ur5/share/my_robot_control_ur5/config/ur5.urdf.xacro
[3.153s] -- Installing: /home/login/ws_moveit/install/my_robot_control_ur5/share/my_robot_control_ur5/.setup_assistant
[3.155s] Invoked command in '/home/login/ws_moveit/build/my_robot_control_ur5' returned '0': CMAKE_PREFIX_PATH=${CMAKE_PREFIX_PATH}:/home/login/ros2_ws/install/my_test_pkg:/home/login/install/my_test_pkg:/home/login/install/my_robot_control:/home/login/install/move_it:/home/login/ws_moveit/install/rviz_marker_tools:/home/login/ws_moveit/install/my_robot_control:/home/login/ws_moveit/install/move_it:/opt/ros/jazzy /usr/bin/cmake --install /home/login/ws_moveit/build/my_robot_control_ur5
