[0.728s] Invoking command in '/home/login/ws_moveit/src/move_it': PYTHONPATH=/home/login/ws_moveit/src/build/move_it/prefix_override:/usr/lib/python3/dist-packages/colcon_core/task/python/colcon_distutils_commands:/home/login/ws_moveit/src/install/move_it/lib/python3.12/site-packages:${PYTHONPATH} /usr/bin/python3 -W ignore:setup.py install is deprecated -W ignore:easy_install command is deprecated setup.py egg_info --egg-base ../build/move_it build --build-base /home/login/ws_moveit/src/build/move_it/build install --record /home/login/ws_moveit/src/build/move_it/install.log --single-version-externally-managed install_data
[0.959s] running egg_info
[0.977s] writing ../build/move_it/move_it.egg-info/PKG-INFO
[0.977s] writing dependency_links to ../build/move_it/move_it.egg-info/dependency_links.txt
[0.977s] writing entry points to ../build/move_it/move_it.egg-info/entry_points.txt
[0.978s] writing requirements to ../build/move_it/move_it.egg-info/requires.txt
[0.978s] writing top-level names to ../build/move_it/move_it.egg-info/top_level.txt
[1.012s] reading manifest file '../build/move_it/move_it.egg-info/SOURCES.txt'
[1.013s] writing manifest file '../build/move_it/move_it.egg-info/SOURCES.txt'
[1.013s] running build
[1.014s] running build_py
[1.014s] running install
[1.020s] running install_lib
[1.038s] running install_data
[1.038s] copying launch/move_it.launch.py -> /home/login/ws_moveit/src/install/move_it/share/move_it/launch
[1.038s] running install_egg_info
[1.057s] removing '/home/login/ws_moveit/src/install/move_it/lib/python3.12/site-packages/move_it-0.0.0-py3.12.egg-info' (and everything under it)
[1.058s] Copying ../build/move_it/move_it.egg-info to /home/login/ws_moveit/src/install/move_it/lib/python3.12/site-packages/move_it-0.0.0-py3.12.egg-info
[1.059s] running install_scripts
[1.175s] Installing cartesian_mover script to /home/login/ws_moveit/src/install/move_it/lib/move_it
[1.176s] writing list of installed files to '/home/login/ws_moveit/src/build/move_it/install.log'
[1.200s] Invoked command in '/home/login/ws_moveit/src/move_it' returned '0': PYTHONPATH=/home/login/ws_moveit/src/build/move_it/prefix_override:/usr/lib/python3/dist-packages/colcon_core/task/python/colcon_distutils_commands:/home/login/ws_moveit/src/install/move_it/lib/python3.12/site-packages:${PYTHONPATH} /usr/bin/python3 -W ignore:setup.py install is deprecated -W ignore:easy_install command is deprecated setup.py egg_info --egg-base ../build/move_it build --build-base /home/login/ws_moveit/src/build/move_it/build install --record /home/login/ws_moveit/src/build/move_it/install.log --single-version-externally-managed install_data
