[3.804s] Invoking command in '/home/login/ws_moveit/build/moveit_task_constructor_demo': CMAKE_PREFIX_PATH=/home/login/ws_moveit/install/moveit_task_constructor_capabilities:/home/login/ws_moveit/install/moveit_task_constructor_core:/home/login/ws_moveit/install/rviz_marker_tools:/home/login/ws_moveit/install/moveit_task_constructor_msgs:/home/login/ws_moveit/install/moveit_task_constructor_visualization:/home/login/ws_moveit/install/moveit_task_constructor_demo:/home/login/ws_moveit/install/moveit2_tutorials:/home/login/ros2_ws/install/ur5_moveit_config:/home/login/ros2_ws/install/my_robot_description:/home/login/install/ur5_moveit_config:/home/login/install/my_robot_description:/opt/ros/jazzy/opt/gz_sim_vendor:/opt/ros/jazzy/opt/gz_sensors_vendor:/opt/ros/jazzy/opt/gz_physics_vendor:/opt/ros/jazzy/opt/sdformat_vendor:/opt/ros/jazzy/opt/gz_gui_vendor:/opt/ros/jazzy/opt/gz_transport_vendor:/opt/ros/jazzy/opt/gz_rendering_vendor:/opt/ros/jazzy/opt/gz_plugin_vendor:/opt/ros/jazzy/opt/gz_fuel_tools_vendor:/opt/ros/jazzy/opt/gz_msgs_vendor:/opt/ros/jazzy/opt/gz_common_vendor:/opt/ros/jazzy/opt/gz_math_vendor:/opt/ros/jazzy/opt/gz_utils_vendor:/opt/ros/jazzy/opt/gz_tools_vendor:/opt/ros/jazzy/opt/gz_ogre_next_vendor:/opt/ros/jazzy/opt/gz_dartsim_vendor:/opt/ros/jazzy/opt/gz_cmake_vendor:/home/login/ws_moveit/install/move_it:/home/login/ros2_ws/install/my_test_pkg:/home/login/install/my_test_pkg:/opt/ros/jazzy LD_LIBRARY_PATH=/home/login/ws_moveit/install/moveit_task_constructor_capabilities/lib:/home/login/ws_moveit/install/moveit_task_constructor_core/lib:/home/login/ws_moveit/install/rviz_marker_tools/lib:/home/login/ws_moveit/install/moveit_task_constructor_msgs/lib:/home/login/ws_moveit/install/moveit_task_constructor_visualization/lib:/home/login/ws_moveit/install/moveit_task_constructor_demo/lib:/opt/ros/jazzy/opt/gz_sim_vendor/lib:/opt/ros/jazzy/opt/gz_sensors_vendor/lib:/opt/ros/jazzy/opt/gz_physics_vendor/lib:/opt/ros/jazzy/opt/sdformat_vendor/lib:/opt/ros/jazzy/opt/rviz_ogre_vendor/lib:/opt/ros/jazzy/lib/x86_64-linux-gnu:/opt/ros/jazzy/opt/gz_gui_vendor/lib:/opt/ros/jazzy/opt/gz_transport_vendor/lib:/opt/ros/jazzy/opt/gz_rendering_vendor/lib:/opt/ros/jazzy/opt/gz_plugin_vendor/lib:/opt/ros/jazzy/opt/gz_fuel_tools_vendor/lib:/opt/ros/jazzy/opt/gz_msgs_vendor/lib:/opt/ros/jazzy/opt/gz_common_vendor/lib:/opt/ros/jazzy/opt/gz_math_vendor/lib:/opt/ros/jazzy/opt/gz_utils_vendor/lib:/opt/ros/jazzy/opt/gz_tools_vendor/lib:/opt/ros/jazzy/opt/gz_ogre_next_vendor/lib:/opt/ros/jazzy/opt/gz_dartsim_vendor/lib:/opt/ros/jazzy/opt/gz_cmake_vendor/lib:/opt/ros/jazzy/lib PYTHONPATH=/home/login/ws_moveit/install/moveit_task_constructor_core/lib/python3.12/site-packages:/home/login/ws_moveit/install/moveit_task_constructor_msgs/lib/python3.12/site-packages:/home/login/ws_moveit/install/move_it/lib/python3.12/site-packages:/home/login/ros2_ws/build/my_test_pkg:/home/login/ros2_ws/install/my_test_pkg/lib/python3.12/site-packages:/home/login/install/my_test_pkg/lib/python3.12/site-packages:/opt/ros/jazzy/lib/python3.12/site-packages /usr/bin/cmake /home/login/ws_moveit/src/moveit_task_constructor/demo -DCMAKE_INSTALL_PREFIX=/home/login/ws_moveit/install/moveit_task_constructor_demo
[4.571s] -- The C compiler identification is GNU 13.3.0
[7.400s] -- The CXX compiler identification is GNU 13.3.0
[10.103s] -- Detecting C compiler ABI info
[11.244s] -- Detecting C compiler ABI info - done
[11.321s] -- Check for working C compiler: /usr/bin/cc - skipped
[11.324s] -- Detecting C compile features
[11.329s] -- Detecting C compile features - done
[11.816s] -- Detecting CXX compiler ABI info
[13.036s] -- Detecting CXX compiler ABI info - done
[13.073s] -- Check for working CXX compiler: /usr/bin/c++ - skipped
[13.073s] -- Detecting CXX compile features
[13.074s] -- Detecting CXX compile features - done
[13.127s] -- Found ament_cmake: 2.5.4 (/opt/ros/jazzy/share/ament_cmake/cmake)
[13.956s] -- Found Python3: /usr/bin/python3 (found version "3.12.3") found components: Interpreter 
[14.803s] -- Found generate_parameter_library: 0.5.0 (/opt/ros/jazzy/share/generate_parameter_library/cmake)
[14.868s] -- Found parameter_traits: 0.5.0 (/opt/ros/jazzy/share/parameter_traits/cmake)
[15.544s] -- Found rosidl_generator_c: 4.6.5 (/opt/ros/jazzy/share/rosidl_generator_c/cmake)
[15.616s] -- Found rosidl_generator_cpp: 4.6.5 (/opt/ros/jazzy/share/rosidl_generator_cpp/cmake)
[15.691s] -- Using all available rosidl_typesupport_c: rosidl_typesupport_fastrtps_c;rosidl_typesupport_introspection_c
[15.748s] -- Using all available rosidl_typesupport_cpp: rosidl_typesupport_fastrtps_cpp;rosidl_typesupport_introspection_cpp
[16.054s] -- Found rmw_implementation_cmake: 7.3.2 (/opt/ros/jazzy/share/rmw_implementation_cmake/cmake)
[16.076s] -- Found rmw_fastrtps_cpp: 8.4.2 (/opt/ros/jazzy/share/rmw_fastrtps_cpp/cmake)
[16.685s] -- Found OpenSSL: /usr/lib/x86_64-linux-gnu/libcrypto.so (found version "3.0.13")  
[17.302s] -- Found FastRTPS: /opt/ros/jazzy/include (Required is at least version "2.13") 
[17.653s] -- Using RMW implementation 'rmw_fastrtps_cpp' as default
[18.652s] -- Found rclcpp_lifecycle: 28.1.10 (/opt/ros/jazzy/share/rclcpp_lifecycle/cmake)
[18.850s] -- Found moveit_common: 2.12.3 (/opt/ros/jazzy/share/moveit_common/cmake)
[19.234s] [0mmoveit_task_constructor_demo: You did not request a specific build type: Choosing 'Release' for maximum performance[0m
[19.242s] -- Found moveit_core: 2.12.3 (/opt/ros/jazzy/share/moveit_core/cmake)
[20.736s] -- Found Boost: /usr/lib/x86_64-linux-gnu/cmake/Boost-1.83.0/BoostConfig.cmake (found version "1.83.0") found components: chrono date_time filesystem iostreams program_options regex serialization system thread 
[27.928s] -- Found Boost: /usr/lib/x86_64-linux-gnu/cmake/Boost-1.83.0/BoostConfig.cmake (found version "1.83.0") found components: filesystem 
[28.634s] -- Found Eigen3: TRUE (found version "3.4.0") 
[28.635s] -- Ensuring Eigen3 include directory is part of orocos-kdl CMake target
[29.969s] -- Found moveit_ros_planning: 2.12.3 (/opt/ros/jazzy/share/moveit_ros_planning/cmake)
[29.985s] -- Found Boost: /usr/lib/x86_64-linux-gnu/cmake/Boost-1.83.0/BoostConfig.cmake (found version "1.83.0") found components: system filesystem date_time program_options thread chrono 
[30.134s] -- Found moveit_ros_planning_interface: 2.12.3 (/opt/ros/jazzy/share/moveit_ros_planning_interface/cmake)
[30.152s] -- Found Boost: /usr/lib/x86_64-linux-gnu/cmake/Boost-1.83.0/BoostConfig.cmake (found version "1.83.0") found components: date_time filesystem program_options system thread 
[30.272s] -- Found Boost: /usr/lib/x86_64-linux-gnu/cmake/Boost-1.83.0/BoostConfig.cmake (found version "1.83.0") found components: thread system filesystem regex date_time program_options 
[30.437s] -- Found Boost: /usr/lib/x86_64-linux-gnu/cmake/Boost-1.83.0/BoostConfig.cmake (found version "1.83.0") found components: system filesystem date_time program_options thread 
[30.630s] -- Found moveit_task_constructor_core: 0.1.3 (/home/login/ws_moveit/install/moveit_task_constructor_core/share/moveit_task_constructor_core/cmake)
[31.087s] -- Configuring done (27.2s)
[31.750s] -- Generating done (0.5s)
[31.865s] -- Build files have been written to: /home/login/ws_moveit/build/moveit_task_constructor_demo
[31.928s] Invoked command in '/home/login/ws_moveit/build/moveit_task_constructor_demo' returned '0': CMAKE_PREFIX_PATH=/home/login/ws_moveit/install/moveit_task_constructor_capabilities:/home/login/ws_moveit/install/moveit_task_constructor_core:/home/login/ws_moveit/install/rviz_marker_tools:/home/login/ws_moveit/install/moveit_task_constructor_msgs:/home/login/ws_moveit/install/moveit_task_constructor_visualization:/home/login/ws_moveit/install/moveit_task_constructor_demo:/home/login/ws_moveit/install/moveit2_tutorials:/home/login/ros2_ws/install/ur5_moveit_config:/home/login/ros2_ws/install/my_robot_description:/home/login/install/ur5_moveit_config:/home/login/install/my_robot_description:/opt/ros/jazzy/opt/gz_sim_vendor:/opt/ros/jazzy/opt/gz_sensors_vendor:/opt/ros/jazzy/opt/gz_physics_vendor:/opt/ros/jazzy/opt/sdformat_vendor:/opt/ros/jazzy/opt/gz_gui_vendor:/opt/ros/jazzy/opt/gz_transport_vendor:/opt/ros/jazzy/opt/gz_rendering_vendor:/opt/ros/jazzy/opt/gz_plugin_vendor:/opt/ros/jazzy/opt/gz_fuel_tools_vendor:/opt/ros/jazzy/opt/gz_msgs_vendor:/opt/ros/jazzy/opt/gz_common_vendor:/opt/ros/jazzy/opt/gz_math_vendor:/opt/ros/jazzy/opt/gz_utils_vendor:/opt/ros/jazzy/opt/gz_tools_vendor:/opt/ros/jazzy/opt/gz_ogre_next_vendor:/opt/ros/jazzy/opt/gz_dartsim_vendor:/opt/ros/jazzy/opt/gz_cmake_vendor:/home/login/ws_moveit/install/move_it:/home/login/ros2_ws/install/my_test_pkg:/home/login/install/my_test_pkg:/opt/ros/jazzy LD_LIBRARY_PATH=/home/login/ws_moveit/install/moveit_task_constructor_capabilities/lib:/home/login/ws_moveit/install/moveit_task_constructor_core/lib:/home/login/ws_moveit/install/rviz_marker_tools/lib:/home/login/ws_moveit/install/moveit_task_constructor_msgs/lib:/home/login/ws_moveit/install/moveit_task_constructor_visualization/lib:/home/login/ws_moveit/install/moveit_task_constructor_demo/lib:/opt/ros/jazzy/opt/gz_sim_vendor/lib:/opt/ros/jazzy/opt/gz_sensors_vendor/lib:/opt/ros/jazzy/opt/gz_physics_vendor/lib:/opt/ros/jazzy/opt/sdformat_vendor/lib:/opt/ros/jazzy/opt/rviz_ogre_vendor/lib:/opt/ros/jazzy/lib/x86_64-linux-gnu:/opt/ros/jazzy/opt/gz_gui_vendor/lib:/opt/ros/jazzy/opt/gz_transport_vendor/lib:/opt/ros/jazzy/opt/gz_rendering_vendor/lib:/opt/ros/jazzy/opt/gz_plugin_vendor/lib:/opt/ros/jazzy/opt/gz_fuel_tools_vendor/lib:/opt/ros/jazzy/opt/gz_msgs_vendor/lib:/opt/ros/jazzy/opt/gz_common_vendor/lib:/opt/ros/jazzy/opt/gz_math_vendor/lib:/opt/ros/jazzy/opt/gz_utils_vendor/lib:/opt/ros/jazzy/opt/gz_tools_vendor/lib:/opt/ros/jazzy/opt/gz_ogre_next_vendor/lib:/opt/ros/jazzy/opt/gz_dartsim_vendor/lib:/opt/ros/jazzy/opt/gz_cmake_vendor/lib:/opt/ros/jazzy/lib PYTHONPATH=/home/login/ws_moveit/install/moveit_task_constructor_core/lib/python3.12/site-packages:/home/login/ws_moveit/install/moveit_task_constructor_msgs/lib/python3.12/site-packages:/home/login/ws_moveit/install/move_it/lib/python3.12/site-packages:/home/login/ros2_ws/build/my_test_pkg:/home/login/ros2_ws/install/my_test_pkg/lib/python3.12/site-packages:/home/login/install/my_test_pkg/lib/python3.12/site-packages:/opt/ros/jazzy/lib/python3.12/site-packages /usr/bin/cmake /home/login/ws_moveit/src/moveit_task_constructor/demo -DCMAKE_INSTALL_PREFIX=/home/login/ws_moveit/install/moveit_task_constructor_demo
[31.931s] Invoking command in '/home/login/ws_moveit/build/moveit_task_constructor_demo': CMAKE_PREFIX_PATH=/home/login/ws_moveit/install/moveit_task_constructor_capabilities:/home/login/ws_moveit/install/moveit_task_constructor_core:/home/login/ws_moveit/install/rviz_marker_tools:/home/login/ws_moveit/install/moveit_task_constructor_msgs:/home/login/ws_moveit/install/moveit_task_constructor_visualization:/home/login/ws_moveit/install/moveit_task_constructor_demo:/home/login/ws_moveit/install/moveit2_tutorials:/home/login/ros2_ws/install/ur5_moveit_config:/home/login/ros2_ws/install/my_robot_description:/home/login/install/ur5_moveit_config:/home/login/install/my_robot_description:/opt/ros/jazzy/opt/gz_sim_vendor:/opt/ros/jazzy/opt/gz_sensors_vendor:/opt/ros/jazzy/opt/gz_physics_vendor:/opt/ros/jazzy/opt/sdformat_vendor:/opt/ros/jazzy/opt/gz_gui_vendor:/opt/ros/jazzy/opt/gz_transport_vendor:/opt/ros/jazzy/opt/gz_rendering_vendor:/opt/ros/jazzy/opt/gz_plugin_vendor:/opt/ros/jazzy/opt/gz_fuel_tools_vendor:/opt/ros/jazzy/opt/gz_msgs_vendor:/opt/ros/jazzy/opt/gz_common_vendor:/opt/ros/jazzy/opt/gz_math_vendor:/opt/ros/jazzy/opt/gz_utils_vendor:/opt/ros/jazzy/opt/gz_tools_vendor:/opt/ros/jazzy/opt/gz_ogre_next_vendor:/opt/ros/jazzy/opt/gz_dartsim_vendor:/opt/ros/jazzy/opt/gz_cmake_vendor:/home/login/ws_moveit/install/move_it:/home/login/ros2_ws/install/my_test_pkg:/home/login/install/my_test_pkg:/opt/ros/jazzy LD_LIBRARY_PATH=/home/login/ws_moveit/install/moveit_task_constructor_capabilities/lib:/home/login/ws_moveit/install/moveit_task_constructor_core/lib:/home/login/ws_moveit/install/rviz_marker_tools/lib:/home/login/ws_moveit/install/moveit_task_constructor_msgs/lib:/home/login/ws_moveit/install/moveit_task_constructor_visualization/lib:/home/login/ws_moveit/install/moveit_task_constructor_demo/lib:/opt/ros/jazzy/opt/gz_sim_vendor/lib:/opt/ros/jazzy/opt/gz_sensors_vendor/lib:/opt/ros/jazzy/opt/gz_physics_vendor/lib:/opt/ros/jazzy/opt/sdformat_vendor/lib:/opt/ros/jazzy/opt/rviz_ogre_vendor/lib:/opt/ros/jazzy/lib/x86_64-linux-gnu:/opt/ros/jazzy/opt/gz_gui_vendor/lib:/opt/ros/jazzy/opt/gz_transport_vendor/lib:/opt/ros/jazzy/opt/gz_rendering_vendor/lib:/opt/ros/jazzy/opt/gz_plugin_vendor/lib:/opt/ros/jazzy/opt/gz_fuel_tools_vendor/lib:/opt/ros/jazzy/opt/gz_msgs_vendor/lib:/opt/ros/jazzy/opt/gz_common_vendor/lib:/opt/ros/jazzy/opt/gz_math_vendor/lib:/opt/ros/jazzy/opt/gz_utils_vendor/lib:/opt/ros/jazzy/opt/gz_tools_vendor/lib:/opt/ros/jazzy/opt/gz_ogre_next_vendor/lib:/opt/ros/jazzy/opt/gz_dartsim_vendor/lib:/opt/ros/jazzy/opt/gz_cmake_vendor/lib:/opt/ros/jazzy/lib PYTHONPATH=/home/login/ws_moveit/install/moveit_task_constructor_core/lib/python3.12/site-packages:/home/login/ws_moveit/install/moveit_task_constructor_msgs/lib/python3.12/site-packages:/home/login/ws_moveit/install/move_it/lib/python3.12/site-packages:/home/login/ros2_ws/build/my_test_pkg:/home/login/ros2_ws/install/my_test_pkg/lib/python3.12/site-packages:/home/login/install/my_test_pkg/lib/python3.12/site-packages:/opt/ros/jazzy/lib/python3.12/site-packages /usr/bin/cmake --build /home/login/ws_moveit/build/moveit_task_constructor_demo -- -j12 -l12
[32.274s] [  5%] [34m[1mRunning `/opt/ros/jazzy/bin/generate_parameter_library_cpp /home/login/ws_moveit/build/moveit_task_constructor_demo/include/moveit_task_constructor_demo/pick_place_demo_parameters.hpp /home/login/ws_moveit/src/moveit_task_constructor/demo/src/pick_place_demo_parameters.yaml `[0m
[35.599s] [ 11%] [34m[1mCreating deprecated header file /home/login/ws_moveit/build/moveit_task_constructor_demo/include/pick_place_demo_parameters.hpp[0m
[35.642s] [ 11%] Built target pick_place_demo_parameters
[35.685s] [ 16%] [32mBuilding CXX object CMakeFiles/moveit_task_constructor_demo_fallbacks_move_to.dir/src/fallbacks_move_to.cpp.o[0m
[52.960s] [ 22%] [32m[1mLinking CXX executable fallbacks_move_to[0m
[53.560s] [ 22%] Built target moveit_task_constructor_demo_fallbacks_move_to
[53.588s] [ 27%] [32mBuilding CXX object CMakeFiles/moveit_task_constructor_demo_pick_place_task.dir/src/pick_place_task.cpp.o[0m
[68.931s] [ 33%] [32m[1mLinking CXX shared library libmoveit_task_constructor_demo_pick_place_task.so[0m
[69.377s] [ 33%] Built target moveit_task_constructor_demo_pick_place_task
[69.405s] [ 44%] [34m[1mRunning `/opt/ros/jazzy/bin/generate_parameter_library_cpp /home/login/ws_moveit/build/moveit_task_constructor_demo/include/moveit_task_constructor_demo/ik_clearance_cost_parameters.hpp /home/login/ws_moveit/src/moveit_task_constructor/demo/src/ik_clearance_cost_parameters.yaml `[0m
[69.405s] [ 44%] [32mBuilding CXX object CMakeFiles/moveit_task_constructor_demo_cartesian.dir/src/cartesian.cpp.o[0m
[69.406s] [ 50%] [32mBuilding CXX object CMakeFiles/moveit_task_constructor_demo_modular.dir/src/modular.cpp.o[0m
[69.406s] [ 55%] [32mBuilding CXX object CMakeFiles/moveit_task_constructor_demo_alternative_path_costs.dir/src/alternative_path_costs.cpp.o[0m
[70.185s] [ 61%] [34m[1mCreating deprecated header file /home/login/ws_moveit/build/moveit_task_constructor_demo/include/ik_clearance_cost_parameters.hpp[0m
[70.209s] [ 61%] Built target ik_clearance_cost_parameters
[70.244s] [ 66%] [32mBuilding CXX object CMakeFiles/moveit_task_constructor_demo_ik_clearance_cost.dir/src/ik_clearance_cost.cpp.o[0m
[70.246s] [ 72%] [32mBuilding CXX object CMakeFiles/moveit_task_constructor_demo_pick_place_demo.dir/src/pick_place_demo.cpp.o[0m
[82.218s] [ 77%] [32m[1mLinking CXX executable modular[0m
[83.326s] [ 83%] [32m[1mLinking CXX executable cartesian[0m
[83.529s] [ 83%] Built target moveit_task_constructor_demo_modular
[84.749s] [ 83%] Built target moveit_task_constructor_demo_cartesian
[86.287s] [ 88%] [32m[1mLinking CXX executable ik_clearance_cost[0m
[87.602s] [ 88%] Built target moveit_task_constructor_demo_ik_clearance_cost
[88.561s] [ 94%] [32m[1mLinking CXX executable alternative_path_costs[0m
[90.309s] [ 94%] Built target moveit_task_constructor_demo_alternative_path_costs
[95.630s] [100%] [32m[1mLinking CXX executable pick_place_demo[0m
[96.694s] [100%] Built target moveit_task_constructor_demo_pick_place_demo
[96.732s] Invoked command in '/home/login/ws_moveit/build/moveit_task_constructor_demo' returned '0': CMAKE_PREFIX_PATH=/home/login/ws_moveit/install/moveit_task_constructor_capabilities:/home/login/ws_moveit/install/moveit_task_constructor_core:/home/login/ws_moveit/install/rviz_marker_tools:/home/login/ws_moveit/install/moveit_task_constructor_msgs:/home/login/ws_moveit/install/moveit_task_constructor_visualization:/home/login/ws_moveit/install/moveit_task_constructor_demo:/home/login/ws_moveit/install/moveit2_tutorials:/home/login/ros2_ws/install/ur5_moveit_config:/home/login/ros2_ws/install/my_robot_description:/home/login/install/ur5_moveit_config:/home/login/install/my_robot_description:/opt/ros/jazzy/opt/gz_sim_vendor:/opt/ros/jazzy/opt/gz_sensors_vendor:/opt/ros/jazzy/opt/gz_physics_vendor:/opt/ros/jazzy/opt/sdformat_vendor:/opt/ros/jazzy/opt/gz_gui_vendor:/opt/ros/jazzy/opt/gz_transport_vendor:/opt/ros/jazzy/opt/gz_rendering_vendor:/opt/ros/jazzy/opt/gz_plugin_vendor:/opt/ros/jazzy/opt/gz_fuel_tools_vendor:/opt/ros/jazzy/opt/gz_msgs_vendor:/opt/ros/jazzy/opt/gz_common_vendor:/opt/ros/jazzy/opt/gz_math_vendor:/opt/ros/jazzy/opt/gz_utils_vendor:/opt/ros/jazzy/opt/gz_tools_vendor:/opt/ros/jazzy/opt/gz_ogre_next_vendor:/opt/ros/jazzy/opt/gz_dartsim_vendor:/opt/ros/jazzy/opt/gz_cmake_vendor:/home/login/ws_moveit/install/move_it:/home/login/ros2_ws/install/my_test_pkg:/home/login/install/my_test_pkg:/opt/ros/jazzy LD_LIBRARY_PATH=/home/login/ws_moveit/install/moveit_task_constructor_capabilities/lib:/home/login/ws_moveit/install/moveit_task_constructor_core/lib:/home/login/ws_moveit/install/rviz_marker_tools/lib:/home/login/ws_moveit/install/moveit_task_constructor_msgs/lib:/home/login/ws_moveit/install/moveit_task_constructor_visualization/lib:/home/login/ws_moveit/install/moveit_task_constructor_demo/lib:/opt/ros/jazzy/opt/gz_sim_vendor/lib:/opt/ros/jazzy/opt/gz_sensors_vendor/lib:/opt/ros/jazzy/opt/gz_physics_vendor/lib:/opt/ros/jazzy/opt/sdformat_vendor/lib:/opt/ros/jazzy/opt/rviz_ogre_vendor/lib:/opt/ros/jazzy/lib/x86_64-linux-gnu:/opt/ros/jazzy/opt/gz_gui_vendor/lib:/opt/ros/jazzy/opt/gz_transport_vendor/lib:/opt/ros/jazzy/opt/gz_rendering_vendor/lib:/opt/ros/jazzy/opt/gz_plugin_vendor/lib:/opt/ros/jazzy/opt/gz_fuel_tools_vendor/lib:/opt/ros/jazzy/opt/gz_msgs_vendor/lib:/opt/ros/jazzy/opt/gz_common_vendor/lib:/opt/ros/jazzy/opt/gz_math_vendor/lib:/opt/ros/jazzy/opt/gz_utils_vendor/lib:/opt/ros/jazzy/opt/gz_tools_vendor/lib:/opt/ros/jazzy/opt/gz_ogre_next_vendor/lib:/opt/ros/jazzy/opt/gz_dartsim_vendor/lib:/opt/ros/jazzy/opt/gz_cmake_vendor/lib:/opt/ros/jazzy/lib PYTHONPATH=/home/login/ws_moveit/install/moveit_task_constructor_core/lib/python3.12/site-packages:/home/login/ws_moveit/install/moveit_task_constructor_msgs/lib/python3.12/site-packages:/home/login/ws_moveit/install/move_it/lib/python3.12/site-packages:/home/login/ros2_ws/build/my_test_pkg:/home/login/ros2_ws/install/my_test_pkg/lib/python3.12/site-packages:/home/login/install/my_test_pkg/lib/python3.12/site-packages:/opt/ros/jazzy/lib/python3.12/site-packages /usr/bin/cmake --build /home/login/ws_moveit/build/moveit_task_constructor_demo -- -j12 -l12
[96.732s] Invoking command in '/home/login/ws_moveit/build/moveit_task_constructor_demo': CMAKE_PREFIX_PATH=/home/login/ws_moveit/install/moveit_task_constructor_capabilities:/home/login/ws_moveit/install/moveit_task_constructor_core:/home/login/ws_moveit/install/rviz_marker_tools:/home/login/ws_moveit/install/moveit_task_constructor_msgs:/home/login/ws_moveit/install/moveit_task_constructor_visualization:/home/login/ws_moveit/install/moveit_task_constructor_demo:/home/login/ws_moveit/install/moveit2_tutorials:/home/login/ros2_ws/install/ur5_moveit_config:/home/login/ros2_ws/install/my_robot_description:/home/login/install/ur5_moveit_config:/home/login/install/my_robot_description:/opt/ros/jazzy/opt/gz_sim_vendor:/opt/ros/jazzy/opt/gz_sensors_vendor:/opt/ros/jazzy/opt/gz_physics_vendor:/opt/ros/jazzy/opt/sdformat_vendor:/opt/ros/jazzy/opt/gz_gui_vendor:/opt/ros/jazzy/opt/gz_transport_vendor:/opt/ros/jazzy/opt/gz_rendering_vendor:/opt/ros/jazzy/opt/gz_plugin_vendor:/opt/ros/jazzy/opt/gz_fuel_tools_vendor:/opt/ros/jazzy/opt/gz_msgs_vendor:/opt/ros/jazzy/opt/gz_common_vendor:/opt/ros/jazzy/opt/gz_math_vendor:/opt/ros/jazzy/opt/gz_utils_vendor:/opt/ros/jazzy/opt/gz_tools_vendor:/opt/ros/jazzy/opt/gz_ogre_next_vendor:/opt/ros/jazzy/opt/gz_dartsim_vendor:/opt/ros/jazzy/opt/gz_cmake_vendor:/home/login/ws_moveit/install/move_it:/home/login/ros2_ws/install/my_test_pkg:/home/login/install/my_test_pkg:/opt/ros/jazzy LD_LIBRARY_PATH=/home/login/ws_moveit/install/moveit_task_constructor_capabilities/lib:/home/login/ws_moveit/install/moveit_task_constructor_core/lib:/home/login/ws_moveit/install/rviz_marker_tools/lib:/home/login/ws_moveit/install/moveit_task_constructor_msgs/lib:/home/login/ws_moveit/install/moveit_task_constructor_visualization/lib:/home/login/ws_moveit/install/moveit_task_constructor_demo/lib:/opt/ros/jazzy/opt/gz_sim_vendor/lib:/opt/ros/jazzy/opt/gz_sensors_vendor/lib:/opt/ros/jazzy/opt/gz_physics_vendor/lib:/opt/ros/jazzy/opt/sdformat_vendor/lib:/opt/ros/jazzy/opt/rviz_ogre_vendor/lib:/opt/ros/jazzy/lib/x86_64-linux-gnu:/opt/ros/jazzy/opt/gz_gui_vendor/lib:/opt/ros/jazzy/opt/gz_transport_vendor/lib:/opt/ros/jazzy/opt/gz_rendering_vendor/lib:/opt/ros/jazzy/opt/gz_plugin_vendor/lib:/opt/ros/jazzy/opt/gz_fuel_tools_vendor/lib:/opt/ros/jazzy/opt/gz_msgs_vendor/lib:/opt/ros/jazzy/opt/gz_common_vendor/lib:/opt/ros/jazzy/opt/gz_math_vendor/lib:/opt/ros/jazzy/opt/gz_utils_vendor/lib:/opt/ros/jazzy/opt/gz_tools_vendor/lib:/opt/ros/jazzy/opt/gz_ogre_next_vendor/lib:/opt/ros/jazzy/opt/gz_dartsim_vendor/lib:/opt/ros/jazzy/opt/gz_cmake_vendor/lib:/opt/ros/jazzy/lib PYTHONPATH=/home/login/ws_moveit/install/moveit_task_constructor_core/lib/python3.12/site-packages:/home/login/ws_moveit/install/moveit_task_constructor_msgs/lib/python3.12/site-packages:/home/login/ws_moveit/install/move_it/lib/python3.12/site-packages:/home/login/ros2_ws/build/my_test_pkg:/home/login/ros2_ws/install/my_test_pkg/lib/python3.12/site-packages:/home/login/install/my_test_pkg/lib/python3.12/site-packages:/opt/ros/jazzy/lib/python3.12/site-packages /usr/bin/cmake --install /home/login/ws_moveit/build/moveit_task_constructor_demo
[96.756s] -- Install configuration: "Release"
[96.763s] -- Installing: /home/login/ws_moveit/install/moveit_task_constructor_demo/lib/libmoveit_task_constructor_demo_pick_place_task.so
[96.771s] -- Set non-toolchain portion of runtime path of "/home/login/ws_moveit/install/moveit_task_constructor_demo/lib/libmoveit_task_constructor_demo_pick_place_task.so" to ""
[96.772s] -- Installing: /home/login/ws_moveit/install/moveit_task_constructor_demo/lib/moveit_task_constructor_demo/cartesian
[96.775s] -- Set non-toolchain portion of runtime path of "/home/login/ws_moveit/install/moveit_task_constructor_demo/lib/moveit_task_constructor_demo/cartesian" to ""
[96.780s] -- Installing: /home/login/ws_moveit/install/moveit_task_constructor_demo/lib/moveit_task_constructor_demo/modular
[96.780s] -- Set non-toolchain portion of runtime path of "/home/login/ws_moveit/install/moveit_task_constructor_demo/lib/moveit_task_constructor_demo/modular" to ""
[96.781s] -- Installing: /home/login/ws_moveit/install/moveit_task_constructor_demo/lib/moveit_task_constructor_demo/alternative_path_costs
[96.781s] -- Set non-toolchain portion of runtime path of "/home/login/ws_moveit/install/moveit_task_constructor_demo/lib/moveit_task_constructor_demo/alternative_path_costs" to ""
[96.782s] -- Installing: /home/login/ws_moveit/install/moveit_task_constructor_demo/include/moveit_task_constructor_demo
[96.783s] -- Installing: /home/login/ws_moveit/install/moveit_task_constructor_demo/include/moveit_task_constructor_demo/ik_clearance_cost_parameters.hpp
[96.783s] -- Installing: /home/login/ws_moveit/install/moveit_task_constructor_demo/include/moveit_task_constructor_demo/pick_place_demo_parameters.hpp
[96.785s] -- Installing: /home/login/ws_moveit/install/moveit_task_constructor_demo/lib/moveit_task_constructor_demo/ik_clearance_cost
[96.787s] -- Set non-toolchain portion of runtime path of "/home/login/ws_moveit/install/moveit_task_constructor_demo/lib/moveit_task_constructor_demo/ik_clearance_cost" to ""
[96.788s] -- Installing: /home/login/ws_moveit/install/moveit_task_constructor_demo/lib/moveit_task_constructor_demo/fallbacks_move_to
[96.788s] -- Set non-toolchain portion of runtime path of "/home/login/ws_moveit/install/moveit_task_constructor_demo/lib/moveit_task_constructor_demo/fallbacks_move_to" to ""
[96.789s] -- Up-to-date: /home/login/ws_moveit/install/moveit_task_constructor_demo/include/moveit_task_constructor_demo
[96.789s] -- Up-to-date: /home/login/ws_moveit/install/moveit_task_constructor_demo/include/moveit_task_constructor_demo/ik_clearance_cost_parameters.hpp
[96.789s] -- Up-to-date: /home/login/ws_moveit/install/moveit_task_constructor_demo/include/moveit_task_constructor_demo/pick_place_demo_parameters.hpp
[96.790s] -- Installing: /home/login/ws_moveit/install/moveit_task_constructor_demo/lib/moveit_task_constructor_demo/pick_place_demo
[96.790s] -- Set non-toolchain portion of runtime path of "/home/login/ws_moveit/install/moveit_task_constructor_demo/lib/moveit_task_constructor_demo/pick_place_demo" to ""
[96.804s] -- Installing: /home/login/ws_moveit/install/moveit_task_constructor_demo/lib/moveit_task_constructor_demo/alternatives.py
[96.820s] -- Installing: /home/login/ws_moveit/install/moveit_task_constructor_demo/lib/moveit_task_constructor_demo/cartesian.py
[96.836s] -- Installing: /home/login/ws_moveit/install/moveit_task_constructor_demo/lib/moveit_task_constructor_demo/compute_ik.py
[96.855s] -- Installing: /home/login/ws_moveit/install/moveit_task_constructor_demo/lib/moveit_task_constructor_demo/constrained.py
[96.856s] -- Installing: /home/login/ws_moveit/install/moveit_task_constructor_demo/lib/moveit_task_constructor_demo/current_state.py
[96.856s] -- Installing: /home/login/ws_moveit/install/moveit_task_constructor_demo/lib/moveit_task_constructor_demo/fallbacks.py
[96.856s] -- Installing: /home/login/ws_moveit/install/moveit_task_constructor_demo/lib/moveit_task_constructor_demo/fix_collision_objects.py
[96.856s] -- Installing: /home/login/ws_moveit/install/moveit_task_constructor_demo/lib/moveit_task_constructor_demo/fixed_state.py
[96.856s] -- Installing: /home/login/ws_moveit/install/moveit_task_constructor_demo/lib/moveit_task_constructor_demo/generate_pose.py
[96.856s] -- Installing: /home/login/ws_moveit/install/moveit_task_constructor_demo/lib/moveit_task_constructor_demo/merger.py
[96.856s] -- Installing: /home/login/ws_moveit/install/moveit_task_constructor_demo/lib/moveit_task_constructor_demo/modify_planning_scene.py
[96.856s] -- Installing: /home/login/ws_moveit/install/moveit_task_constructor_demo/lib/moveit_task_constructor_demo/multi_planner.py
[96.857s] -- Installing: /home/login/ws_moveit/install/moveit_task_constructor_demo/lib/moveit_task_constructor_demo/pickplace.py
[96.857s] -- Installing: /home/login/ws_moveit/install/moveit_task_constructor_demo/lib/moveit_task_constructor_demo/properties.py
[96.857s] -- Installing: /home/login/ws_moveit/install/moveit_task_constructor_demo/lib/moveit_task_constructor_demo/send_cartesian_goal.py
[96.870s] -- Installing: /home/login/ws_moveit/install/moveit_task_constructor_demo/share/moveit_task_constructor_demo/launch
[96.890s] -- Installing: /home/login/ws_moveit/install/moveit_task_constructor_demo/share/moveit_task_constructor_demo/launch/run.launch.py
[96.890s] -- Installing: /home/login/ws_moveit/install/moveit_task_constructor_demo/share/moveit_task_constructor_demo/launch/demo.launch.py
[96.891s] -- Installing: /home/login/ws_moveit/install/moveit_task_constructor_demo/share/moveit_task_constructor_demo/config
[96.891s] -- Installing: /home/login/ws_moveit/install/moveit_task_constructor_demo/share/moveit_task_constructor_demo/config/mtc.rviz
[96.891s] -- Installing: /home/login/ws_moveit/install/moveit_task_constructor_demo/share/moveit_task_constructor_demo/config/panda_config.yaml
[96.892s] -- Installing: /home/login/ws_moveit/install/moveit_task_constructor_demo/share/ament_index/resource_index/package_run_dependencies/moveit_task_constructor_demo
[96.893s] -- Installing: /home/login/ws_moveit/install/moveit_task_constructor_demo/share/ament_index/resource_index/parent_prefix_path/moveit_task_constructor_demo
[96.894s] -- Installing: /home/login/ws_moveit/install/moveit_task_constructor_demo/share/moveit_task_constructor_demo/environment/ament_prefix_path.sh
[96.894s] -- Installing: /home/login/ws_moveit/install/moveit_task_constructor_demo/share/moveit_task_constructor_demo/environment/ament_prefix_path.dsv
[96.894s] -- Installing: /home/login/ws_moveit/install/moveit_task_constructor_demo/share/moveit_task_constructor_demo/environment/path.sh
[96.895s] -- Installing: /home/login/ws_moveit/install/moveit_task_constructor_demo/share/moveit_task_constructor_demo/environment/path.dsv
[96.895s] -- Installing: /home/login/ws_moveit/install/moveit_task_constructor_demo/share/moveit_task_constructor_demo/local_setup.bash
[96.895s] -- Installing: /home/login/ws_moveit/install/moveit_task_constructor_demo/share/moveit_task_constructor_demo/local_setup.sh
[96.896s] -- Installing: /home/login/ws_moveit/install/moveit_task_constructor_demo/share/moveit_task_constructor_demo/local_setup.zsh
[96.896s] -- Installing: /home/login/ws_moveit/install/moveit_task_constructor_demo/share/moveit_task_constructor_demo/local_setup.dsv
[96.896s] -- Installing: /home/login/ws_moveit/install/moveit_task_constructor_demo/share/moveit_task_constructor_demo/package.dsv
[96.897s] -- Installing: /home/login/ws_moveit/install/moveit_task_constructor_demo/share/ament_index/resource_index/packages/moveit_task_constructor_demo
[96.901s] -- Installing: /home/login/ws_moveit/install/moveit_task_constructor_demo/share/moveit_task_constructor_demo/cmake/moveit_task_constructor_demoConfig.cmake
[96.901s] -- Installing: /home/login/ws_moveit/install/moveit_task_constructor_demo/share/moveit_task_constructor_demo/cmake/moveit_task_constructor_demoConfig-version.cmake
[96.902s] -- Installing: /home/login/ws_moveit/install/moveit_task_constructor_demo/share/moveit_task_constructor_demo/package.xml
[96.917s] Invoked command in '/home/login/ws_moveit/build/moveit_task_constructor_demo' returned '0': CMAKE_PREFIX_PATH=/home/login/ws_moveit/install/moveit_task_constructor_capabilities:/home/login/ws_moveit/install/moveit_task_constructor_core:/home/login/ws_moveit/install/rviz_marker_tools:/home/login/ws_moveit/install/moveit_task_constructor_msgs:/home/login/ws_moveit/install/moveit_task_constructor_visualization:/home/login/ws_moveit/install/moveit_task_constructor_demo:/home/login/ws_moveit/install/moveit2_tutorials:/home/login/ros2_ws/install/ur5_moveit_config:/home/login/ros2_ws/install/my_robot_description:/home/login/install/ur5_moveit_config:/home/login/install/my_robot_description:/opt/ros/jazzy/opt/gz_sim_vendor:/opt/ros/jazzy/opt/gz_sensors_vendor:/opt/ros/jazzy/opt/gz_physics_vendor:/opt/ros/jazzy/opt/sdformat_vendor:/opt/ros/jazzy/opt/gz_gui_vendor:/opt/ros/jazzy/opt/gz_transport_vendor:/opt/ros/jazzy/opt/gz_rendering_vendor:/opt/ros/jazzy/opt/gz_plugin_vendor:/opt/ros/jazzy/opt/gz_fuel_tools_vendor:/opt/ros/jazzy/opt/gz_msgs_vendor:/opt/ros/jazzy/opt/gz_common_vendor:/opt/ros/jazzy/opt/gz_math_vendor:/opt/ros/jazzy/opt/gz_utils_vendor:/opt/ros/jazzy/opt/gz_tools_vendor:/opt/ros/jazzy/opt/gz_ogre_next_vendor:/opt/ros/jazzy/opt/gz_dartsim_vendor:/opt/ros/jazzy/opt/gz_cmake_vendor:/home/login/ws_moveit/install/move_it:/home/login/ros2_ws/install/my_test_pkg:/home/login/install/my_test_pkg:/opt/ros/jazzy LD_LIBRARY_PATH=/home/login/ws_moveit/install/moveit_task_constructor_capabilities/lib:/home/login/ws_moveit/install/moveit_task_constructor_core/lib:/home/login/ws_moveit/install/rviz_marker_tools/lib:/home/login/ws_moveit/install/moveit_task_constructor_msgs/lib:/home/login/ws_moveit/install/moveit_task_constructor_visualization/lib:/home/login/ws_moveit/install/moveit_task_constructor_demo/lib:/opt/ros/jazzy/opt/gz_sim_vendor/lib:/opt/ros/jazzy/opt/gz_sensors_vendor/lib:/opt/ros/jazzy/opt/gz_physics_vendor/lib:/opt/ros/jazzy/opt/sdformat_vendor/lib:/opt/ros/jazzy/opt/rviz_ogre_vendor/lib:/opt/ros/jazzy/lib/x86_64-linux-gnu:/opt/ros/jazzy/opt/gz_gui_vendor/lib:/opt/ros/jazzy/opt/gz_transport_vendor/lib:/opt/ros/jazzy/opt/gz_rendering_vendor/lib:/opt/ros/jazzy/opt/gz_plugin_vendor/lib:/opt/ros/jazzy/opt/gz_fuel_tools_vendor/lib:/opt/ros/jazzy/opt/gz_msgs_vendor/lib:/opt/ros/jazzy/opt/gz_common_vendor/lib:/opt/ros/jazzy/opt/gz_math_vendor/lib:/opt/ros/jazzy/opt/gz_utils_vendor/lib:/opt/ros/jazzy/opt/gz_tools_vendor/lib:/opt/ros/jazzy/opt/gz_ogre_next_vendor/lib:/opt/ros/jazzy/opt/gz_dartsim_vendor/lib:/opt/ros/jazzy/opt/gz_cmake_vendor/lib:/opt/ros/jazzy/lib PYTHONPATH=/home/login/ws_moveit/install/moveit_task_constructor_core/lib/python3.12/site-packages:/home/login/ws_moveit/install/moveit_task_constructor_msgs/lib/python3.12/site-packages:/home/login/ws_moveit/install/move_it/lib/python3.12/site-packages:/home/login/ros2_ws/build/my_test_pkg:/home/login/ros2_ws/install/my_test_pkg/lib/python3.12/site-packages:/home/login/install/my_test_pkg/lib/python3.12/site-packages:/opt/ros/jazzy/lib/python3.12/site-packages /usr/bin/cmake --install /home/login/ws_moveit/build/moveit_task_constructor_demo
