[0.757s] Invoking command in '/home/login/ws_moveit/src/my_robot_control': PYTHONPATH=/home/login/ws_moveit/build/my_robot_control/prefix_override:/usr/lib/python3/dist-packages/colcon_core/task/python/colcon_distutils_commands:/home/login/ws_moveit/install/my_robot_control/lib/python3.12/site-packages:${PYTHONPATH} /usr/bin/python3 -W ignore:setup.py install is deprecated -W ignore:easy_install command is deprecated setup.py egg_info --egg-base ../../build/my_robot_control build --build-base /home/login/ws_moveit/build/my_robot_control/build install --record /home/login/ws_moveit/build/my_robot_control/install.log --single-version-externally-managed install_data
[1.001s] running egg_info
[1.019s] writing ../../build/my_robot_control/my_robot_control.egg-info/PKG-INFO
[1.019s] writing dependency_links to ../../build/my_robot_control/my_robot_control.egg-info/dependency_links.txt
[1.020s] writing entry points to ../../build/my_robot_control/my_robot_control.egg-info/entry_points.txt
[1.020s] writing requirements to ../../build/my_robot_control/my_robot_control.egg-info/requires.txt
[1.020s] writing top-level names to ../../build/my_robot_control/my_robot_control.egg-info/top_level.txt
[1.059s] reading manifest file '../../build/my_robot_control/my_robot_control.egg-info/SOURCES.txt'
[1.060s] writing manifest file '../../build/my_robot_control/my_robot_control.egg-info/SOURCES.txt'
[1.060s] running build
[1.060s] running build_py
[1.060s] running install
[1.066s] running install_lib
[1.087s] running install_data
[1.087s] running install_egg_info
[1.107s] removing '/home/login/ws_moveit/install/my_robot_control/lib/python3.12/site-packages/my_robot_control-0.0.0-py3.12.egg-info' (and everything under it)
[1.107s] Copying ../../build/my_robot_control/my_robot_control.egg-info to /home/login/ws_moveit/install/my_robot_control/lib/python3.12/site-packages/my_robot_control-0.0.0-py3.12.egg-info
[1.109s] running install_scripts
[1.234s] Installing cartesian_commander script to /home/login/ws_moveit/install/my_robot_control/lib/my_robot_control
[1.234s] Installing home_commander script to /home/login/ws_moveit/install/my_robot_control/lib/my_robot_control
[1.235s] writing list of installed files to '/home/login/ws_moveit/build/my_robot_control/install.log'
[1.262s] Invoked command in '/home/login/ws_moveit/src/my_robot_control' returned '0': PYTHONPATH=/home/login/ws_moveit/build/my_robot_control/prefix_override:/usr/lib/python3/dist-packages/colcon_core/task/python/colcon_distutils_commands:/home/login/ws_moveit/install/my_robot_control/lib/python3.12/site-packages:${PYTHONPATH} /usr/bin/python3 -W ignore:setup.py install is deprecated -W ignore:easy_install command is deprecated setup.py egg_info --egg-base ../../build/my_robot_control build --build-base /home/login/ws_moveit/build/my_robot_control/build install --record /home/login/ws_moveit/build/my_robot_control/install.log --single-version-externally-managed install_data
