[0.793s] Invoking command in '/home/login/ws_moveit/src/my_robot_control': PYTHONPATH=/home/login/ws_moveit/build/my_robot_control/prefix_override:/usr/lib/python3/dist-packages/colcon_core/task/python/colcon_distutils_commands:/home/login/ws_moveit/install/my_robot_control/lib/python3.12/site-packages:${PYTHONPATH} /usr/bin/python3 -W ignore:setup.py install is deprecated -W ignore:easy_install command is deprecated setup.py egg_info --egg-base ../../build/my_robot_control build --build-base /home/login/ws_moveit/build/my_robot_control/build install --record /home/login/ws_moveit/build/my_robot_control/install.log --single-version-externally-managed install_data
[1.044s] running egg_info
[1.064s] writing ../../build/my_robot_control/my_robot_control.egg-info/PKG-INFO
[1.064s] writing dependency_links to ../../build/my_robot_control/my_robot_control.egg-info/dependency_links.txt
[1.064s] writing entry points to ../../build/my_robot_control/my_robot_control.egg-info/entry_points.txt
[1.064s] writing requirements to ../../build/my_robot_control/my_robot_control.egg-info/requires.txt
[1.064s] writing top-level names to ../../build/my_robot_control/my_robot_control.egg-info/top_level.txt
[1.103s] reading manifest file '../../build/my_robot_control/my_robot_control.egg-info/SOURCES.txt'
[1.104s] writing manifest file '../../build/my_robot_control/my_robot_control.egg-info/SOURCES.txt'
[1.104s] running build
[1.104s] running build_py
[1.104s] copying my_robot_control/cartesian_commander.py -> /home/login/ws_moveit/build/my_robot_control/build/lib/my_robot_control
[1.104s] running install
[1.111s] running install_lib
[1.131s] copying /home/login/ws_moveit/build/my_robot_control/build/lib/my_robot_control/cartesian_commander.py -> /home/login/ws_moveit/install/my_robot_control/lib/python3.12/site-packages/my_robot_control
[1.133s] byte-compiling /home/login/ws_moveit/install/my_robot_control/lib/python3.12/site-packages/my_robot_control/cartesian_commander.py to cartesian_commander.cpython-312.pyc
[1.134s] running install_data
[1.134s] running install_egg_info
[1.161s] removing '/home/login/ws_moveit/install/my_robot_control/lib/python3.12/site-packages/my_robot_control-0.0.0-py3.12.egg-info' (and everything under it)
[1.161s] Copying ../../build/my_robot_control/my_robot_control.egg-info to /home/login/ws_moveit/install/my_robot_control/lib/python3.12/site-packages/my_robot_control-0.0.0-py3.12.egg-info
[1.162s] running install_scripts
[1.341s] Installing cartesian_commander script to /home/login/ws_moveit/install/my_robot_control/lib/my_robot_control
[1.341s] Installing home_commander script to /home/login/ws_moveit/install/my_robot_control/lib/my_robot_control
[1.342s] writing list of installed files to '/home/login/ws_moveit/build/my_robot_control/install.log'
[1.377s] Invoked command in '/home/login/ws_moveit/src/my_robot_control' returned '0': PYTHONPATH=/home/login/ws_moveit/build/my_robot_control/prefix_override:/usr/lib/python3/dist-packages/colcon_core/task/python/colcon_distutils_commands:/home/login/ws_moveit/install/my_robot_control/lib/python3.12/site-packages:${PYTHONPATH} /usr/bin/python3 -W ignore:setup.py install is deprecated -W ignore:easy_install command is deprecated setup.py egg_info --egg-base ../../build/my_robot_control build --build-base /home/login/ws_moveit/build/my_robot_control/build install --record /home/login/ws_moveit/build/my_robot_control/install.log --single-version-externally-managed install_data
