[0.608s] Invoking command in '/home/login/ws_moveit/build/moveit_task_constructor_visualization': CMAKE_PREFIX_PATH=/home/login/ws_moveit/install/moveit_task_constructor_core:/home/login/ws_moveit/install/rviz_marker_tools:/home/login/ws_moveit/install/moveit_task_constructor_msgs:/home/login/ws_moveit/install/moveit_task_constructor_visualization:/home/login/ws_moveit/install/moveit_task_constructor_demo:/home/login/ws_moveit/install/moveit_task_constructor_capabilities:/home/login/ws_moveit/install/moveit2_tutorials:/home/login/ros2_ws/install/ur5_moveit_config:/home/login/ros2_ws/install/my_robot_description:/home/login/install/ur5_moveit_config:/home/login/install/my_robot_description:/opt/ros/jazzy/opt/gz_sim_vendor:/opt/ros/jazzy/opt/gz_sensors_vendor:/opt/ros/jazzy/opt/gz_physics_vendor:/opt/ros/jazzy/opt/sdformat_vendor:/opt/ros/jazzy/opt/gz_gui_vendor:/opt/ros/jazzy/opt/gz_transport_vendor:/opt/ros/jazzy/opt/gz_rendering_vendor:/opt/ros/jazzy/opt/gz_plugin_vendor:/opt/ros/jazzy/opt/gz_fuel_tools_vendor:/opt/ros/jazzy/opt/gz_msgs_vendor:/opt/ros/jazzy/opt/gz_common_vendor:/opt/ros/jazzy/opt/gz_math_vendor:/opt/ros/jazzy/opt/gz_utils_vendor:/opt/ros/jazzy/opt/gz_tools_vendor:/opt/ros/jazzy/opt/gz_ogre_next_vendor:/opt/ros/jazzy/opt/gz_dartsim_vendor:/opt/ros/jazzy/opt/gz_cmake_vendor:/home/login/ws_moveit/install/move_it:/home/login/ros2_ws/install/my_test_pkg:/home/login/install/my_test_pkg:/opt/ros/jazzy LD_LIBRARY_PATH=/home/login/ws_moveit/install/moveit_task_constructor_core/lib:/home/login/ws_moveit/install/rviz_marker_tools/lib:/home/login/ws_moveit/install/moveit_task_constructor_msgs/lib:/home/login/ws_moveit/install/moveit_task_constructor_visualization/lib:/home/login/ws_moveit/install/moveit_task_constructor_demo/lib:/home/login/ws_moveit/install/moveit_task_constructor_capabilities/lib:/opt/ros/jazzy/opt/gz_sim_vendor/lib:/opt/ros/jazzy/opt/gz_sensors_vendor/lib:/opt/ros/jazzy/opt/gz_physics_vendor/lib:/opt/ros/jazzy/opt/sdformat_vendor/lib:/opt/ros/jazzy/opt/rviz_ogre_vendor/lib:/opt/ros/jazzy/lib/x86_64-linux-gnu:/opt/ros/jazzy/opt/gz_gui_vendor/lib:/opt/ros/jazzy/opt/gz_transport_vendor/lib:/opt/ros/jazzy/opt/gz_rendering_vendor/lib:/opt/ros/jazzy/opt/gz_plugin_vendor/lib:/opt/ros/jazzy/opt/gz_fuel_tools_vendor/lib:/opt/ros/jazzy/opt/gz_msgs_vendor/lib:/opt/ros/jazzy/opt/gz_common_vendor/lib:/opt/ros/jazzy/opt/gz_math_vendor/lib:/opt/ros/jazzy/opt/gz_utils_vendor/lib:/opt/ros/jazzy/opt/gz_tools_vendor/lib:/opt/ros/jazzy/opt/gz_ogre_next_vendor/lib:/opt/ros/jazzy/opt/gz_dartsim_vendor/lib:/opt/ros/jazzy/opt/gz_cmake_vendor/lib:/opt/ros/jazzy/lib PYTHONPATH=/home/login/ws_moveit/install/moveit_task_constructor_core/lib/python3.12/site-packages:/home/login/ws_moveit/install/moveit_task_constructor_msgs/lib/python3.12/site-packages:/home/login/ws_moveit/install/move_it/lib/python3.12/site-packages:/home/login/ros2_ws/build/my_test_pkg:/home/login/ros2_ws/install/my_test_pkg/lib/python3.12/site-packages:/home/login/install/my_test_pkg/lib/python3.12/site-packages:/opt/ros/jazzy/lib/python3.12/site-packages /usr/bin/cmake /home/login/ws_moveit/src/moveit_task_constructor/visualization -DCMAKE_INSTALL_PREFIX=/home/login/ws_moveit/install/moveit_task_constructor_visualization
[0.811s] -- The C compiler identification is GNU 13.3.0
[2.003s] -- The CXX compiler identification is GNU 13.3.0
[2.995s] -- Detecting C compiler ABI info
[3.463s] -- Detecting C compiler ABI info - done
[3.474s] -- Check for working C compiler: /usr/bin/cc - skipped
[3.474s] -- Detecting C compile features
[3.475s] -- Detecting C compile features - done
[3.650s] -- Detecting CXX compiler ABI info
[4.088s] -- Detecting CXX compiler ABI info - done
[4.101s] -- Check for working CXX compiler: /usr/bin/c++ - skipped
[4.101s] -- Detecting CXX compile features
[4.102s] -- Detecting CXX compile features - done
[4.109s] -- Found ament_cmake: 2.5.4 (/opt/ros/jazzy/share/ament_cmake/cmake)
[4.321s] -- Found Python3: /usr/bin/python3 (found version "3.12.3") found components: Interpreter 
[4.506s] -- Found Boost: /usr/lib/x86_64-linux-gnu/cmake/Boost-1.83.0/BoostConfig.cmake (found version "1.83.0")  
[4.512s] -- Found moveit_common: 2.12.3 (/opt/ros/jazzy/share/moveit_common/cmake)
[4.623s] [0mmoveit_task_constructor_visualization: You did not request a specific build type: Choosing 'Release' for maximum performance[0m
[4.628s] -- Found moveit_core: 2.12.3 (/opt/ros/jazzy/share/moveit_core/cmake)
[5.021s] -- Found Boost: /usr/lib/x86_64-linux-gnu/cmake/Boost-1.83.0/BoostConfig.cmake (found version "1.83.0") found components: chrono date_time filesystem iostreams program_options regex serialization system thread 
[7.165s] -- Found parameter_traits: 0.5.0 (/opt/ros/jazzy/share/parameter_traits/cmake)
[7.338s] -- Found rosidl_generator_c: 4.6.5 (/opt/ros/jazzy/share/rosidl_generator_c/cmake)
[7.371s] -- Found rosidl_generator_cpp: 4.6.5 (/opt/ros/jazzy/share/rosidl_generator_cpp/cmake)
[7.406s] -- Using all available rosidl_typesupport_c: rosidl_typesupport_fastrtps_c;rosidl_typesupport_introspection_c
[7.443s] -- Using all available rosidl_typesupport_cpp: rosidl_typesupport_fastrtps_cpp;rosidl_typesupport_introspection_cpp
[7.599s] -- Found rmw_implementation_cmake: 7.3.2 (/opt/ros/jazzy/share/rmw_implementation_cmake/cmake)
[7.609s] -- Found rmw_fastrtps_cpp: 8.4.2 (/opt/ros/jazzy/share/rmw_fastrtps_cpp/cmake)
[7.765s] -- Found OpenSSL: /usr/lib/x86_64-linux-gnu/libcrypto.so (found version "3.0.13")  
[8.077s] -- Found FastRTPS: /opt/ros/jazzy/include (Required is at least version "2.13") 
[8.263s] -- Using RMW implementation 'rmw_fastrtps_cpp' as default
[8.643s] -- Found rclcpp_lifecycle: 28.1.10 (/opt/ros/jazzy/share/rclcpp_lifecycle/cmake)
[8.701s] -- Found Boost: /usr/lib/x86_64-linux-gnu/cmake/Boost-1.83.0/BoostConfig.cmake (found version "1.83.0") found components: filesystem 
[9.005s] -- Found Eigen3: TRUE (found version "3.4.0") 
[9.005s] -- Ensuring Eigen3 include directory is part of orocos-kdl CMake target
[9.521s] -- Found moveit_ros_visualization: 2.12.3 (/opt/ros/jazzy/share/moveit_ros_visualization/cmake)
[9.526s] -- Found Boost: /usr/lib/x86_64-linux-gnu/cmake/Boost-1.83.0/BoostConfig.cmake (found version "1.83.0") found components: thread date_time system filesystem 
[9.557s] -- Found Boost: /usr/lib/x86_64-linux-gnu/cmake/Boost-1.83.0/BoostConfig.cmake (found version "1.83.0") found components: system filesystem date_time program_options thread chrono 
[9.629s] -- Found Boost: /usr/lib/x86_64-linux-gnu/cmake/Boost-1.83.0/BoostConfig.cmake (found version "1.83.0") found components: date_time filesystem program_options system thread 
[9.655s] -- Found Boost: /usr/lib/x86_64-linux-gnu/cmake/Boost-1.83.0/BoostConfig.cmake (found version "1.83.0") found components: thread system filesystem regex date_time program_options 
[9.701s] -- Found Boost: /usr/lib/x86_64-linux-gnu/cmake/Boost-1.83.0/BoostConfig.cmake (found version "1.83.0") found components: system filesystem date_time program_options thread 
[9.831s] -- Setting OGRE_DIR to: '/opt/ros/jazzy/share/rviz_ogre_vendor/cmake/../../../opt/rviz_ogre_vendor/lib/OGRE/cmake'
[9.833s] -- Found OGRE
[9.833s] --   static     : OFF
[9.833s] --   components : MeshLodGenerator;Overlay;Paging;Property;RTShaderSystem;Terrain;Volume
[9.833s] --   plugins    : Plugin_BSPSceneManager;Plugin_OctreeSceneManager;Plugin_PCZSceneManager;Plugin_ParticleFX;RenderSystem_GL;RenderSystem_GL3Plus;Codec_STBI
[9.833s] --   media      : /opt/ros/jazzy/opt/rviz_ogre_vendor/share/OGRE/Media
[9.833s] -- OGRE_LIBRARIES: OgreMeshLodGenerator;OgreOverlay;OgrePaging;OgreProperty;OgreRTShaderSystem;OgreTerrain;OgreVolume;OgreMain
[9.833s] -- OGRE_LIBRARY_DIRS: /opt/ros/jazzy/opt/rviz_ogre_vendor/lib
[9.834s] -- OGRE_PLUGINS: Plugin_BSPSceneManager;Plugin_OctreeSceneManager;Plugin_PCZSceneManager;Plugin_ParticleFX;RenderSystem_GL;RenderSystem_GL3Plus;Codec_STBI
[9.834s] -- OGRE_PLUGIN_DIR: /opt/ros/jazzy/opt/rviz_ogre_vendor/lib/OGRE
[9.834s] -- rviz_ogre_vendor::OgreOverlay for IMPORTED_LOCATION_RELEASE: /opt/ros/jazzy/opt/rviz_ogre_vendor/lib/libOgreOverlay.so
[9.834s] -- rviz_ogre_vendor::OgreOverlay for IMPORTED_LOCATION_DEBUG: /opt/ros/jazzy/opt/rviz_ogre_vendor/lib/libOgreOverlay.so
[9.834s] -- rviz_ogre_vendor::OgreMain for IMPORTED_LOCATION_RELEASE: /opt/ros/jazzy/opt/rviz_ogre_vendor/lib/libOgreMain.so
[9.834s] -- rviz_ogre_vendor::OgreMain for IMPORTED_LOCATION_DEBUG: /opt/ros/jazzy/opt/rviz_ogre_vendor/lib/libOgreMain.so
[14.340s] -- Found ZLIB: /usr/lib/x86_64-linux-gnu/libz.so (found version "1.3")  
[15.529s] -- Found OpenGL: /usr/lib/x86_64-linux-gnu/libOpenGL.so   
[23.543s] -- Found X11: /usr/include   
[23.543s] -- Looking for XOpenDisplay in /usr/lib/x86_64-linux-gnu/libX11.so;/usr/lib/x86_64-linux-gnu/libXext.so
[23.854s] -- Looking for XOpenDisplay in /usr/lib/x86_64-linux-gnu/libX11.so;/usr/lib/x86_64-linux-gnu/libXext.so - found
[23.854s] -- Looking for gethostbyname
[24.178s] -- Looking for gethostbyname - found
[24.178s] -- Looking for connect
[24.505s] -- Looking for connect - found
[24.505s] -- Looking for remove
[24.821s] -- Looking for remove - found
[24.821s] -- Looking for shmat
[25.133s] -- Looking for shmat - found
[25.133s] -- Looking for IceConnectionNumber in ICE
[25.447s] -- Looking for IceConnectionNumber in ICE - found
[25.742s] -- Setting yaml-cpp_DIR to: '/opt/ros/jazzy/share/yaml_cpp_vendor/cmake/../../../opt/yaml_cpp_vendor/share/cmake/yaml-cpp'
[25.904s] -- Found moveit_task_constructor_core: 0.1.3 (/home/login/ws_moveit/install/moveit_task_constructor_core/share/moveit_task_constructor_core/cmake)
[26.017s] -- Found PkgConfig: /usr/bin/pkg-config (found version "1.8.1") 
[26.018s] -- Checking for module 'yaml-0.1'
[26.046s] --   Found yaml-0.1, version 0.2.5
[26.129s] -- Found ament_cmake_gtest: 2.5.4 (/opt/ros/jazzy/share/ament_cmake_gtest/cmake)
[26.137s] -- Found ament_cmake_gmock: 2.5.4 (/opt/ros/jazzy/share/ament_cmake_gmock/cmake)
[26.147s] -- Found launch_testing_ament_cmake: 3.4.5 (/opt/ros/jazzy/share/launch_testing_ament_cmake/cmake)
[26.156s] -- Found python_cmake_module: 0.11.1 (/opt/ros/jazzy/share/python_cmake_module/cmake)
[26.313s] -- Found PythonExtra: /usr/bin/python3  
[26.320s] -- Found gtest sources under '/opt/ros/jazzy/src/gtest_vendor': C++ tests using 'Google Test' will be built
[26.326s] -- Found Threads: TRUE  
[26.333s] -- Found gmock sources under '/opt/ros/jazzy/src/gmock_vendor': C++ tests using 'Google Mock' will be built
[26.352s] -- Configuring done (25.7s)
[26.713s] -- Generating done (0.2s)
[26.763s] -- Build files have been written to: /home/login/ws_moveit/build/moveit_task_constructor_visualization
[26.796s] Invoked command in '/home/login/ws_moveit/build/moveit_task_constructor_visualization' returned '0': CMAKE_PREFIX_PATH=/home/login/ws_moveit/install/moveit_task_constructor_core:/home/login/ws_moveit/install/rviz_marker_tools:/home/login/ws_moveit/install/moveit_task_constructor_msgs:/home/login/ws_moveit/install/moveit_task_constructor_visualization:/home/login/ws_moveit/install/moveit_task_constructor_demo:/home/login/ws_moveit/install/moveit_task_constructor_capabilities:/home/login/ws_moveit/install/moveit2_tutorials:/home/login/ros2_ws/install/ur5_moveit_config:/home/login/ros2_ws/install/my_robot_description:/home/login/install/ur5_moveit_config:/home/login/install/my_robot_description:/opt/ros/jazzy/opt/gz_sim_vendor:/opt/ros/jazzy/opt/gz_sensors_vendor:/opt/ros/jazzy/opt/gz_physics_vendor:/opt/ros/jazzy/opt/sdformat_vendor:/opt/ros/jazzy/opt/gz_gui_vendor:/opt/ros/jazzy/opt/gz_transport_vendor:/opt/ros/jazzy/opt/gz_rendering_vendor:/opt/ros/jazzy/opt/gz_plugin_vendor:/opt/ros/jazzy/opt/gz_fuel_tools_vendor:/opt/ros/jazzy/opt/gz_msgs_vendor:/opt/ros/jazzy/opt/gz_common_vendor:/opt/ros/jazzy/opt/gz_math_vendor:/opt/ros/jazzy/opt/gz_utils_vendor:/opt/ros/jazzy/opt/gz_tools_vendor:/opt/ros/jazzy/opt/gz_ogre_next_vendor:/opt/ros/jazzy/opt/gz_dartsim_vendor:/opt/ros/jazzy/opt/gz_cmake_vendor:/home/login/ws_moveit/install/move_it:/home/login/ros2_ws/install/my_test_pkg:/home/login/install/my_test_pkg:/opt/ros/jazzy LD_LIBRARY_PATH=/home/login/ws_moveit/install/moveit_task_constructor_core/lib:/home/login/ws_moveit/install/rviz_marker_tools/lib:/home/login/ws_moveit/install/moveit_task_constructor_msgs/lib:/home/login/ws_moveit/install/moveit_task_constructor_visualization/lib:/home/login/ws_moveit/install/moveit_task_constructor_demo/lib:/home/login/ws_moveit/install/moveit_task_constructor_capabilities/lib:/opt/ros/jazzy/opt/gz_sim_vendor/lib:/opt/ros/jazzy/opt/gz_sensors_vendor/lib:/opt/ros/jazzy/opt/gz_physics_vendor/lib:/opt/ros/jazzy/opt/sdformat_vendor/lib:/opt/ros/jazzy/opt/rviz_ogre_vendor/lib:/opt/ros/jazzy/lib/x86_64-linux-gnu:/opt/ros/jazzy/opt/gz_gui_vendor/lib:/opt/ros/jazzy/opt/gz_transport_vendor/lib:/opt/ros/jazzy/opt/gz_rendering_vendor/lib:/opt/ros/jazzy/opt/gz_plugin_vendor/lib:/opt/ros/jazzy/opt/gz_fuel_tools_vendor/lib:/opt/ros/jazzy/opt/gz_msgs_vendor/lib:/opt/ros/jazzy/opt/gz_common_vendor/lib:/opt/ros/jazzy/opt/gz_math_vendor/lib:/opt/ros/jazzy/opt/gz_utils_vendor/lib:/opt/ros/jazzy/opt/gz_tools_vendor/lib:/opt/ros/jazzy/opt/gz_ogre_next_vendor/lib:/opt/ros/jazzy/opt/gz_dartsim_vendor/lib:/opt/ros/jazzy/opt/gz_cmake_vendor/lib:/opt/ros/jazzy/lib PYTHONPATH=/home/login/ws_moveit/install/moveit_task_constructor_core/lib/python3.12/site-packages:/home/login/ws_moveit/install/moveit_task_constructor_msgs/lib/python3.12/site-packages:/home/login/ws_moveit/install/move_it/lib/python3.12/site-packages:/home/login/ros2_ws/build/my_test_pkg:/home/login/ros2_ws/install/my_test_pkg/lib/python3.12/site-packages:/home/login/install/my_test_pkg/lib/python3.12/site-packages:/opt/ros/jazzy/lib/python3.12/site-packages /usr/bin/cmake /home/login/ws_moveit/src/moveit_task_constructor/visualization -DCMAKE_INSTALL_PREFIX=/home/login/ws_moveit/install/moveit_task_constructor_visualization
[26.798s] Invoking command in '/home/login/ws_moveit/build/moveit_task_constructor_visualization': CMAKE_PREFIX_PATH=/home/login/ws_moveit/install/moveit_task_constructor_core:/home/login/ws_moveit/install/rviz_marker_tools:/home/login/ws_moveit/install/moveit_task_constructor_msgs:/home/login/ws_moveit/install/moveit_task_constructor_visualization:/home/login/ws_moveit/install/moveit_task_constructor_demo:/home/login/ws_moveit/install/moveit_task_constructor_capabilities:/home/login/ws_moveit/install/moveit2_tutorials:/home/login/ros2_ws/install/ur5_moveit_config:/home/login/ros2_ws/install/my_robot_description:/home/login/install/ur5_moveit_config:/home/login/install/my_robot_description:/opt/ros/jazzy/opt/gz_sim_vendor:/opt/ros/jazzy/opt/gz_sensors_vendor:/opt/ros/jazzy/opt/gz_physics_vendor:/opt/ros/jazzy/opt/sdformat_vendor:/opt/ros/jazzy/opt/gz_gui_vendor:/opt/ros/jazzy/opt/gz_transport_vendor:/opt/ros/jazzy/opt/gz_rendering_vendor:/opt/ros/jazzy/opt/gz_plugin_vendor:/opt/ros/jazzy/opt/gz_fuel_tools_vendor:/opt/ros/jazzy/opt/gz_msgs_vendor:/opt/ros/jazzy/opt/gz_common_vendor:/opt/ros/jazzy/opt/gz_math_vendor:/opt/ros/jazzy/opt/gz_utils_vendor:/opt/ros/jazzy/opt/gz_tools_vendor:/opt/ros/jazzy/opt/gz_ogre_next_vendor:/opt/ros/jazzy/opt/gz_dartsim_vendor:/opt/ros/jazzy/opt/gz_cmake_vendor:/home/login/ws_moveit/install/move_it:/home/login/ros2_ws/install/my_test_pkg:/home/login/install/my_test_pkg:/opt/ros/jazzy LD_LIBRARY_PATH=/home/login/ws_moveit/install/moveit_task_constructor_core/lib:/home/login/ws_moveit/install/rviz_marker_tools/lib:/home/login/ws_moveit/install/moveit_task_constructor_msgs/lib:/home/login/ws_moveit/install/moveit_task_constructor_visualization/lib:/home/login/ws_moveit/install/moveit_task_constructor_demo/lib:/home/login/ws_moveit/install/moveit_task_constructor_capabilities/lib:/opt/ros/jazzy/opt/gz_sim_vendor/lib:/opt/ros/jazzy/opt/gz_sensors_vendor/lib:/opt/ros/jazzy/opt/gz_physics_vendor/lib:/opt/ros/jazzy/opt/sdformat_vendor/lib:/opt/ros/jazzy/opt/rviz_ogre_vendor/lib:/opt/ros/jazzy/lib/x86_64-linux-gnu:/opt/ros/jazzy/opt/gz_gui_vendor/lib:/opt/ros/jazzy/opt/gz_transport_vendor/lib:/opt/ros/jazzy/opt/gz_rendering_vendor/lib:/opt/ros/jazzy/opt/gz_plugin_vendor/lib:/opt/ros/jazzy/opt/gz_fuel_tools_vendor/lib:/opt/ros/jazzy/opt/gz_msgs_vendor/lib:/opt/ros/jazzy/opt/gz_common_vendor/lib:/opt/ros/jazzy/opt/gz_math_vendor/lib:/opt/ros/jazzy/opt/gz_utils_vendor/lib:/opt/ros/jazzy/opt/gz_tools_vendor/lib:/opt/ros/jazzy/opt/gz_ogre_next_vendor/lib:/opt/ros/jazzy/opt/gz_dartsim_vendor/lib:/opt/ros/jazzy/opt/gz_cmake_vendor/lib:/opt/ros/jazzy/lib PYTHONPATH=/home/login/ws_moveit/install/moveit_task_constructor_core/lib/python3.12/site-packages:/home/login/ws_moveit/install/moveit_task_constructor_msgs/lib/python3.12/site-packages:/home/login/ws_moveit/install/move_it/lib/python3.12/site-packages:/home/login/ros2_ws/build/my_test_pkg:/home/login/ros2_ws/install/my_test_pkg/lib/python3.12/site-packages:/home/login/install/my_test_pkg/lib/python3.12/site-packages:/opt/ros/jazzy/lib/python3.12/site-packages /usr/bin/cmake --build /home/login/ws_moveit/build/moveit_task_constructor_visualization -- -j12 -l12
[26.875s] [  0%] Built target gmock_main_autogen_timestamp_deps
[26.875s] [  0%] Built target motion_planning_tasks_utils_autogen_timestamp_deps
[26.875s] [  0%] Built target moveit_task_visualization_tools_autogen_timestamp_deps
[26.876s] [  0%] Built target gtest_main_autogen_timestamp_deps
[26.878s] [  0%] Built target gtest_autogen_timestamp_deps
[26.879s] [  0%] Built target motion_planning_tasks_properties_autogen_timestamp_deps
[26.885s] [  0%] Built target gmock_autogen_timestamp_deps
[26.908s] [  1%] [34m[1mAutomatic MOC for target gmock_main[0m
[26.908s] [  2%] [34m[1mAutomatic MOC for target motion_planning_tasks_utils[0m
[26.909s] [  3%] [34m[1mAutomatic MOC for target gtest_main[0m
[26.910s] [  5%] [34m[1mAutomatic MOC for target motion_planning_tasks_properties[0m
[26.912s] [  6%] [34m[1mAutomatic MOC for target gtest[0m
[26.916s] [  7%] [34m[1mAutomatic MOC for target moveit_task_visualization_tools[0m
[26.929s] [  9%] [34m[1mAutomatic MOC for target gmock[0m
[27.037s] [  9%] Built target gtest_autogen
[27.043s] [  9%] Built target motion_planning_tasks_properties_autogen
[27.049s] [  9%] Built target gmock_main_autogen
[27.051s] [  9%] Built target gmock_autogen
[27.074s] [  9%] Built target gtest_main_autogen
[27.091s] [ 10%] [32mBuilding CXX object gtest/CMakeFiles/gtest.dir/gtest_autogen/mocs_compilation.cpp.o[0m
[27.091s] [ 11%] [32mBuilding CXX object gtest/CMakeFiles/gtest.dir/src/gtest-all.cc.o[0m
[27.111s] [ 13%] [32mBuilding CXX object motion_planning_tasks/properties/CMakeFiles/motion_planning_tasks_properties.dir/property_from_yaml.cpp.o[0m
[27.114s] [ 14%] [32mBuilding CXX object motion_planning_tasks/properties/CMakeFiles/motion_planning_tasks_properties.dir/property_factory.cpp.o[0m
[27.130s] [ 15%] [32mBuilding CXX object gmock/CMakeFiles/gmock_main.dir/src/gmock_main.cc.o[0m
[27.139s] [ 18%] [32mBuilding CXX object gmock/CMakeFiles/gmock_main.dir/gmock_main_autogen/mocs_compilation.cpp.o[0m
[27.151s] [ 19%] [32mBuilding CXX object motion_planning_tasks/properties/CMakeFiles/motion_planning_tasks_properties.dir/motion_planning_tasks_properties_autogen/mocs_compilation.cpp.o[0m
[27.153s] [ 21%] [32mBuilding CXX object gmock/CMakeFiles/gmock.dir/src/gmock-all.cc.o[0m
[27.158s] [ 21%] [32mBuilding CXX object gmock/CMakeFiles/gmock.dir/gmock_autogen/mocs_compilation.cpp.o[0m
[27.179s] [ 22%] [32mBuilding CXX object gmock/CMakeFiles/gmock.dir/opt/ros/jazzy/src/gtest_vendor/src/gtest-all.cc.o[0m
[27.188s] [ 23%] [32mBuilding CXX object gtest/CMakeFiles/gtest_main.dir/gtest_main_autogen/mocs_compilation.cpp.o[0m
[27.203s] [ 25%] [32mBuilding CXX object gtest/CMakeFiles/gtest_main.dir/src/gtest_main.cc.o[0m
[27.520s] [ 25%] Built target motion_planning_tasks_utils_autogen
[27.575s] [ 26%] [32mBuilding CXX object motion_planning_tasks/utils/CMakeFiles/motion_planning_tasks_utils.dir/motion_planning_tasks_utils_autogen/mocs_compilation.cpp.o[0m
[27.588s] [ 27%] [32mBuilding CXX object motion_planning_tasks/utils/CMakeFiles/motion_planning_tasks_utils.dir/flat_merge_proxy_model.cpp.o[0m
[27.588s] [ 28%] [32mBuilding CXX object motion_planning_tasks/utils/CMakeFiles/motion_planning_tasks_utils.dir/tree_merge_proxy_model.cpp.o[0m
[27.613s] [ 28%] Built target moveit_task_visualization_tools_autogen
[27.614s] [ 30%] [32mBuilding CXX object motion_planning_tasks/utils/CMakeFiles/motion_planning_tasks_utils.dir/icon.cpp.o[0m
[27.758s] [ 31%] [32mBuilding CXX object visualization_tools/CMakeFiles/moveit_task_visualization_tools.dir/moveit_task_visualization_tools_autogen/mocs_compilation.cpp.o[0m
[27.765s] [ 32%] [32mBuilding CXX object visualization_tools/CMakeFiles/moveit_task_visualization_tools.dir/src/display_solution.cpp.o[0m
[29.616s] [ 34%] [32m[1mLinking CXX static library libgtest_main.a[0m
[30.010s] [ 35%] Built target gtest_main
[30.125s] [ 36%] [32mBuilding CXX object visualization_tools/CMakeFiles/moveit_task_visualization_tools.dir/src/marker_visualization.cpp.o[0m
[31.544s] [ 38%] [32m[1mLinking CXX static library libgmock_main.a[0m
[31.980s] [ 39%] Built target gmock_main
[32.077s] [ 40%] [32mBuilding CXX object visualization_tools/CMakeFiles/moveit_task_visualization_tools.dir/src/task_solution_panel.cpp.o[0m
[32.803s] [ 42%] [32mBuilding CXX object visualization_tools/CMakeFiles/moveit_task_visualization_tools.dir/src/task_solution_visualization.cpp.o[0m
[37.171s] [ 43%] [32m[1mLinking CXX shared library libmotion_planning_tasks_utils.so[0m
[43.380s] [ 44%] Built target motion_planning_tasks_utils
[47.779s] [ 46%] [32m[1mLinking CXX shared library libmotion_planning_tasks_properties.so[0m
[51.728s] [ 47%] Built target motion_planning_tasks_properties
[63.984s] [ 48%] [32m[1mLinking CXX static library libgtest.a[0m
[64.393s] [ 50%] Built target gtest
[64.409s] [ 51%] [32m[1mLinking CXX static library libgmock.a[0m
[64.779s] [ 52%] Built target gmock
[85.518s] [ 53%] [32m[1mLinking CXX shared library libmoveit_task_visualization_tools.so[0m
[91.854s] [ 55%] Built target moveit_task_visualization_tools
[91.885s] [ 55%] Built target moveit_task_constructor_visualization-test-merge-models_autogen_timestamp_deps
[91.912s] [ 55%] Built target motion_planning_tasks_rviz_plugin_autogen_timestamp_deps
[91.940s] [ 56%] [34m[1mAutomatic MOC for target moveit_task_constructor_visualization-test-merge-models[0m
[91.994s] [ 56%] Built target moveit_task_constructor_visualization-test-merge-models_autogen
[92.021s] [ 57%] [34m[1mAutomatic MOC for target motion_planning_tasks_rviz_plugin[0m
[93.485s] [ 57%] Built target motion_planning_tasks_rviz_plugin_autogen
[93.522s] [ 59%] [32mBuilding CXX object motion_planning_tasks/test/CMakeFiles/moveit_task_constructor_visualization-test-merge-models.dir/moveit_task_constructor_visualization-test-merge-models_autogen/mocs_compilation.cpp.o[0m
[93.554s] [ 60%] [32mBuilding CXX object motion_planning_tasks/test/CMakeFiles/moveit_task_constructor_visualization-test-merge-models.dir/test_merge_models.cpp.o[0m
[96.791s] [ 61%] [32m[1mLinking CXX executable moveit_task_constructor_visualization-test-merge-models[0m
[97.368s] [ 63%] Built target moveit_task_constructor_visualization-test-merge-models
[97.383s] [ 64%] [34m[1mGenerating ui_task_view.h[0m
[97.412s] [ 65%] [34m[1mGenerating ui_task_panel.h[0m
[97.430s] [ 67%] [34m[1mGenerating ui_global_settings.h[0m
[97.449s] [ 68%] [34m[1mAutomatic RCC for resources.qrc[0m
[97.514s] [ 69%] [32mBuilding CXX object motion_planning_tasks/src/CMakeFiles/motion_planning_tasks_rviz_plugin.dir/motion_planning_tasks_rviz_plugin_autogen/mocs_compilation.cpp.o[0m
[107.186s] [ 71%] [32mBuilding CXX object motion_planning_tasks/src/CMakeFiles/motion_planning_tasks_rviz_plugin.dir/motion_planning_tasks_rviz_plugin_autogen/EWIEGA46WW/qrc_resources.cpp.o[0m
[107.226s] [ 72%] [32mBuilding CXX object motion_planning_tasks/src/CMakeFiles/motion_planning_tasks_rviz_plugin.dir/task_panel.cpp.o[0m
[126.425s] [ 73%] [32mBuilding CXX object motion_planning_tasks/src/CMakeFiles/motion_planning_tasks_rviz_plugin.dir/task_list_model.cpp.o[0m
[126.453s] [ 76%] [32mBuilding CXX object motion_planning_tasks/src/CMakeFiles/motion_planning_tasks_rviz_plugin.dir/task_display.cpp.o[0m
[126.473s] [ 76%] [32mBuilding CXX object motion_planning_tasks/src/CMakeFiles/motion_planning_tasks_rviz_plugin.dir/remote_task_model.cpp.o[0m
[126.486s] [ 78%] [32mBuilding CXX object motion_planning_tasks/src/CMakeFiles/motion_planning_tasks_rviz_plugin.dir/meta_task_list_model.cpp.o[0m
[126.502s] [ 78%] [32mBuilding CXX object motion_planning_tasks/src/CMakeFiles/motion_planning_tasks_rviz_plugin.dir/plugin_init.cpp.o[0m
[166.543s] [ 84%] [32mBuilding CXX object motion_planning_tasks/src/CMakeFiles/motion_planning_tasks_rviz_plugin.dir/factory_model.cpp.o[0m
[166.544s] [ 84%] [32mBuilding CXX object motion_planning_tasks/src/CMakeFiles/motion_planning_tasks_rviz_plugin.dir/local_task_model.cpp.o[0m
[166.544s] [ 84%] [32mBuilding CXX object motion_planning_tasks/src/CMakeFiles/motion_planning_tasks_rviz_plugin.dir/job_queue.cpp.o[0m
[166.544s] [ 84%] [32mBuilding CXX object motion_planning_tasks/src/CMakeFiles/motion_planning_tasks_rviz_plugin.dir/icons.cpp.o[0m
[173.177s] [ 85%] [32m[1mLinking CXX shared library libmotion_planning_tasks_rviz_plugin.so[0m
[176.407s] [ 86%] Built target motion_planning_tasks_rviz_plugin
[176.431s] [ 86%] Built target moveit_task_constructor_visualization-test-solution-models_autogen_timestamp_deps
[176.431s] [ 86%] Built target moveit_task_constructor_visualization-test-task_model_autogen_timestamp_deps
[176.455s] [ 88%] [34m[1mAutomatic MOC for target moveit_task_constructor_visualization-test-solution-models[0m
[176.455s] [ 89%] [34m[1mAutomatic MOC for target moveit_task_constructor_visualization-test-task_model[0m
[176.505s] [ 89%] Built target moveit_task_constructor_visualization-test-solution-models_autogen
[176.505s] [ 89%] Built target moveit_task_constructor_visualization-test-task_model_autogen
[176.534s] [ 90%] [32mBuilding CXX object motion_planning_tasks/test/CMakeFiles/moveit_task_constructor_visualization-test-solution-models.dir/test_solution_models.cpp.o[0m
[176.534s] [ 93%] [32mBuilding CXX object motion_planning_tasks/test/CMakeFiles/moveit_task_constructor_visualization-test-task_model.dir/moveit_task_constructor_visualization-test-task_model_autogen/mocs_compilation.cpp.o[0m
[176.535s] [ 93%] [32mBuilding CXX object motion_planning_tasks/test/CMakeFiles/moveit_task_constructor_visualization-test-solution-models.dir/moveit_task_constructor_visualization-test-solution-models_autogen/mocs_compilation.cpp.o[0m
[176.536s] [ 94%] [32mBuilding CXX object motion_planning_tasks/test/CMakeFiles/moveit_task_constructor_visualization-test-task_model.dir/test_task_model.cpp.o[0m
[183.107s] [ 96%] [32m[1mLinking CXX executable moveit_task_constructor_visualization-test-solution-models[0m
[183.803s] [ 97%] [32m[1mLinking CXX executable moveit_task_constructor_visualization-test-task_model[0m
[183.995s] [ 98%] Built target moveit_task_constructor_visualization-test-solution-models
[184.730s] [100%] Built target moveit_task_constructor_visualization-test-task_model
[184.748s] Invoked command in '/home/login/ws_moveit/build/moveit_task_constructor_visualization' returned '0': CMAKE_PREFIX_PATH=/home/login/ws_moveit/install/moveit_task_constructor_core:/home/login/ws_moveit/install/rviz_marker_tools:/home/login/ws_moveit/install/moveit_task_constructor_msgs:/home/login/ws_moveit/install/moveit_task_constructor_visualization:/home/login/ws_moveit/install/moveit_task_constructor_demo:/home/login/ws_moveit/install/moveit_task_constructor_capabilities:/home/login/ws_moveit/install/moveit2_tutorials:/home/login/ros2_ws/install/ur5_moveit_config:/home/login/ros2_ws/install/my_robot_description:/home/login/install/ur5_moveit_config:/home/login/install/my_robot_description:/opt/ros/jazzy/opt/gz_sim_vendor:/opt/ros/jazzy/opt/gz_sensors_vendor:/opt/ros/jazzy/opt/gz_physics_vendor:/opt/ros/jazzy/opt/sdformat_vendor:/opt/ros/jazzy/opt/gz_gui_vendor:/opt/ros/jazzy/opt/gz_transport_vendor:/opt/ros/jazzy/opt/gz_rendering_vendor:/opt/ros/jazzy/opt/gz_plugin_vendor:/opt/ros/jazzy/opt/gz_fuel_tools_vendor:/opt/ros/jazzy/opt/gz_msgs_vendor:/opt/ros/jazzy/opt/gz_common_vendor:/opt/ros/jazzy/opt/gz_math_vendor:/opt/ros/jazzy/opt/gz_utils_vendor:/opt/ros/jazzy/opt/gz_tools_vendor:/opt/ros/jazzy/opt/gz_ogre_next_vendor:/opt/ros/jazzy/opt/gz_dartsim_vendor:/opt/ros/jazzy/opt/gz_cmake_vendor:/home/login/ws_moveit/install/move_it:/home/login/ros2_ws/install/my_test_pkg:/home/login/install/my_test_pkg:/opt/ros/jazzy LD_LIBRARY_PATH=/home/login/ws_moveit/install/moveit_task_constructor_core/lib:/home/login/ws_moveit/install/rviz_marker_tools/lib:/home/login/ws_moveit/install/moveit_task_constructor_msgs/lib:/home/login/ws_moveit/install/moveit_task_constructor_visualization/lib:/home/login/ws_moveit/install/moveit_task_constructor_demo/lib:/home/login/ws_moveit/install/moveit_task_constructor_capabilities/lib:/opt/ros/jazzy/opt/gz_sim_vendor/lib:/opt/ros/jazzy/opt/gz_sensors_vendor/lib:/opt/ros/jazzy/opt/gz_physics_vendor/lib:/opt/ros/jazzy/opt/sdformat_vendor/lib:/opt/ros/jazzy/opt/rviz_ogre_vendor/lib:/opt/ros/jazzy/lib/x86_64-linux-gnu:/opt/ros/jazzy/opt/gz_gui_vendor/lib:/opt/ros/jazzy/opt/gz_transport_vendor/lib:/opt/ros/jazzy/opt/gz_rendering_vendor/lib:/opt/ros/jazzy/opt/gz_plugin_vendor/lib:/opt/ros/jazzy/opt/gz_fuel_tools_vendor/lib:/opt/ros/jazzy/opt/gz_msgs_vendor/lib:/opt/ros/jazzy/opt/gz_common_vendor/lib:/opt/ros/jazzy/opt/gz_math_vendor/lib:/opt/ros/jazzy/opt/gz_utils_vendor/lib:/opt/ros/jazzy/opt/gz_tools_vendor/lib:/opt/ros/jazzy/opt/gz_ogre_next_vendor/lib:/opt/ros/jazzy/opt/gz_dartsim_vendor/lib:/opt/ros/jazzy/opt/gz_cmake_vendor/lib:/opt/ros/jazzy/lib PYTHONPATH=/home/login/ws_moveit/install/moveit_task_constructor_core/lib/python3.12/site-packages:/home/login/ws_moveit/install/moveit_task_constructor_msgs/lib/python3.12/site-packages:/home/login/ws_moveit/install/move_it/lib/python3.12/site-packages:/home/login/ros2_ws/build/my_test_pkg:/home/login/ros2_ws/install/my_test_pkg/lib/python3.12/site-packages:/home/login/install/my_test_pkg/lib/python3.12/site-packages:/opt/ros/jazzy/lib/python3.12/site-packages /usr/bin/cmake --build /home/login/ws_moveit/build/moveit_task_constructor_visualization -- -j12 -l12
[184.750s] Invoking command in '/home/login/ws_moveit/build/moveit_task_constructor_visualization': CMAKE_PREFIX_PATH=/home/login/ws_moveit/install/moveit_task_constructor_core:/home/login/ws_moveit/install/rviz_marker_tools:/home/login/ws_moveit/install/moveit_task_constructor_msgs:/home/login/ws_moveit/install/moveit_task_constructor_visualization:/home/login/ws_moveit/install/moveit_task_constructor_demo:/home/login/ws_moveit/install/moveit_task_constructor_capabilities:/home/login/ws_moveit/install/moveit2_tutorials:/home/login/ros2_ws/install/ur5_moveit_config:/home/login/ros2_ws/install/my_robot_description:/home/login/install/ur5_moveit_config:/home/login/install/my_robot_description:/opt/ros/jazzy/opt/gz_sim_vendor:/opt/ros/jazzy/opt/gz_sensors_vendor:/opt/ros/jazzy/opt/gz_physics_vendor:/opt/ros/jazzy/opt/sdformat_vendor:/opt/ros/jazzy/opt/gz_gui_vendor:/opt/ros/jazzy/opt/gz_transport_vendor:/opt/ros/jazzy/opt/gz_rendering_vendor:/opt/ros/jazzy/opt/gz_plugin_vendor:/opt/ros/jazzy/opt/gz_fuel_tools_vendor:/opt/ros/jazzy/opt/gz_msgs_vendor:/opt/ros/jazzy/opt/gz_common_vendor:/opt/ros/jazzy/opt/gz_math_vendor:/opt/ros/jazzy/opt/gz_utils_vendor:/opt/ros/jazzy/opt/gz_tools_vendor:/opt/ros/jazzy/opt/gz_ogre_next_vendor:/opt/ros/jazzy/opt/gz_dartsim_vendor:/opt/ros/jazzy/opt/gz_cmake_vendor:/home/login/ws_moveit/install/move_it:/home/login/ros2_ws/install/my_test_pkg:/home/login/install/my_test_pkg:/opt/ros/jazzy LD_LIBRARY_PATH=/home/login/ws_moveit/install/moveit_task_constructor_core/lib:/home/login/ws_moveit/install/rviz_marker_tools/lib:/home/login/ws_moveit/install/moveit_task_constructor_msgs/lib:/home/login/ws_moveit/install/moveit_task_constructor_visualization/lib:/home/login/ws_moveit/install/moveit_task_constructor_demo/lib:/home/login/ws_moveit/install/moveit_task_constructor_capabilities/lib:/opt/ros/jazzy/opt/gz_sim_vendor/lib:/opt/ros/jazzy/opt/gz_sensors_vendor/lib:/opt/ros/jazzy/opt/gz_physics_vendor/lib:/opt/ros/jazzy/opt/sdformat_vendor/lib:/opt/ros/jazzy/opt/rviz_ogre_vendor/lib:/opt/ros/jazzy/lib/x86_64-linux-gnu:/opt/ros/jazzy/opt/gz_gui_vendor/lib:/opt/ros/jazzy/opt/gz_transport_vendor/lib:/opt/ros/jazzy/opt/gz_rendering_vendor/lib:/opt/ros/jazzy/opt/gz_plugin_vendor/lib:/opt/ros/jazzy/opt/gz_fuel_tools_vendor/lib:/opt/ros/jazzy/opt/gz_msgs_vendor/lib:/opt/ros/jazzy/opt/gz_common_vendor/lib:/opt/ros/jazzy/opt/gz_math_vendor/lib:/opt/ros/jazzy/opt/gz_utils_vendor/lib:/opt/ros/jazzy/opt/gz_tools_vendor/lib:/opt/ros/jazzy/opt/gz_ogre_next_vendor/lib:/opt/ros/jazzy/opt/gz_dartsim_vendor/lib:/opt/ros/jazzy/opt/gz_cmake_vendor/lib:/opt/ros/jazzy/lib PYTHONPATH=/home/login/ws_moveit/install/moveit_task_constructor_core/lib/python3.12/site-packages:/home/login/ws_moveit/install/moveit_task_constructor_msgs/lib/python3.12/site-packages:/home/login/ws_moveit/install/move_it/lib/python3.12/site-packages:/home/login/ros2_ws/build/my_test_pkg:/home/login/ros2_ws/install/my_test_pkg/lib/python3.12/site-packages:/home/login/install/my_test_pkg/lib/python3.12/site-packages:/opt/ros/jazzy/lib/python3.12/site-packages /usr/bin/cmake --install /home/login/ws_moveit/build/moveit_task_constructor_visualization
[184.758s] -- Install configuration: "Release"
[184.759s] -- Installing: /home/login/ws_moveit/install/moveit_task_constructor_visualization/include
[184.760s] -- Installing: /home/login/ws_moveit/install/moveit_task_constructor_visualization/include/moveit
[184.760s] -- Installing: /home/login/ws_moveit/install/moveit_task_constructor_visualization/include/moveit/visualization_tools
[184.760s] -- Installing: /home/login/ws_moveit/install/moveit_task_constructor_visualization/include/moveit/visualization_tools/display_solution.h
[184.760s] -- Installing: /home/login/ws_moveit/install/moveit_task_constructor_visualization/include/moveit/visualization_tools/task_solution_visualization.h
[184.760s] -- Installing: /home/login/ws_moveit/install/moveit_task_constructor_visualization/include/moveit/visualization_tools/marker_visualization.h
[184.761s] -- Installing: /home/login/ws_moveit/install/moveit_task_constructor_visualization/include/moveit/visualization_tools/task_solution_panel.h
[184.761s] -- Installing: /home/login/ws_moveit/install/moveit_task_constructor_visualization/lib/libmoveit_task_visualization_tools.so.0.1.3
[184.762s] -- Set non-toolchain portion of runtime path of "/home/login/ws_moveit/install/moveit_task_constructor_visualization/lib/libmoveit_task_visualization_tools.so.0.1.3" to ""
[184.762s] -- Installing: /home/login/ws_moveit/install/moveit_task_constructor_visualization/lib/libmoveit_task_visualization_tools.so
[184.763s] -- Installing: /home/login/ws_moveit/install/moveit_task_constructor_visualization/lib/libmotion_planning_tasks_utils.so
[184.764s] -- Installing: /home/login/ws_moveit/install/moveit_task_constructor_visualization/lib/libmotion_planning_tasks_properties.so
[184.766s] -- Set non-toolchain portion of runtime path of "/home/login/ws_moveit/install/moveit_task_constructor_visualization/lib/libmotion_planning_tasks_properties.so" to ""
[184.766s] -- Installing: /home/login/ws_moveit/install/moveit_task_constructor_visualization/lib/libmotion_planning_tasks_rviz_plugin.so.0.1.3
[184.770s] -- Set non-toolchain portion of runtime path of "/home/login/ws_moveit/install/moveit_task_constructor_visualization/lib/libmotion_planning_tasks_rviz_plugin.so.0.1.3" to ""
[184.770s] -- Installing: /home/login/ws_moveit/install/moveit_task_constructor_visualization/lib/libmotion_planning_tasks_rviz_plugin.so
[184.771s] -- Installing: /home/login/ws_moveit/install/moveit_task_constructor_visualization/share/icons
[184.772s] -- Installing: /home/login/ws_moveit/install/moveit_task_constructor_visualization/share/icons/classes
[184.772s] -- Installing: /home/login/ws_moveit/install/moveit_task_constructor_visualization/share/icons/classes/Motion Planning Tasks.svg
[184.773s] -- Installing: /home/login/ws_moveit/install/moveit_task_constructor_visualization/share/moveit_task_constructor_visualization/motion_planning_tasks_rviz_plugin_description.xml
[184.774s] -- Installing: /home/login/ws_moveit/install/moveit_task_constructor_visualization/share/moveit_task_constructor_visualization/environment/library_path.sh
[184.774s] -- Installing: /home/login/ws_moveit/install/moveit_task_constructor_visualization/share/moveit_task_constructor_visualization/environment/library_path.dsv
[184.775s] -- Installing: /home/login/ws_moveit/install/moveit_task_constructor_visualization/share/ament_index/resource_index/package_run_dependencies/moveit_task_constructor_visualization
[184.776s] -- Installing: /home/login/ws_moveit/install/moveit_task_constructor_visualization/share/ament_index/resource_index/parent_prefix_path/moveit_task_constructor_visualization
[184.776s] -- Installing: /home/login/ws_moveit/install/moveit_task_constructor_visualization/share/moveit_task_constructor_visualization/environment/ament_prefix_path.sh
[184.776s] -- Installing: /home/login/ws_moveit/install/moveit_task_constructor_visualization/share/moveit_task_constructor_visualization/environment/ament_prefix_path.dsv
[184.777s] -- Installing: /home/login/ws_moveit/install/moveit_task_constructor_visualization/share/moveit_task_constructor_visualization/environment/path.sh
[184.777s] -- Installing: /home/login/ws_moveit/install/moveit_task_constructor_visualization/share/moveit_task_constructor_visualization/environment/path.dsv
[184.777s] -- Installing: /home/login/ws_moveit/install/moveit_task_constructor_visualization/share/moveit_task_constructor_visualization/local_setup.bash
[184.778s] -- Installing: /home/login/ws_moveit/install/moveit_task_constructor_visualization/share/moveit_task_constructor_visualization/local_setup.sh
[184.778s] -- Installing: /home/login/ws_moveit/install/moveit_task_constructor_visualization/share/moveit_task_constructor_visualization/local_setup.zsh
[184.779s] -- Installing: /home/login/ws_moveit/install/moveit_task_constructor_visualization/share/moveit_task_constructor_visualization/local_setup.dsv
[184.779s] -- Installing: /home/login/ws_moveit/install/moveit_task_constructor_visualization/share/moveit_task_constructor_visualization/package.dsv
[184.780s] -- Installing: /home/login/ws_moveit/install/moveit_task_constructor_visualization/share/ament_index/resource_index/packages/moveit_task_constructor_visualization
[184.781s] -- Installing: /home/login/ws_moveit/install/moveit_task_constructor_visualization/share/ament_index/resource_index/rviz_common__pluginlib__plugin/moveit_task_constructor_visualization
[184.781s] -- Installing: /home/login/ws_moveit/install/moveit_task_constructor_visualization/share/moveit_task_constructor_visualization/cmake/ament_cmake_export_include_directories-extras.cmake
[184.782s] -- Installing: /home/login/ws_moveit/install/moveit_task_constructor_visualization/share/moveit_task_constructor_visualization/cmake/ament_cmake_export_libraries-extras.cmake
[184.782s] -- Installing: /home/login/ws_moveit/install/moveit_task_constructor_visualization/share/moveit_task_constructor_visualization/cmake/ament_cmake_export_dependencies-extras.cmake
[184.783s] -- Installing: /home/login/ws_moveit/install/moveit_task_constructor_visualization/share/moveit_task_constructor_visualization/cmake/moveit_task_constructor_visualizationConfig.cmake
[184.783s] -- Installing: /home/login/ws_moveit/install/moveit_task_constructor_visualization/share/moveit_task_constructor_visualization/cmake/moveit_task_constructor_visualizationConfig-version.cmake
[184.784s] -- Installing: /home/login/ws_moveit/install/moveit_task_constructor_visualization/share/moveit_task_constructor_visualization/package.xml
[184.787s] Invoked command in '/home/login/ws_moveit/build/moveit_task_constructor_visualization' returned '0': CMAKE_PREFIX_PATH=/home/login/ws_moveit/install/moveit_task_constructor_core:/home/login/ws_moveit/install/rviz_marker_tools:/home/login/ws_moveit/install/moveit_task_constructor_msgs:/home/login/ws_moveit/install/moveit_task_constructor_visualization:/home/login/ws_moveit/install/moveit_task_constructor_demo:/home/login/ws_moveit/install/moveit_task_constructor_capabilities:/home/login/ws_moveit/install/moveit2_tutorials:/home/login/ros2_ws/install/ur5_moveit_config:/home/login/ros2_ws/install/my_robot_description:/home/login/install/ur5_moveit_config:/home/login/install/my_robot_description:/opt/ros/jazzy/opt/gz_sim_vendor:/opt/ros/jazzy/opt/gz_sensors_vendor:/opt/ros/jazzy/opt/gz_physics_vendor:/opt/ros/jazzy/opt/sdformat_vendor:/opt/ros/jazzy/opt/gz_gui_vendor:/opt/ros/jazzy/opt/gz_transport_vendor:/opt/ros/jazzy/opt/gz_rendering_vendor:/opt/ros/jazzy/opt/gz_plugin_vendor:/opt/ros/jazzy/opt/gz_fuel_tools_vendor:/opt/ros/jazzy/opt/gz_msgs_vendor:/opt/ros/jazzy/opt/gz_common_vendor:/opt/ros/jazzy/opt/gz_math_vendor:/opt/ros/jazzy/opt/gz_utils_vendor:/opt/ros/jazzy/opt/gz_tools_vendor:/opt/ros/jazzy/opt/gz_ogre_next_vendor:/opt/ros/jazzy/opt/gz_dartsim_vendor:/opt/ros/jazzy/opt/gz_cmake_vendor:/home/login/ws_moveit/install/move_it:/home/login/ros2_ws/install/my_test_pkg:/home/login/install/my_test_pkg:/opt/ros/jazzy LD_LIBRARY_PATH=/home/login/ws_moveit/install/moveit_task_constructor_core/lib:/home/login/ws_moveit/install/rviz_marker_tools/lib:/home/login/ws_moveit/install/moveit_task_constructor_msgs/lib:/home/login/ws_moveit/install/moveit_task_constructor_visualization/lib:/home/login/ws_moveit/install/moveit_task_constructor_demo/lib:/home/login/ws_moveit/install/moveit_task_constructor_capabilities/lib:/opt/ros/jazzy/opt/gz_sim_vendor/lib:/opt/ros/jazzy/opt/gz_sensors_vendor/lib:/opt/ros/jazzy/opt/gz_physics_vendor/lib:/opt/ros/jazzy/opt/sdformat_vendor/lib:/opt/ros/jazzy/opt/rviz_ogre_vendor/lib:/opt/ros/jazzy/lib/x86_64-linux-gnu:/opt/ros/jazzy/opt/gz_gui_vendor/lib:/opt/ros/jazzy/opt/gz_transport_vendor/lib:/opt/ros/jazzy/opt/gz_rendering_vendor/lib:/opt/ros/jazzy/opt/gz_plugin_vendor/lib:/opt/ros/jazzy/opt/gz_fuel_tools_vendor/lib:/opt/ros/jazzy/opt/gz_msgs_vendor/lib:/opt/ros/jazzy/opt/gz_common_vendor/lib:/opt/ros/jazzy/opt/gz_math_vendor/lib:/opt/ros/jazzy/opt/gz_utils_vendor/lib:/opt/ros/jazzy/opt/gz_tools_vendor/lib:/opt/ros/jazzy/opt/gz_ogre_next_vendor/lib:/opt/ros/jazzy/opt/gz_dartsim_vendor/lib:/opt/ros/jazzy/opt/gz_cmake_vendor/lib:/opt/ros/jazzy/lib PYTHONPATH=/home/login/ws_moveit/install/moveit_task_constructor_core/lib/python3.12/site-packages:/home/login/ws_moveit/install/moveit_task_constructor_msgs/lib/python3.12/site-packages:/home/login/ws_moveit/install/move_it/lib/python3.12/site-packages:/home/login/ros2_ws/build/my_test_pkg:/home/login/ros2_ws/install/my_test_pkg/lib/python3.12/site-packages:/home/login/install/my_test_pkg/lib/python3.12/site-packages:/opt/ros/jazzy/lib/python3.12/site-packages /usr/bin/cmake --install /home/login/ws_moveit/build/moveit_task_constructor_visualization
