[1.021s] Invoking command in '/home/login/ws_moveit/src/moveit_task_constructor/build/moveit_task_constructor_demo': AMENT_PREFIX_PATH=/home/login/ws_moveit/src/moveit_task_constructor/install/moveit_task_constructor_capabilities:/home/login/ws_moveit/src/moveit_task_constructor/install/moveit_task_constructor_core:/home/login/ws_moveit/src/moveit_task_constructor/install/rviz_marker_tools:/home/login/ws_moveit/src/moveit_task_constructor/install/moveit_task_constructor_msgs:${AMENT_PREFIX_PATH} CMAKE_MODULE_PATH=/home/login/ws_moveit/src/moveit_task_constructor/install/moveit_task_constructor_core/share/moveit_task_constructor_core/cmake:${CMAKE_MODULE_PATH} CMAKE_PREFIX_PATH=/home/login/ws_moveit/src/moveit_task_constructor/install/moveit_task_constructor_capabilities:/home/login/ws_moveit/src/moveit_task_constructor/install/moveit_task_constructor_core:/home/login/ws_moveit/src/moveit_task_constructor/install/rviz_marker_tools:/home/login/ws_moveit/src/moveit_task_constructor/install/moveit_task_constructor_msgs:/home/login/ws_moveit/src/moveit_task_constructor/demo/install/moveit_task_constructor_demo:/home/login/install/moveit_task_constructor_visualization:/home/login/install/moveit_task_constructor_demo:/home/login/install/moveit_task_constructor_capabilities:/home/login/install/moveit2_tutorials:/home/login/install/moveit_task_constructor_core:/home/login/install/rviz_marker_tools:/home/login/install/moveit_task_constructor_msgs:/home/login/ws_moveit/install/moveit_task_constructor_visualization:/home/login/ws_moveit/install/moveit_task_constructor_demo:/home/login/ws_moveit/install/moveit_task_constructor_capabilities:/home/login/ws_moveit/install/moveit2_tutorials:/home/login/ws_moveit/install/moveit_task_constructor_core:/home/login/ws_moveit/install/rviz_marker_tools:/home/login/ws_moveit/install/moveit_task_constructor_msgs:/home/login/ros2_ws/install/ur5_moveit_config:/home/login/ros2_ws/install/my_robot_description:/home/login/install/ur5_moveit_config:/home/login/install/my_robot_description:/opt/ros/jazzy/opt/gz_sim_vendor:/opt/ros/jazzy/opt/gz_sensors_vendor:/opt/ros/jazzy/opt/gz_physics_vendor:/opt/ros/jazzy/opt/sdformat_vendor:/opt/ros/jazzy/opt/gz_gui_vendor:/opt/ros/jazzy/opt/gz_transport_vendor:/opt/ros/jazzy/opt/gz_rendering_vendor:/opt/ros/jazzy/opt/gz_plugin_vendor:/opt/ros/jazzy/opt/gz_fuel_tools_vendor:/opt/ros/jazzy/opt/gz_msgs_vendor:/opt/ros/jazzy/opt/gz_common_vendor:/opt/ros/jazzy/opt/gz_math_vendor:/opt/ros/jazzy/opt/gz_utils_vendor:/opt/ros/jazzy/opt/gz_tools_vendor:/opt/ros/jazzy/opt/gz_ogre_next_vendor:/opt/ros/jazzy/opt/gz_dartsim_vendor:/opt/ros/jazzy/opt/gz_cmake_vendor:/home/login/install/move_it:/home/login/ws_moveit/install/move_it:/home/login/ros2_ws/install/my_test_pkg:/home/login/install/my_test_pkg:/opt/ros/jazzy LD_LIBRARY_PATH=/home/login/ws_moveit/src/moveit_task_constructor/install/moveit_task_constructor_capabilities/lib:/home/login/ws_moveit/src/moveit_task_constructor/install/moveit_task_constructor_core/lib:/home/login/ws_moveit/src/moveit_task_constructor/install/rviz_marker_tools/lib:/home/login/ws_moveit/src/moveit_task_constructor/install/moveit_task_constructor_msgs/lib:${LD_LIBRARY_PATH} PYTHONPATH=/home/login/ws_moveit/src/moveit_task_constructor/install/moveit_task_constructor_core/lib/python3.12/site-packages:/home/login/ws_moveit/src/moveit_task_constructor/install/moveit_task_constructor_msgs/lib/python3.12/site-packages:${PYTHONPATH} /usr/bin/cmake /home/login/ws_moveit/src/moveit_task_constructor/demo -DCMAKE_INSTALL_PREFIX=/home/login/ws_moveit/src/moveit_task_constructor/install/moveit_task_constructor_demo
[1.300s] -- The C compiler identification is GNU 13.3.0
[2.769s] -- The CXX compiler identification is GNU 13.3.0
[4.816s] -- Detecting C compiler ABI info
[6.026s] -- Detecting C compiler ABI info - done
[6.060s] -- Check for working C compiler: /usr/bin/cc - skipped
[6.065s] -- Detecting C compile features
[6.066s] -- Detecting C compile features - done
[6.370s] -- Detecting CXX compiler ABI info
[7.364s] -- Detecting CXX compiler ABI info - done
[7.391s] -- Check for working CXX compiler: /usr/bin/c++ - skipped
[7.392s] -- Detecting CXX compile features
[7.393s] -- Detecting CXX compile features - done
[7.409s] -- Found ament_cmake: 2.5.4 (/opt/ros/jazzy/share/ament_cmake/cmake)
[7.876s] -- Found Python3: /usr/bin/python3 (found version "3.12.3") found components: Interpreter 
[8.201s] -- Found generate_parameter_library: 0.5.0 (/opt/ros/jazzy/share/generate_parameter_library/cmake)
[8.232s] -- Found parameter_traits: 0.5.0 (/opt/ros/jazzy/share/parameter_traits/cmake)
[8.920s] -- Found rosidl_generator_c: 4.6.5 (/opt/ros/jazzy/share/rosidl_generator_c/cmake)
[8.977s] -- Found rosidl_generator_cpp: 4.6.5 (/opt/ros/jazzy/share/rosidl_generator_cpp/cmake)
[9.041s] -- Using all available rosidl_typesupport_c: rosidl_typesupport_fastrtps_c;rosidl_typesupport_introspection_c
[9.113s] -- Using all available rosidl_typesupport_cpp: rosidl_typesupport_fastrtps_cpp;rosidl_typesupport_introspection_cpp
[9.334s] -- Found rmw_implementation_cmake: 7.3.2 (/opt/ros/jazzy/share/rmw_implementation_cmake/cmake)
[9.353s] -- Found rmw_fastrtps_cpp: 8.4.2 (/opt/ros/jazzy/share/rmw_fastrtps_cpp/cmake)
[9.659s] -- Found OpenSSL: /usr/lib/x86_64-linux-gnu/libcrypto.so (found version "3.0.13")  
[10.230s] -- Found FastRTPS: /opt/ros/jazzy/include (Required is at least version "2.13") 
[10.557s] -- Using RMW implementation 'rmw_fastrtps_cpp' as default
[11.331s] -- Found rclcpp_lifecycle: 28.1.10 (/opt/ros/jazzy/share/rclcpp_lifecycle/cmake)
[11.434s] -- Found moveit_common: 2.12.3 (/opt/ros/jazzy/share/moveit_common/cmake)
[11.657s] [0mmoveit_task_constructor_demo: You did not request a specific build type: Choosing 'Release' for maximum performance[0m
[11.667s] -- Found moveit_core: 2.12.3 (/opt/ros/jazzy/share/moveit_core/cmake)
[12.537s] -- Found Boost: /usr/lib/x86_64-linux-gnu/cmake/Boost-1.83.0/BoostConfig.cmake (found version "1.83.0") found components: chrono date_time filesystem iostreams program_options regex serialization system thread 
[17.361s] -- Found Boost: /usr/lib/x86_64-linux-gnu/cmake/Boost-1.83.0/BoostConfig.cmake (found version "1.83.0") found components: filesystem 
[17.813s] -- Found Eigen3: TRUE (found version "3.4.0") 
[17.813s] -- Ensuring Eigen3 include directory is part of orocos-kdl CMake target
[18.562s] -- Found moveit_ros_planning: 2.12.3 (/opt/ros/jazzy/share/moveit_ros_planning/cmake)
[18.572s] -- Found Boost: /usr/lib/x86_64-linux-gnu/cmake/Boost-1.83.0/BoostConfig.cmake (found version "1.83.0") found components: system filesystem date_time program_options thread chrono 
[18.674s] -- Found moveit_ros_planning_interface: 2.12.3 (/opt/ros/jazzy/share/moveit_ros_planning_interface/cmake)
[18.683s] -- Found Boost: /usr/lib/x86_64-linux-gnu/cmake/Boost-1.83.0/BoostConfig.cmake (found version "1.83.0") found components: date_time filesystem program_options system thread 
[18.721s] -- Found Boost: /usr/lib/x86_64-linux-gnu/cmake/Boost-1.83.0/BoostConfig.cmake (found version "1.83.0") found components: thread system filesystem regex date_time program_options 
[18.781s] -- Found Boost: /usr/lib/x86_64-linux-gnu/cmake/Boost-1.83.0/BoostConfig.cmake (found version "1.83.0") found components: system filesystem date_time program_options thread 
[18.849s] -- Found moveit_task_constructor_core: 0.1.3 (/home/login/ws_moveit/src/moveit_task_constructor/install/moveit_task_constructor_core/share/moveit_task_constructor_core/cmake)
[19.099s] -- Configuring done (18.1s)
[19.382s] -- Generating done (0.2s)
[19.445s] -- Build files have been written to: /home/login/ws_moveit/src/moveit_task_constructor/build/moveit_task_constructor_demo
[19.492s] Invoked command in '/home/login/ws_moveit/src/moveit_task_constructor/build/moveit_task_constructor_demo' returned '0': AMENT_PREFIX_PATH=/home/login/ws_moveit/src/moveit_task_constructor/install/moveit_task_constructor_capabilities:/home/login/ws_moveit/src/moveit_task_constructor/install/moveit_task_constructor_core:/home/login/ws_moveit/src/moveit_task_constructor/install/rviz_marker_tools:/home/login/ws_moveit/src/moveit_task_constructor/install/moveit_task_constructor_msgs:${AMENT_PREFIX_PATH} CMAKE_MODULE_PATH=/home/login/ws_moveit/src/moveit_task_constructor/install/moveit_task_constructor_core/share/moveit_task_constructor_core/cmake:${CMAKE_MODULE_PATH} CMAKE_PREFIX_PATH=/home/login/ws_moveit/src/moveit_task_constructor/install/moveit_task_constructor_capabilities:/home/login/ws_moveit/src/moveit_task_constructor/install/moveit_task_constructor_core:/home/login/ws_moveit/src/moveit_task_constructor/install/rviz_marker_tools:/home/login/ws_moveit/src/moveit_task_constructor/install/moveit_task_constructor_msgs:/home/login/ws_moveit/src/moveit_task_constructor/demo/install/moveit_task_constructor_demo:/home/login/install/moveit_task_constructor_visualization:/home/login/install/moveit_task_constructor_demo:/home/login/install/moveit_task_constructor_capabilities:/home/login/install/moveit2_tutorials:/home/login/install/moveit_task_constructor_core:/home/login/install/rviz_marker_tools:/home/login/install/moveit_task_constructor_msgs:/home/login/ws_moveit/install/moveit_task_constructor_visualization:/home/login/ws_moveit/install/moveit_task_constructor_demo:/home/login/ws_moveit/install/moveit_task_constructor_capabilities:/home/login/ws_moveit/install/moveit2_tutorials:/home/login/ws_moveit/install/moveit_task_constructor_core:/home/login/ws_moveit/install/rviz_marker_tools:/home/login/ws_moveit/install/moveit_task_constructor_msgs:/home/login/ros2_ws/install/ur5_moveit_config:/home/login/ros2_ws/install/my_robot_description:/home/login/install/ur5_moveit_config:/home/login/install/my_robot_description:/opt/ros/jazzy/opt/gz_sim_vendor:/opt/ros/jazzy/opt/gz_sensors_vendor:/opt/ros/jazzy/opt/gz_physics_vendor:/opt/ros/jazzy/opt/sdformat_vendor:/opt/ros/jazzy/opt/gz_gui_vendor:/opt/ros/jazzy/opt/gz_transport_vendor:/opt/ros/jazzy/opt/gz_rendering_vendor:/opt/ros/jazzy/opt/gz_plugin_vendor:/opt/ros/jazzy/opt/gz_fuel_tools_vendor:/opt/ros/jazzy/opt/gz_msgs_vendor:/opt/ros/jazzy/opt/gz_common_vendor:/opt/ros/jazzy/opt/gz_math_vendor:/opt/ros/jazzy/opt/gz_utils_vendor:/opt/ros/jazzy/opt/gz_tools_vendor:/opt/ros/jazzy/opt/gz_ogre_next_vendor:/opt/ros/jazzy/opt/gz_dartsim_vendor:/opt/ros/jazzy/opt/gz_cmake_vendor:/home/login/install/move_it:/home/login/ws_moveit/install/move_it:/home/login/ros2_ws/install/my_test_pkg:/home/login/install/my_test_pkg:/opt/ros/jazzy LD_LIBRARY_PATH=/home/login/ws_moveit/src/moveit_task_constructor/install/moveit_task_constructor_capabilities/lib:/home/login/ws_moveit/src/moveit_task_constructor/install/moveit_task_constructor_core/lib:/home/login/ws_moveit/src/moveit_task_constructor/install/rviz_marker_tools/lib:/home/login/ws_moveit/src/moveit_task_constructor/install/moveit_task_constructor_msgs/lib:${LD_LIBRARY_PATH} PYTHONPATH=/home/login/ws_moveit/src/moveit_task_constructor/install/moveit_task_constructor_core/lib/python3.12/site-packages:/home/login/ws_moveit/src/moveit_task_constructor/install/moveit_task_constructor_msgs/lib/python3.12/site-packages:${PYTHONPATH} /usr/bin/cmake /home/login/ws_moveit/src/moveit_task_constructor/demo -DCMAKE_INSTALL_PREFIX=/home/login/ws_moveit/src/moveit_task_constructor/install/moveit_task_constructor_demo
[19.494s] Invoking command in '/home/login/ws_moveit/src/moveit_task_constructor/build/moveit_task_constructor_demo': AMENT_PREFIX_PATH=/home/login/ws_moveit/src/moveit_task_constructor/install/moveit_task_constructor_capabilities:/home/login/ws_moveit/src/moveit_task_constructor/install/moveit_task_constructor_core:/home/login/ws_moveit/src/moveit_task_constructor/install/rviz_marker_tools:/home/login/ws_moveit/src/moveit_task_constructor/install/moveit_task_constructor_msgs:${AMENT_PREFIX_PATH} CMAKE_MODULE_PATH=/home/login/ws_moveit/src/moveit_task_constructor/install/moveit_task_constructor_core/share/moveit_task_constructor_core/cmake:${CMAKE_MODULE_PATH} CMAKE_PREFIX_PATH=/home/login/ws_moveit/src/moveit_task_constructor/install/moveit_task_constructor_capabilities:/home/login/ws_moveit/src/moveit_task_constructor/install/moveit_task_constructor_core:/home/login/ws_moveit/src/moveit_task_constructor/install/rviz_marker_tools:/home/login/ws_moveit/src/moveit_task_constructor/install/moveit_task_constructor_msgs:/home/login/ws_moveit/src/moveit_task_constructor/demo/install/moveit_task_constructor_demo:/home/login/install/moveit_task_constructor_visualization:/home/login/install/moveit_task_constructor_demo:/home/login/install/moveit_task_constructor_capabilities:/home/login/install/moveit2_tutorials:/home/login/install/moveit_task_constructor_core:/home/login/install/rviz_marker_tools:/home/login/install/moveit_task_constructor_msgs:/home/login/ws_moveit/install/moveit_task_constructor_visualization:/home/login/ws_moveit/install/moveit_task_constructor_demo:/home/login/ws_moveit/install/moveit_task_constructor_capabilities:/home/login/ws_moveit/install/moveit2_tutorials:/home/login/ws_moveit/install/moveit_task_constructor_core:/home/login/ws_moveit/install/rviz_marker_tools:/home/login/ws_moveit/install/moveit_task_constructor_msgs:/home/login/ros2_ws/install/ur5_moveit_config:/home/login/ros2_ws/install/my_robot_description:/home/login/install/ur5_moveit_config:/home/login/install/my_robot_description:/opt/ros/jazzy/opt/gz_sim_vendor:/opt/ros/jazzy/opt/gz_sensors_vendor:/opt/ros/jazzy/opt/gz_physics_vendor:/opt/ros/jazzy/opt/sdformat_vendor:/opt/ros/jazzy/opt/gz_gui_vendor:/opt/ros/jazzy/opt/gz_transport_vendor:/opt/ros/jazzy/opt/gz_rendering_vendor:/opt/ros/jazzy/opt/gz_plugin_vendor:/opt/ros/jazzy/opt/gz_fuel_tools_vendor:/opt/ros/jazzy/opt/gz_msgs_vendor:/opt/ros/jazzy/opt/gz_common_vendor:/opt/ros/jazzy/opt/gz_math_vendor:/opt/ros/jazzy/opt/gz_utils_vendor:/opt/ros/jazzy/opt/gz_tools_vendor:/opt/ros/jazzy/opt/gz_ogre_next_vendor:/opt/ros/jazzy/opt/gz_dartsim_vendor:/opt/ros/jazzy/opt/gz_cmake_vendor:/home/login/install/move_it:/home/login/ws_moveit/install/move_it:/home/login/ros2_ws/install/my_test_pkg:/home/login/install/my_test_pkg:/opt/ros/jazzy LD_LIBRARY_PATH=/home/login/ws_moveit/src/moveit_task_constructor/install/moveit_task_constructor_capabilities/lib:/home/login/ws_moveit/src/moveit_task_constructor/install/moveit_task_constructor_core/lib:/home/login/ws_moveit/src/moveit_task_constructor/install/rviz_marker_tools/lib:/home/login/ws_moveit/src/moveit_task_constructor/install/moveit_task_constructor_msgs/lib:${LD_LIBRARY_PATH} PYTHONPATH=/home/login/ws_moveit/src/moveit_task_constructor/install/moveit_task_constructor_core/lib/python3.12/site-packages:/home/login/ws_moveit/src/moveit_task_constructor/install/moveit_task_constructor_msgs/lib/python3.12/site-packages:${PYTHONPATH} /usr/bin/cmake --build /home/login/ws_moveit/src/moveit_task_constructor/build/moveit_task_constructor_demo -- -j12 -l12
[19.605s] [ 11%] [34m[1mRunning `/opt/ros/jazzy/bin/generate_parameter_library_cpp /home/login/ws_moveit/src/moveit_task_constructor/build/moveit_task_constructor_demo/include/moveit_task_constructor_demo/ik_clearance_cost_parameters.hpp /home/login/ws_moveit/src/moveit_task_constructor/demo/src/ik_clearance_cost_parameters.yaml `[0m
[19.605s] [ 11%] [32mBuilding CXX object CMakeFiles/moveit_task_constructor_demo_modular.dir/src/modular.cpp.o[0m
[19.609s] [ 16%] [34m[1mRunning `/opt/ros/jazzy/bin/generate_parameter_library_cpp /home/login/ws_moveit/src/moveit_task_constructor/build/moveit_task_constructor_demo/include/moveit_task_constructor_demo/pick_place_demo_parameters.hpp /home/login/ws_moveit/src/moveit_task_constructor/demo/src/pick_place_demo_parameters.yaml `[0m
[19.621s] [ 22%] [32mBuilding CXX object CMakeFiles/moveit_task_constructor_demo_alternative_path_costs.dir/src/alternative_path_costs.cpp.o[0m
[19.631s] [ 27%] [32mBuilding CXX object CMakeFiles/moveit_task_constructor_demo_cartesian.dir/src/cartesian.cpp.o[0m
[19.636s] [ 33%] [32mBuilding CXX object CMakeFiles/moveit_task_constructor_demo_fallbacks_move_to.dir/src/fallbacks_move_to.cpp.o[0m
[20.835s] [ 38%] [34m[1mCreating deprecated header file /home/login/ws_moveit/src/moveit_task_constructor/build/moveit_task_constructor_demo/include/ik_clearance_cost_parameters.hpp[0m
[20.899s] [ 38%] Built target ik_clearance_cost_parameters
[20.978s] [ 44%] [32mBuilding CXX object CMakeFiles/moveit_task_constructor_demo_ik_clearance_cost.dir/src/ik_clearance_cost.cpp.o[0m
[21.580s] [ 50%] [34m[1mCreating deprecated header file /home/login/ws_moveit/src/moveit_task_constructor/build/moveit_task_constructor_demo/include/pick_place_demo_parameters.hpp[0m
[21.635s] [ 50%] Built target pick_place_demo_parameters
[21.696s] [ 55%] [32mBuilding CXX object CMakeFiles/moveit_task_constructor_demo_pick_place_task.dir/src/pick_place_task.cpp.o[0m
[36.838s] [ 61%] [32m[1mLinking CXX executable modular[0m
[36.951s] [ 66%] [32m[1mLinking CXX executable cartesian[0m
[37.824s] [ 66%] Built target moveit_task_constructor_demo_modular
[38.065s] [ 66%] Built target moveit_task_constructor_demo_cartesian
[39.672s] [ 72%] [32m[1mLinking CXX executable ik_clearance_cost[0m
[40.730s] [ 72%] Built target moveit_task_constructor_demo_ik_clearance_cost
[41.021s] [ 77%] [32m[1mLinking CXX executable alternative_path_costs[0m
[41.956s] [ 77%] Built target moveit_task_constructor_demo_alternative_path_costs
[42.189s] [ 83%] [32m[1mLinking CXX executable fallbacks_move_to[0m
[43.015s] [ 83%] Built target moveit_task_constructor_demo_fallbacks_move_to
[48.456s] [ 88%] [32m[1mLinking CXX shared library libmoveit_task_constructor_demo_pick_place_task.so[0m
[49.389s] [ 88%] Built target moveit_task_constructor_demo_pick_place_task
[49.460s] [ 94%] [32mBuilding CXX object CMakeFiles/moveit_task_constructor_demo_pick_place_demo.dir/src/pick_place_demo.cpp.o[0m
[75.309s] [100%] [32m[1mLinking CXX executable pick_place_demo[0m
[76.190s] [100%] Built target moveit_task_constructor_demo_pick_place_demo
[76.219s] Invoked command in '/home/login/ws_moveit/src/moveit_task_constructor/build/moveit_task_constructor_demo' returned '0': AMENT_PREFIX_PATH=/home/login/ws_moveit/src/moveit_task_constructor/install/moveit_task_constructor_capabilities:/home/login/ws_moveit/src/moveit_task_constructor/install/moveit_task_constructor_core:/home/login/ws_moveit/src/moveit_task_constructor/install/rviz_marker_tools:/home/login/ws_moveit/src/moveit_task_constructor/install/moveit_task_constructor_msgs:${AMENT_PREFIX_PATH} CMAKE_MODULE_PATH=/home/login/ws_moveit/src/moveit_task_constructor/install/moveit_task_constructor_core/share/moveit_task_constructor_core/cmake:${CMAKE_MODULE_PATH} CMAKE_PREFIX_PATH=/home/login/ws_moveit/src/moveit_task_constructor/install/moveit_task_constructor_capabilities:/home/login/ws_moveit/src/moveit_task_constructor/install/moveit_task_constructor_core:/home/login/ws_moveit/src/moveit_task_constructor/install/rviz_marker_tools:/home/login/ws_moveit/src/moveit_task_constructor/install/moveit_task_constructor_msgs:/home/login/ws_moveit/src/moveit_task_constructor/demo/install/moveit_task_constructor_demo:/home/login/install/moveit_task_constructor_visualization:/home/login/install/moveit_task_constructor_demo:/home/login/install/moveit_task_constructor_capabilities:/home/login/install/moveit2_tutorials:/home/login/install/moveit_task_constructor_core:/home/login/install/rviz_marker_tools:/home/login/install/moveit_task_constructor_msgs:/home/login/ws_moveit/install/moveit_task_constructor_visualization:/home/login/ws_moveit/install/moveit_task_constructor_demo:/home/login/ws_moveit/install/moveit_task_constructor_capabilities:/home/login/ws_moveit/install/moveit2_tutorials:/home/login/ws_moveit/install/moveit_task_constructor_core:/home/login/ws_moveit/install/rviz_marker_tools:/home/login/ws_moveit/install/moveit_task_constructor_msgs:/home/login/ros2_ws/install/ur5_moveit_config:/home/login/ros2_ws/install/my_robot_description:/home/login/install/ur5_moveit_config:/home/login/install/my_robot_description:/opt/ros/jazzy/opt/gz_sim_vendor:/opt/ros/jazzy/opt/gz_sensors_vendor:/opt/ros/jazzy/opt/gz_physics_vendor:/opt/ros/jazzy/opt/sdformat_vendor:/opt/ros/jazzy/opt/gz_gui_vendor:/opt/ros/jazzy/opt/gz_transport_vendor:/opt/ros/jazzy/opt/gz_rendering_vendor:/opt/ros/jazzy/opt/gz_plugin_vendor:/opt/ros/jazzy/opt/gz_fuel_tools_vendor:/opt/ros/jazzy/opt/gz_msgs_vendor:/opt/ros/jazzy/opt/gz_common_vendor:/opt/ros/jazzy/opt/gz_math_vendor:/opt/ros/jazzy/opt/gz_utils_vendor:/opt/ros/jazzy/opt/gz_tools_vendor:/opt/ros/jazzy/opt/gz_ogre_next_vendor:/opt/ros/jazzy/opt/gz_dartsim_vendor:/opt/ros/jazzy/opt/gz_cmake_vendor:/home/login/install/move_it:/home/login/ws_moveit/install/move_it:/home/login/ros2_ws/install/my_test_pkg:/home/login/install/my_test_pkg:/opt/ros/jazzy LD_LIBRARY_PATH=/home/login/ws_moveit/src/moveit_task_constructor/install/moveit_task_constructor_capabilities/lib:/home/login/ws_moveit/src/moveit_task_constructor/install/moveit_task_constructor_core/lib:/home/login/ws_moveit/src/moveit_task_constructor/install/rviz_marker_tools/lib:/home/login/ws_moveit/src/moveit_task_constructor/install/moveit_task_constructor_msgs/lib:${LD_LIBRARY_PATH} PYTHONPATH=/home/login/ws_moveit/src/moveit_task_constructor/install/moveit_task_constructor_core/lib/python3.12/site-packages:/home/login/ws_moveit/src/moveit_task_constructor/install/moveit_task_constructor_msgs/lib/python3.12/site-packages:${PYTHONPATH} /usr/bin/cmake --build /home/login/ws_moveit/src/moveit_task_constructor/build/moveit_task_constructor_demo -- -j12 -l12
[76.221s] Invoking command in '/home/login/ws_moveit/src/moveit_task_constructor/build/moveit_task_constructor_demo': AMENT_PREFIX_PATH=/home/login/ws_moveit/src/moveit_task_constructor/install/moveit_task_constructor_capabilities:/home/login/ws_moveit/src/moveit_task_constructor/install/moveit_task_constructor_core:/home/login/ws_moveit/src/moveit_task_constructor/install/rviz_marker_tools:/home/login/ws_moveit/src/moveit_task_constructor/install/moveit_task_constructor_msgs:${AMENT_PREFIX_PATH} CMAKE_MODULE_PATH=/home/login/ws_moveit/src/moveit_task_constructor/install/moveit_task_constructor_core/share/moveit_task_constructor_core/cmake:${CMAKE_MODULE_PATH} CMAKE_PREFIX_PATH=/home/login/ws_moveit/src/moveit_task_constructor/install/moveit_task_constructor_capabilities:/home/login/ws_moveit/src/moveit_task_constructor/install/moveit_task_constructor_core:/home/login/ws_moveit/src/moveit_task_constructor/install/rviz_marker_tools:/home/login/ws_moveit/src/moveit_task_constructor/install/moveit_task_constructor_msgs:/home/login/ws_moveit/src/moveit_task_constructor/demo/install/moveit_task_constructor_demo:/home/login/install/moveit_task_constructor_visualization:/home/login/install/moveit_task_constructor_demo:/home/login/install/moveit_task_constructor_capabilities:/home/login/install/moveit2_tutorials:/home/login/install/moveit_task_constructor_core:/home/login/install/rviz_marker_tools:/home/login/install/moveit_task_constructor_msgs:/home/login/ws_moveit/install/moveit_task_constructor_visualization:/home/login/ws_moveit/install/moveit_task_constructor_demo:/home/login/ws_moveit/install/moveit_task_constructor_capabilities:/home/login/ws_moveit/install/moveit2_tutorials:/home/login/ws_moveit/install/moveit_task_constructor_core:/home/login/ws_moveit/install/rviz_marker_tools:/home/login/ws_moveit/install/moveit_task_constructor_msgs:/home/login/ros2_ws/install/ur5_moveit_config:/home/login/ros2_ws/install/my_robot_description:/home/login/install/ur5_moveit_config:/home/login/install/my_robot_description:/opt/ros/jazzy/opt/gz_sim_vendor:/opt/ros/jazzy/opt/gz_sensors_vendor:/opt/ros/jazzy/opt/gz_physics_vendor:/opt/ros/jazzy/opt/sdformat_vendor:/opt/ros/jazzy/opt/gz_gui_vendor:/opt/ros/jazzy/opt/gz_transport_vendor:/opt/ros/jazzy/opt/gz_rendering_vendor:/opt/ros/jazzy/opt/gz_plugin_vendor:/opt/ros/jazzy/opt/gz_fuel_tools_vendor:/opt/ros/jazzy/opt/gz_msgs_vendor:/opt/ros/jazzy/opt/gz_common_vendor:/opt/ros/jazzy/opt/gz_math_vendor:/opt/ros/jazzy/opt/gz_utils_vendor:/opt/ros/jazzy/opt/gz_tools_vendor:/opt/ros/jazzy/opt/gz_ogre_next_vendor:/opt/ros/jazzy/opt/gz_dartsim_vendor:/opt/ros/jazzy/opt/gz_cmake_vendor:/home/login/install/move_it:/home/login/ws_moveit/install/move_it:/home/login/ros2_ws/install/my_test_pkg:/home/login/install/my_test_pkg:/opt/ros/jazzy LD_LIBRARY_PATH=/home/login/ws_moveit/src/moveit_task_constructor/install/moveit_task_constructor_capabilities/lib:/home/login/ws_moveit/src/moveit_task_constructor/install/moveit_task_constructor_core/lib:/home/login/ws_moveit/src/moveit_task_constructor/install/rviz_marker_tools/lib:/home/login/ws_moveit/src/moveit_task_constructor/install/moveit_task_constructor_msgs/lib:${LD_LIBRARY_PATH} PYTHONPATH=/home/login/ws_moveit/src/moveit_task_constructor/install/moveit_task_constructor_core/lib/python3.12/site-packages:/home/login/ws_moveit/src/moveit_task_constructor/install/moveit_task_constructor_msgs/lib/python3.12/site-packages:${PYTHONPATH} /usr/bin/cmake --install /home/login/ws_moveit/src/moveit_task_constructor/build/moveit_task_constructor_demo
[76.237s] -- Install configuration: "Release"
[76.237s] -- Installing: /home/login/ws_moveit/src/moveit_task_constructor/install/moveit_task_constructor_demo/lib/libmoveit_task_constructor_demo_pick_place_task.so
[76.238s] -- Set non-toolchain portion of runtime path of "/home/login/ws_moveit/src/moveit_task_constructor/install/moveit_task_constructor_demo/lib/libmoveit_task_constructor_demo_pick_place_task.so" to ""
[76.239s] -- Installing: /home/login/ws_moveit/src/moveit_task_constructor/install/moveit_task_constructor_demo/lib/moveit_task_constructor_demo/cartesian
[76.240s] -- Set non-toolchain portion of runtime path of "/home/login/ws_moveit/src/moveit_task_constructor/install/moveit_task_constructor_demo/lib/moveit_task_constructor_demo/cartesian" to ""
[76.240s] -- Installing: /home/login/ws_moveit/src/moveit_task_constructor/install/moveit_task_constructor_demo/lib/moveit_task_constructor_demo/modular
[76.240s] -- Set non-toolchain portion of runtime path of "/home/login/ws_moveit/src/moveit_task_constructor/install/moveit_task_constructor_demo/lib/moveit_task_constructor_demo/modular" to ""
[76.241s] -- Installing: /home/login/ws_moveit/src/moveit_task_constructor/install/moveit_task_constructor_demo/lib/moveit_task_constructor_demo/alternative_path_costs
[76.241s] -- Set non-toolchain portion of runtime path of "/home/login/ws_moveit/src/moveit_task_constructor/install/moveit_task_constructor_demo/lib/moveit_task_constructor_demo/alternative_path_costs" to ""
[76.241s] -- Installing: /home/login/ws_moveit/src/moveit_task_constructor/install/moveit_task_constructor_demo/include/moveit_task_constructor_demo
[76.242s] -- Installing: /home/login/ws_moveit/src/moveit_task_constructor/install/moveit_task_constructor_demo/include/moveit_task_constructor_demo/ik_clearance_cost_parameters.hpp
[76.242s] -- Installing: /home/login/ws_moveit/src/moveit_task_constructor/install/moveit_task_constructor_demo/include/moveit_task_constructor_demo/pick_place_demo_parameters.hpp
[76.243s] -- Installing: /home/login/ws_moveit/src/moveit_task_constructor/install/moveit_task_constructor_demo/lib/moveit_task_constructor_demo/ik_clearance_cost
[76.244s] -- Set non-toolchain portion of runtime path of "/home/login/ws_moveit/src/moveit_task_constructor/install/moveit_task_constructor_demo/lib/moveit_task_constructor_demo/ik_clearance_cost" to ""
[76.244s] -- Installing: /home/login/ws_moveit/src/moveit_task_constructor/install/moveit_task_constructor_demo/lib/moveit_task_constructor_demo/fallbacks_move_to
[76.245s] -- Set non-toolchain portion of runtime path of "/home/login/ws_moveit/src/moveit_task_constructor/install/moveit_task_constructor_demo/lib/moveit_task_constructor_demo/fallbacks_move_to" to ""
[76.245s] -- Up-to-date: /home/login/ws_moveit/src/moveit_task_constructor/install/moveit_task_constructor_demo/include/moveit_task_constructor_demo
[76.245s] -- Up-to-date: /home/login/ws_moveit/src/moveit_task_constructor/install/moveit_task_constructor_demo/include/moveit_task_constructor_demo/ik_clearance_cost_parameters.hpp
[76.245s] -- Up-to-date: /home/login/ws_moveit/src/moveit_task_constructor/install/moveit_task_constructor_demo/include/moveit_task_constructor_demo/pick_place_demo_parameters.hpp
[76.245s] -- Installing: /home/login/ws_moveit/src/moveit_task_constructor/install/moveit_task_constructor_demo/lib/moveit_task_constructor_demo/pick_place_demo
[76.246s] -- Set non-toolchain portion of runtime path of "/home/login/ws_moveit/src/moveit_task_constructor/install/moveit_task_constructor_demo/lib/moveit_task_constructor_demo/pick_place_demo" to ""
[76.247s] -- Installing: /home/login/ws_moveit/src/moveit_task_constructor/install/moveit_task_constructor_demo/lib/moveit_task_constructor_demo/alternatives.py
[76.247s] -- Installing: /home/login/ws_moveit/src/moveit_task_constructor/install/moveit_task_constructor_demo/lib/moveit_task_constructor_demo/cartesian.py
[76.247s] -- Installing: /home/login/ws_moveit/src/moveit_task_constructor/install/moveit_task_constructor_demo/lib/moveit_task_constructor_demo/compute_ik.py
[76.248s] -- Installing: /home/login/ws_moveit/src/moveit_task_constructor/install/moveit_task_constructor_demo/lib/moveit_task_constructor_demo/constrained.py
[76.248s] -- Installing: /home/login/ws_moveit/src/moveit_task_constructor/install/moveit_task_constructor_demo/lib/moveit_task_constructor_demo/current_state.py
[76.249s] -- Installing: /home/login/ws_moveit/src/moveit_task_constructor/install/moveit_task_constructor_demo/lib/moveit_task_constructor_demo/fallbacks.py
[76.249s] -- Installing: /home/login/ws_moveit/src/moveit_task_constructor/install/moveit_task_constructor_demo/lib/moveit_task_constructor_demo/fix_collision_objects.py
[76.249s] -- Installing: /home/login/ws_moveit/src/moveit_task_constructor/install/moveit_task_constructor_demo/lib/moveit_task_constructor_demo/fixed_state.py
[76.250s] -- Installing: /home/login/ws_moveit/src/moveit_task_constructor/install/moveit_task_constructor_demo/lib/moveit_task_constructor_demo/generate_pose.py
[76.250s] -- Installing: /home/login/ws_moveit/src/moveit_task_constructor/install/moveit_task_constructor_demo/lib/moveit_task_constructor_demo/merger.py
[76.251s] -- Installing: /home/login/ws_moveit/src/moveit_task_constructor/install/moveit_task_constructor_demo/lib/moveit_task_constructor_demo/modify_planning_scene.py
[76.251s] -- Installing: /home/login/ws_moveit/src/moveit_task_constructor/install/moveit_task_constructor_demo/lib/moveit_task_constructor_demo/multi_planner.py
[76.251s] -- Installing: /home/login/ws_moveit/src/moveit_task_constructor/install/moveit_task_constructor_demo/lib/moveit_task_constructor_demo/pickplace.py
[76.251s] -- Installing: /home/login/ws_moveit/src/moveit_task_constructor/install/moveit_task_constructor_demo/lib/moveit_task_constructor_demo/properties.py
[76.251s] -- Installing: /home/login/ws_moveit/src/moveit_task_constructor/install/moveit_task_constructor_demo/lib/moveit_task_constructor_demo/send_cartesian_goal.py
[76.251s] -- Installing: /home/login/ws_moveit/src/moveit_task_constructor/install/moveit_task_constructor_demo/share/moveit_task_constructor_demo/launch
[76.252s] -- Installing: /home/login/ws_moveit/src/moveit_task_constructor/install/moveit_task_constructor_demo/share/moveit_task_constructor_demo/launch/run.launch.py
[76.253s] -- Installing: /home/login/ws_moveit/src/moveit_task_constructor/install/moveit_task_constructor_demo/share/moveit_task_constructor_demo/launch/demo.launch.py
[76.253s] -- Installing: /home/login/ws_moveit/src/moveit_task_constructor/install/moveit_task_constructor_demo/share/moveit_task_constructor_demo/config
[76.253s] -- Installing: /home/login/ws_moveit/src/moveit_task_constructor/install/moveit_task_constructor_demo/share/moveit_task_constructor_demo/config/mtc.rviz
[76.254s] -- Installing: /home/login/ws_moveit/src/moveit_task_constructor/install/moveit_task_constructor_demo/share/moveit_task_constructor_demo/config/panda_config.yaml
[76.256s] -- Installing: /home/login/ws_moveit/src/moveit_task_constructor/install/moveit_task_constructor_demo/share/ament_index/resource_index/package_run_dependencies/moveit_task_constructor_demo
[76.257s] -- Installing: /home/login/ws_moveit/src/moveit_task_constructor/install/moveit_task_constructor_demo/share/ament_index/resource_index/parent_prefix_path/moveit_task_constructor_demo
[76.258s] -- Installing: /home/login/ws_moveit/src/moveit_task_constructor/install/moveit_task_constructor_demo/share/moveit_task_constructor_demo/environment/ament_prefix_path.sh
[76.258s] -- Installing: /home/login/ws_moveit/src/moveit_task_constructor/install/moveit_task_constructor_demo/share/moveit_task_constructor_demo/environment/ament_prefix_path.dsv
[76.258s] -- Installing: /home/login/ws_moveit/src/moveit_task_constructor/install/moveit_task_constructor_demo/share/moveit_task_constructor_demo/environment/path.sh
[76.258s] -- Installing: /home/login/ws_moveit/src/moveit_task_constructor/install/moveit_task_constructor_demo/share/moveit_task_constructor_demo/environment/path.dsv
[76.259s] -- Installing: /home/login/ws_moveit/src/moveit_task_constructor/install/moveit_task_constructor_demo/share/moveit_task_constructor_demo/local_setup.bash
[76.259s] -- Installing: /home/login/ws_moveit/src/moveit_task_constructor/install/moveit_task_constructor_demo/share/moveit_task_constructor_demo/local_setup.sh
[76.259s] -- Installing: /home/login/ws_moveit/src/moveit_task_constructor/install/moveit_task_constructor_demo/share/moveit_task_constructor_demo/local_setup.zsh
[76.259s] -- Installing: /home/login/ws_moveit/src/moveit_task_constructor/install/moveit_task_constructor_demo/share/moveit_task_constructor_demo/local_setup.dsv
[76.260s] -- Installing: /home/login/ws_moveit/src/moveit_task_constructor/install/moveit_task_constructor_demo/share/moveit_task_constructor_demo/package.dsv
[76.260s] -- Installing: /home/login/ws_moveit/src/moveit_task_constructor/install/moveit_task_constructor_demo/share/ament_index/resource_index/packages/moveit_task_constructor_demo
[76.260s] -- Installing: /home/login/ws_moveit/src/moveit_task_constructor/install/moveit_task_constructor_demo/share/moveit_task_constructor_demo/cmake/moveit_task_constructor_demoConfig.cmake
[76.261s] -- Installing: /home/login/ws_moveit/src/moveit_task_constructor/install/moveit_task_constructor_demo/share/moveit_task_constructor_demo/cmake/moveit_task_constructor_demoConfig-version.cmake
[76.261s] -- Installing: /home/login/ws_moveit/src/moveit_task_constructor/install/moveit_task_constructor_demo/share/moveit_task_constructor_demo/package.xml
[76.267s] Invoked command in '/home/login/ws_moveit/src/moveit_task_constructor/build/moveit_task_constructor_demo' returned '0': AMENT_PREFIX_PATH=/home/login/ws_moveit/src/moveit_task_constructor/install/moveit_task_constructor_capabilities:/home/login/ws_moveit/src/moveit_task_constructor/install/moveit_task_constructor_core:/home/login/ws_moveit/src/moveit_task_constructor/install/rviz_marker_tools:/home/login/ws_moveit/src/moveit_task_constructor/install/moveit_task_constructor_msgs:${AMENT_PREFIX_PATH} CMAKE_MODULE_PATH=/home/login/ws_moveit/src/moveit_task_constructor/install/moveit_task_constructor_core/share/moveit_task_constructor_core/cmake:${CMAKE_MODULE_PATH} CMAKE_PREFIX_PATH=/home/login/ws_moveit/src/moveit_task_constructor/install/moveit_task_constructor_capabilities:/home/login/ws_moveit/src/moveit_task_constructor/install/moveit_task_constructor_core:/home/login/ws_moveit/src/moveit_task_constructor/install/rviz_marker_tools:/home/login/ws_moveit/src/moveit_task_constructor/install/moveit_task_constructor_msgs:/home/login/ws_moveit/src/moveit_task_constructor/demo/install/moveit_task_constructor_demo:/home/login/install/moveit_task_constructor_visualization:/home/login/install/moveit_task_constructor_demo:/home/login/install/moveit_task_constructor_capabilities:/home/login/install/moveit2_tutorials:/home/login/install/moveit_task_constructor_core:/home/login/install/rviz_marker_tools:/home/login/install/moveit_task_constructor_msgs:/home/login/ws_moveit/install/moveit_task_constructor_visualization:/home/login/ws_moveit/install/moveit_task_constructor_demo:/home/login/ws_moveit/install/moveit_task_constructor_capabilities:/home/login/ws_moveit/install/moveit2_tutorials:/home/login/ws_moveit/install/moveit_task_constructor_core:/home/login/ws_moveit/install/rviz_marker_tools:/home/login/ws_moveit/install/moveit_task_constructor_msgs:/home/login/ros2_ws/install/ur5_moveit_config:/home/login/ros2_ws/install/my_robot_description:/home/login/install/ur5_moveit_config:/home/login/install/my_robot_description:/opt/ros/jazzy/opt/gz_sim_vendor:/opt/ros/jazzy/opt/gz_sensors_vendor:/opt/ros/jazzy/opt/gz_physics_vendor:/opt/ros/jazzy/opt/sdformat_vendor:/opt/ros/jazzy/opt/gz_gui_vendor:/opt/ros/jazzy/opt/gz_transport_vendor:/opt/ros/jazzy/opt/gz_rendering_vendor:/opt/ros/jazzy/opt/gz_plugin_vendor:/opt/ros/jazzy/opt/gz_fuel_tools_vendor:/opt/ros/jazzy/opt/gz_msgs_vendor:/opt/ros/jazzy/opt/gz_common_vendor:/opt/ros/jazzy/opt/gz_math_vendor:/opt/ros/jazzy/opt/gz_utils_vendor:/opt/ros/jazzy/opt/gz_tools_vendor:/opt/ros/jazzy/opt/gz_ogre_next_vendor:/opt/ros/jazzy/opt/gz_dartsim_vendor:/opt/ros/jazzy/opt/gz_cmake_vendor:/home/login/install/move_it:/home/login/ws_moveit/install/move_it:/home/login/ros2_ws/install/my_test_pkg:/home/login/install/my_test_pkg:/opt/ros/jazzy LD_LIBRARY_PATH=/home/login/ws_moveit/src/moveit_task_constructor/install/moveit_task_constructor_capabilities/lib:/home/login/ws_moveit/src/moveit_task_constructor/install/moveit_task_constructor_core/lib:/home/login/ws_moveit/src/moveit_task_constructor/install/rviz_marker_tools/lib:/home/login/ws_moveit/src/moveit_task_constructor/install/moveit_task_constructor_msgs/lib:${LD_LIBRARY_PATH} PYTHONPATH=/home/login/ws_moveit/src/moveit_task_constructor/install/moveit_task_constructor_core/lib/python3.12/site-packages:/home/login/ws_moveit/src/moveit_task_constructor/install/moveit_task_constructor_msgs/lib/python3.12/site-packages:${PYTHONPATH} /usr/bin/cmake --install /home/login/ws_moveit/src/moveit_task_constructor/build/moveit_task_constructor_demo
