[0.225s] DEBUG:colcon:Command line arguments: ['/usr/bin/colcon', 'build']
[0.225s] DEBUG:colcon:Parsed command line arguments: Namespace(log_base=None, log_level=None, verb_name='build', build_base='build', install_base='install', merge_install=False, symlink_install=False, test_result_base=None, continue_on_error=False, executor='parallel', parallel_workers=12, event_handlers=None, ignore_user_meta=False, metas=['./colcon.meta'], base_paths=['.'], packages_ignore=None, packages_ignore_regex=None, paths=None, packages_up_to=None, packages_up_to_regex=None, packages_above=None, packages_above_and_dependencies=None, packages_above_depth=None, packages_select_by_dep=None, packages_skip_by_dep=None, packages_skip_up_to=None, packages_select_build_failed=False, packages_skip_build_finished=False, packages_select_test_failures=False, packages_skip_test_passed=False, packages_select=None, packages_skip=None, packages_select_regex=None, packages_skip_regex=None, packages_start=None, packages_end=None, allow_overriding=[], cmake_args=None, cmake_target=None, cmake_target_skip_unavailable=False, cmake_clean_cache=False, cmake_clean_first=False, cmake_force_configure=False, ament_cmake_args=None, catkin_cmake_args=None, catkin_skip_building_tests=False, mixin_files=None, mixin=None, verb_parser=<colcon_mixin.mixin.mixin_argument.MixinArgumentDecorator object at 0x7f3e91261370>, verb_extension=<colcon_core.verb.build.BuildVerb object at 0x7f3e912610d0>, main=<bound method BuildVerb.main of <colcon_core.verb.build.BuildVerb object at 0x7f3e912610d0>>, mixin_verb=('build',))
[0.258s] Level 1:colcon.colcon_core.package_discovery:discover_packages(colcon_meta) check parameters
[0.258s] Level 1:colcon.colcon_core.package_discovery:discover_packages(recursive) check parameters
[0.258s] Level 1:colcon.colcon_core.package_discovery:discover_packages(ignore) check parameters
[0.258s] Level 1:colcon.colcon_core.package_discovery:discover_packages(path) check parameters
[0.258s] Level 1:colcon.colcon_core.package_discovery:discover_packages(colcon_meta) discover
[0.258s] Level 1:colcon.colcon_core.package_discovery:discover_packages(recursive) discover
[0.258s] INFO:colcon.colcon_core.package_discovery:Crawling recursively for packages in '/home/login/ws_moveit/src/moveit_task_constructor/demo'
[0.258s] Level 1:colcon.colcon_core.package_identification:_identify(.) by extensions ['ignore', 'ignore_ament_install']
[0.259s] Level 1:colcon.colcon_core.package_identification:_identify(.) by extension 'ignore'
[0.259s] Level 1:colcon.colcon_core.package_identification:_identify(.) by extension 'ignore_ament_install'
[0.259s] Level 1:colcon.colcon_core.package_identification:_identify(.) by extensions ['colcon_pkg']
[0.259s] Level 1:colcon.colcon_core.package_identification:_identify(.) by extension 'colcon_pkg'
[0.259s] Level 1:colcon.colcon_core.package_identification:_identify(.) by extensions ['colcon_meta']
[0.259s] Level 1:colcon.colcon_core.package_identification:_identify(.) by extension 'colcon_meta'
[0.259s] Level 1:colcon.colcon_core.package_identification:_identify(.) by extensions ['ros']
[0.259s] Level 1:colcon.colcon_core.package_identification:_identify(.) by extension 'ros'
[0.282s] DEBUG:colcon.colcon_core.package_identification:Package '.' with type 'ros.ament_cmake' and name 'moveit_task_constructor_demo'
[0.282s] Level 1:colcon.colcon_core.package_discovery:discover_packages(recursive) using defaults
[0.282s] Level 1:colcon.colcon_core.package_discovery:discover_packages(ignore) discover
[0.282s] Level 1:colcon.colcon_core.package_discovery:discover_packages(ignore) using defaults
[0.282s] Level 1:colcon.colcon_core.package_discovery:discover_packages(path) discover
[0.282s] Level 1:colcon.colcon_core.package_discovery:discover_packages(path) using defaults
[0.296s] Level 1:colcon.colcon_core.package_discovery:discover_packages(prefix_path) check parameters
[0.296s] Level 1:colcon.colcon_core.package_discovery:discover_packages(prefix_path) discover
[0.298s] DEBUG:colcon.colcon_installed_package_information.package_discovery:Found 9 installed packages in /home/login/ws_moveit/install
[0.299s] DEBUG:colcon.colcon_installed_package_information.package_discovery:Found 3 installed packages in /home/login/ros2_ws/install
[0.299s] DEBUG:colcon.colcon_installed_package_information.package_discovery:Found 4 installed packages in /home/login/install
[0.301s] DEBUG:colcon.colcon_installed_package_information.package_discovery:Found 427 installed packages in /opt/ros/jazzy
[0.302s] Level 1:colcon.colcon_core.package_discovery:discover_packages(prefix_path) using defaults
[0.360s] Level 5:colcon.colcon_core.verb:set package 'moveit_task_constructor_demo' build argument 'cmake_args' from command line to 'None'
[0.360s] Level 5:colcon.colcon_core.verb:set package 'moveit_task_constructor_demo' build argument 'cmake_target' from command line to 'None'
[0.360s] Level 5:colcon.colcon_core.verb:set package 'moveit_task_constructor_demo' build argument 'cmake_target_skip_unavailable' from command line to 'False'
[0.360s] Level 5:colcon.colcon_core.verb:set package 'moveit_task_constructor_demo' build argument 'cmake_clean_cache' from command line to 'False'
[0.360s] Level 5:colcon.colcon_core.verb:set package 'moveit_task_constructor_demo' build argument 'cmake_clean_first' from command line to 'False'
[0.360s] Level 5:colcon.colcon_core.verb:set package 'moveit_task_constructor_demo' build argument 'cmake_force_configure' from command line to 'False'
[0.360s] Level 5:colcon.colcon_core.verb:set package 'moveit_task_constructor_demo' build argument 'ament_cmake_args' from command line to 'None'
[0.360s] Level 5:colcon.colcon_core.verb:set package 'moveit_task_constructor_demo' build argument 'catkin_cmake_args' from command line to 'None'
[0.360s] Level 5:colcon.colcon_core.verb:set package 'moveit_task_constructor_demo' build argument 'catkin_skip_building_tests' from command line to 'False'
[0.360s] DEBUG:colcon.colcon_core.verb:Building package 'moveit_task_constructor_demo' with the following arguments: {'ament_cmake_args': None, 'build_base': '/home/login/ws_moveit/src/moveit_task_constructor/demo/build/moveit_task_constructor_demo', 'catkin_cmake_args': None, 'catkin_skip_building_tests': False, 'cmake_args': None, 'cmake_clean_cache': False, 'cmake_clean_first': False, 'cmake_force_configure': False, 'cmake_target': None, 'cmake_target_skip_unavailable': False, 'install_base': '/home/login/ws_moveit/src/moveit_task_constructor/demo/install/moveit_task_constructor_demo', 'merge_install': False, 'path': '/home/login/ws_moveit/src/moveit_task_constructor/demo', 'symlink_install': False, 'test_result_base': None}
[0.360s] INFO:colcon.colcon_core.executor:Executing jobs using 'parallel' executor
[0.361s] DEBUG:colcon.colcon_parallel_executor.executor.parallel:run_until_complete
[0.361s] INFO:colcon.colcon_ros.task.ament_cmake.build:Building ROS package in '/home/login/ws_moveit/src/moveit_task_constructor/demo' with build type 'ament_cmake'
[0.362s] INFO:colcon.colcon_cmake.task.cmake.build:Building CMake package in '/home/login/ws_moveit/src/moveit_task_constructor/demo'
[0.363s] INFO:colcon.colcon_core.plugin_system:Skipping extension 'colcon_core.shell.bat': Not used on non-Windows systems
[0.363s] INFO:colcon.colcon_core.shell:Skip shell extension 'powershell' for command environment: Not usable outside of PowerShell
[0.363s] DEBUG:colcon.colcon_core.shell:Skip shell extension 'dsv' for command environment
[0.375s] DEBUG:colcon.colcon_core.event_handler.log_command:Invoking command in '/home/login/ws_moveit/src/moveit_task_constructor/demo/build/moveit_task_constructor_demo': CMAKE_PREFIX_PATH=${CMAKE_PREFIX_PATH}:/home/login/ros2_ws/install/my_test_pkg:/home/login/install/my_test_pkg:/opt/ros/jazzy /usr/bin/cmake /home/login/ws_moveit/src/moveit_task_constructor/demo -DCMAKE_INSTALL_PREFIX=/home/login/ws_moveit/src/moveit_task_constructor/demo/install/moveit_task_constructor_demo
[6.823s] DEBUG:colcon.colcon_core.event_handler.log_command:Invoked command in '/home/login/ws_moveit/src/moveit_task_constructor/demo/build/moveit_task_constructor_demo' returned '0': CMAKE_PREFIX_PATH=${CMAKE_PREFIX_PATH}:/home/login/ros2_ws/install/my_test_pkg:/home/login/install/my_test_pkg:/opt/ros/jazzy /usr/bin/cmake /home/login/ws_moveit/src/moveit_task_constructor/demo -DCMAKE_INSTALL_PREFIX=/home/login/ws_moveit/src/moveit_task_constructor/demo/install/moveit_task_constructor_demo
[6.824s] DEBUG:colcon.colcon_core.event_handler.log_command:Invoking command in '/home/login/ws_moveit/src/moveit_task_constructor/demo/build/moveit_task_constructor_demo': CMAKE_PREFIX_PATH=${CMAKE_PREFIX_PATH}:/home/login/ros2_ws/install/my_test_pkg:/home/login/install/my_test_pkg:/opt/ros/jazzy /usr/bin/cmake --build /home/login/ws_moveit/src/moveit_task_constructor/demo/build/moveit_task_constructor_demo -- -j12 -l12
[35.843s] DEBUG:colcon.colcon_core.event_handler.log_command:Invoked command in '/home/login/ws_moveit/src/moveit_task_constructor/demo/build/moveit_task_constructor_demo' returned '0': CMAKE_PREFIX_PATH=${CMAKE_PREFIX_PATH}:/home/login/ros2_ws/install/my_test_pkg:/home/login/install/my_test_pkg:/opt/ros/jazzy /usr/bin/cmake --build /home/login/ws_moveit/src/moveit_task_constructor/demo/build/moveit_task_constructor_demo -- -j12 -l12
[35.856s] DEBUG:colcon.colcon_core.event_handler.log_command:Invoking command in '/home/login/ws_moveit/src/moveit_task_constructor/demo/build/moveit_task_constructor_demo': CMAKE_PREFIX_PATH=${CMAKE_PREFIX_PATH}:/home/login/ros2_ws/install/my_test_pkg:/home/login/install/my_test_pkg:/opt/ros/jazzy /usr/bin/cmake --install /home/login/ws_moveit/src/moveit_task_constructor/demo/build/moveit_task_constructor_demo
[35.883s] Level 1:colcon.colcon_core.environment:create_environment_scripts_only(moveit_task_constructor_demo)
[35.883s] DEBUG:colcon.colcon_core.event_handler.log_command:Invoked command in '/home/login/ws_moveit/src/moveit_task_constructor/demo/build/moveit_task_constructor_demo' returned '0': CMAKE_PREFIX_PATH=${CMAKE_PREFIX_PATH}:/home/login/ros2_ws/install/my_test_pkg:/home/login/install/my_test_pkg:/opt/ros/jazzy /usr/bin/cmake --install /home/login/ws_moveit/src/moveit_task_constructor/demo/build/moveit_task_constructor_demo
[35.886s] Level 1:colcon.colcon_core.environment:checking '/home/login/ws_moveit/src/moveit_task_constructor/demo/install/moveit_task_constructor_demo' for CMake module files
[35.887s] Level 1:colcon.colcon_core.environment:checking '/home/login/ws_moveit/src/moveit_task_constructor/demo/install/moveit_task_constructor_demo' for CMake config files
[35.887s] Level 1:colcon.colcon_core.shell:create_environment_hook('moveit_task_constructor_demo', 'cmake_prefix_path')
[35.887s] INFO:colcon.colcon_core.shell:Creating environment hook '/home/login/ws_moveit/src/moveit_task_constructor/demo/install/moveit_task_constructor_demo/share/moveit_task_constructor_demo/hook/cmake_prefix_path.ps1'
[35.888s] INFO:colcon.colcon_core.shell:Creating environment descriptor '/home/login/ws_moveit/src/moveit_task_constructor/demo/install/moveit_task_constructor_demo/share/moveit_task_constructor_demo/hook/cmake_prefix_path.dsv'
[35.888s] INFO:colcon.colcon_core.shell:Creating environment hook '/home/login/ws_moveit/src/moveit_task_constructor/demo/install/moveit_task_constructor_demo/share/moveit_task_constructor_demo/hook/cmake_prefix_path.sh'
[35.889s] Level 1:colcon.colcon_core.environment:checking '/home/login/ws_moveit/src/moveit_task_constructor/demo/install/moveit_task_constructor_demo/lib'
[35.889s] Level 1:colcon.colcon_core.shell:create_environment_hook('moveit_task_constructor_demo', 'ld_library_path_lib')
[35.889s] INFO:colcon.colcon_core.shell:Creating environment hook '/home/login/ws_moveit/src/moveit_task_constructor/demo/install/moveit_task_constructor_demo/share/moveit_task_constructor_demo/hook/ld_library_path_lib.ps1'
[35.890s] INFO:colcon.colcon_core.shell:Creating environment descriptor '/home/login/ws_moveit/src/moveit_task_constructor/demo/install/moveit_task_constructor_demo/share/moveit_task_constructor_demo/hook/ld_library_path_lib.dsv'
[35.890s] INFO:colcon.colcon_core.shell:Creating environment hook '/home/login/ws_moveit/src/moveit_task_constructor/demo/install/moveit_task_constructor_demo/share/moveit_task_constructor_demo/hook/ld_library_path_lib.sh'
[35.890s] Level 1:colcon.colcon_core.environment:checking '/home/login/ws_moveit/src/moveit_task_constructor/demo/install/moveit_task_constructor_demo/bin'
[35.890s] Level 1:colcon.colcon_core.environment:checking '/home/login/ws_moveit/src/moveit_task_constructor/demo/install/moveit_task_constructor_demo/lib/pkgconfig/moveit_task_constructor_demo.pc'
[35.890s] Level 1:colcon.colcon_core.environment:checking '/home/login/ws_moveit/src/moveit_task_constructor/demo/install/moveit_task_constructor_demo/lib/python3.12/site-packages'
[35.890s] Level 1:colcon.colcon_core.environment:checking '/home/login/ws_moveit/src/moveit_task_constructor/demo/install/moveit_task_constructor_demo/bin'
[35.891s] INFO:colcon.colcon_core.shell:Creating package script '/home/login/ws_moveit/src/moveit_task_constructor/demo/install/moveit_task_constructor_demo/share/moveit_task_constructor_demo/package.ps1'
[35.891s] INFO:colcon.colcon_core.shell:Creating package descriptor '/home/login/ws_moveit/src/moveit_task_constructor/demo/install/moveit_task_constructor_demo/share/moveit_task_constructor_demo/package.dsv'
[35.892s] INFO:colcon.colcon_core.shell:Creating package script '/home/login/ws_moveit/src/moveit_task_constructor/demo/install/moveit_task_constructor_demo/share/moveit_task_constructor_demo/package.sh'
[35.893s] INFO:colcon.colcon_core.shell:Creating package script '/home/login/ws_moveit/src/moveit_task_constructor/demo/install/moveit_task_constructor_demo/share/moveit_task_constructor_demo/package.bash'
[35.893s] INFO:colcon.colcon_core.shell:Creating package script '/home/login/ws_moveit/src/moveit_task_constructor/demo/install/moveit_task_constructor_demo/share/moveit_task_constructor_demo/package.zsh'
[35.894s] Level 1:colcon.colcon_core.environment:create_file_with_runtime_dependencies(/home/login/ws_moveit/src/moveit_task_constructor/demo/install/moveit_task_constructor_demo/share/colcon-core/packages/moveit_task_constructor_demo)
[35.895s] Level 1:colcon.colcon_core.environment:create_environment_scripts_only(moveit_task_constructor_demo)
[35.895s] Level 1:colcon.colcon_core.environment:checking '/home/login/ws_moveit/src/moveit_task_constructor/demo/install/moveit_task_constructor_demo' for CMake module files
[35.896s] Level 1:colcon.colcon_core.environment:checking '/home/login/ws_moveit/src/moveit_task_constructor/demo/install/moveit_task_constructor_demo' for CMake config files
[35.896s] Level 1:colcon.colcon_core.shell:create_environment_hook('moveit_task_constructor_demo', 'cmake_prefix_path')
[35.896s] INFO:colcon.colcon_core.shell:Creating environment hook '/home/login/ws_moveit/src/moveit_task_constructor/demo/install/moveit_task_constructor_demo/share/moveit_task_constructor_demo/hook/cmake_prefix_path.ps1'
[35.896s] INFO:colcon.colcon_core.shell:Creating environment descriptor '/home/login/ws_moveit/src/moveit_task_constructor/demo/install/moveit_task_constructor_demo/share/moveit_task_constructor_demo/hook/cmake_prefix_path.dsv'
[35.897s] INFO:colcon.colcon_core.shell:Creating environment hook '/home/login/ws_moveit/src/moveit_task_constructor/demo/install/moveit_task_constructor_demo/share/moveit_task_constructor_demo/hook/cmake_prefix_path.sh'
[35.897s] Level 1:colcon.colcon_core.environment:checking '/home/login/ws_moveit/src/moveit_task_constructor/demo/install/moveit_task_constructor_demo/lib'
[35.897s] Level 1:colcon.colcon_core.shell:create_environment_hook('moveit_task_constructor_demo', 'ld_library_path_lib')
[35.897s] INFO:colcon.colcon_core.shell:Creating environment hook '/home/login/ws_moveit/src/moveit_task_constructor/demo/install/moveit_task_constructor_demo/share/moveit_task_constructor_demo/hook/ld_library_path_lib.ps1'
[35.898s] INFO:colcon.colcon_core.shell:Creating environment descriptor '/home/login/ws_moveit/src/moveit_task_constructor/demo/install/moveit_task_constructor_demo/share/moveit_task_constructor_demo/hook/ld_library_path_lib.dsv'
[35.898s] INFO:colcon.colcon_core.shell:Creating environment hook '/home/login/ws_moveit/src/moveit_task_constructor/demo/install/moveit_task_constructor_demo/share/moveit_task_constructor_demo/hook/ld_library_path_lib.sh'
[35.898s] Level 1:colcon.colcon_core.environment:checking '/home/login/ws_moveit/src/moveit_task_constructor/demo/install/moveit_task_constructor_demo/bin'
[35.898s] Level 1:colcon.colcon_core.environment:checking '/home/login/ws_moveit/src/moveit_task_constructor/demo/install/moveit_task_constructor_demo/lib/pkgconfig/moveit_task_constructor_demo.pc'
[35.898s] Level 1:colcon.colcon_core.environment:checking '/home/login/ws_moveit/src/moveit_task_constructor/demo/install/moveit_task_constructor_demo/lib/python3.12/site-packages'
[35.899s] Level 1:colcon.colcon_core.environment:checking '/home/login/ws_moveit/src/moveit_task_constructor/demo/install/moveit_task_constructor_demo/bin'
[35.899s] INFO:colcon.colcon_core.shell:Creating package script '/home/login/ws_moveit/src/moveit_task_constructor/demo/install/moveit_task_constructor_demo/share/moveit_task_constructor_demo/package.ps1'
[35.899s] INFO:colcon.colcon_core.shell:Creating package descriptor '/home/login/ws_moveit/src/moveit_task_constructor/demo/install/moveit_task_constructor_demo/share/moveit_task_constructor_demo/package.dsv'
[35.900s] INFO:colcon.colcon_core.shell:Creating package script '/home/login/ws_moveit/src/moveit_task_constructor/demo/install/moveit_task_constructor_demo/share/moveit_task_constructor_demo/package.sh'
[35.900s] INFO:colcon.colcon_core.shell:Creating package script '/home/login/ws_moveit/src/moveit_task_constructor/demo/install/moveit_task_constructor_demo/share/moveit_task_constructor_demo/package.bash'
[35.901s] INFO:colcon.colcon_core.shell:Creating package script '/home/login/ws_moveit/src/moveit_task_constructor/demo/install/moveit_task_constructor_demo/share/moveit_task_constructor_demo/package.zsh'
[35.901s] Level 1:colcon.colcon_core.environment:create_file_with_runtime_dependencies(/home/login/ws_moveit/src/moveit_task_constructor/demo/install/moveit_task_constructor_demo/share/colcon-core/packages/moveit_task_constructor_demo)
[35.901s] DEBUG:colcon.colcon_parallel_executor.executor.parallel:closing loop
[35.902s] DEBUG:colcon.colcon_parallel_executor.executor.parallel:loop closed
[35.902s] DEBUG:colcon.colcon_parallel_executor.executor.parallel:run_until_complete finished with '0'
[35.902s] DEBUG:colcon.colcon_core.event_reactor:joining thread
[35.982s] INFO:colcon.colcon_core.plugin_system:Skipping extension 'colcon_notification.desktop_notification.notify_send': Could not find 'notify-send'
[35.982s] INFO:colcon.colcon_core.plugin_system:Skipping extension 'colcon_notification.desktop_notification.terminal_notifier': Not used on non-Darwin systems
[35.982s] INFO:colcon.colcon_core.plugin_system:Skipping extension 'colcon_notification.desktop_notification.win32': Not used on non-Windows systems
[35.982s] INFO:colcon.colcon_notification.desktop_notification:Sending desktop notification using 'notify2'
[35.983s] DEBUG:colcon.colcon_notification.desktop_notification.notify2:Failed to initialize notify2: org.freedesktop.DBus.Error.ServiceUnknown: The name org.freedesktop.Notifications was not provided by any .service files
[35.983s] DEBUG:colcon.colcon_core.event_reactor:joined thread
[35.983s] INFO:colcon.colcon_core.shell:Creating prefix script '/home/login/ws_moveit/src/moveit_task_constructor/demo/install/local_setup.ps1'
[35.984s] INFO:colcon.colcon_core.shell:Creating prefix util module '/home/login/ws_moveit/src/moveit_task_constructor/demo/install/_local_setup_util_ps1.py'
[35.985s] INFO:colcon.colcon_core.shell:Creating prefix chain script '/home/login/ws_moveit/src/moveit_task_constructor/demo/install/setup.ps1'
[35.987s] INFO:colcon.colcon_core.shell:Creating prefix script '/home/login/ws_moveit/src/moveit_task_constructor/demo/install/local_setup.sh'
[35.988s] INFO:colcon.colcon_core.shell:Creating prefix util module '/home/login/ws_moveit/src/moveit_task_constructor/demo/install/_local_setup_util_sh.py'
[35.988s] INFO:colcon.colcon_core.shell:Creating prefix chain script '/home/login/ws_moveit/src/moveit_task_constructor/demo/install/setup.sh'
[35.989s] INFO:colcon.colcon_core.shell:Creating prefix script '/home/login/ws_moveit/src/moveit_task_constructor/demo/install/local_setup.bash'
[35.990s] INFO:colcon.colcon_core.shell:Creating prefix chain script '/home/login/ws_moveit/src/moveit_task_constructor/demo/install/setup.bash'
[35.991s] INFO:colcon.colcon_core.shell:Creating prefix script '/home/login/ws_moveit/src/moveit_task_constructor/demo/install/local_setup.zsh'
[35.992s] INFO:colcon.colcon_core.shell:Creating prefix chain script '/home/login/ws_moveit/src/moveit_task_constructor/demo/install/setup.zsh'
