[0.304s] DEBUG:colcon:Command line arguments: ['/usr/bin/colcon', 'build', '--symlink-install']
[0.304s] DEBUG:colcon:Parsed command line arguments: Namespace(log_base=None, log_level=None, verb_name='build', build_base='build', install_base='install', merge_install=False, symlink_install=True, test_result_base=None, continue_on_error=False, executor='parallel', parallel_workers=12, event_handlers=None, ignore_user_meta=False, metas=['./colcon.meta'], base_paths=['.'], packages_ignore=None, packages_ignore_regex=None, paths=None, packages_up_to=None, packages_up_to_regex=None, packages_above=None, packages_above_and_dependencies=None, packages_above_depth=None, packages_select_by_dep=None, packages_skip_by_dep=None, packages_skip_up_to=None, packages_select_build_failed=False, packages_skip_build_finished=False, packages_select_test_failures=False, packages_skip_test_passed=False, packages_select=None, packages_skip=None, packages_select_regex=None, packages_skip_regex=None, packages_start=None, packages_end=None, allow_overriding=[], cmake_args=None, cmake_target=None, cmake_target_skip_unavailable=False, cmake_clean_cache=False, cmake_clean_first=False, cmake_force_configure=False, ament_cmake_args=None, catkin_cmake_args=None, catkin_skip_building_tests=False, mixin_files=None, mixin=None, verb_parser=<colcon_mixin.mixin.mixin_argument.MixinArgumentDecorator object at 0x7fa5b244df10>, verb_extension=<colcon_core.verb.build.BuildVerb object at 0x7fa5b244dbb0>, main=<bound method BuildVerb.main of <colcon_core.verb.build.BuildVerb object at 0x7fa5b244dbb0>>, mixin_verb=('build',))
[0.348s] Level 1:colcon.colcon_core.package_discovery:discover_packages(colcon_meta) check parameters
[0.348s] Level 1:colcon.colcon_core.package_discovery:discover_packages(recursive) check parameters
[0.348s] Level 1:colcon.colcon_core.package_discovery:discover_packages(ignore) check parameters
[0.348s] Level 1:colcon.colcon_core.package_discovery:discover_packages(path) check parameters
[0.348s] Level 1:colcon.colcon_core.package_discovery:discover_packages(colcon_meta) discover
[0.348s] Level 1:colcon.colcon_core.package_discovery:discover_packages(recursive) discover
[0.348s] INFO:colcon.colcon_core.package_discovery:Crawling recursively for packages in '/home/login/ws_moveit'
[0.349s] Level 1:colcon.colcon_core.package_identification:_identify(.) by extensions ['ignore', 'ignore_ament_install']
[0.349s] Level 1:colcon.colcon_core.package_identification:_identify(.) by extension 'ignore'
[0.349s] Level 1:colcon.colcon_core.package_identification:_identify(.) by extension 'ignore_ament_install'
[0.349s] Level 1:colcon.colcon_core.package_identification:_identify(.) by extensions ['colcon_pkg']
[0.349s] Level 1:colcon.colcon_core.package_identification:_identify(.) by extension 'colcon_pkg'
[0.349s] Level 1:colcon.colcon_core.package_identification:_identify(.) by extensions ['colcon_meta']
[0.349s] Level 1:colcon.colcon_core.package_identification:_identify(.) by extension 'colcon_meta'
[0.349s] Level 1:colcon.colcon_core.package_identification:_identify(.) by extensions ['ros']
[0.349s] Level 1:colcon.colcon_core.package_identification:_identify(.) by extension 'ros'
[0.373s] Level 1:colcon.colcon_core.package_identification:_identify(.) by extensions ['cmake', 'python']
[0.374s] Level 1:colcon.colcon_core.package_identification:_identify(.) by extension 'cmake'
[0.374s] Level 1:colcon.colcon_core.package_identification:_identify(.) by extension 'python'
[0.374s] Level 1:colcon.colcon_core.package_identification:_identify(.) by extensions ['python_setup_py']
[0.374s] Level 1:colcon.colcon_core.package_identification:_identify(.) by extension 'python_setup_py'
[0.374s] Level 1:colcon.colcon_core.package_identification:_identify(build) by extensions ['ignore', 'ignore_ament_install']
[0.374s] Level 1:colcon.colcon_core.package_identification:_identify(build) by extension 'ignore'
[0.374s] Level 1:colcon.colcon_core.package_identification:_identify(build) ignored
[0.374s] Level 1:colcon.colcon_core.package_identification:_identify(install) by extensions ['ignore', 'ignore_ament_install']
[0.374s] Level 1:colcon.colcon_core.package_identification:_identify(install) by extension 'ignore'
[0.374s] Level 1:colcon.colcon_core.package_identification:_identify(install) ignored
[0.374s] Level 1:colcon.colcon_core.package_identification:_identify(log) by extensions ['ignore', 'ignore_ament_install']
[0.374s] Level 1:colcon.colcon_core.package_identification:_identify(log) by extension 'ignore'
[0.374s] Level 1:colcon.colcon_core.package_identification:_identify(log) ignored
[0.375s] Level 1:colcon.colcon_core.package_identification:_identify(src) by extensions ['ignore', 'ignore_ament_install']
[0.375s] Level 1:colcon.colcon_core.package_identification:_identify(src) by extension 'ignore'
[0.375s] Level 1:colcon.colcon_core.package_identification:_identify(src) by extension 'ignore_ament_install'
[0.375s] Level 1:colcon.colcon_core.package_identification:_identify(src) by extensions ['colcon_pkg']
[0.375s] Level 1:colcon.colcon_core.package_identification:_identify(src) by extension 'colcon_pkg'
[0.375s] Level 1:colcon.colcon_core.package_identification:_identify(src) by extensions ['colcon_meta']
[0.375s] Level 1:colcon.colcon_core.package_identification:_identify(src) by extension 'colcon_meta'
[0.375s] Level 1:colcon.colcon_core.package_identification:_identify(src) by extensions ['ros']
[0.375s] Level 1:colcon.colcon_core.package_identification:_identify(src) by extension 'ros'
[0.375s] Level 1:colcon.colcon_core.package_identification:_identify(src) by extensions ['cmake', 'python']
[0.375s] Level 1:colcon.colcon_core.package_identification:_identify(src) by extension 'cmake'
[0.375s] Level 1:colcon.colcon_core.package_identification:_identify(src) by extension 'python'
[0.375s] Level 1:colcon.colcon_core.package_identification:_identify(src) by extensions ['python_setup_py']
[0.375s] Level 1:colcon.colcon_core.package_identification:_identify(src) by extension 'python_setup_py'
[0.375s] Level 1:colcon.colcon_core.package_identification:_identify(src/build) by extensions ['ignore', 'ignore_ament_install']
[0.375s] Level 1:colcon.colcon_core.package_identification:_identify(src/build) by extension 'ignore'
[0.375s] Level 1:colcon.colcon_core.package_identification:_identify(src/build) ignored
[0.375s] Level 1:colcon.colcon_core.package_identification:_identify(src/install) by extensions ['ignore', 'ignore_ament_install']
[0.376s] Level 1:colcon.colcon_core.package_identification:_identify(src/install) by extension 'ignore'
[0.376s] Level 1:colcon.colcon_core.package_identification:_identify(src/install) ignored
[0.376s] Level 1:colcon.colcon_core.package_identification:_identify(src/log) by extensions ['ignore', 'ignore_ament_install']
[0.376s] Level 1:colcon.colcon_core.package_identification:_identify(src/log) by extension 'ignore'
[0.376s] Level 1:colcon.colcon_core.package_identification:_identify(src/log) ignored
[0.376s] Level 1:colcon.colcon_core.package_identification:_identify(src/moveit2_tutorials) by extensions ['ignore', 'ignore_ament_install']
[0.376s] Level 1:colcon.colcon_core.package_identification:_identify(src/moveit2_tutorials) by extension 'ignore'
[0.376s] Level 1:colcon.colcon_core.package_identification:_identify(src/moveit2_tutorials) by extension 'ignore_ament_install'
[0.376s] Level 1:colcon.colcon_core.package_identification:_identify(src/moveit2_tutorials) by extensions ['colcon_pkg']
[0.376s] Level 1:colcon.colcon_core.package_identification:_identify(src/moveit2_tutorials) by extension 'colcon_pkg'
[0.376s] Level 1:colcon.colcon_core.package_identification:_identify(src/moveit2_tutorials) by extensions ['colcon_meta']
[0.376s] Level 1:colcon.colcon_core.package_identification:_identify(src/moveit2_tutorials) by extension 'colcon_meta'
[0.376s] Level 1:colcon.colcon_core.package_identification:_identify(src/moveit2_tutorials) by extensions ['ros']
[0.376s] Level 1:colcon.colcon_core.package_identification:_identify(src/moveit2_tutorials) by extension 'ros'
[0.380s] DEBUG:colcon.colcon_core.package_identification:Package 'src/moveit2_tutorials' with type 'ros.ament_cmake' and name 'moveit2_tutorials'
[0.381s] Level 1:colcon.colcon_core.package_identification:_identify(src/moveit_task_constructor) by extensions ['ignore', 'ignore_ament_install']
[0.381s] Level 1:colcon.colcon_core.package_identification:_identify(src/moveit_task_constructor) by extension 'ignore'
[0.381s] Level 1:colcon.colcon_core.package_identification:_identify(src/moveit_task_constructor) by extension 'ignore_ament_install'
[0.381s] Level 1:colcon.colcon_core.package_identification:_identify(src/moveit_task_constructor) by extensions ['colcon_pkg']
[0.381s] Level 1:colcon.colcon_core.package_identification:_identify(src/moveit_task_constructor) by extension 'colcon_pkg'
[0.381s] Level 1:colcon.colcon_core.package_identification:_identify(src/moveit_task_constructor) by extensions ['colcon_meta']
[0.381s] Level 1:colcon.colcon_core.package_identification:_identify(src/moveit_task_constructor) by extension 'colcon_meta'
[0.381s] Level 1:colcon.colcon_core.package_identification:_identify(src/moveit_task_constructor) by extensions ['ros']
[0.381s] Level 1:colcon.colcon_core.package_identification:_identify(src/moveit_task_constructor) by extension 'ros'
[0.381s] Level 1:colcon.colcon_core.package_identification:_identify(src/moveit_task_constructor) by extensions ['cmake', 'python']
[0.381s] Level 1:colcon.colcon_core.package_identification:_identify(src/moveit_task_constructor) by extension 'cmake'
[0.382s] Level 1:colcon.colcon_core.package_identification:_identify(src/moveit_task_constructor) by extension 'python'
[0.382s] Level 1:colcon.colcon_core.package_identification:_identify(src/moveit_task_constructor) by extensions ['python_setup_py']
[0.382s] Level 1:colcon.colcon_core.package_identification:_identify(src/moveit_task_constructor) by extension 'python_setup_py'
[0.382s] Level 1:colcon.colcon_core.package_identification:_identify(src/moveit_task_constructor/build) by extensions ['ignore', 'ignore_ament_install']
[0.382s] Level 1:colcon.colcon_core.package_identification:_identify(src/moveit_task_constructor/build) by extension 'ignore'
[0.382s] Level 1:colcon.colcon_core.package_identification:_identify(src/moveit_task_constructor/build) ignored
[0.382s] Level 1:colcon.colcon_core.package_identification:_identify(src/moveit_task_constructor/capabilities) by extensions ['ignore', 'ignore_ament_install']
[0.382s] Level 1:colcon.colcon_core.package_identification:_identify(src/moveit_task_constructor/capabilities) by extension 'ignore'
[0.382s] Level 1:colcon.colcon_core.package_identification:_identify(src/moveit_task_constructor/capabilities) by extension 'ignore_ament_install'
[0.382s] Level 1:colcon.colcon_core.package_identification:_identify(src/moveit_task_constructor/capabilities) by extensions ['colcon_pkg']
[0.382s] Level 1:colcon.colcon_core.package_identification:_identify(src/moveit_task_constructor/capabilities) by extension 'colcon_pkg'
[0.383s] Level 1:colcon.colcon_core.package_identification:_identify(src/moveit_task_constructor/capabilities) by extensions ['colcon_meta']
[0.383s] Level 1:colcon.colcon_core.package_identification:_identify(src/moveit_task_constructor/capabilities) by extension 'colcon_meta'
[0.383s] Level 1:colcon.colcon_core.package_identification:_identify(src/moveit_task_constructor/capabilities) by extensions ['ros']
[0.383s] Level 1:colcon.colcon_core.package_identification:_identify(src/moveit_task_constructor/capabilities) by extension 'ros'
[0.384s] DEBUG:colcon.colcon_core.package_identification:Package 'src/moveit_task_constructor/capabilities' with type 'ros.ament_cmake' and name 'moveit_task_constructor_capabilities'
[0.384s] Level 1:colcon.colcon_core.package_identification:_identify(src/moveit_task_constructor/core) by extensions ['ignore', 'ignore_ament_install']
[0.384s] Level 1:colcon.colcon_core.package_identification:_identify(src/moveit_task_constructor/core) by extension 'ignore'
[0.384s] Level 1:colcon.colcon_core.package_identification:_identify(src/moveit_task_constructor/core) by extension 'ignore_ament_install'
[0.384s] Level 1:colcon.colcon_core.package_identification:_identify(src/moveit_task_constructor/core) by extensions ['colcon_pkg']
[0.384s] Level 1:colcon.colcon_core.package_identification:_identify(src/moveit_task_constructor/core) by extension 'colcon_pkg'
[0.384s] Level 1:colcon.colcon_core.package_identification:_identify(src/moveit_task_constructor/core) by extensions ['colcon_meta']
[0.384s] Level 1:colcon.colcon_core.package_identification:_identify(src/moveit_task_constructor/core) by extension 'colcon_meta'
[0.384s] Level 1:colcon.colcon_core.package_identification:_identify(src/moveit_task_constructor/core) by extensions ['ros']
[0.384s] Level 1:colcon.colcon_core.package_identification:_identify(src/moveit_task_constructor/core) by extension 'ros'
[0.385s] DEBUG:colcon.colcon_core.package_identification:Package 'src/moveit_task_constructor/core' with type 'ros.ament_cmake' and name 'moveit_task_constructor_core'
[0.386s] Level 1:colcon.colcon_core.package_identification:_identify(src/moveit_task_constructor/demo) by extensions ['ignore', 'ignore_ament_install']
[0.386s] Level 1:colcon.colcon_core.package_identification:_identify(src/moveit_task_constructor/demo) by extension 'ignore'
[0.386s] Level 1:colcon.colcon_core.package_identification:_identify(src/moveit_task_constructor/demo) by extension 'ignore_ament_install'
[0.386s] Level 1:colcon.colcon_core.package_identification:_identify(src/moveit_task_constructor/demo) by extensions ['colcon_pkg']
[0.386s] Level 1:colcon.colcon_core.package_identification:_identify(src/moveit_task_constructor/demo) by extension 'colcon_pkg'
[0.386s] Level 1:colcon.colcon_core.package_identification:_identify(src/moveit_task_constructor/demo) by extensions ['colcon_meta']
[0.386s] Level 1:colcon.colcon_core.package_identification:_identify(src/moveit_task_constructor/demo) by extension 'colcon_meta'
[0.386s] Level 1:colcon.colcon_core.package_identification:_identify(src/moveit_task_constructor/demo) by extensions ['ros']
[0.386s] Level 1:colcon.colcon_core.package_identification:_identify(src/moveit_task_constructor/demo) by extension 'ros'
[0.386s] DEBUG:colcon.colcon_core.package_identification:Package 'src/moveit_task_constructor/demo' with type 'ros.ament_cmake' and name 'moveit_task_constructor_demo'
[0.387s] Level 1:colcon.colcon_core.package_identification:_identify(src/moveit_task_constructor/install) by extensions ['ignore', 'ignore_ament_install']
[0.387s] Level 1:colcon.colcon_core.package_identification:_identify(src/moveit_task_constructor/install) by extension 'ignore'
[0.387s] Level 1:colcon.colcon_core.package_identification:_identify(src/moveit_task_constructor/install) ignored
[0.387s] Level 1:colcon.colcon_core.package_identification:_identify(src/moveit_task_constructor/log) by extensions ['ignore', 'ignore_ament_install']
[0.387s] Level 1:colcon.colcon_core.package_identification:_identify(src/moveit_task_constructor/log) by extension 'ignore'
[0.387s] Level 1:colcon.colcon_core.package_identification:_identify(src/moveit_task_constructor/log) ignored
[0.387s] Level 1:colcon.colcon_core.package_identification:_identify(src/moveit_task_constructor/msgs) by extensions ['ignore', 'ignore_ament_install']
[0.387s] Level 1:colcon.colcon_core.package_identification:_identify(src/moveit_task_constructor/msgs) by extension 'ignore'
[0.387s] Level 1:colcon.colcon_core.package_identification:_identify(src/moveit_task_constructor/msgs) by extension 'ignore_ament_install'
[0.387s] Level 1:colcon.colcon_core.package_identification:_identify(src/moveit_task_constructor/msgs) by extensions ['colcon_pkg']
[0.387s] Level 1:colcon.colcon_core.package_identification:_identify(src/moveit_task_constructor/msgs) by extension 'colcon_pkg'
[0.388s] Level 1:colcon.colcon_core.package_identification:_identify(src/moveit_task_constructor/msgs) by extensions ['colcon_meta']
[0.388s] Level 1:colcon.colcon_core.package_identification:_identify(src/moveit_task_constructor/msgs) by extension 'colcon_meta'
[0.388s] Level 1:colcon.colcon_core.package_identification:_identify(src/moveit_task_constructor/msgs) by extensions ['ros']
[0.388s] Level 1:colcon.colcon_core.package_identification:_identify(src/moveit_task_constructor/msgs) by extension 'ros'
[0.389s] DEBUG:colcon.colcon_core.package_identification:Package 'src/moveit_task_constructor/msgs' with type 'ros.ament_cmake' and name 'moveit_task_constructor_msgs'
[0.389s] Level 1:colcon.colcon_core.package_identification:_identify(src/moveit_task_constructor/rviz_marker_tools) by extensions ['ignore', 'ignore_ament_install']
[0.389s] Level 1:colcon.colcon_core.package_identification:_identify(src/moveit_task_constructor/rviz_marker_tools) by extension 'ignore'
[0.389s] Level 1:colcon.colcon_core.package_identification:_identify(src/moveit_task_constructor/rviz_marker_tools) by extension 'ignore_ament_install'
[0.389s] Level 1:colcon.colcon_core.package_identification:_identify(src/moveit_task_constructor/rviz_marker_tools) by extensions ['colcon_pkg']
[0.389s] Level 1:colcon.colcon_core.package_identification:_identify(src/moveit_task_constructor/rviz_marker_tools) by extension 'colcon_pkg'
[0.389s] Level 1:colcon.colcon_core.package_identification:_identify(src/moveit_task_constructor/rviz_marker_tools) by extensions ['colcon_meta']
[0.389s] Level 1:colcon.colcon_core.package_identification:_identify(src/moveit_task_constructor/rviz_marker_tools) by extension 'colcon_meta'
[0.389s] Level 1:colcon.colcon_core.package_identification:_identify(src/moveit_task_constructor/rviz_marker_tools) by extensions ['ros']
[0.389s] Level 1:colcon.colcon_core.package_identification:_identify(src/moveit_task_constructor/rviz_marker_tools) by extension 'ros'
[0.390s] DEBUG:colcon.colcon_core.package_identification:Package 'src/moveit_task_constructor/rviz_marker_tools' with type 'ros.ament_cmake' and name 'rviz_marker_tools'
[0.390s] Level 1:colcon.colcon_core.package_identification:_identify(src/moveit_task_constructor/visualization) by extensions ['ignore', 'ignore_ament_install']
[0.390s] Level 1:colcon.colcon_core.package_identification:_identify(src/moveit_task_constructor/visualization) by extension 'ignore'
[0.390s] Level 1:colcon.colcon_core.package_identification:_identify(src/moveit_task_constructor/visualization) by extension 'ignore_ament_install'
[0.390s] Level 1:colcon.colcon_core.package_identification:_identify(src/moveit_task_constructor/visualization) by extensions ['colcon_pkg']
[0.390s] Level 1:colcon.colcon_core.package_identification:_identify(src/moveit_task_constructor/visualization) by extension 'colcon_pkg'
[0.390s] Level 1:colcon.colcon_core.package_identification:_identify(src/moveit_task_constructor/visualization) by extensions ['colcon_meta']
[0.390s] Level 1:colcon.colcon_core.package_identification:_identify(src/moveit_task_constructor/visualization) by extension 'colcon_meta'
[0.391s] Level 1:colcon.colcon_core.package_identification:_identify(src/moveit_task_constructor/visualization) by extensions ['ros']
[0.391s] Level 1:colcon.colcon_core.package_identification:_identify(src/moveit_task_constructor/visualization) by extension 'ros'
[0.391s] DEBUG:colcon.colcon_core.package_identification:Package 'src/moveit_task_constructor/visualization' with type 'ros.ament_cmake' and name 'moveit_task_constructor_visualization'
[0.392s] Level 1:colcon.colcon_core.package_identification:_identify(src/my_robot_control) by extensions ['ignore', 'ignore_ament_install']
[0.392s] Level 1:colcon.colcon_core.package_identification:_identify(src/my_robot_control) by extension 'ignore'
[0.392s] Level 1:colcon.colcon_core.package_identification:_identify(src/my_robot_control) by extension 'ignore_ament_install'
[0.392s] Level 1:colcon.colcon_core.package_identification:_identify(src/my_robot_control) by extensions ['colcon_pkg']
[0.392s] Level 1:colcon.colcon_core.package_identification:_identify(src/my_robot_control) by extension 'colcon_pkg'
[0.392s] Level 1:colcon.colcon_core.package_identification:_identify(src/my_robot_control) by extensions ['colcon_meta']
[0.392s] Level 1:colcon.colcon_core.package_identification:_identify(src/my_robot_control) by extension 'colcon_meta'
[0.392s] Level 1:colcon.colcon_core.package_identification:_identify(src/my_robot_control) by extensions ['ros']
[0.392s] Level 1:colcon.colcon_core.package_identification:_identify(src/my_robot_control) by extension 'ros'
[0.394s] DEBUG:colcon.colcon_core.package_identification:Found ROS schema reference in package manifest in 'src/my_robot_control'
[0.394s] WARNING:colcon.colcon_core.package_identification:Failed to parse ROS package manifest in 'src/my_robot_control': Error(s) in package 'src/my_robot_control/package.xml':
Error(s):
- The generic dependency on 'rclpy' is redundant with: exec_depend
- The generic dependency on 'moveit_py' is redundant with: exec_depend
- The generic dependency on 'moveit_msgs' is redundant with: exec_depend
[0.394s] Level 1:colcon.colcon_core.package_identification:_identify(src/my_robot_control) by extensions ['cmake', 'python']
[0.394s] Level 1:colcon.colcon_core.package_identification:_identify(src/my_robot_control) by extension 'cmake'
[0.394s] Level 1:colcon.colcon_core.package_identification:_identify(src/my_robot_control) by extension 'python'
[0.395s] DEBUG:colcon.colcon_core.package_identification:Python package in 'src/my_robot_control' passes arguments to the setup() function which requires a different identification extension than 'python'
[0.395s] Level 1:colcon.colcon_core.package_identification:_identify(src/my_robot_control) by extensions ['python_setup_py']
[0.395s] Level 1:colcon.colcon_core.package_identification:_identify(src/my_robot_control) by extension 'python_setup_py'
[0.640s] DEBUG:colcon.colcon_core.package_identification:Package 'src/my_robot_control' with type 'python' and name 'my_robot_control'
[0.640s] Level 1:colcon.colcon_core.package_discovery:discover_packages(recursive) using defaults
[0.640s] Level 1:colcon.colcon_core.package_discovery:discover_packages(ignore) discover
[0.640s] Level 1:colcon.colcon_core.package_discovery:discover_packages(ignore) using defaults
[0.640s] Level 1:colcon.colcon_core.package_discovery:discover_packages(path) discover
[0.640s] Level 1:colcon.colcon_core.package_discovery:discover_packages(path) using defaults
[0.660s] Level 1:colcon.colcon_core.package_discovery:discover_packages(prefix_path) check parameters
[0.661s] Level 1:colcon.colcon_core.package_discovery:discover_packages(prefix_path) discover
[0.663s] DEBUG:colcon.colcon_installed_package_information.package_discovery:Found 3 installed packages in /home/login/ros2_ws/install
[0.663s] DEBUG:colcon.colcon_installed_package_information.package_discovery:Found 11 installed packages in /home/login/install
[0.664s] DEBUG:colcon.colcon_installed_package_information.package_discovery:Found 8 installed packages in /home/login/ws_moveit/install
[0.666s] DEBUG:colcon.colcon_installed_package_information.package_discovery:Found 427 installed packages in /opt/ros/jazzy
[0.667s] Level 1:colcon.colcon_core.package_discovery:discover_packages(prefix_path) using defaults
[0.722s] Level 5:colcon.colcon_core.verb:set package 'moveit_task_constructor_msgs' build argument 'cmake_args' from command line to 'None'
[0.723s] Level 5:colcon.colcon_core.verb:set package 'moveit_task_constructor_msgs' build argument 'cmake_target' from command line to 'None'
[0.723s] Level 5:colcon.colcon_core.verb:set package 'moveit_task_constructor_msgs' build argument 'cmake_target_skip_unavailable' from command line to 'False'
[0.723s] Level 5:colcon.colcon_core.verb:set package 'moveit_task_constructor_msgs' build argument 'cmake_clean_cache' from command line to 'False'
[0.723s] Level 5:colcon.colcon_core.verb:set package 'moveit_task_constructor_msgs' build argument 'cmake_clean_first' from command line to 'False'
[0.723s] Level 5:colcon.colcon_core.verb:set package 'moveit_task_constructor_msgs' build argument 'cmake_force_configure' from command line to 'False'
[0.723s] Level 5:colcon.colcon_core.verb:set package 'moveit_task_constructor_msgs' build argument 'ament_cmake_args' from command line to 'None'
[0.723s] Level 5:colcon.colcon_core.verb:set package 'moveit_task_constructor_msgs' build argument 'catkin_cmake_args' from command line to 'None'
[0.723s] Level 5:colcon.colcon_core.verb:set package 'moveit_task_constructor_msgs' build argument 'catkin_skip_building_tests' from command line to 'False'
[0.723s] DEBUG:colcon.colcon_core.verb:Building package 'moveit_task_constructor_msgs' with the following arguments: {'ament_cmake_args': None, 'build_base': '/home/login/ws_moveit/build/moveit_task_constructor_msgs', 'catkin_cmake_args': None, 'catkin_skip_building_tests': False, 'cmake_args': None, 'cmake_clean_cache': False, 'cmake_clean_first': False, 'cmake_force_configure': False, 'cmake_target': None, 'cmake_target_skip_unavailable': False, 'install_base': '/home/login/ws_moveit/install/moveit_task_constructor_msgs', 'merge_install': False, 'path': '/home/login/ws_moveit/src/moveit_task_constructor/msgs', 'symlink_install': True, 'test_result_base': None}
[0.723s] Level 5:colcon.colcon_core.verb:set package 'my_robot_control' build argument 'cmake_args' from command line to 'None'
[0.723s] Level 5:colcon.colcon_core.verb:set package 'my_robot_control' build argument 'cmake_target' from command line to 'None'
[0.723s] Level 5:colcon.colcon_core.verb:set package 'my_robot_control' build argument 'cmake_target_skip_unavailable' from command line to 'False'
[0.723s] Level 5:colcon.colcon_core.verb:set package 'my_robot_control' build argument 'cmake_clean_cache' from command line to 'False'
[0.723s] Level 5:colcon.colcon_core.verb:set package 'my_robot_control' build argument 'cmake_clean_first' from command line to 'False'
[0.723s] Level 5:colcon.colcon_core.verb:set package 'my_robot_control' build argument 'cmake_force_configure' from command line to 'False'
[0.723s] Level 5:colcon.colcon_core.verb:set package 'my_robot_control' build argument 'ament_cmake_args' from command line to 'None'
[0.723s] Level 5:colcon.colcon_core.verb:set package 'my_robot_control' build argument 'catkin_cmake_args' from command line to 'None'
[0.723s] Level 5:colcon.colcon_core.verb:set package 'my_robot_control' build argument 'catkin_skip_building_tests' from command line to 'False'
[0.723s] DEBUG:colcon.colcon_core.verb:Building package 'my_robot_control' with the following arguments: {'ament_cmake_args': None, 'build_base': '/home/login/ws_moveit/build/my_robot_control', 'catkin_cmake_args': None, 'catkin_skip_building_tests': False, 'cmake_args': None, 'cmake_clean_cache': False, 'cmake_clean_first': False, 'cmake_force_configure': False, 'cmake_target': None, 'cmake_target_skip_unavailable': False, 'install_base': '/home/login/ws_moveit/install/my_robot_control', 'merge_install': False, 'path': '/home/login/ws_moveit/src/my_robot_control', 'symlink_install': True, 'test_result_base': None}
[0.723s] Level 5:colcon.colcon_core.verb:set package 'rviz_marker_tools' build argument 'cmake_args' from command line to 'None'
[0.724s] Level 5:colcon.colcon_core.verb:set package 'rviz_marker_tools' build argument 'cmake_target' from command line to 'None'
[0.724s] Level 5:colcon.colcon_core.verb:set package 'rviz_marker_tools' build argument 'cmake_target_skip_unavailable' from command line to 'False'
[0.724s] Level 5:colcon.colcon_core.verb:set package 'rviz_marker_tools' build argument 'cmake_clean_cache' from command line to 'False'
[0.724s] Level 5:colcon.colcon_core.verb:set package 'rviz_marker_tools' build argument 'cmake_clean_first' from command line to 'False'
[0.724s] Level 5:colcon.colcon_core.verb:set package 'rviz_marker_tools' build argument 'cmake_force_configure' from command line to 'False'
[0.724s] Level 5:colcon.colcon_core.verb:set package 'rviz_marker_tools' build argument 'ament_cmake_args' from command line to 'None'
[0.724s] Level 5:colcon.colcon_core.verb:set package 'rviz_marker_tools' build argument 'catkin_cmake_args' from command line to 'None'
[0.724s] Level 5:colcon.colcon_core.verb:set package 'rviz_marker_tools' build argument 'catkin_skip_building_tests' from command line to 'False'
[0.724s] DEBUG:colcon.colcon_core.verb:Building package 'rviz_marker_tools' with the following arguments: {'ament_cmake_args': None, 'build_base': '/home/login/ws_moveit/build/rviz_marker_tools', 'catkin_cmake_args': None, 'catkin_skip_building_tests': False, 'cmake_args': None, 'cmake_clean_cache': False, 'cmake_clean_first': False, 'cmake_force_configure': False, 'cmake_target': None, 'cmake_target_skip_unavailable': False, 'install_base': '/home/login/ws_moveit/install/rviz_marker_tools', 'merge_install': False, 'path': '/home/login/ws_moveit/src/moveit_task_constructor/rviz_marker_tools', 'symlink_install': True, 'test_result_base': None}
[0.724s] Level 5:colcon.colcon_core.verb:set package 'moveit_task_constructor_core' build argument 'cmake_args' from command line to 'None'
[0.724s] Level 5:colcon.colcon_core.verb:set package 'moveit_task_constructor_core' build argument 'cmake_target' from command line to 'None'
[0.724s] Level 5:colcon.colcon_core.verb:set package 'moveit_task_constructor_core' build argument 'cmake_target_skip_unavailable' from command line to 'False'
[0.724s] Level 5:colcon.colcon_core.verb:set package 'moveit_task_constructor_core' build argument 'cmake_clean_cache' from command line to 'False'
[0.724s] Level 5:colcon.colcon_core.verb:set package 'moveit_task_constructor_core' build argument 'cmake_clean_first' from command line to 'False'
[0.724s] Level 5:colcon.colcon_core.verb:set package 'moveit_task_constructor_core' build argument 'cmake_force_configure' from command line to 'False'
[0.724s] Level 5:colcon.colcon_core.verb:set package 'moveit_task_constructor_core' build argument 'ament_cmake_args' from command line to 'None'
[0.724s] Level 5:colcon.colcon_core.verb:set package 'moveit_task_constructor_core' build argument 'catkin_cmake_args' from command line to 'None'
[0.724s] Level 5:colcon.colcon_core.verb:set package 'moveit_task_constructor_core' build argument 'catkin_skip_building_tests' from command line to 'False'
[0.724s] DEBUG:colcon.colcon_core.verb:Building package 'moveit_task_constructor_core' with the following arguments: {'ament_cmake_args': None, 'build_base': '/home/login/ws_moveit/build/moveit_task_constructor_core', 'catkin_cmake_args': None, 'catkin_skip_building_tests': False, 'cmake_args': None, 'cmake_clean_cache': False, 'cmake_clean_first': False, 'cmake_force_configure': False, 'cmake_target': None, 'cmake_target_skip_unavailable': False, 'install_base': '/home/login/ws_moveit/install/moveit_task_constructor_core', 'merge_install': False, 'path': '/home/login/ws_moveit/src/moveit_task_constructor/core', 'symlink_install': True, 'test_result_base': None}
[0.724s] Level 5:colcon.colcon_core.verb:set package 'moveit2_tutorials' build argument 'cmake_args' from command line to 'None'
[0.724s] Level 5:colcon.colcon_core.verb:set package 'moveit2_tutorials' build argument 'cmake_target' from command line to 'None'
[0.724s] Level 5:colcon.colcon_core.verb:set package 'moveit2_tutorials' build argument 'cmake_target_skip_unavailable' from command line to 'False'
[0.724s] Level 5:colcon.colcon_core.verb:set package 'moveit2_tutorials' build argument 'cmake_clean_cache' from command line to 'False'
[0.724s] Level 5:colcon.colcon_core.verb:set package 'moveit2_tutorials' build argument 'cmake_clean_first' from command line to 'False'
[0.724s] Level 5:colcon.colcon_core.verb:set package 'moveit2_tutorials' build argument 'cmake_force_configure' from command line to 'False'
[0.725s] Level 5:colcon.colcon_core.verb:set package 'moveit2_tutorials' build argument 'ament_cmake_args' from command line to 'None'
[0.725s] Level 5:colcon.colcon_core.verb:set package 'moveit2_tutorials' build argument 'catkin_cmake_args' from command line to 'None'
[0.725s] Level 5:colcon.colcon_core.verb:set package 'moveit2_tutorials' build argument 'catkin_skip_building_tests' from command line to 'False'
[0.725s] DEBUG:colcon.colcon_core.verb:Building package 'moveit2_tutorials' with the following arguments: {'ament_cmake_args': None, 'build_base': '/home/login/ws_moveit/build/moveit2_tutorials', 'catkin_cmake_args': None, 'catkin_skip_building_tests': False, 'cmake_args': None, 'cmake_clean_cache': False, 'cmake_clean_first': False, 'cmake_force_configure': False, 'cmake_target': None, 'cmake_target_skip_unavailable': False, 'install_base': '/home/login/ws_moveit/install/moveit2_tutorials', 'merge_install': False, 'path': '/home/login/ws_moveit/src/moveit2_tutorials', 'symlink_install': True, 'test_result_base': None}
[0.725s] Level 5:colcon.colcon_core.verb:set package 'moveit_task_constructor_capabilities' build argument 'cmake_args' from command line to 'None'
[0.725s] Level 5:colcon.colcon_core.verb:set package 'moveit_task_constructor_capabilities' build argument 'cmake_target' from command line to 'None'
[0.725s] Level 5:colcon.colcon_core.verb:set package 'moveit_task_constructor_capabilities' build argument 'cmake_target_skip_unavailable' from command line to 'False'
[0.725s] Level 5:colcon.colcon_core.verb:set package 'moveit_task_constructor_capabilities' build argument 'cmake_clean_cache' from command line to 'False'
[0.725s] Level 5:colcon.colcon_core.verb:set package 'moveit_task_constructor_capabilities' build argument 'cmake_clean_first' from command line to 'False'
[0.725s] Level 5:colcon.colcon_core.verb:set package 'moveit_task_constructor_capabilities' build argument 'cmake_force_configure' from command line to 'False'
[0.725s] Level 5:colcon.colcon_core.verb:set package 'moveit_task_constructor_capabilities' build argument 'ament_cmake_args' from command line to 'None'
[0.725s] Level 5:colcon.colcon_core.verb:set package 'moveit_task_constructor_capabilities' build argument 'catkin_cmake_args' from command line to 'None'
[0.725s] Level 5:colcon.colcon_core.verb:set package 'moveit_task_constructor_capabilities' build argument 'catkin_skip_building_tests' from command line to 'False'
[0.725s] DEBUG:colcon.colcon_core.verb:Building package 'moveit_task_constructor_capabilities' with the following arguments: {'ament_cmake_args': None, 'build_base': '/home/login/ws_moveit/build/moveit_task_constructor_capabilities', 'catkin_cmake_args': None, 'catkin_skip_building_tests': False, 'cmake_args': None, 'cmake_clean_cache': False, 'cmake_clean_first': False, 'cmake_force_configure': False, 'cmake_target': None, 'cmake_target_skip_unavailable': False, 'install_base': '/home/login/ws_moveit/install/moveit_task_constructor_capabilities', 'merge_install': False, 'path': '/home/login/ws_moveit/src/moveit_task_constructor/capabilities', 'symlink_install': True, 'test_result_base': None}
[0.725s] Level 5:colcon.colcon_core.verb:set package 'moveit_task_constructor_visualization' build argument 'cmake_args' from command line to 'None'
[0.725s] Level 5:colcon.colcon_core.verb:set package 'moveit_task_constructor_visualization' build argument 'cmake_target' from command line to 'None'
[0.725s] Level 5:colcon.colcon_core.verb:set package 'moveit_task_constructor_visualization' build argument 'cmake_target_skip_unavailable' from command line to 'False'
[0.725s] Level 5:colcon.colcon_core.verb:set package 'moveit_task_constructor_visualization' build argument 'cmake_clean_cache' from command line to 'False'
[0.725s] Level 5:colcon.colcon_core.verb:set package 'moveit_task_constructor_visualization' build argument 'cmake_clean_first' from command line to 'False'
[0.725s] Level 5:colcon.colcon_core.verb:set package 'moveit_task_constructor_visualization' build argument 'cmake_force_configure' from command line to 'False'
[0.725s] Level 5:colcon.colcon_core.verb:set package 'moveit_task_constructor_visualization' build argument 'ament_cmake_args' from command line to 'None'
[0.725s] Level 5:colcon.colcon_core.verb:set package 'moveit_task_constructor_visualization' build argument 'catkin_cmake_args' from command line to 'None'
[0.725s] Level 5:colcon.colcon_core.verb:set package 'moveit_task_constructor_visualization' build argument 'catkin_skip_building_tests' from command line to 'False'
[0.725s] DEBUG:colcon.colcon_core.verb:Building package 'moveit_task_constructor_visualization' with the following arguments: {'ament_cmake_args': None, 'build_base': '/home/login/ws_moveit/build/moveit_task_constructor_visualization', 'catkin_cmake_args': None, 'catkin_skip_building_tests': False, 'cmake_args': None, 'cmake_clean_cache': False, 'cmake_clean_first': False, 'cmake_force_configure': False, 'cmake_target': None, 'cmake_target_skip_unavailable': False, 'install_base': '/home/login/ws_moveit/install/moveit_task_constructor_visualization', 'merge_install': False, 'path': '/home/login/ws_moveit/src/moveit_task_constructor/visualization', 'symlink_install': True, 'test_result_base': None}
[0.726s] Level 5:colcon.colcon_core.verb:set package 'moveit_task_constructor_demo' build argument 'cmake_args' from command line to 'None'
[0.726s] Level 5:colcon.colcon_core.verb:set package 'moveit_task_constructor_demo' build argument 'cmake_target' from command line to 'None'
[0.726s] Level 5:colcon.colcon_core.verb:set package 'moveit_task_constructor_demo' build argument 'cmake_target_skip_unavailable' from command line to 'False'
[0.726s] Level 5:colcon.colcon_core.verb:set package 'moveit_task_constructor_demo' build argument 'cmake_clean_cache' from command line to 'False'
[0.726s] Level 5:colcon.colcon_core.verb:set package 'moveit_task_constructor_demo' build argument 'cmake_clean_first' from command line to 'False'
[0.726s] Level 5:colcon.colcon_core.verb:set package 'moveit_task_constructor_demo' build argument 'cmake_force_configure' from command line to 'False'
[0.726s] Level 5:colcon.colcon_core.verb:set package 'moveit_task_constructor_demo' build argument 'ament_cmake_args' from command line to 'None'
[0.726s] Level 5:colcon.colcon_core.verb:set package 'moveit_task_constructor_demo' build argument 'catkin_cmake_args' from command line to 'None'
[0.726s] Level 5:colcon.colcon_core.verb:set package 'moveit_task_constructor_demo' build argument 'catkin_skip_building_tests' from command line to 'False'
[0.726s] DEBUG:colcon.colcon_core.verb:Building package 'moveit_task_constructor_demo' with the following arguments: {'ament_cmake_args': None, 'build_base': '/home/login/ws_moveit/build/moveit_task_constructor_demo', 'catkin_cmake_args': None, 'catkin_skip_building_tests': False, 'cmake_args': None, 'cmake_clean_cache': False, 'cmake_clean_first': False, 'cmake_force_configure': False, 'cmake_target': None, 'cmake_target_skip_unavailable': False, 'install_base': '/home/login/ws_moveit/install/moveit_task_constructor_demo', 'merge_install': False, 'path': '/home/login/ws_moveit/src/moveit_task_constructor/demo', 'symlink_install': True, 'test_result_base': None}
[0.726s] INFO:colcon.colcon_core.executor:Executing jobs using 'parallel' executor
[0.727s] DEBUG:colcon.colcon_parallel_executor.executor.parallel:run_until_complete
[0.727s] INFO:colcon.colcon_ros.task.ament_cmake.build:Building ROS package in '/home/login/ws_moveit/src/moveit_task_constructor/msgs' with build type 'ament_cmake'
[0.727s] INFO:colcon.colcon_cmake.task.cmake.build:Building CMake package in '/home/login/ws_moveit/src/moveit_task_constructor/msgs'
[0.730s] INFO:colcon.colcon_core.plugin_system:Skipping extension 'colcon_core.shell.bat': Not used on non-Windows systems
[0.730s] INFO:colcon.colcon_core.shell:Skip shell extension 'powershell' for command environment: Not usable outside of PowerShell
[0.730s] DEBUG:colcon.colcon_core.shell:Skip shell extension 'dsv' for command environment
[0.737s] INFO:colcon.colcon_ros.task.ament_cmake.build:Building ROS package in '/home/login/ws_moveit/src/moveit_task_constructor/rviz_marker_tools' with build type 'ament_cmake'
[0.737s] INFO:colcon.colcon_cmake.task.cmake.build:Building CMake package in '/home/login/ws_moveit/src/moveit_task_constructor/rviz_marker_tools'
[0.737s] INFO:colcon.colcon_core.shell:Skip shell extension 'powershell' for command environment: Not usable outside of PowerShell
[0.737s] DEBUG:colcon.colcon_core.shell:Skip shell extension 'dsv' for command environment
[0.745s] INFO:colcon.colcon_core.task.python.build:Building Python package in '/home/login/ws_moveit/src/my_robot_control'
[0.745s] INFO:colcon.colcon_core.shell:Skip shell extension 'powershell' for command environment: Not usable outside of PowerShell
[0.746s] DEBUG:colcon.colcon_core.shell:Skip shell extension 'dsv' for command environment
[0.758s] DEBUG:colcon.colcon_core.event_handler.log_command:Invoking command in '/home/login/ws_moveit/build/moveit_task_constructor_msgs': CMAKE_PREFIX_PATH=${CMAKE_PREFIX_PATH}:/home/login/ws_moveit/install/move_it:/home/login/install/move_it:/home/login/ros2_ws/install/my_test_pkg:/home/login/install/my_test_pkg:/opt/ros/jazzy /usr/bin/cmake /home/login/ws_moveit/src/moveit_task_constructor/msgs -DAMENT_CMAKE_SYMLINK_INSTALL=1 -DCMAKE_INSTALL_PREFIX=/home/login/ws_moveit/install/moveit_task_constructor_msgs
[0.769s] DEBUG:colcon.colcon_core.event_handler.log_command:Invoking command in '/home/login/ws_moveit/build/rviz_marker_tools': CMAKE_PREFIX_PATH=${CMAKE_PREFIX_PATH}:/home/login/ws_moveit/install/move_it:/home/login/install/move_it:/home/login/ros2_ws/install/my_test_pkg:/home/login/install/my_test_pkg:/opt/ros/jazzy /usr/bin/cmake /home/login/ws_moveit/src/moveit_task_constructor/rviz_marker_tools -DAMENT_CMAKE_SYMLINK_INSTALL=1 -DCMAKE_INSTALL_PREFIX=/home/login/ws_moveit/install/rviz_marker_tools
[2.081s] DEBUG:colcon.colcon_core.event_handler.log_command:Invoking command in '/home/login/ws_moveit/build/my_robot_control': PYTHONPATH=/home/login/ws_moveit/build/my_robot_control/prefix_override:/usr/lib/python3/dist-packages/colcon_core/task/python/colcon_distutils_commands:/home/login/ws_moveit/install/my_robot_control/lib/python3.12/site-packages:${PYTHONPATH} /usr/bin/python3 -W ignore:setup.py install is deprecated -W ignore:easy_install command is deprecated setup.py develop --editable --build-directory /home/login/ws_moveit/build/my_robot_control/build --no-deps symlink_data
[3.012s] Level 1:colcon.colcon_core.shell:create_environment_hook('my_robot_control', 'pythonpath_develop')
[3.013s] INFO:colcon.colcon_core.shell:Creating environment hook '/home/login/ws_moveit/build/my_robot_control/share/my_robot_control/hook/pythonpath_develop.ps1'
[3.014s] DEBUG:colcon.colcon_core.event_handler.log_command:Invoked command in '/home/login/ws_moveit/build/my_robot_control' returned '0': PYTHONPATH=/home/login/ws_moveit/build/my_robot_control/prefix_override:/usr/lib/python3/dist-packages/colcon_core/task/python/colcon_distutils_commands:/home/login/ws_moveit/install/my_robot_control/lib/python3.12/site-packages:${PYTHONPATH} /usr/bin/python3 -W ignore:setup.py install is deprecated -W ignore:easy_install command is deprecated setup.py develop --editable --build-directory /home/login/ws_moveit/build/my_robot_control/build --no-deps symlink_data
[3.016s] INFO:colcon.colcon_core.shell:Creating environment descriptor '/home/login/ws_moveit/build/my_robot_control/share/my_robot_control/hook/pythonpath_develop.dsv'
[3.017s] INFO:colcon.colcon_core.shell:Creating environment hook '/home/login/ws_moveit/build/my_robot_control/share/my_robot_control/hook/pythonpath_develop.sh'
[3.021s] Level 1:colcon.colcon_core.environment:checking '/home/login/ws_moveit/install/my_robot_control' for CMake module files
[3.022s] Level 1:colcon.colcon_core.environment:checking '/home/login/ws_moveit/install/my_robot_control' for CMake config files
[3.023s] Level 1:colcon.colcon_core.environment:checking '/home/login/ws_moveit/install/my_robot_control/lib'
[3.023s] Level 1:colcon.colcon_core.environment:checking '/home/login/ws_moveit/install/my_robot_control/bin'
[3.023s] Level 1:colcon.colcon_core.environment:checking '/home/login/ws_moveit/install/my_robot_control/lib/pkgconfig/my_robot_control.pc'
[3.024s] Level 1:colcon.colcon_core.environment:checking '/home/login/ws_moveit/install/my_robot_control/lib/python3.12/site-packages'
[3.024s] Level 1:colcon.colcon_core.shell:create_environment_hook('my_robot_control', 'pythonpath')
[3.025s] INFO:colcon.colcon_core.shell:Creating environment hook '/home/login/ws_moveit/install/my_robot_control/share/my_robot_control/hook/pythonpath.ps1'
[3.026s] INFO:colcon.colcon_core.shell:Creating environment descriptor '/home/login/ws_moveit/install/my_robot_control/share/my_robot_control/hook/pythonpath.dsv'
[3.027s] INFO:colcon.colcon_core.shell:Creating environment hook '/home/login/ws_moveit/install/my_robot_control/share/my_robot_control/hook/pythonpath.sh'
[3.027s] Level 1:colcon.colcon_core.environment:checking '/home/login/ws_moveit/install/my_robot_control/bin'
[3.027s] Level 1:colcon.colcon_core.environment:create_environment_scripts_only(my_robot_control)
[3.028s] INFO:colcon.colcon_core.shell:Creating package script '/home/login/ws_moveit/install/my_robot_control/share/my_robot_control/package.ps1'
[3.029s] INFO:colcon.colcon_core.shell:Creating package descriptor '/home/login/ws_moveit/install/my_robot_control/share/my_robot_control/package.dsv'
[3.029s] INFO:colcon.colcon_core.shell:Creating package script '/home/login/ws_moveit/install/my_robot_control/share/my_robot_control/package.sh'
[3.030s] INFO:colcon.colcon_core.shell:Creating package script '/home/login/ws_moveit/install/my_robot_control/share/my_robot_control/package.bash'
[3.031s] INFO:colcon.colcon_core.shell:Creating package script '/home/login/ws_moveit/install/my_robot_control/share/my_robot_control/package.zsh'
[3.031s] Level 1:colcon.colcon_core.environment:create_file_with_runtime_dependencies(/home/login/ws_moveit/install/my_robot_control/share/colcon-core/packages/my_robot_control)
[3.257s] DEBUG:colcon.colcon_core.event_handler.log_command:Invoked command in '/home/login/ws_moveit/build/rviz_marker_tools' returned '0': CMAKE_PREFIX_PATH=${CMAKE_PREFIX_PATH}:/home/login/ws_moveit/install/move_it:/home/login/install/move_it:/home/login/ros2_ws/install/my_test_pkg:/home/login/install/my_test_pkg:/opt/ros/jazzy /usr/bin/cmake /home/login/ws_moveit/src/moveit_task_constructor/rviz_marker_tools -DAMENT_CMAKE_SYMLINK_INSTALL=1 -DCMAKE_INSTALL_PREFIX=/home/login/ws_moveit/install/rviz_marker_tools
[3.258s] DEBUG:colcon.colcon_core.event_handler.log_command:Invoking command in '/home/login/ws_moveit/build/rviz_marker_tools': CMAKE_PREFIX_PATH=${CMAKE_PREFIX_PATH}:/home/login/ws_moveit/install/move_it:/home/login/install/move_it:/home/login/ros2_ws/install/my_test_pkg:/home/login/install/my_test_pkg:/opt/ros/jazzy /usr/bin/cmake --build /home/login/ws_moveit/build/rviz_marker_tools -- -j12 -l12
[3.393s] DEBUG:colcon.colcon_core.event_handler.log_command:Invoked command in '/home/login/ws_moveit/build/rviz_marker_tools' returned '0': CMAKE_PREFIX_PATH=${CMAKE_PREFIX_PATH}:/home/login/ws_moveit/install/move_it:/home/login/install/move_it:/home/login/ros2_ws/install/my_test_pkg:/home/login/install/my_test_pkg:/opt/ros/jazzy /usr/bin/cmake --build /home/login/ws_moveit/build/rviz_marker_tools -- -j12 -l12
[3.416s] DEBUG:colcon.colcon_core.event_handler.log_command:Invoking command in '/home/login/ws_moveit/build/rviz_marker_tools': CMAKE_PREFIX_PATH=${CMAKE_PREFIX_PATH}:/home/login/ws_moveit/install/move_it:/home/login/install/move_it:/home/login/ros2_ws/install/my_test_pkg:/home/login/install/my_test_pkg:/opt/ros/jazzy /usr/bin/cmake --install /home/login/ws_moveit/build/rviz_marker_tools
[3.800s] Level 1:colcon.colcon_core.environment:create_environment_scripts_only(rviz_marker_tools)
[3.800s] Level 1:colcon.colcon_core.environment:checking '/home/login/ws_moveit/install/rviz_marker_tools' for CMake module files
[3.801s] DEBUG:colcon.colcon_core.event_handler.log_command:Invoked command in '/home/login/ws_moveit/build/rviz_marker_tools' returned '0': CMAKE_PREFIX_PATH=${CMAKE_PREFIX_PATH}:/home/login/ws_moveit/install/move_it:/home/login/install/move_it:/home/login/ros2_ws/install/my_test_pkg:/home/login/install/my_test_pkg:/opt/ros/jazzy /usr/bin/cmake --install /home/login/ws_moveit/build/rviz_marker_tools
[3.801s] Level 1:colcon.colcon_core.environment:checking '/home/login/ws_moveit/install/rviz_marker_tools' for CMake config files
[3.802s] Level 1:colcon.colcon_core.shell:create_environment_hook('rviz_marker_tools', 'cmake_prefix_path')
[3.802s] INFO:colcon.colcon_core.shell:Creating environment hook '/home/login/ws_moveit/install/rviz_marker_tools/share/rviz_marker_tools/hook/cmake_prefix_path.ps1'
[3.803s] INFO:colcon.colcon_core.shell:Creating environment descriptor '/home/login/ws_moveit/install/rviz_marker_tools/share/rviz_marker_tools/hook/cmake_prefix_path.dsv'
[3.804s] INFO:colcon.colcon_core.shell:Creating environment hook '/home/login/ws_moveit/install/rviz_marker_tools/share/rviz_marker_tools/hook/cmake_prefix_path.sh'
[3.805s] Level 1:colcon.colcon_core.environment:checking '/home/login/ws_moveit/install/rviz_marker_tools/lib'
[3.806s] Level 1:colcon.colcon_core.shell:create_environment_hook('rviz_marker_tools', 'ld_library_path_lib')
[3.806s] INFO:colcon.colcon_core.shell:Creating environment hook '/home/login/ws_moveit/install/rviz_marker_tools/share/rviz_marker_tools/hook/ld_library_path_lib.ps1'
[3.807s] INFO:colcon.colcon_core.shell:Creating environment descriptor '/home/login/ws_moveit/install/rviz_marker_tools/share/rviz_marker_tools/hook/ld_library_path_lib.dsv'
[3.807s] INFO:colcon.colcon_core.shell:Creating environment hook '/home/login/ws_moveit/install/rviz_marker_tools/share/rviz_marker_tools/hook/ld_library_path_lib.sh'
[3.808s] Level 1:colcon.colcon_core.environment:checking '/home/login/ws_moveit/install/rviz_marker_tools/bin'
[3.808s] Level 1:colcon.colcon_core.environment:checking '/home/login/ws_moveit/install/rviz_marker_tools/lib/pkgconfig/rviz_marker_tools.pc'
[3.808s] Level 1:colcon.colcon_core.environment:checking '/home/login/ws_moveit/install/rviz_marker_tools/lib/python3.12/site-packages'
[3.809s] Level 1:colcon.colcon_core.environment:checking '/home/login/ws_moveit/install/rviz_marker_tools/bin'
[3.809s] INFO:colcon.colcon_core.shell:Creating package script '/home/login/ws_moveit/install/rviz_marker_tools/share/rviz_marker_tools/package.ps1'
[3.810s] INFO:colcon.colcon_core.shell:Creating package descriptor '/home/login/ws_moveit/install/rviz_marker_tools/share/rviz_marker_tools/package.dsv'
[3.810s] INFO:colcon.colcon_core.shell:Creating package script '/home/login/ws_moveit/install/rviz_marker_tools/share/rviz_marker_tools/package.sh'
[3.811s] INFO:colcon.colcon_core.shell:Creating package script '/home/login/ws_moveit/install/rviz_marker_tools/share/rviz_marker_tools/package.bash'
[3.812s] INFO:colcon.colcon_core.shell:Creating package script '/home/login/ws_moveit/install/rviz_marker_tools/share/rviz_marker_tools/package.zsh'
[3.812s] Level 1:colcon.colcon_core.environment:create_file_with_runtime_dependencies(/home/login/ws_moveit/install/rviz_marker_tools/share/colcon-core/packages/rviz_marker_tools)
[3.813s] Level 1:colcon.colcon_core.environment:create_environment_scripts_only(rviz_marker_tools)
[3.814s] Level 1:colcon.colcon_core.environment:checking '/home/login/ws_moveit/install/rviz_marker_tools' for CMake module files
[3.815s] Level 1:colcon.colcon_core.environment:checking '/home/login/ws_moveit/install/rviz_marker_tools' for CMake config files
[3.815s] Level 1:colcon.colcon_core.shell:create_environment_hook('rviz_marker_tools', 'cmake_prefix_path')
[3.816s] INFO:colcon.colcon_core.shell:Creating environment hook '/home/login/ws_moveit/install/rviz_marker_tools/share/rviz_marker_tools/hook/cmake_prefix_path.ps1'
[3.816s] INFO:colcon.colcon_core.shell:Creating environment descriptor '/home/login/ws_moveit/install/rviz_marker_tools/share/rviz_marker_tools/hook/cmake_prefix_path.dsv'
[3.817s] INFO:colcon.colcon_core.shell:Creating environment hook '/home/login/ws_moveit/install/rviz_marker_tools/share/rviz_marker_tools/hook/cmake_prefix_path.sh'
[3.817s] Level 1:colcon.colcon_core.environment:checking '/home/login/ws_moveit/install/rviz_marker_tools/lib'
[3.818s] Level 1:colcon.colcon_core.shell:create_environment_hook('rviz_marker_tools', 'ld_library_path_lib')
[3.818s] INFO:colcon.colcon_core.shell:Creating environment hook '/home/login/ws_moveit/install/rviz_marker_tools/share/rviz_marker_tools/hook/ld_library_path_lib.ps1'
[3.820s] INFO:colcon.colcon_core.shell:Creating environment descriptor '/home/login/ws_moveit/install/rviz_marker_tools/share/rviz_marker_tools/hook/ld_library_path_lib.dsv'
[3.823s] INFO:colcon.colcon_core.shell:Creating environment hook '/home/login/ws_moveit/install/rviz_marker_tools/share/rviz_marker_tools/hook/ld_library_path_lib.sh'
[3.825s] Level 1:colcon.colcon_core.environment:checking '/home/login/ws_moveit/install/rviz_marker_tools/bin'
[3.825s] Level 1:colcon.colcon_core.environment:checking '/home/login/ws_moveit/install/rviz_marker_tools/lib/pkgconfig/rviz_marker_tools.pc'
[3.826s] Level 1:colcon.colcon_core.environment:checking '/home/login/ws_moveit/install/rviz_marker_tools/lib/python3.12/site-packages'
[3.826s] Level 1:colcon.colcon_core.environment:checking '/home/login/ws_moveit/install/rviz_marker_tools/bin'
[3.827s] INFO:colcon.colcon_core.shell:Creating package script '/home/login/ws_moveit/install/rviz_marker_tools/share/rviz_marker_tools/package.ps1'
[3.828s] INFO:colcon.colcon_core.shell:Creating package descriptor '/home/login/ws_moveit/install/rviz_marker_tools/share/rviz_marker_tools/package.dsv'
[3.830s] INFO:colcon.colcon_core.shell:Creating package script '/home/login/ws_moveit/install/rviz_marker_tools/share/rviz_marker_tools/package.sh'
[3.830s] INFO:colcon.colcon_core.shell:Creating package script '/home/login/ws_moveit/install/rviz_marker_tools/share/rviz_marker_tools/package.bash'
[3.831s] INFO:colcon.colcon_core.shell:Creating package script '/home/login/ws_moveit/install/rviz_marker_tools/share/rviz_marker_tools/package.zsh'
[3.831s] Level 1:colcon.colcon_core.environment:create_file_with_runtime_dependencies(/home/login/ws_moveit/install/rviz_marker_tools/share/colcon-core/packages/rviz_marker_tools)
[4.720s] DEBUG:colcon.colcon_core.event_handler.log_command:Invoked command in '/home/login/ws_moveit/build/moveit_task_constructor_msgs' returned '0': CMAKE_PREFIX_PATH=${CMAKE_PREFIX_PATH}:/home/login/ws_moveit/install/move_it:/home/login/install/move_it:/home/login/ros2_ws/install/my_test_pkg:/home/login/install/my_test_pkg:/opt/ros/jazzy /usr/bin/cmake /home/login/ws_moveit/src/moveit_task_constructor/msgs -DAMENT_CMAKE_SYMLINK_INSTALL=1 -DCMAKE_INSTALL_PREFIX=/home/login/ws_moveit/install/moveit_task_constructor_msgs
[4.727s] DEBUG:colcon.colcon_core.event_handler.log_command:Invoking command in '/home/login/ws_moveit/build/moveit_task_constructor_msgs': CMAKE_PREFIX_PATH=${CMAKE_PREFIX_PATH}:/home/login/ws_moveit/install/move_it:/home/login/install/move_it:/home/login/ros2_ws/install/my_test_pkg:/home/login/install/my_test_pkg:/opt/ros/jazzy /usr/bin/cmake --build /home/login/ws_moveit/build/moveit_task_constructor_msgs -- -j12 -l12
[4.846s] DEBUG:colcon.colcon_core.event_handler.log_command:Invoked command in '/home/login/ws_moveit/build/moveit_task_constructor_msgs' returned '2': CMAKE_PREFIX_PATH=${CMAKE_PREFIX_PATH}:/home/login/ws_moveit/install/move_it:/home/login/install/move_it:/home/login/ros2_ws/install/my_test_pkg:/home/login/install/my_test_pkg:/opt/ros/jazzy /usr/bin/cmake --build /home/login/ws_moveit/build/moveit_task_constructor_msgs -- -j12 -l12
[4.847s] Level 1:colcon.colcon_core.environment:create_environment_scripts_only(moveit_task_constructor_msgs)
[4.847s] Level 1:colcon.colcon_core.environment:checking '/home/login/ws_moveit/install/moveit_task_constructor_msgs' for CMake module files
[4.848s] Level 1:colcon.colcon_core.environment:checking '/home/login/ws_moveit/install/moveit_task_constructor_msgs' for CMake config files
[4.849s] Level 1:colcon.colcon_core.shell:create_environment_hook('moveit_task_constructor_msgs', 'cmake_prefix_path')
[4.849s] INFO:colcon.colcon_core.shell:Creating environment hook '/home/login/ws_moveit/install/moveit_task_constructor_msgs/share/moveit_task_constructor_msgs/hook/cmake_prefix_path.ps1'
[4.850s] INFO:colcon.colcon_core.shell:Creating environment descriptor '/home/login/ws_moveit/install/moveit_task_constructor_msgs/share/moveit_task_constructor_msgs/hook/cmake_prefix_path.dsv'
[4.851s] INFO:colcon.colcon_core.shell:Creating environment hook '/home/login/ws_moveit/install/moveit_task_constructor_msgs/share/moveit_task_constructor_msgs/hook/cmake_prefix_path.sh'
[4.852s] Level 1:colcon.colcon_core.environment:checking '/home/login/ws_moveit/install/moveit_task_constructor_msgs/lib'
[4.852s] Level 1:colcon.colcon_core.shell:create_environment_hook('moveit_task_constructor_msgs', 'ld_library_path_lib')
[4.852s] INFO:colcon.colcon_core.shell:Creating environment hook '/home/login/ws_moveit/install/moveit_task_constructor_msgs/share/moveit_task_constructor_msgs/hook/ld_library_path_lib.ps1'
[4.853s] INFO:colcon.colcon_core.shell:Creating environment descriptor '/home/login/ws_moveit/install/moveit_task_constructor_msgs/share/moveit_task_constructor_msgs/hook/ld_library_path_lib.dsv'
[4.855s] INFO:colcon.colcon_core.shell:Creating environment hook '/home/login/ws_moveit/install/moveit_task_constructor_msgs/share/moveit_task_constructor_msgs/hook/ld_library_path_lib.sh'
[4.856s] Level 1:colcon.colcon_core.environment:checking '/home/login/ws_moveit/install/moveit_task_constructor_msgs/bin'
[4.856s] Level 1:colcon.colcon_core.environment:checking '/home/login/ws_moveit/install/moveit_task_constructor_msgs/lib/pkgconfig/moveit_task_constructor_msgs.pc'
[4.857s] Level 1:colcon.colcon_core.environment:checking '/home/login/ws_moveit/install/moveit_task_constructor_msgs/lib/python3.12/site-packages'
[4.857s] Level 1:colcon.colcon_core.shell:create_environment_hook('moveit_task_constructor_msgs', 'pythonpath')
[4.857s] INFO:colcon.colcon_core.shell:Creating environment hook '/home/login/ws_moveit/install/moveit_task_constructor_msgs/share/moveit_task_constructor_msgs/hook/pythonpath.ps1'
[4.859s] INFO:colcon.colcon_core.shell:Creating environment descriptor '/home/login/ws_moveit/install/moveit_task_constructor_msgs/share/moveit_task_constructor_msgs/hook/pythonpath.dsv'
[4.859s] INFO:colcon.colcon_core.shell:Creating environment hook '/home/login/ws_moveit/install/moveit_task_constructor_msgs/share/moveit_task_constructor_msgs/hook/pythonpath.sh'
[4.860s] Level 1:colcon.colcon_core.environment:checking '/home/login/ws_moveit/install/moveit_task_constructor_msgs/bin'
[4.860s] INFO:colcon.colcon_core.shell:Creating package script '/home/login/ws_moveit/install/moveit_task_constructor_msgs/share/moveit_task_constructor_msgs/package.ps1'
[4.861s] INFO:colcon.colcon_core.shell:Creating package descriptor '/home/login/ws_moveit/install/moveit_task_constructor_msgs/share/moveit_task_constructor_msgs/package.dsv'
[4.862s] INFO:colcon.colcon_core.shell:Creating package script '/home/login/ws_moveit/install/moveit_task_constructor_msgs/share/moveit_task_constructor_msgs/package.sh'
[4.862s] INFO:colcon.colcon_core.shell:Creating package script '/home/login/ws_moveit/install/moveit_task_constructor_msgs/share/moveit_task_constructor_msgs/package.bash'
[4.863s] INFO:colcon.colcon_core.shell:Creating package script '/home/login/ws_moveit/install/moveit_task_constructor_msgs/share/moveit_task_constructor_msgs/package.zsh'
[4.863s] Level 1:colcon.colcon_core.environment:create_file_with_runtime_dependencies(/home/login/ws_moveit/install/moveit_task_constructor_msgs/share/colcon-core/packages/moveit_task_constructor_msgs)
[4.864s] DEBUG:colcon.colcon_parallel_executor.executor.parallel:closing loop
[4.865s] DEBUG:colcon.colcon_parallel_executor.executor.parallel:loop closed
[4.865s] DEBUG:colcon.colcon_parallel_executor.executor.parallel:run_until_complete finished with '2'
[4.865s] DEBUG:colcon.colcon_core.event_reactor:joining thread
[5.104s] INFO:colcon.colcon_core.plugin_system:Skipping extension 'colcon_notification.desktop_notification.notify_send': Could not find 'notify-send'
[5.104s] INFO:colcon.colcon_core.plugin_system:Skipping extension 'colcon_notification.desktop_notification.terminal_notifier': Not used on non-Darwin systems
[5.104s] INFO:colcon.colcon_core.plugin_system:Skipping extension 'colcon_notification.desktop_notification.win32': Not used on non-Windows systems
[5.104s] INFO:colcon.colcon_notification.desktop_notification:Sending desktop notification using 'notify2'
[5.106s] DEBUG:colcon.colcon_notification.desktop_notification.notify2:Failed to initialize notify2: org.freedesktop.DBus.Error.ServiceUnknown: The name org.freedesktop.Notifications was not provided by any .service files
[5.106s] DEBUG:colcon.colcon_core.event_reactor:joined thread
[5.107s] INFO:colcon.colcon_core.shell:Creating prefix script '/home/login/ws_moveit/install/local_setup.ps1'
[5.109s] INFO:colcon.colcon_core.shell:Creating prefix util module '/home/login/ws_moveit/install/_local_setup_util_ps1.py'
[5.113s] INFO:colcon.colcon_core.shell:Creating prefix chain script '/home/login/ws_moveit/install/setup.ps1'
[5.118s] INFO:colcon.colcon_core.shell:Creating prefix script '/home/login/ws_moveit/install/local_setup.sh'
[5.119s] INFO:colcon.colcon_core.shell:Creating prefix util module '/home/login/ws_moveit/install/_local_setup_util_sh.py'
[5.120s] INFO:colcon.colcon_core.shell:Creating prefix chain script '/home/login/ws_moveit/install/setup.sh'
[5.124s] INFO:colcon.colcon_core.shell:Creating prefix script '/home/login/ws_moveit/install/local_setup.bash'
[5.125s] INFO:colcon.colcon_core.shell:Creating prefix chain script '/home/login/ws_moveit/install/setup.bash'
[5.128s] INFO:colcon.colcon_core.shell:Creating prefix script '/home/login/ws_moveit/install/local_setup.zsh'
[5.130s] INFO:colcon.colcon_core.shell:Creating prefix chain script '/home/login/ws_moveit/install/setup.zsh'
