[0.018s] Invoking command in '/home/login/ws_moveit/src/moveit_task_constructor/demo/build/moveit_task_constructor_demo': CMAKE_PREFIX_PATH=${CMAKE_PREFIX_PATH}:/home/login/ros2_ws/install/my_test_pkg:/home/login/install/my_test_pkg:/opt/ros/jazzy /usr/bin/cmake --build /home/login/ws_moveit/src/moveit_task_constructor/demo/build/moveit_task_constructor_demo -- -j12 -l12
[0.094s] -- Found ament_cmake: 2.5.4 (/opt/ros/jazzy/share/ament_cmake/cmake)
[0.331s] -- Found generate_parameter_library: 0.5.0 (/opt/ros/jazzy/share/generate_parameter_library/cmake)
[0.334s] -- Found parameter_traits: 0.5.0 (/opt/ros/jazzy/share/parameter_traits/cmake)
[0.620s] -- Found rosidl_generator_c: 4.6.5 (/opt/ros/jazzy/share/rosidl_generator_c/cmake)
[0.633s] -- Found rosidl_generator_cpp: 4.6.5 (/opt/ros/jazzy/share/rosidl_generator_cpp/cmake)
[0.653s] -- Using all available rosidl_typesupport_c: rosidl_typesupport_fastrtps_c;rosidl_typesupport_introspection_c
[0.674s] -- Using all available rosidl_typesupport_cpp: rosidl_typesupport_fastrtps_cpp;rosidl_typesupport_introspection_cpp
[0.766s] -- Found rmw_implementation_cmake: 7.3.2 (/opt/ros/jazzy/share/rmw_implementation_cmake/cmake)
[0.770s] -- Found rmw_fastrtps_cpp: 8.4.2 (/opt/ros/jazzy/share/rmw_fastrtps_cpp/cmake)
[1.133s] -- Using RMW implementation 'rmw_fastrtps_cpp' as default
[1.451s] -- Found rclcpp_lifecycle: 28.1.10 (/opt/ros/jazzy/share/rclcpp_lifecycle/cmake)
[1.492s] -- Found moveit_common: 2.12.3 (/opt/ros/jazzy/share/moveit_common/cmake)
[1.579s] [0mmoveit_task_constructor_demo: You did not request a specific build type: Choosing 'Release' for maximum performance[0m
[1.580s] -- Found moveit_core: 2.12.3 (/opt/ros/jazzy/share/moveit_core/cmake)
[1.609s] -- Found Boost: /usr/lib/x86_64-linux-gnu/cmake/Boost-1.83.0/BoostConfig.cmake (found version "1.83.0") found components: chrono date_time filesystem iostreams program_options regex serialization system thread 
[3.157s] -- Found Boost: /usr/lib/x86_64-linux-gnu/cmake/Boost-1.83.0/BoostConfig.cmake (found version "1.83.0") found components: filesystem 
[3.320s] -- Ensuring Eigen3 include directory is part of orocos-kdl CMake target
[3.739s] -- Found moveit_ros_planning: 2.12.3 (/opt/ros/jazzy/share/moveit_ros_planning/cmake)
[3.744s] -- Found Boost: /usr/lib/x86_64-linux-gnu/cmake/Boost-1.83.0/BoostConfig.cmake (found version "1.83.0") found components: system filesystem date_time program_options thread chrono 
[3.793s] -- Found moveit_ros_planning_interface: 2.12.3 (/opt/ros/jazzy/share/moveit_ros_planning_interface/cmake)
[3.798s] -- Found Boost: /usr/lib/x86_64-linux-gnu/cmake/Boost-1.83.0/BoostConfig.cmake (found version "1.83.0") found components: date_time filesystem program_options system thread 
[3.816s] -- Found Boost: /usr/lib/x86_64-linux-gnu/cmake/Boost-1.83.0/BoostConfig.cmake (found version "1.83.0") found components: thread system filesystem regex date_time program_options 
[3.846s] -- Found Boost: /usr/lib/x86_64-linux-gnu/cmake/Boost-1.83.0/BoostConfig.cmake (found version "1.83.0") found components: system filesystem date_time program_options thread 
[3.895s] -- Found moveit_task_constructor_core: 0.1.3 (/home/login/ws_moveit/install/moveit_task_constructor_core/share/moveit_task_constructor_core/cmake)
[4.041s] -- Configuring done (4.0s)
[4.221s] -- Generating done (0.1s)
[4.252s] -- Build files have been written to: /home/login/ws_moveit/src/moveit_task_constructor/demo/build/moveit_task_constructor_demo
[4.307s] [ 22%] Built target pick_place_demo_parameters
[4.307s] [ 22%] Built target ik_clearance_cost_parameters
[4.336s] [ 33%] Built target moveit_task_constructor_demo_cartesian
[4.336s] [ 44%] Built target moveit_task_constructor_demo_modular
[4.341s] [ 55%] Built target moveit_task_constructor_demo_alternative_path_costs
[4.343s] [ 66%] Built target moveit_task_constructor_demo_fallbacks_move_to
[4.361s] [ 77%] Built target moveit_task_constructor_demo_ik_clearance_cost
[4.365s] [ 88%] Built target moveit_task_constructor_demo_pick_place_task
[4.418s] [100%] Built target moveit_task_constructor_demo_pick_place_demo
[4.432s] Invoked command in '/home/login/ws_moveit/src/moveit_task_constructor/demo/build/moveit_task_constructor_demo' returned '0': CMAKE_PREFIX_PATH=${CMAKE_PREFIX_PATH}:/home/login/ros2_ws/install/my_test_pkg:/home/login/install/my_test_pkg:/opt/ros/jazzy /usr/bin/cmake --build /home/login/ws_moveit/src/moveit_task_constructor/demo/build/moveit_task_constructor_demo -- -j12 -l12
[4.444s] Invoking command in '/home/login/ws_moveit/src/moveit_task_constructor/demo/build/moveit_task_constructor_demo': CMAKE_PREFIX_PATH=${CMAKE_PREFIX_PATH}:/home/login/ros2_ws/install/my_test_pkg:/home/login/install/my_test_pkg:/opt/ros/jazzy /usr/bin/cmake --install /home/login/ws_moveit/src/moveit_task_constructor/demo/build/moveit_task_constructor_demo
[4.453s] -- Install configuration: "Release"
[4.454s] -- Up-to-date: /home/login/ws_moveit/src/moveit_task_constructor/demo/install/moveit_task_constructor_demo/lib/libmoveit_task_constructor_demo_pick_place_task.so
[4.455s] -- Up-to-date: /home/login/ws_moveit/src/moveit_task_constructor/demo/install/moveit_task_constructor_demo/lib/moveit_task_constructor_demo/cartesian
[4.456s] -- Up-to-date: /home/login/ws_moveit/src/moveit_task_constructor/demo/install/moveit_task_constructor_demo/lib/moveit_task_constructor_demo/modular
[4.457s] -- Up-to-date: /home/login/ws_moveit/src/moveit_task_constructor/demo/install/moveit_task_constructor_demo/lib/moveit_task_constructor_demo/alternative_path_costs
[4.458s] -- Up-to-date: /home/login/ws_moveit/src/moveit_task_constructor/demo/install/moveit_task_constructor_demo/include/moveit_task_constructor_demo
[4.458s] -- Up-to-date: /home/login/ws_moveit/src/moveit_task_constructor/demo/install/moveit_task_constructor_demo/include/moveit_task_constructor_demo/ik_clearance_cost_parameters.hpp
[4.458s] -- Up-to-date: /home/login/ws_moveit/src/moveit_task_constructor/demo/install/moveit_task_constructor_demo/include/moveit_task_constructor_demo/pick_place_demo_parameters.hpp
[4.459s] -- Up-to-date: /home/login/ws_moveit/src/moveit_task_constructor/demo/install/moveit_task_constructor_demo/lib/moveit_task_constructor_demo/ik_clearance_cost
[4.460s] -- Up-to-date: /home/login/ws_moveit/src/moveit_task_constructor/demo/install/moveit_task_constructor_demo/lib/moveit_task_constructor_demo/fallbacks_move_to
[4.460s] -- Up-to-date: /home/login/ws_moveit/src/moveit_task_constructor/demo/install/moveit_task_constructor_demo/include/moveit_task_constructor_demo
[4.461s] -- Up-to-date: /home/login/ws_moveit/src/moveit_task_constructor/demo/install/moveit_task_constructor_demo/include/moveit_task_constructor_demo/ik_clearance_cost_parameters.hpp
[4.461s] -- Up-to-date: /home/login/ws_moveit/src/moveit_task_constructor/demo/install/moveit_task_constructor_demo/include/moveit_task_constructor_demo/pick_place_demo_parameters.hpp
[4.461s] -- Up-to-date: /home/login/ws_moveit/src/moveit_task_constructor/demo/install/moveit_task_constructor_demo/lib/moveit_task_constructor_demo/pick_place_demo
[4.462s] -- Up-to-date: /home/login/ws_moveit/src/moveit_task_constructor/demo/install/moveit_task_constructor_demo/lib/moveit_task_constructor_demo/alternatives.py
[4.462s] -- Up-to-date: /home/login/ws_moveit/src/moveit_task_constructor/demo/install/moveit_task_constructor_demo/lib/moveit_task_constructor_demo/cartesian.py
[4.462s] -- Up-to-date: /home/login/ws_moveit/src/moveit_task_constructor/demo/install/moveit_task_constructor_demo/lib/moveit_task_constructor_demo/compute_ik.py
[4.463s] -- Up-to-date: /home/login/ws_moveit/src/moveit_task_constructor/demo/install/moveit_task_constructor_demo/lib/moveit_task_constructor_demo/constrained.py
[4.463s] -- Up-to-date: /home/login/ws_moveit/src/moveit_task_constructor/demo/install/moveit_task_constructor_demo/lib/moveit_task_constructor_demo/current_state.py
[4.463s] -- Up-to-date: /home/login/ws_moveit/src/moveit_task_constructor/demo/install/moveit_task_constructor_demo/lib/moveit_task_constructor_demo/fallbacks.py
[4.463s] -- Up-to-date: /home/login/ws_moveit/src/moveit_task_constructor/demo/install/moveit_task_constructor_demo/lib/moveit_task_constructor_demo/fix_collision_objects.py
[4.464s] -- Up-to-date: /home/login/ws_moveit/src/moveit_task_constructor/demo/install/moveit_task_constructor_demo/lib/moveit_task_constructor_demo/fixed_state.py
[4.464s] -- Up-to-date: /home/login/ws_moveit/src/moveit_task_constructor/demo/install/moveit_task_constructor_demo/lib/moveit_task_constructor_demo/generate_pose.py
[4.464s] -- Up-to-date: /home/login/ws_moveit/src/moveit_task_constructor/demo/install/moveit_task_constructor_demo/lib/moveit_task_constructor_demo/merger.py
[4.464s] -- Up-to-date: /home/login/ws_moveit/src/moveit_task_constructor/demo/install/moveit_task_constructor_demo/lib/moveit_task_constructor_demo/modify_planning_scene.py
[4.464s] -- Up-to-date: /home/login/ws_moveit/src/moveit_task_constructor/demo/install/moveit_task_constructor_demo/lib/moveit_task_constructor_demo/multi_planner.py
[4.464s] -- Up-to-date: /home/login/ws_moveit/src/moveit_task_constructor/demo/install/moveit_task_constructor_demo/lib/moveit_task_constructor_demo/pickplace.py
[4.464s] -- Up-to-date: /home/login/ws_moveit/src/moveit_task_constructor/demo/install/moveit_task_constructor_demo/lib/moveit_task_constructor_demo/properties.py
[4.465s] -- Installing: /home/login/ws_moveit/src/moveit_task_constructor/demo/install/moveit_task_constructor_demo/lib/moveit_task_constructor_demo/ur5_cli_goal.py
[4.465s] -- Up-to-date: /home/login/ws_moveit/src/moveit_task_constructor/demo/install/moveit_task_constructor_demo/share/moveit_task_constructor_demo/launch
[4.465s] -- Up-to-date: /home/login/ws_moveit/src/moveit_task_constructor/demo/install/moveit_task_constructor_demo/share/moveit_task_constructor_demo/launch/run.launch.py
[4.465s] -- Up-to-date: /home/login/ws_moveit/src/moveit_task_constructor/demo/install/moveit_task_constructor_demo/share/moveit_task_constructor_demo/launch/demo.launch.py
[4.466s] -- Up-to-date: /home/login/ws_moveit/src/moveit_task_constructor/demo/install/moveit_task_constructor_demo/share/moveit_task_constructor_demo/config
[4.466s] -- Installing: /home/login/ws_moveit/src/moveit_task_constructor/demo/install/moveit_task_constructor_demo/share/moveit_task_constructor_demo/config/mtc.rviz
[4.466s] -- Up-to-date: /home/login/ws_moveit/src/moveit_task_constructor/demo/install/moveit_task_constructor_demo/share/moveit_task_constructor_demo/config/panda_config.yaml
[4.466s] -- Up-to-date: /home/login/ws_moveit/src/moveit_task_constructor/demo/install/moveit_task_constructor_demo/share/ament_index/resource_index/package_run_dependencies/moveit_task_constructor_demo
[4.466s] -- Installing: /home/login/ws_moveit/src/moveit_task_constructor/demo/install/moveit_task_constructor_demo/share/ament_index/resource_index/parent_prefix_path/moveit_task_constructor_demo
[4.466s] -- Up-to-date: /home/login/ws_moveit/src/moveit_task_constructor/demo/install/moveit_task_constructor_demo/share/moveit_task_constructor_demo/environment/ament_prefix_path.sh
[4.466s] -- Up-to-date: /home/login/ws_moveit/src/moveit_task_constructor/demo/install/moveit_task_constructor_demo/share/moveit_task_constructor_demo/environment/ament_prefix_path.dsv
[4.466s] -- Up-to-date: /home/login/ws_moveit/src/moveit_task_constructor/demo/install/moveit_task_constructor_demo/share/moveit_task_constructor_demo/environment/path.sh
[4.466s] -- Up-to-date: /home/login/ws_moveit/src/moveit_task_constructor/demo/install/moveit_task_constructor_demo/share/moveit_task_constructor_demo/environment/path.dsv
[4.466s] -- Up-to-date: /home/login/ws_moveit/src/moveit_task_constructor/demo/install/moveit_task_constructor_demo/share/moveit_task_constructor_demo/local_setup.bash
[4.467s] -- Up-to-date: /home/login/ws_moveit/src/moveit_task_constructor/demo/install/moveit_task_constructor_demo/share/moveit_task_constructor_demo/local_setup.sh
[4.467s] -- Up-to-date: /home/login/ws_moveit/src/moveit_task_constructor/demo/install/moveit_task_constructor_demo/share/moveit_task_constructor_demo/local_setup.zsh
[4.467s] -- Up-to-date: /home/login/ws_moveit/src/moveit_task_constructor/demo/install/moveit_task_constructor_demo/share/moveit_task_constructor_demo/local_setup.dsv
[4.467s] -- Installing: /home/login/ws_moveit/src/moveit_task_constructor/demo/install/moveit_task_constructor_demo/share/moveit_task_constructor_demo/package.dsv
[4.467s] -- Up-to-date: /home/login/ws_moveit/src/moveit_task_constructor/demo/install/moveit_task_constructor_demo/share/ament_index/resource_index/packages/moveit_task_constructor_demo
[4.467s] -- Up-to-date: /home/login/ws_moveit/src/moveit_task_constructor/demo/install/moveit_task_constructor_demo/share/moveit_task_constructor_demo/cmake/moveit_task_constructor_demoConfig.cmake
[4.467s] -- Up-to-date: /home/login/ws_moveit/src/moveit_task_constructor/demo/install/moveit_task_constructor_demo/share/moveit_task_constructor_demo/cmake/moveit_task_constructor_demoConfig-version.cmake
[4.467s] -- Up-to-date: /home/login/ws_moveit/src/moveit_task_constructor/demo/install/moveit_task_constructor_demo/share/moveit_task_constructor_demo/package.xml
[4.469s] Invoked command in '/home/login/ws_moveit/src/moveit_task_constructor/demo/build/moveit_task_constructor_demo' returned '0': CMAKE_PREFIX_PATH=${CMAKE_PREFIX_PATH}:/home/login/ros2_ws/install/my_test_pkg:/home/login/install/my_test_pkg:/opt/ros/jazzy /usr/bin/cmake --install /home/login/ws_moveit/src/moveit_task_constructor/demo/build/moveit_task_constructor_demo
