[0.227s] DEBUG:colcon:Command line arguments: ['/usr/bin/colcon', 'build', '--packages-select', 'move_it']
[0.227s] DEBUG:colcon:Parsed command line arguments: Namespace(log_base=None, log_level=None, verb_name='build', build_base='build', install_base='install', merge_install=False, symlink_install=False, test_result_base=None, continue_on_error=False, executor='parallel', parallel_workers=12, event_handlers=None, ignore_user_meta=False, metas=['./colcon.meta'], base_paths=['.'], packages_ignore=None, packages_ignore_regex=None, paths=None, packages_up_to=None, packages_up_to_regex=None, packages_above=None, packages_above_and_dependencies=None, packages_above_depth=None, packages_select_by_dep=None, packages_skip_by_dep=None, packages_skip_up_to=None, packages_select_build_failed=False, packages_skip_build_finished=False, packages_select_test_failures=False, packages_skip_test_passed=False, packages_select=['move_it'], packages_skip=None, packages_select_regex=None, packages_skip_regex=None, packages_start=None, packages_end=None, allow_overriding=[], cmake_args=None, cmake_target=None, cmake_target_skip_unavailable=False, cmake_clean_cache=False, cmake_clean_first=False, cmake_force_configure=False, ament_cmake_args=None, catkin_cmake_args=None, catkin_skip_building_tests=False, mixin_files=None, mixin=None, verb_parser=<colcon_mixin.mixin.mixin_argument.MixinArgumentDecorator object at 0x7f4dc346d700>, verb_extension=<colcon_core.verb.build.BuildVerb object at 0x7f4dc346d460>, main=<bound method BuildVerb.main of <colcon_core.verb.build.BuildVerb object at 0x7f4dc346d460>>, mixin_verb=('build',))
[0.261s] Level 1:colcon.colcon_core.package_discovery:discover_packages(colcon_meta) check parameters
[0.261s] Level 1:colcon.colcon_core.package_discovery:discover_packages(recursive) check parameters
[0.261s] Level 1:colcon.colcon_core.package_discovery:discover_packages(ignore) check parameters
[0.261s] Level 1:colcon.colcon_core.package_discovery:discover_packages(path) check parameters
[0.261s] Level 1:colcon.colcon_core.package_discovery:discover_packages(colcon_meta) discover
[0.261s] Level 1:colcon.colcon_core.package_discovery:discover_packages(recursive) discover
[0.261s] INFO:colcon.colcon_core.package_discovery:Crawling recursively for packages in '/home/login/ws_moveit/src'
[0.261s] Level 1:colcon.colcon_core.package_identification:_identify(.) by extensions ['ignore', 'ignore_ament_install']
[0.262s] Level 1:colcon.colcon_core.package_identification:_identify(.) by extension 'ignore'
[0.262s] Level 1:colcon.colcon_core.package_identification:_identify(.) by extension 'ignore_ament_install'
[0.262s] Level 1:colcon.colcon_core.package_identification:_identify(.) by extensions ['colcon_pkg']
[0.262s] Level 1:colcon.colcon_core.package_identification:_identify(.) by extension 'colcon_pkg'
[0.262s] Level 1:colcon.colcon_core.package_identification:_identify(.) by extensions ['colcon_meta']
[0.262s] Level 1:colcon.colcon_core.package_identification:_identify(.) by extension 'colcon_meta'
[0.262s] Level 1:colcon.colcon_core.package_identification:_identify(.) by extensions ['ros']
[0.262s] Level 1:colcon.colcon_core.package_identification:_identify(.) by extension 'ros'
[0.284s] Level 1:colcon.colcon_core.package_identification:_identify(.) by extensions ['cmake', 'python']
[0.284s] Level 1:colcon.colcon_core.package_identification:_identify(.) by extension 'cmake'
[0.285s] Level 1:colcon.colcon_core.package_identification:_identify(.) by extension 'python'
[0.285s] Level 1:colcon.colcon_core.package_identification:_identify(.) by extensions ['python_setup_py']
[0.285s] Level 1:colcon.colcon_core.package_identification:_identify(.) by extension 'python_setup_py'
[0.285s] Level 1:colcon.colcon_core.package_identification:_identify(build) by extensions ['ignore', 'ignore_ament_install']
[0.285s] Level 1:colcon.colcon_core.package_identification:_identify(build) by extension 'ignore'
[0.285s] Level 1:colcon.colcon_core.package_identification:_identify(build) ignored
[0.285s] Level 1:colcon.colcon_core.package_identification:_identify(install) by extensions ['ignore', 'ignore_ament_install']
[0.285s] Level 1:colcon.colcon_core.package_identification:_identify(install) by extension 'ignore'
[0.285s] Level 1:colcon.colcon_core.package_identification:_identify(install) ignored
[0.285s] Level 1:colcon.colcon_core.package_identification:_identify(log) by extensions ['ignore', 'ignore_ament_install']
[0.285s] Level 1:colcon.colcon_core.package_identification:_identify(log) by extension 'ignore'
[0.285s] Level 1:colcon.colcon_core.package_identification:_identify(log) ignored
[0.286s] Level 1:colcon.colcon_core.package_identification:_identify(move_it) by extensions ['ignore', 'ignore_ament_install']
[0.286s] Level 1:colcon.colcon_core.package_identification:_identify(move_it) by extension 'ignore'
[0.286s] Level 1:colcon.colcon_core.package_identification:_identify(move_it) by extension 'ignore_ament_install'
[0.286s] Level 1:colcon.colcon_core.package_identification:_identify(move_it) by extensions ['colcon_pkg']
[0.286s] Level 1:colcon.colcon_core.package_identification:_identify(move_it) by extension 'colcon_pkg'
[0.286s] Level 1:colcon.colcon_core.package_identification:_identify(move_it) by extensions ['colcon_meta']
[0.286s] Level 1:colcon.colcon_core.package_identification:_identify(move_it) by extension 'colcon_meta'
[0.286s] Level 1:colcon.colcon_core.package_identification:_identify(move_it) by extensions ['ros']
[0.286s] Level 1:colcon.colcon_core.package_identification:_identify(move_it) by extension 'ros'
[0.288s] DEBUG:colcon.colcon_core.package_identification:Package 'move_it' with type 'ros.ament_python' and name 'move_it'
[0.288s] Level 1:colcon.colcon_core.package_identification:_identify(moveit2_tutorials) by extensions ['ignore', 'ignore_ament_install']
[0.288s] Level 1:colcon.colcon_core.package_identification:_identify(moveit2_tutorials) by extension 'ignore'
[0.288s] Level 1:colcon.colcon_core.package_identification:_identify(moveit2_tutorials) by extension 'ignore_ament_install'
[0.288s] Level 1:colcon.colcon_core.package_identification:_identify(moveit2_tutorials) by extensions ['colcon_pkg']
[0.288s] Level 1:colcon.colcon_core.package_identification:_identify(moveit2_tutorials) by extension 'colcon_pkg'
[0.288s] Level 1:colcon.colcon_core.package_identification:_identify(moveit2_tutorials) by extensions ['colcon_meta']
[0.288s] Level 1:colcon.colcon_core.package_identification:_identify(moveit2_tutorials) by extension 'colcon_meta'
[0.288s] Level 1:colcon.colcon_core.package_identification:_identify(moveit2_tutorials) by extensions ['ros']
[0.288s] Level 1:colcon.colcon_core.package_identification:_identify(moveit2_tutorials) by extension 'ros'
[0.290s] DEBUG:colcon.colcon_core.package_identification:Package 'moveit2_tutorials' with type 'ros.ament_cmake' and name 'moveit2_tutorials'
[0.290s] Level 1:colcon.colcon_core.package_identification:_identify(moveit_task_constructor) by extensions ['ignore', 'ignore_ament_install']
[0.290s] Level 1:colcon.colcon_core.package_identification:_identify(moveit_task_constructor) by extension 'ignore'
[0.290s] Level 1:colcon.colcon_core.package_identification:_identify(moveit_task_constructor) by extension 'ignore_ament_install'
[0.290s] Level 1:colcon.colcon_core.package_identification:_identify(moveit_task_constructor) by extensions ['colcon_pkg']
[0.290s] Level 1:colcon.colcon_core.package_identification:_identify(moveit_task_constructor) by extension 'colcon_pkg'
[0.290s] Level 1:colcon.colcon_core.package_identification:_identify(moveit_task_constructor) by extensions ['colcon_meta']
[0.290s] Level 1:colcon.colcon_core.package_identification:_identify(moveit_task_constructor) by extension 'colcon_meta'
[0.290s] Level 1:colcon.colcon_core.package_identification:_identify(moveit_task_constructor) by extensions ['ros']
[0.291s] Level 1:colcon.colcon_core.package_identification:_identify(moveit_task_constructor) by extension 'ros'
[0.291s] Level 1:colcon.colcon_core.package_identification:_identify(moveit_task_constructor) by extensions ['cmake', 'python']
[0.291s] Level 1:colcon.colcon_core.package_identification:_identify(moveit_task_constructor) by extension 'cmake'
[0.291s] Level 1:colcon.colcon_core.package_identification:_identify(moveit_task_constructor) by extension 'python'
[0.291s] Level 1:colcon.colcon_core.package_identification:_identify(moveit_task_constructor) by extensions ['python_setup_py']
[0.291s] Level 1:colcon.colcon_core.package_identification:_identify(moveit_task_constructor) by extension 'python_setup_py'
[0.291s] Level 1:colcon.colcon_core.package_identification:_identify(moveit_task_constructor/capabilities) by extensions ['ignore', 'ignore_ament_install']
[0.291s] Level 1:colcon.colcon_core.package_identification:_identify(moveit_task_constructor/capabilities) by extension 'ignore'
[0.291s] Level 1:colcon.colcon_core.package_identification:_identify(moveit_task_constructor/capabilities) by extension 'ignore_ament_install'
[0.291s] Level 1:colcon.colcon_core.package_identification:_identify(moveit_task_constructor/capabilities) by extensions ['colcon_pkg']
[0.291s] Level 1:colcon.colcon_core.package_identification:_identify(moveit_task_constructor/capabilities) by extension 'colcon_pkg'
[0.291s] Level 1:colcon.colcon_core.package_identification:_identify(moveit_task_constructor/capabilities) by extensions ['colcon_meta']
[0.291s] Level 1:colcon.colcon_core.package_identification:_identify(moveit_task_constructor/capabilities) by extension 'colcon_meta'
[0.291s] Level 1:colcon.colcon_core.package_identification:_identify(moveit_task_constructor/capabilities) by extensions ['ros']
[0.291s] Level 1:colcon.colcon_core.package_identification:_identify(moveit_task_constructor/capabilities) by extension 'ros'
[0.292s] DEBUG:colcon.colcon_core.package_identification:Package 'moveit_task_constructor/capabilities' with type 'ros.ament_cmake' and name 'moveit_task_constructor_capabilities'
[0.292s] Level 1:colcon.colcon_core.package_identification:_identify(moveit_task_constructor/core) by extensions ['ignore', 'ignore_ament_install']
[0.292s] Level 1:colcon.colcon_core.package_identification:_identify(moveit_task_constructor/core) by extension 'ignore'
[0.292s] Level 1:colcon.colcon_core.package_identification:_identify(moveit_task_constructor/core) by extension 'ignore_ament_install'
[0.292s] Level 1:colcon.colcon_core.package_identification:_identify(moveit_task_constructor/core) by extensions ['colcon_pkg']
[0.292s] Level 1:colcon.colcon_core.package_identification:_identify(moveit_task_constructor/core) by extension 'colcon_pkg'
[0.292s] Level 1:colcon.colcon_core.package_identification:_identify(moveit_task_constructor/core) by extensions ['colcon_meta']
[0.292s] Level 1:colcon.colcon_core.package_identification:_identify(moveit_task_constructor/core) by extension 'colcon_meta'
[0.292s] Level 1:colcon.colcon_core.package_identification:_identify(moveit_task_constructor/core) by extensions ['ros']
[0.292s] Level 1:colcon.colcon_core.package_identification:_identify(moveit_task_constructor/core) by extension 'ros'
[0.294s] DEBUG:colcon.colcon_core.package_identification:Package 'moveit_task_constructor/core' with type 'ros.ament_cmake' and name 'moveit_task_constructor_core'
[0.294s] Level 1:colcon.colcon_core.package_identification:_identify(moveit_task_constructor/demo) by extensions ['ignore', 'ignore_ament_install']
[0.294s] Level 1:colcon.colcon_core.package_identification:_identify(moveit_task_constructor/demo) by extension 'ignore'
[0.294s] Level 1:colcon.colcon_core.package_identification:_identify(moveit_task_constructor/demo) by extension 'ignore_ament_install'
[0.294s] Level 1:colcon.colcon_core.package_identification:_identify(moveit_task_constructor/demo) by extensions ['colcon_pkg']
[0.294s] Level 1:colcon.colcon_core.package_identification:_identify(moveit_task_constructor/demo) by extension 'colcon_pkg'
[0.294s] Level 1:colcon.colcon_core.package_identification:_identify(moveit_task_constructor/demo) by extensions ['colcon_meta']
[0.294s] Level 1:colcon.colcon_core.package_identification:_identify(moveit_task_constructor/demo) by extension 'colcon_meta'
[0.294s] Level 1:colcon.colcon_core.package_identification:_identify(moveit_task_constructor/demo) by extensions ['ros']
[0.294s] Level 1:colcon.colcon_core.package_identification:_identify(moveit_task_constructor/demo) by extension 'ros'
[0.295s] DEBUG:colcon.colcon_core.package_identification:Package 'moveit_task_constructor/demo' with type 'ros.ament_cmake' and name 'moveit_task_constructor_demo'
[0.295s] Level 1:colcon.colcon_core.package_identification:_identify(moveit_task_constructor/msgs) by extensions ['ignore', 'ignore_ament_install']
[0.295s] Level 1:colcon.colcon_core.package_identification:_identify(moveit_task_constructor/msgs) by extension 'ignore'
[0.295s] Level 1:colcon.colcon_core.package_identification:_identify(moveit_task_constructor/msgs) by extension 'ignore_ament_install'
[0.295s] Level 1:colcon.colcon_core.package_identification:_identify(moveit_task_constructor/msgs) by extensions ['colcon_pkg']
[0.295s] Level 1:colcon.colcon_core.package_identification:_identify(moveit_task_constructor/msgs) by extension 'colcon_pkg'
[0.295s] Level 1:colcon.colcon_core.package_identification:_identify(moveit_task_constructor/msgs) by extensions ['colcon_meta']
[0.295s] Level 1:colcon.colcon_core.package_identification:_identify(moveit_task_constructor/msgs) by extension 'colcon_meta'
[0.295s] Level 1:colcon.colcon_core.package_identification:_identify(moveit_task_constructor/msgs) by extensions ['ros']
[0.295s] Level 1:colcon.colcon_core.package_identification:_identify(moveit_task_constructor/msgs) by extension 'ros'
[0.296s] DEBUG:colcon.colcon_core.package_identification:Package 'moveit_task_constructor/msgs' with type 'ros.ament_cmake' and name 'moveit_task_constructor_msgs'
[0.296s] Level 1:colcon.colcon_core.package_identification:_identify(moveit_task_constructor/rviz_marker_tools) by extensions ['ignore', 'ignore_ament_install']
[0.296s] Level 1:colcon.colcon_core.package_identification:_identify(moveit_task_constructor/rviz_marker_tools) by extension 'ignore'
[0.296s] Level 1:colcon.colcon_core.package_identification:_identify(moveit_task_constructor/rviz_marker_tools) by extension 'ignore_ament_install'
[0.296s] Level 1:colcon.colcon_core.package_identification:_identify(moveit_task_constructor/rviz_marker_tools) by extensions ['colcon_pkg']
[0.296s] Level 1:colcon.colcon_core.package_identification:_identify(moveit_task_constructor/rviz_marker_tools) by extension 'colcon_pkg'
[0.296s] Level 1:colcon.colcon_core.package_identification:_identify(moveit_task_constructor/rviz_marker_tools) by extensions ['colcon_meta']
[0.296s] Level 1:colcon.colcon_core.package_identification:_identify(moveit_task_constructor/rviz_marker_tools) by extension 'colcon_meta'
[0.296s] Level 1:colcon.colcon_core.package_identification:_identify(moveit_task_constructor/rviz_marker_tools) by extensions ['ros']
[0.296s] Level 1:colcon.colcon_core.package_identification:_identify(moveit_task_constructor/rviz_marker_tools) by extension 'ros'
[0.297s] DEBUG:colcon.colcon_core.package_identification:Package 'moveit_task_constructor/rviz_marker_tools' with type 'ros.ament_cmake' and name 'rviz_marker_tools'
[0.297s] Level 1:colcon.colcon_core.package_identification:_identify(moveit_task_constructor/visualization) by extensions ['ignore', 'ignore_ament_install']
[0.297s] Level 1:colcon.colcon_core.package_identification:_identify(moveit_task_constructor/visualization) by extension 'ignore'
[0.297s] Level 1:colcon.colcon_core.package_identification:_identify(moveit_task_constructor/visualization) by extension 'ignore_ament_install'
[0.297s] Level 1:colcon.colcon_core.package_identification:_identify(moveit_task_constructor/visualization) by extensions ['colcon_pkg']
[0.297s] Level 1:colcon.colcon_core.package_identification:_identify(moveit_task_constructor/visualization) by extension 'colcon_pkg'
[0.297s] Level 1:colcon.colcon_core.package_identification:_identify(moveit_task_constructor/visualization) by extensions ['colcon_meta']
[0.297s] Level 1:colcon.colcon_core.package_identification:_identify(moveit_task_constructor/visualization) by extension 'colcon_meta'
[0.297s] Level 1:colcon.colcon_core.package_identification:_identify(moveit_task_constructor/visualization) by extensions ['ros']
[0.297s] Level 1:colcon.colcon_core.package_identification:_identify(moveit_task_constructor/visualization) by extension 'ros'
[0.298s] DEBUG:colcon.colcon_core.package_identification:Package 'moveit_task_constructor/visualization' with type 'ros.ament_cmake' and name 'moveit_task_constructor_visualization'
[0.298s] Level 1:colcon.colcon_core.package_discovery:discover_packages(recursive) using defaults
[0.298s] Level 1:colcon.colcon_core.package_discovery:discover_packages(ignore) discover
[0.298s] Level 1:colcon.colcon_core.package_discovery:discover_packages(ignore) using defaults
[0.298s] Level 1:colcon.colcon_core.package_discovery:discover_packages(path) discover
[0.298s] Level 1:colcon.colcon_core.package_discovery:discover_packages(path) using defaults
[0.316s] INFO:colcon.colcon_core.package_selection:Skipping not selected package 'moveit_task_constructor_msgs' in 'moveit_task_constructor/msgs'
[0.316s] INFO:colcon.colcon_core.package_selection:Skipping not selected package 'rviz_marker_tools' in 'moveit_task_constructor/rviz_marker_tools'
[0.316s] INFO:colcon.colcon_core.package_selection:Skipping not selected package 'moveit_task_constructor_core' in 'moveit_task_constructor/core'
[0.316s] INFO:colcon.colcon_core.package_selection:Skipping not selected package 'moveit2_tutorials' in 'moveit2_tutorials'
[0.316s] INFO:colcon.colcon_core.package_selection:Skipping not selected package 'moveit_task_constructor_capabilities' in 'moveit_task_constructor/capabilities'
[0.316s] INFO:colcon.colcon_core.package_selection:Skipping not selected package 'moveit_task_constructor_visualization' in 'moveit_task_constructor/visualization'
[0.316s] INFO:colcon.colcon_core.package_selection:Skipping not selected package 'moveit_task_constructor_demo' in 'moveit_task_constructor/demo'
[0.316s] Level 1:colcon.colcon_core.package_discovery:discover_packages(prefix_path) check parameters
[0.316s] Level 1:colcon.colcon_core.package_discovery:discover_packages(prefix_path) discover
[0.318s] DEBUG:colcon.colcon_installed_package_information.package_discovery:Found 1 installed packages in /home/login/ws_moveit/src/install
[0.319s] DEBUG:colcon.colcon_installed_package_information.package_discovery:Found 9 installed packages in /home/login/ws_moveit/install
[0.319s] DEBUG:colcon.colcon_installed_package_information.package_discovery:Found 3 installed packages in /home/login/ros2_ws/install
[0.319s] DEBUG:colcon.colcon_installed_package_information.package_discovery:Found 4 installed packages in /home/login/install
[0.321s] DEBUG:colcon.colcon_installed_package_information.package_discovery:Found 427 installed packages in /opt/ros/jazzy
[0.322s] Level 1:colcon.colcon_core.package_discovery:discover_packages(prefix_path) using defaults
[0.375s] Level 5:colcon.colcon_core.verb:set package 'move_it' build argument 'cmake_args' from command line to 'None'
[0.375s] Level 5:colcon.colcon_core.verb:set package 'move_it' build argument 'cmake_target' from command line to 'None'
[0.375s] Level 5:colcon.colcon_core.verb:set package 'move_it' build argument 'cmake_target_skip_unavailable' from command line to 'False'
[0.375s] Level 5:colcon.colcon_core.verb:set package 'move_it' build argument 'cmake_clean_cache' from command line to 'False'
[0.376s] Level 5:colcon.colcon_core.verb:set package 'move_it' build argument 'cmake_clean_first' from command line to 'False'
[0.376s] Level 5:colcon.colcon_core.verb:set package 'move_it' build argument 'cmake_force_configure' from command line to 'False'
[0.376s] Level 5:colcon.colcon_core.verb:set package 'move_it' build argument 'ament_cmake_args' from command line to 'None'
[0.376s] Level 5:colcon.colcon_core.verb:set package 'move_it' build argument 'catkin_cmake_args' from command line to 'None'
[0.376s] Level 5:colcon.colcon_core.verb:set package 'move_it' build argument 'catkin_skip_building_tests' from command line to 'False'
[0.376s] DEBUG:colcon.colcon_core.verb:Building package 'move_it' with the following arguments: {'ament_cmake_args': None, 'build_base': '/home/login/ws_moveit/src/build/move_it', 'catkin_cmake_args': None, 'catkin_skip_building_tests': False, 'cmake_args': None, 'cmake_clean_cache': False, 'cmake_clean_first': False, 'cmake_force_configure': False, 'cmake_target': None, 'cmake_target_skip_unavailable': False, 'install_base': '/home/login/ws_moveit/src/install/move_it', 'merge_install': False, 'path': '/home/login/ws_moveit/src/move_it', 'symlink_install': False, 'test_result_base': None}
[0.376s] INFO:colcon.colcon_core.executor:Executing jobs using 'parallel' executor
[0.377s] DEBUG:colcon.colcon_parallel_executor.executor.parallel:run_until_complete
[0.377s] INFO:colcon.colcon_ros.task.ament_python.build:Building ROS package in '/home/login/ws_moveit/src/move_it' with build type 'ament_python'
[0.377s] Level 1:colcon.colcon_core.shell:create_environment_hook('move_it', 'ament_prefix_path')
[0.380s] INFO:colcon.colcon_core.plugin_system:Skipping extension 'colcon_core.shell.bat': Not used on non-Windows systems
[0.380s] INFO:colcon.colcon_core.shell:Creating environment hook '/home/login/ws_moveit/src/install/move_it/share/move_it/hook/ament_prefix_path.ps1'
[0.381s] INFO:colcon.colcon_core.shell:Creating environment descriptor '/home/login/ws_moveit/src/install/move_it/share/move_it/hook/ament_prefix_path.dsv'
[0.381s] INFO:colcon.colcon_core.shell:Creating environment hook '/home/login/ws_moveit/src/install/move_it/share/move_it/hook/ament_prefix_path.sh'
[0.382s] INFO:colcon.colcon_core.shell:Skip shell extension 'powershell' for command environment: Not usable outside of PowerShell
[0.382s] DEBUG:colcon.colcon_core.shell:Skip shell extension 'dsv' for command environment
[0.572s] INFO:colcon.colcon_core.task.python.build:Building Python package in '/home/login/ws_moveit/src/move_it'
[0.573s] INFO:colcon.colcon_core.shell:Skip shell extension 'powershell' for command environment: Not usable outside of PowerShell
[0.573s] DEBUG:colcon.colcon_core.shell:Skip shell extension 'dsv' for command environment
[1.107s] DEBUG:colcon.colcon_core.event_handler.log_command:Invoking command in '/home/login/ws_moveit/src/move_it': PYTHONPATH=/home/login/ws_moveit/src/build/move_it/prefix_override:/usr/lib/python3/dist-packages/colcon_core/task/python/colcon_distutils_commands:/home/login/ws_moveit/src/install/move_it/lib/python3.12/site-packages:${PYTHONPATH} /usr/bin/python3 -W ignore:setup.py install is deprecated -W ignore:easy_install command is deprecated setup.py egg_info --egg-base ../build/move_it build --build-base /home/login/ws_moveit/src/build/move_it/build install --record /home/login/ws_moveit/src/build/move_it/install.log --single-version-externally-managed install_data
[1.579s] DEBUG:colcon.colcon_core.event_handler.log_command:Invoked command in '/home/login/ws_moveit/src/move_it' returned '0': PYTHONPATH=/home/login/ws_moveit/src/build/move_it/prefix_override:/usr/lib/python3/dist-packages/colcon_core/task/python/colcon_distutils_commands:/home/login/ws_moveit/src/install/move_it/lib/python3.12/site-packages:${PYTHONPATH} /usr/bin/python3 -W ignore:setup.py install is deprecated -W ignore:easy_install command is deprecated setup.py egg_info --egg-base ../build/move_it build --build-base /home/login/ws_moveit/src/build/move_it/build install --record /home/login/ws_moveit/src/build/move_it/install.log --single-version-externally-managed install_data
[1.584s] Level 1:colcon.colcon_core.environment:checking '/home/login/ws_moveit/src/install/move_it' for CMake module files
[1.584s] Level 1:colcon.colcon_core.environment:checking '/home/login/ws_moveit/src/install/move_it' for CMake config files
[1.585s] Level 1:colcon.colcon_core.environment:checking '/home/login/ws_moveit/src/install/move_it/lib'
[1.585s] Level 1:colcon.colcon_core.environment:checking '/home/login/ws_moveit/src/install/move_it/bin'
[1.585s] Level 1:colcon.colcon_core.environment:checking '/home/login/ws_moveit/src/install/move_it/lib/pkgconfig/move_it.pc'
[1.585s] Level 1:colcon.colcon_core.environment:checking '/home/login/ws_moveit/src/install/move_it/lib/python3.12/site-packages'
[1.585s] Level 1:colcon.colcon_core.shell:create_environment_hook('move_it', 'pythonpath')
[1.586s] INFO:colcon.colcon_core.shell:Creating environment hook '/home/login/ws_moveit/src/install/move_it/share/move_it/hook/pythonpath.ps1'
[1.586s] INFO:colcon.colcon_core.shell:Creating environment descriptor '/home/login/ws_moveit/src/install/move_it/share/move_it/hook/pythonpath.dsv'
[1.586s] INFO:colcon.colcon_core.shell:Creating environment hook '/home/login/ws_moveit/src/install/move_it/share/move_it/hook/pythonpath.sh'
[1.587s] Level 1:colcon.colcon_core.environment:checking '/home/login/ws_moveit/src/install/move_it/bin'
[1.587s] Level 1:colcon.colcon_core.environment:create_environment_scripts_only(move_it)
[1.587s] INFO:colcon.colcon_core.shell:Creating package script '/home/login/ws_moveit/src/install/move_it/share/move_it/package.ps1'
[1.588s] INFO:colcon.colcon_core.shell:Creating package descriptor '/home/login/ws_moveit/src/install/move_it/share/move_it/package.dsv'
[1.588s] INFO:colcon.colcon_core.shell:Creating package script '/home/login/ws_moveit/src/install/move_it/share/move_it/package.sh'
[1.589s] INFO:colcon.colcon_core.shell:Creating package script '/home/login/ws_moveit/src/install/move_it/share/move_it/package.bash'
[1.590s] INFO:colcon.colcon_core.shell:Creating package script '/home/login/ws_moveit/src/install/move_it/share/move_it/package.zsh'
[1.591s] Level 1:colcon.colcon_core.environment:create_file_with_runtime_dependencies(/home/login/ws_moveit/src/install/move_it/share/colcon-core/packages/move_it)
[1.591s] DEBUG:colcon.colcon_parallel_executor.executor.parallel:closing loop
[1.592s] DEBUG:colcon.colcon_parallel_executor.executor.parallel:loop closed
[1.592s] DEBUG:colcon.colcon_parallel_executor.executor.parallel:run_until_complete finished with '0'
[1.593s] DEBUG:colcon.colcon_core.event_reactor:joining thread
[1.675s] INFO:colcon.colcon_core.plugin_system:Skipping extension 'colcon_notification.desktop_notification.notify_send': Could not find 'notify-send'
[1.676s] INFO:colcon.colcon_core.plugin_system:Skipping extension 'colcon_notification.desktop_notification.terminal_notifier': Not used on non-Darwin systems
[1.676s] INFO:colcon.colcon_core.plugin_system:Skipping extension 'colcon_notification.desktop_notification.win32': Not used on non-Windows systems
[1.676s] INFO:colcon.colcon_notification.desktop_notification:Sending desktop notification using 'notify2'
[1.677s] DEBUG:colcon.colcon_notification.desktop_notification.notify2:Failed to initialize notify2: org.freedesktop.DBus.Error.ServiceUnknown: The name org.freedesktop.Notifications was not provided by any .service files
[1.677s] DEBUG:colcon.colcon_core.event_reactor:joined thread
[1.677s] INFO:colcon.colcon_core.shell:Creating prefix script '/home/login/ws_moveit/src/install/local_setup.ps1'
[1.678s] INFO:colcon.colcon_core.shell:Creating prefix util module '/home/login/ws_moveit/src/install/_local_setup_util_ps1.py'
[1.679s] INFO:colcon.colcon_core.shell:Creating prefix chain script '/home/login/ws_moveit/src/install/setup.ps1'
[1.680s] INFO:colcon.colcon_core.shell:Creating prefix script '/home/login/ws_moveit/src/install/local_setup.sh'
[1.681s] INFO:colcon.colcon_core.shell:Creating prefix util module '/home/login/ws_moveit/src/install/_local_setup_util_sh.py'
[1.681s] INFO:colcon.colcon_core.shell:Creating prefix chain script '/home/login/ws_moveit/src/install/setup.sh'
[1.682s] INFO:colcon.colcon_core.shell:Creating prefix script '/home/login/ws_moveit/src/install/local_setup.bash'
[1.683s] INFO:colcon.colcon_core.shell:Creating prefix chain script '/home/login/ws_moveit/src/install/setup.bash'
[1.684s] INFO:colcon.colcon_core.shell:Creating prefix script '/home/login/ws_moveit/src/install/local_setup.zsh'
[1.684s] INFO:colcon.colcon_core.shell:Creating prefix chain script '/home/login/ws_moveit/src/install/setup.zsh'
