[0.016s] Invoking command in '/home/login/ws_moveit/src/moveit_task_constructor/demo/build/moveit_task_constructor_demo': CMAKE_PREFIX_PATH=${CMAKE_PREFIX_PATH}:/home/login/install/move_it:/home/login/ws_moveit/install/move_it:/home/login/ros2_ws/install/my_test_pkg:/home/login/install/my_test_pkg:/opt/ros/jazzy /usr/bin/cmake --build /home/login/ws_moveit/src/moveit_task_constructor/demo/build/moveit_task_constructor_demo -- -j12 -l12
[0.049s] -- Found ament_cmake: 2.5.4 (/opt/ros/jazzy/share/ament_cmake/cmake)
[0.270s] -- Found generate_parameter_library: 0.5.0 (/opt/ros/jazzy/share/generate_parameter_library/cmake)
[0.270s] -- Found parameter_traits: 0.5.0 (/opt/ros/jazzy/share/parameter_traits/cmake)
[0.503s] -- Found rosidl_generator_c: 4.6.5 (/opt/ros/jazzy/share/rosidl_generator_c/cmake)
[0.512s] -- Found rosidl_generator_cpp: 4.6.5 (/opt/ros/jazzy/share/rosidl_generator_cpp/cmake)
[0.523s] -- Using all available rosidl_typesupport_c: rosidl_typesupport_fastrtps_c;rosidl_typesupport_introspection_c
[0.536s] -- Using all available rosidl_typesupport_cpp: rosidl_typesupport_fastrtps_cpp;rosidl_typesupport_introspection_cpp
[0.594s] -- Found rmw_implementation_cmake: 7.3.2 (/opt/ros/jazzy/share/rmw_implementation_cmake/cmake)
[0.596s] -- Found rmw_fastrtps_cpp: 8.4.2 (/opt/ros/jazzy/share/rmw_fastrtps_cpp/cmake)
[0.934s] -- Using RMW implementation 'rmw_fastrtps_cpp' as default
[1.228s] -- Found rclcpp_lifecycle: 28.1.10 (/opt/ros/jazzy/share/rclcpp_lifecycle/cmake)
[1.258s] -- Found moveit_common: 2.12.3 (/opt/ros/jazzy/share/moveit_common/cmake)
[1.337s] [0mmoveit_task_constructor_demo: You did not request a specific build type: Choosing 'Release' for maximum performance[0m
[1.338s] -- Found moveit_core: 2.12.3 (/opt/ros/jazzy/share/moveit_core/cmake)
[1.353s] -- Found Boost: /usr/lib/x86_64-linux-gnu/cmake/Boost-1.83.0/BoostConfig.cmake (found version "1.83.0") found components: chrono date_time filesystem iostreams program_options regex serialization system thread 
[3.002s] -- Found Boost: /usr/lib/x86_64-linux-gnu/cmake/Boost-1.83.0/BoostConfig.cmake (found version "1.83.0") found components: filesystem 
[3.135s] -- Ensuring Eigen3 include directory is part of orocos-kdl CMake target
[3.467s] -- Found moveit_ros_planning: 2.12.3 (/opt/ros/jazzy/share/moveit_ros_planning/cmake)
[3.473s] -- Found Boost: /usr/lib/x86_64-linux-gnu/cmake/Boost-1.83.0/BoostConfig.cmake (found version "1.83.0") found components: system filesystem date_time program_options thread chrono 
[3.519s] -- Found moveit_ros_planning_interface: 2.12.3 (/opt/ros/jazzy/share/moveit_ros_planning_interface/cmake)
[3.523s] -- Found Boost: /usr/lib/x86_64-linux-gnu/cmake/Boost-1.83.0/BoostConfig.cmake (found version "1.83.0") found components: date_time filesystem program_options system thread 
[3.540s] -- Found Boost: /usr/lib/x86_64-linux-gnu/cmake/Boost-1.83.0/BoostConfig.cmake (found version "1.83.0") found components: thread system filesystem regex date_time program_options 
[3.567s] -- Found Boost: /usr/lib/x86_64-linux-gnu/cmake/Boost-1.83.0/BoostConfig.cmake (found version "1.83.0") found components: system filesystem date_time program_options thread 
[3.607s] -- Found moveit_task_constructor_core: 0.1.3 (/home/login/ws_moveit/install/moveit_task_constructor_core/share/moveit_task_constructor_core/cmake)
[3.758s] -- Configuring done (3.7s)
[3.945s] -- Generating done (0.1s)
[3.985s] -- Build files have been written to: /home/login/ws_moveit/src/moveit_task_constructor/demo/build/moveit_task_constructor_demo
[4.050s] [ 11%] Built target pick_place_demo_parameters
[4.050s] [ 22%] Built target ik_clearance_cost_parameters
[4.076s] [ 27%] [32mBuilding CXX object CMakeFiles/moveit_task_constructor_demo_modular.dir/src/modular.cpp.o[0m
[4.078s] [ 33%] [32mBuilding CXX object CMakeFiles/moveit_task_constructor_demo_cartesian.dir/src/cartesian.cpp.o[0m
[4.080s] [ 38%] [32mBuilding CXX object CMakeFiles/moveit_task_constructor_demo_alternative_path_costs.dir/src/alternative_path_costs.cpp.o[0m
[4.084s] [ 44%] [32mBuilding CXX object CMakeFiles/moveit_task_constructor_demo_fallbacks_move_to.dir/src/fallbacks_move_to.cpp.o[0m
[4.118s] [ 50%] [32mBuilding CXX object CMakeFiles/moveit_task_constructor_demo_ik_clearance_cost.dir/src/ik_clearance_cost.cpp.o[0m
[4.118s] [ 55%] [32mBuilding CXX object CMakeFiles/moveit_task_constructor_demo_pick_place_task.dir/src/pick_place_task.cpp.o[0m
[17.606s] [ 61%] [32m[1mLinking CXX executable modular[0m
[18.087s] [ 66%] [32m[1mLinking CXX executable cartesian[0m
[18.461s] [ 66%] Built target moveit_task_constructor_demo_modular
[18.920s] [ 66%] Built target moveit_task_constructor_demo_cartesian
[19.373s] [ 72%] [32m[1mLinking CXX executable ik_clearance_cost[0m
[20.196s] [ 72%] Built target moveit_task_constructor_demo_ik_clearance_cost
[20.988s] [ 77%] [32m[1mLinking CXX executable alternative_path_costs[0m
[21.679s] [ 77%] Built target moveit_task_constructor_demo_alternative_path_costs
[21.874s] [ 83%] [32m[1mLinking CXX executable fallbacks_move_to[0m
[22.546s] [ 83%] Built target moveit_task_constructor_demo_fallbacks_move_to
[24.099s] [ 88%] [32m[1mLinking CXX shared library libmoveit_task_constructor_demo_pick_place_task.so[0m
[24.551s] [ 88%] Built target moveit_task_constructor_demo_pick_place_task
[24.610s] [ 94%] [32mBuilding CXX object CMakeFiles/moveit_task_constructor_demo_pick_place_demo.dir/src/pick_place_demo.cpp.o[0m
[41.053s] [100%] [32m[1mLinking CXX executable pick_place_demo[0m
[41.646s] [100%] Built target moveit_task_constructor_demo_pick_place_demo
[41.664s] Invoked command in '/home/login/ws_moveit/src/moveit_task_constructor/demo/build/moveit_task_constructor_demo' returned '0': CMAKE_PREFIX_PATH=${CMAKE_PREFIX_PATH}:/home/login/install/move_it:/home/login/ws_moveit/install/move_it:/home/login/ros2_ws/install/my_test_pkg:/home/login/install/my_test_pkg:/opt/ros/jazzy /usr/bin/cmake --build /home/login/ws_moveit/src/moveit_task_constructor/demo/build/moveit_task_constructor_demo -- -j12 -l12
[41.677s] Invoking command in '/home/login/ws_moveit/src/moveit_task_constructor/demo/build/moveit_task_constructor_demo': CMAKE_PREFIX_PATH=${CMAKE_PREFIX_PATH}:/home/login/install/move_it:/home/login/ws_moveit/install/move_it:/home/login/ros2_ws/install/my_test_pkg:/home/login/install/my_test_pkg:/opt/ros/jazzy /usr/bin/cmake --install /home/login/ws_moveit/src/moveit_task_constructor/demo/build/moveit_task_constructor_demo
[41.690s] -- Install configuration: "Release"
[41.691s] -- Installing: /home/login/ws_moveit/src/moveit_task_constructor/demo/install/moveit_task_constructor_demo/lib/libmoveit_task_constructor_demo_pick_place_task.so
[41.692s] -- Set non-toolchain portion of runtime path of "/home/login/ws_moveit/src/moveit_task_constructor/demo/install/moveit_task_constructor_demo/lib/libmoveit_task_constructor_demo_pick_place_task.so" to ""
[41.692s] -- Installing: /home/login/ws_moveit/src/moveit_task_constructor/demo/install/moveit_task_constructor_demo/lib/moveit_task_constructor_demo/cartesian
[41.693s] -- Set non-toolchain portion of runtime path of "/home/login/ws_moveit/src/moveit_task_constructor/demo/install/moveit_task_constructor_demo/lib/moveit_task_constructor_demo/cartesian" to ""
[41.694s] -- Installing: /home/login/ws_moveit/src/moveit_task_constructor/demo/install/moveit_task_constructor_demo/lib/moveit_task_constructor_demo/modular
[41.694s] -- Set non-toolchain portion of runtime path of "/home/login/ws_moveit/src/moveit_task_constructor/demo/install/moveit_task_constructor_demo/lib/moveit_task_constructor_demo/modular" to ""
[41.695s] -- Installing: /home/login/ws_moveit/src/moveit_task_constructor/demo/install/moveit_task_constructor_demo/lib/moveit_task_constructor_demo/alternative_path_costs
[41.696s] -- Set non-toolchain portion of runtime path of "/home/login/ws_moveit/src/moveit_task_constructor/demo/install/moveit_task_constructor_demo/lib/moveit_task_constructor_demo/alternative_path_costs" to ""
[41.696s] -- Up-to-date: /home/login/ws_moveit/src/moveit_task_constructor/demo/install/moveit_task_constructor_demo/include/moveit_task_constructor_demo
[41.696s] -- Up-to-date: /home/login/ws_moveit/src/moveit_task_constructor/demo/install/moveit_task_constructor_demo/include/moveit_task_constructor_demo/ik_clearance_cost_parameters.hpp
[41.696s] -- Up-to-date: /home/login/ws_moveit/src/moveit_task_constructor/demo/install/moveit_task_constructor_demo/include/moveit_task_constructor_demo/pick_place_demo_parameters.hpp
[41.697s] -- Installing: /home/login/ws_moveit/src/moveit_task_constructor/demo/install/moveit_task_constructor_demo/lib/moveit_task_constructor_demo/ik_clearance_cost
[41.698s] -- Set non-toolchain portion of runtime path of "/home/login/ws_moveit/src/moveit_task_constructor/demo/install/moveit_task_constructor_demo/lib/moveit_task_constructor_demo/ik_clearance_cost" to ""
[41.699s] -- Installing: /home/login/ws_moveit/src/moveit_task_constructor/demo/install/moveit_task_constructor_demo/lib/moveit_task_constructor_demo/fallbacks_move_to
[41.699s] -- Set non-toolchain portion of runtime path of "/home/login/ws_moveit/src/moveit_task_constructor/demo/install/moveit_task_constructor_demo/lib/moveit_task_constructor_demo/fallbacks_move_to" to ""
[41.699s] -- Up-to-date: /home/login/ws_moveit/src/moveit_task_constructor/demo/install/moveit_task_constructor_demo/include/moveit_task_constructor_demo
[41.700s] -- Up-to-date: /home/login/ws_moveit/src/moveit_task_constructor/demo/install/moveit_task_constructor_demo/include/moveit_task_constructor_demo/ik_clearance_cost_parameters.hpp
[41.700s] -- Up-to-date: /home/login/ws_moveit/src/moveit_task_constructor/demo/install/moveit_task_constructor_demo/include/moveit_task_constructor_demo/pick_place_demo_parameters.hpp
[41.700s] -- Installing: /home/login/ws_moveit/src/moveit_task_constructor/demo/install/moveit_task_constructor_demo/lib/moveit_task_constructor_demo/pick_place_demo
[41.701s] -- Set non-toolchain portion of runtime path of "/home/login/ws_moveit/src/moveit_task_constructor/demo/install/moveit_task_constructor_demo/lib/moveit_task_constructor_demo/pick_place_demo" to ""
[41.702s] -- Up-to-date: /home/login/ws_moveit/src/moveit_task_constructor/demo/install/moveit_task_constructor_demo/lib/moveit_task_constructor_demo/alternatives.py
[41.702s] -- Up-to-date: /home/login/ws_moveit/src/moveit_task_constructor/demo/install/moveit_task_constructor_demo/lib/moveit_task_constructor_demo/cartesian.py
[41.702s] -- Up-to-date: /home/login/ws_moveit/src/moveit_task_constructor/demo/install/moveit_task_constructor_demo/lib/moveit_task_constructor_demo/compute_ik.py
[41.702s] -- Up-to-date: /home/login/ws_moveit/src/moveit_task_constructor/demo/install/moveit_task_constructor_demo/lib/moveit_task_constructor_demo/constrained.py
[41.703s] -- Up-to-date: /home/login/ws_moveit/src/moveit_task_constructor/demo/install/moveit_task_constructor_demo/lib/moveit_task_constructor_demo/current_state.py
[41.703s] -- Up-to-date: /home/login/ws_moveit/src/moveit_task_constructor/demo/install/moveit_task_constructor_demo/lib/moveit_task_constructor_demo/fallbacks.py
[41.703s] -- Up-to-date: /home/login/ws_moveit/src/moveit_task_constructor/demo/install/moveit_task_constructor_demo/lib/moveit_task_constructor_demo/fix_collision_objects.py
[41.704s] -- Up-to-date: /home/login/ws_moveit/src/moveit_task_constructor/demo/install/moveit_task_constructor_demo/lib/moveit_task_constructor_demo/fixed_state.py
[41.704s] -- Up-to-date: /home/login/ws_moveit/src/moveit_task_constructor/demo/install/moveit_task_constructor_demo/lib/moveit_task_constructor_demo/generate_pose.py
[41.704s] -- Up-to-date: /home/login/ws_moveit/src/moveit_task_constructor/demo/install/moveit_task_constructor_demo/lib/moveit_task_constructor_demo/merger.py
[41.704s] -- Up-to-date: /home/login/ws_moveit/src/moveit_task_constructor/demo/install/moveit_task_constructor_demo/lib/moveit_task_constructor_demo/modify_planning_scene.py
[41.704s] -- Up-to-date: /home/login/ws_moveit/src/moveit_task_constructor/demo/install/moveit_task_constructor_demo/lib/moveit_task_constructor_demo/multi_planner.py
[41.705s] -- Up-to-date: /home/login/ws_moveit/src/moveit_task_constructor/demo/install/moveit_task_constructor_demo/lib/moveit_task_constructor_demo/pickplace.py
[41.705s] -- Up-to-date: /home/login/ws_moveit/src/moveit_task_constructor/demo/install/moveit_task_constructor_demo/lib/moveit_task_constructor_demo/properties.py
[41.705s] -- Installing: /home/login/ws_moveit/src/moveit_task_constructor/demo/install/moveit_task_constructor_demo/lib/moveit_task_constructor_demo/send_cartesian_goal.py
[41.705s] -- Up-to-date: /home/login/ws_moveit/src/moveit_task_constructor/demo/install/moveit_task_constructor_demo/share/moveit_task_constructor_demo/launch
[41.705s] -- Up-to-date: /home/login/ws_moveit/src/moveit_task_constructor/demo/install/moveit_task_constructor_demo/share/moveit_task_constructor_demo/launch/run.launch.py
[41.705s] -- Up-to-date: /home/login/ws_moveit/src/moveit_task_constructor/demo/install/moveit_task_constructor_demo/share/moveit_task_constructor_demo/launch/demo.launch.py
[41.705s] -- Up-to-date: /home/login/ws_moveit/src/moveit_task_constructor/demo/install/moveit_task_constructor_demo/share/moveit_task_constructor_demo/config
[41.705s] -- Up-to-date: /home/login/ws_moveit/src/moveit_task_constructor/demo/install/moveit_task_constructor_demo/share/moveit_task_constructor_demo/config/mtc.rviz
[41.705s] -- Up-to-date: /home/login/ws_moveit/src/moveit_task_constructor/demo/install/moveit_task_constructor_demo/share/moveit_task_constructor_demo/config/panda_config.yaml
[41.705s] -- Up-to-date: /home/login/ws_moveit/src/moveit_task_constructor/demo/install/moveit_task_constructor_demo/share/ament_index/resource_index/package_run_dependencies/moveit_task_constructor_demo
[41.705s] -- Installing: /home/login/ws_moveit/src/moveit_task_constructor/demo/install/moveit_task_constructor_demo/share/ament_index/resource_index/parent_prefix_path/moveit_task_constructor_demo
[41.705s] -- Up-to-date: /home/login/ws_moveit/src/moveit_task_constructor/demo/install/moveit_task_constructor_demo/share/moveit_task_constructor_demo/environment/ament_prefix_path.sh
[41.706s] -- Up-to-date: /home/login/ws_moveit/src/moveit_task_constructor/demo/install/moveit_task_constructor_demo/share/moveit_task_constructor_demo/environment/ament_prefix_path.dsv
[41.706s] -- Up-to-date: /home/login/ws_moveit/src/moveit_task_constructor/demo/install/moveit_task_constructor_demo/share/moveit_task_constructor_demo/environment/path.sh
[41.706s] -- Up-to-date: /home/login/ws_moveit/src/moveit_task_constructor/demo/install/moveit_task_constructor_demo/share/moveit_task_constructor_demo/environment/path.dsv
[41.706s] -- Up-to-date: /home/login/ws_moveit/src/moveit_task_constructor/demo/install/moveit_task_constructor_demo/share/moveit_task_constructor_demo/local_setup.bash
[41.706s] -- Up-to-date: /home/login/ws_moveit/src/moveit_task_constructor/demo/install/moveit_task_constructor_demo/share/moveit_task_constructor_demo/local_setup.sh
[41.707s] -- Up-to-date: /home/login/ws_moveit/src/moveit_task_constructor/demo/install/moveit_task_constructor_demo/share/moveit_task_constructor_demo/local_setup.zsh
[41.707s] -- Up-to-date: /home/login/ws_moveit/src/moveit_task_constructor/demo/install/moveit_task_constructor_demo/share/moveit_task_constructor_demo/local_setup.dsv
[41.707s] -- Installing: /home/login/ws_moveit/src/moveit_task_constructor/demo/install/moveit_task_constructor_demo/share/moveit_task_constructor_demo/package.dsv
[41.708s] -- Up-to-date: /home/login/ws_moveit/src/moveit_task_constructor/demo/install/moveit_task_constructor_demo/share/ament_index/resource_index/packages/moveit_task_constructor_demo
[41.708s] -- Up-to-date: /home/login/ws_moveit/src/moveit_task_constructor/demo/install/moveit_task_constructor_demo/share/moveit_task_constructor_demo/cmake/moveit_task_constructor_demoConfig.cmake
[41.708s] -- Up-to-date: /home/login/ws_moveit/src/moveit_task_constructor/demo/install/moveit_task_constructor_demo/share/moveit_task_constructor_demo/cmake/moveit_task_constructor_demoConfig-version.cmake
[41.708s] -- Up-to-date: /home/login/ws_moveit/src/moveit_task_constructor/demo/install/moveit_task_constructor_demo/share/moveit_task_constructor_demo/package.xml
[41.709s] Invoked command in '/home/login/ws_moveit/src/moveit_task_constructor/demo/build/moveit_task_constructor_demo' returned '0': CMAKE_PREFIX_PATH=${CMAKE_PREFIX_PATH}:/home/login/install/move_it:/home/login/ws_moveit/install/move_it:/home/login/ros2_ws/install/my_test_pkg:/home/login/install/my_test_pkg:/opt/ros/jazzy /usr/bin/cmake --install /home/login/ws_moveit/src/moveit_task_constructor/demo/build/moveit_task_constructor_demo
