[1.025s] Invoking command in '/home/login/ws_moveit/src/my_robot_control': PYTHONPATH=/home/login/ws_moveit/build/my_robot_control/prefix_override:/usr/lib/python3/dist-packages/colcon_core/task/python/colcon_distutils_commands:/home/login/ws_moveit/install/my_robot_control/lib/python3.12/site-packages:${PYTHONPATH} /usr/bin/python3 -W ignore:setup.py install is deprecated -W ignore:easy_install command is deprecated setup.py egg_info --egg-base ../../build/my_robot_control build --build-base /home/login/ws_moveit/build/my_robot_control/build install --record /home/login/ws_moveit/build/my_robot_control/install.log --single-version-externally-managed install_data
[1.313s] running egg_info
[1.333s] writing ../../build/my_robot_control/my_robot_control.egg-info/PKG-INFO
[1.333s] writing dependency_links to ../../build/my_robot_control/my_robot_control.egg-info/dependency_links.txt
[1.334s] writing entry points to ../../build/my_robot_control/my_robot_control.egg-info/entry_points.txt
[1.334s] writing requirements to ../../build/my_robot_control/my_robot_control.egg-info/requires.txt
[1.334s] writing top-level names to ../../build/my_robot_control/my_robot_control.egg-info/top_level.txt
[1.383s] reading manifest file '../../build/my_robot_control/my_robot_control.egg-info/SOURCES.txt'
[1.384s] writing manifest file '../../build/my_robot_control/my_robot_control.egg-info/SOURCES.txt'
[1.384s] running build
[1.384s] running build_py
[1.384s] copying my_robot_control/cartesian_commander.py -> /home/login/ws_moveit/build/my_robot_control/build/lib/my_robot_control
[1.385s] running install
[1.391s] running install_lib
[1.411s] copying /home/login/ws_moveit/build/my_robot_control/build/lib/my_robot_control/cartesian_commander.py -> /home/login/ws_moveit/install/my_robot_control/lib/python3.12/site-packages/my_robot_control
[1.412s] byte-compiling /home/login/ws_moveit/install/my_robot_control/lib/python3.12/site-packages/my_robot_control/cartesian_commander.py to cartesian_commander.cpython-312.pyc
[1.414s] running install_data
[1.414s] running install_egg_info
[1.435s] removing '/home/login/ws_moveit/install/my_robot_control/lib/python3.12/site-packages/my_robot_control-0.0.0-py3.12.egg-info' (and everything under it)
[1.435s] Copying ../../build/my_robot_control/my_robot_control.egg-info to /home/login/ws_moveit/install/my_robot_control/lib/python3.12/site-packages/my_robot_control-0.0.0-py3.12.egg-info
[1.436s] running install_scripts
[1.581s] Installing cartesian_commander script to /home/login/ws_moveit/install/my_robot_control/lib/my_robot_control
[1.581s] Installing home_commander script to /home/login/ws_moveit/install/my_robot_control/lib/my_robot_control
[1.582s] writing list of installed files to '/home/login/ws_moveit/build/my_robot_control/install.log'
[1.636s] Invoked command in '/home/login/ws_moveit/src/my_robot_control' returned '0': PYTHONPATH=/home/login/ws_moveit/build/my_robot_control/prefix_override:/usr/lib/python3/dist-packages/colcon_core/task/python/colcon_distutils_commands:/home/login/ws_moveit/install/my_robot_control/lib/python3.12/site-packages:${PYTHONPATH} /usr/bin/python3 -W ignore:setup.py install is deprecated -W ignore:easy_install command is deprecated setup.py egg_info --egg-base ../../build/my_robot_control build --build-base /home/login/ws_moveit/build/my_robot_control/build install --record /home/login/ws_moveit/build/my_robot_control/install.log --single-version-externally-managed install_data
