[1.032s] Invoking command in '/home/login/ws_moveit/src/move_it': PYTHONPATH=/home/login/ws_moveit/src/build/move_it/prefix_override:/usr/lib/python3/dist-packages/colcon_core/task/python/colcon_distutils_commands:/home/login/ws_moveit/src/install/move_it/lib/python3.12/site-packages:${PYTHONPATH} /usr/bin/python3 -W ignore:setup.py install is deprecated -W ignore:easy_install command is deprecated setup.py egg_info --egg-base ../build/move_it build --build-base /home/login/ws_moveit/src/build/move_it/build install --record /home/login/ws_moveit/src/build/move_it/install.log --single-version-externally-managed install_data
[1.274s] running egg_info
[1.292s] writing ../build/move_it/move_it.egg-info/PKG-INFO
[1.292s] writing dependency_links to ../build/move_it/move_it.egg-info/dependency_links.txt
[1.292s] writing entry points to ../build/move_it/move_it.egg-info/entry_points.txt
[1.292s] writing requirements to ../build/move_it/move_it.egg-info/requires.txt
[1.293s] writing top-level names to ../build/move_it/move_it.egg-info/top_level.txt
[1.329s] reading manifest file '../build/move_it/move_it.egg-info/SOURCES.txt'
[1.330s] writing manifest file '../build/move_it/move_it.egg-info/SOURCES.txt'
[1.330s] running build
[1.330s] running build_py
[1.331s] copying move_it/cartesian_mover.py -> /home/login/ws_moveit/src/build/move_it/build/lib/move_it
[1.331s] running install
[1.337s] running install_lib
[1.357s] copying /home/login/ws_moveit/src/build/move_it/build/lib/move_it/cartesian_mover.py -> /home/login/ws_moveit/src/install/move_it/lib/python3.12/site-packages/move_it
[1.357s] byte-compiling /home/login/ws_moveit/src/install/move_it/lib/python3.12/site-packages/move_it/cartesian_mover.py to cartesian_mover.cpython-312.pyc
[1.357s] running install_data
[1.358s] creating /home/login/ws_moveit/src/install/move_it/share/move_it/launch
[1.358s] error: can't copy 'launch/demo.launch.py': doesn't exist or not a regular file
[1.377s] Invoked command in '/home/login/ws_moveit/src/move_it' returned '1': PYTHONPATH=/home/login/ws_moveit/src/build/move_it/prefix_override:/usr/lib/python3/dist-packages/colcon_core/task/python/colcon_distutils_commands:/home/login/ws_moveit/src/install/move_it/lib/python3.12/site-packages:${PYTHONPATH} /usr/bin/python3 -W ignore:setup.py install is deprecated -W ignore:easy_install command is deprecated setup.py egg_info --egg-base ../build/move_it build --build-base /home/login/ws_moveit/src/build/move_it/build install --record /home/login/ws_moveit/src/build/move_it/install.log --single-version-externally-managed install_data
