running egg_info
creating ../build/move_it/move_it.egg-info
writing ../build/move_it/move_it.egg-info/PKG-INFO
writing dependency_links to ../build/move_it/move_it.egg-info/dependency_links.txt
writing requirements to ../build/move_it/move_it.egg-info/requires.txt
writing top-level names to ../build/move_it/move_it.egg-info/top_level.txt
writing manifest file '../build/move_it/move_it.egg-info/SOURCES.txt'
reading manifest file '../build/move_it/move_it.egg-info/SOURCES.txt'
writing manifest file '../build/move_it/move_it.egg-info/SOURCES.txt'
running build
running build_py
creating /home/login/ws_moveit/src/build/move_it/build
creating /home/login/ws_moveit/src/build/move_it/build/lib
creating /home/login/ws_moveit/src/build/move_it/build/lib/move_it
copying move_it/__init__.py -> /home/login/ws_moveit/src/build/move_it/build/lib/move_it
running install
running install_lib
creating /home/login/ws_moveit/src/install/move_it/lib/python3.12/site-packages/move_it
copying /home/login/ws_moveit/src/build/move_it/build/lib/move_it/__init__.py -> /home/login/ws_moveit/src/install/move_it/lib/python3.12/site-packages/move_it
byte-compiling /home/login/ws_moveit/src/install/move_it/lib/python3.12/site-packages/move_it/__init__.py to __init__.cpython-312.pyc
running install_data
creating /home/login/ws_moveit/src/install/move_it/share/ament_index
creating /home/login/ws_moveit/src/install/move_it/share/ament_index/resource_index
creating /home/login/ws_moveit/src/install/move_it/share/ament_index/resource_index/packages
copying resource/move_it -> /home/login/ws_moveit/src/install/move_it/share/ament_index/resource_index/packages
copying package.xml -> /home/login/ws_moveit/src/install/move_it/share/move_it
running install_egg_info
Copying ../build/move_it/move_it.egg-info to /home/login/ws_moveit/src/install/move_it/lib/python3.12/site-packages/move_it-0.0.0-py3.12.egg-info
running install_scripts
writing list of installed files to '/home/login/ws_moveit/src/build/move_it/install.log'
