running egg_info
writing ../../build/my_robot_control/my_robot_control.egg-info/PKG-INFO
writing dependency_links to ../../build/my_robot_control/my_robot_control.egg-info/dependency_links.txt
writing entry points to ../../build/my_robot_control/my_robot_control.egg-info/entry_points.txt
writing requirements to ../../build/my_robot_control/my_robot_control.egg-info/requires.txt
writing top-level names to ../../build/my_robot_control/my_robot_control.egg-info/top_level.txt
reading manifest file '../../build/my_robot_control/my_robot_control.egg-info/SOURCES.txt'
writing manifest file '../../build/my_robot_control/my_robot_control.egg-info/SOURCES.txt'
running build
running build_py
copying my_robot_control/home_commander.py -> /home/login/ws_moveit/build/my_robot_control/build/lib/my_robot_control
copying my_robot_control/cartesian_commander.py -> /home/login/ws_moveit/build/my_robot_control/build/lib/my_robot_control
running install
running install_lib
copying /home/login/ws_moveit/build/my_robot_control/build/lib/my_robot_control/home_commander.py -> /home/login/ws_moveit/install/my_robot_control/lib/python3.12/site-packages/my_robot_control
copying /home/login/ws_moveit/build/my_robot_control/build/lib/my_robot_control/cartesian_commander.py -> /home/login/ws_moveit/install/my_robot_control/lib/python3.12/site-packages/my_robot_control
byte-compiling /home/login/ws_moveit/install/my_robot_control/lib/python3.12/site-packages/my_robot_control/home_commander.py to home_commander.cpython-312.pyc
byte-compiling /home/login/ws_moveit/install/my_robot_control/lib/python3.12/site-packages/my_robot_control/cartesian_commander.py to cartesian_commander.cpython-312.pyc
running install_data
running install_egg_info
removing '/home/login/ws_moveit/install/my_robot_control/lib/python3.12/site-packages/my_robot_control-0.0.0-py3.12.egg-info' (and everything under it)
Copying ../../build/my_robot_control/my_robot_control.egg-info to /home/login/ws_moveit/install/my_robot_control/lib/python3.12/site-packages/my_robot_control-0.0.0-py3.12.egg-info
running install_scripts
Installing cartesian_commander script to /home/login/ws_moveit/install/my_robot_control/lib/my_robot_control
Installing home_commander script to /home/login/ws_moveit/install/my_robot_control/lib/my_robot_control
writing list of installed files to '/home/login/ws_moveit/build/my_robot_control/install.log'
