[0.751s] Invoking command in '/home/login/ws_moveit/src/my_robot_control': PYTHONPATH=/home/login/ws_moveit/build/my_robot_control/prefix_override:/usr/lib/python3/dist-packages/colcon_core/task/python/colcon_distutils_commands:/home/login/ws_moveit/install/my_robot_control/lib/python3.12/site-packages:${PYTHONPATH} /usr/bin/python3 -W ignore:setup.py install is deprecated -W ignore:easy_install command is deprecated setup.py egg_info --egg-base ../../build/my_robot_control build --build-base /home/login/ws_moveit/build/my_robot_control/build install --record /home/login/ws_moveit/build/my_robot_control/install.log --single-version-externally-managed install_data
[0.999s] running egg_info
[1.017s] writing ../../build/my_robot_control/my_robot_control.egg-info/PKG-INFO
[1.017s] writing dependency_links to ../../build/my_robot_control/my_robot_control.egg-info/dependency_links.txt
[1.017s] writing entry points to ../../build/my_robot_control/my_robot_control.egg-info/entry_points.txt
[1.018s] writing requirements to ../../build/my_robot_control/my_robot_control.egg-info/requires.txt
[1.018s] writing top-level names to ../../build/my_robot_control/my_robot_control.egg-info/top_level.txt
[1.053s] reading manifest file '../../build/my_robot_control/my_robot_control.egg-info/SOURCES.txt'
[1.053s] writing manifest file '../../build/my_robot_control/my_robot_control.egg-info/SOURCES.txt'
[1.053s] running build
[1.053s] running build_py
[1.054s] copying my_robot_control/home_commander.py -> /home/login/ws_moveit/build/my_robot_control/build/lib/my_robot_control
[1.054s] copying my_robot_control/cartesian_commander.py -> /home/login/ws_moveit/build/my_robot_control/build/lib/my_robot_control
[1.054s] running install
[1.059s] running install_lib
[1.077s] copying /home/login/ws_moveit/build/my_robot_control/build/lib/my_robot_control/home_commander.py -> /home/login/ws_moveit/install/my_robot_control/lib/python3.12/site-packages/my_robot_control
[1.077s] copying /home/login/ws_moveit/build/my_robot_control/build/lib/my_robot_control/cartesian_commander.py -> /home/login/ws_moveit/install/my_robot_control/lib/python3.12/site-packages/my_robot_control
[1.078s] byte-compiling /home/login/ws_moveit/install/my_robot_control/lib/python3.12/site-packages/my_robot_control/home_commander.py to home_commander.cpython-312.pyc
[1.079s] byte-compiling /home/login/ws_moveit/install/my_robot_control/lib/python3.12/site-packages/my_robot_control/cartesian_commander.py to cartesian_commander.cpython-312.pyc
[1.080s] running install_data
[1.080s] running install_egg_info
[1.101s] removing '/home/login/ws_moveit/install/my_robot_control/lib/python3.12/site-packages/my_robot_control-0.0.0-py3.12.egg-info' (and everything under it)
[1.101s] Copying ../../build/my_robot_control/my_robot_control.egg-info to /home/login/ws_moveit/install/my_robot_control/lib/python3.12/site-packages/my_robot_control-0.0.0-py3.12.egg-info
[1.103s] running install_scripts
[1.227s] Installing cartesian_commander script to /home/login/ws_moveit/install/my_robot_control/lib/my_robot_control
[1.228s] Installing home_commander script to /home/login/ws_moveit/install/my_robot_control/lib/my_robot_control
[1.228s] writing list of installed files to '/home/login/ws_moveit/build/my_robot_control/install.log'
[1.258s] Invoked command in '/home/login/ws_moveit/src/my_robot_control' returned '0': PYTHONPATH=/home/login/ws_moveit/build/my_robot_control/prefix_override:/usr/lib/python3/dist-packages/colcon_core/task/python/colcon_distutils_commands:/home/login/ws_moveit/install/my_robot_control/lib/python3.12/site-packages:${PYTHONPATH} /usr/bin/python3 -W ignore:setup.py install is deprecated -W ignore:easy_install command is deprecated setup.py egg_info --egg-base ../../build/my_robot_control build --build-base /home/login/ws_moveit/build/my_robot_control/build install --record /home/login/ws_moveit/build/my_robot_control/install.log --single-version-externally-managed install_data
