running egg_info
creating ../../build/my_robot_control/my_robot_control.egg-info
writing ../../build/my_robot_control/my_robot_control.egg-info/PKG-INFO
writing dependency_links to ../../build/my_robot_control/my_robot_control.egg-info/dependency_links.txt
writing entry points to ../../build/my_robot_control/my_robot_control.egg-info/entry_points.txt
writing requirements to ../../build/my_robot_control/my_robot_control.egg-info/requires.txt
writing top-level names to ../../build/my_robot_control/my_robot_control.egg-info/top_level.txt
writing manifest file '../../build/my_robot_control/my_robot_control.egg-info/SOURCES.txt'
reading manifest file '../../build/my_robot_control/my_robot_control.egg-info/SOURCES.txt'
writing manifest file '../../build/my_robot_control/my_robot_control.egg-info/SOURCES.txt'
running build
running build_py
creating /home/login/ws_moveit/build/my_robot_control/build
creating /home/login/ws_moveit/build/my_robot_control/build/lib
creating /home/login/ws_moveit/build/my_robot_control/build/lib/my_robot_control
copying my_robot_control/__init__.py -> /home/login/ws_moveit/build/my_robot_control/build/lib/my_robot_control
copying my_robot_control/add_box_obstacle.py -> /home/login/ws_moveit/build/my_robot_control/build/lib/my_robot_control
copying my_robot_control/movelt_planning_obstacle.py -> /home/login/ws_moveit/build/my_robot_control/build/lib/my_robot_control
copying my_robot_control/trajectory_visualizer.py -> /home/login/ws_moveit/build/my_robot_control/build/lib/my_robot_control
copying my_robot_control/cartesian_commander_ur5.py -> /home/login/ws_moveit/build/my_robot_control/build/lib/my_robot_control
copying my_robot_control/home_commander_ur5.py -> /home/login/ws_moveit/build/my_robot_control/build/lib/my_robot_control
copying my_robot_control/home_commander_panda.py -> /home/login/ws_moveit/build/my_robot_control/build/lib/my_robot_control
copying my_robot_control/cartesian_commander_panda.py -> /home/login/ws_moveit/build/my_robot_control/build/lib/my_robot_control
running install
running install_lib
creating /home/login/ws_moveit/install/my_robot_control/lib/python3.12/site-packages/my_robot_control
copying /home/login/ws_moveit/build/my_robot_control/build/lib/my_robot_control/__init__.py -> /home/login/ws_moveit/install/my_robot_control/lib/python3.12/site-packages/my_robot_control
copying /home/login/ws_moveit/build/my_robot_control/build/lib/my_robot_control/add_box_obstacle.py -> /home/login/ws_moveit/install/my_robot_control/lib/python3.12/site-packages/my_robot_control
copying /home/login/ws_moveit/build/my_robot_control/build/lib/my_robot_control/movelt_planning_obstacle.py -> /home/login/ws_moveit/install/my_robot_control/lib/python3.12/site-packages/my_robot_control
copying /home/login/ws_moveit/build/my_robot_control/build/lib/my_robot_control/trajectory_visualizer.py -> /home/login/ws_moveit/install/my_robot_control/lib/python3.12/site-packages/my_robot_control
copying /home/login/ws_moveit/build/my_robot_control/build/lib/my_robot_control/cartesian_commander_ur5.py -> /home/login/ws_moveit/install/my_robot_control/lib/python3.12/site-packages/my_robot_control
copying /home/login/ws_moveit/build/my_robot_control/build/lib/my_robot_control/home_commander_ur5.py -> /home/login/ws_moveit/install/my_robot_control/lib/python3.12/site-packages/my_robot_control
copying /home/login/ws_moveit/build/my_robot_control/build/lib/my_robot_control/home_commander_panda.py -> /home/login/ws_moveit/install/my_robot_control/lib/python3.12/site-packages/my_robot_control
copying /home/login/ws_moveit/build/my_robot_control/build/lib/my_robot_control/cartesian_commander_panda.py -> /home/login/ws_moveit/install/my_robot_control/lib/python3.12/site-packages/my_robot_control
byte-compiling /home/login/ws_moveit/install/my_robot_control/lib/python3.12/site-packages/my_robot_control/__init__.py to __init__.cpython-312.pyc
byte-compiling /home/login/ws_moveit/install/my_robot_control/lib/python3.12/site-packages/my_robot_control/add_box_obstacle.py to add_box_obstacle.cpython-312.pyc
byte-compiling /home/login/ws_moveit/install/my_robot_control/lib/python3.12/site-packages/my_robot_control/movelt_planning_obstacle.py to movelt_planning_obstacle.cpython-312.pyc
byte-compiling /home/login/ws_moveit/install/my_robot_control/lib/python3.12/site-packages/my_robot_control/trajectory_visualizer.py to trajectory_visualizer.cpython-312.pyc
byte-compiling /home/login/ws_moveit/install/my_robot_control/lib/python3.12/site-packages/my_robot_control/cartesian_commander_ur5.py to cartesian_commander_ur5.cpython-312.pyc
byte-compiling /home/login/ws_moveit/install/my_robot_control/lib/python3.12/site-packages/my_robot_control/home_commander_ur5.py to home_commander_ur5.cpython-312.pyc
byte-compiling /home/login/ws_moveit/install/my_robot_control/lib/python3.12/site-packages/my_robot_control/home_commander_panda.py to home_commander_panda.cpython-312.pyc
byte-compiling /home/login/ws_moveit/install/my_robot_control/lib/python3.12/site-packages/my_robot_control/cartesian_commander_panda.py to cartesian_commander_panda.cpython-312.pyc
running install_data
creating /home/login/ws_moveit/install/my_robot_control/share/ament_index
creating /home/login/ws_moveit/install/my_robot_control/share/ament_index/resource_index
creating /home/login/ws_moveit/install/my_robot_control/share/ament_index/resource_index/packages
copying resource/my_robot_control -> /home/login/ws_moveit/install/my_robot_control/share/ament_index/resource_index/packages
copying package.xml -> /home/login/ws_moveit/install/my_robot_control/share/my_robot_control
running install_egg_info
Copying ../../build/my_robot_control/my_robot_control.egg-info to /home/login/ws_moveit/install/my_robot_control/lib/python3.12/site-packages/my_robot_control-0.0.0-py3.12.egg-info
running install_scripts
Installing add_box_obstacle script to /home/login/ws_moveit/install/my_robot_control/lib/my_robot_control
Installing cartesian_commander_panda script to /home/login/ws_moveit/install/my_robot_control/lib/my_robot_control
Installing cartesian_commander_ur5 script to /home/login/ws_moveit/install/my_robot_control/lib/my_robot_control
Installing home_commander_panda script to /home/login/ws_moveit/install/my_robot_control/lib/my_robot_control
Installing home_commander_ur5 script to /home/login/ws_moveit/install/my_robot_control/lib/my_robot_control
Installing movelt_planning_obstacle script to /home/login/ws_moveit/install/my_robot_control/lib/my_robot_control
Installing trajectory_visualizer script to /home/login/ws_moveit/install/my_robot_control/lib/my_robot_control
writing list of installed files to '/home/login/ws_moveit/build/my_robot_control/install.log'
