[0.955s] Invoking command in '/home/login/ws_moveit/src/my_robot_control': PYTHONPATH=/home/login/ws_moveit/build/my_robot_control/prefix_override:/usr/lib/python3/dist-packages/colcon_core/task/python/colcon_distutils_commands:/home/login/ws_moveit/install/my_robot_control/lib/python3.12/site-packages:${PYTHONPATH} /usr/bin/python3 -W ignore:setup.py install is deprecated -W ignore:easy_install command is deprecated setup.py egg_info --egg-base ../../build/my_robot_control build --build-base /home/login/ws_moveit/build/my_robot_control/build install --record /home/login/ws_moveit/build/my_robot_control/install.log --single-version-externally-managed install_data
[1.265s] running egg_info
[1.265s] creating ../../build/my_robot_control/my_robot_control.egg-info
[1.288s] writing ../../build/my_robot_control/my_robot_control.egg-info/PKG-INFO
[1.288s] writing dependency_links to ../../build/my_robot_control/my_robot_control.egg-info/dependency_links.txt
[1.288s] writing entry points to ../../build/my_robot_control/my_robot_control.egg-info/entry_points.txt
[1.289s] writing requirements to ../../build/my_robot_control/my_robot_control.egg-info/requires.txt
[1.289s] writing top-level names to ../../build/my_robot_control/my_robot_control.egg-info/top_level.txt
[1.289s] writing manifest file '../../build/my_robot_control/my_robot_control.egg-info/SOURCES.txt'
[1.332s] reading manifest file '../../build/my_robot_control/my_robot_control.egg-info/SOURCES.txt'
[1.333s] writing manifest file '../../build/my_robot_control/my_robot_control.egg-info/SOURCES.txt'
[1.333s] running build
[1.333s] running build_py
[1.333s] creating /home/login/ws_moveit/build/my_robot_control/build
[1.334s] creating /home/login/ws_moveit/build/my_robot_control/build/lib
[1.334s] creating /home/login/ws_moveit/build/my_robot_control/build/lib/my_robot_control
[1.334s] copying my_robot_control/__init__.py -> /home/login/ws_moveit/build/my_robot_control/build/lib/my_robot_control
[1.335s] copying my_robot_control/add_box_obstacle.py -> /home/login/ws_moveit/build/my_robot_control/build/lib/my_robot_control
[1.335s] copying my_robot_control/movelt_planning_obstacle.py -> /home/login/ws_moveit/build/my_robot_control/build/lib/my_robot_control
[1.335s] copying my_robot_control/trajectory_visualizer.py -> /home/login/ws_moveit/build/my_robot_control/build/lib/my_robot_control
[1.335s] copying my_robot_control/cartesian_commander_ur5.py -> /home/login/ws_moveit/build/my_robot_control/build/lib/my_robot_control
[1.335s] copying my_robot_control/home_commander_ur5.py -> /home/login/ws_moveit/build/my_robot_control/build/lib/my_robot_control
[1.336s] copying my_robot_control/home_commander_panda.py -> /home/login/ws_moveit/build/my_robot_control/build/lib/my_robot_control
[1.336s] copying my_robot_control/cartesian_commander_panda.py -> /home/login/ws_moveit/build/my_robot_control/build/lib/my_robot_control
[1.336s] running install
[1.342s] running install_lib
[1.361s] creating /home/login/ws_moveit/install/my_robot_control/lib/python3.12/site-packages/my_robot_control
[1.362s] copying /home/login/ws_moveit/build/my_robot_control/build/lib/my_robot_control/__init__.py -> /home/login/ws_moveit/install/my_robot_control/lib/python3.12/site-packages/my_robot_control
[1.362s] copying /home/login/ws_moveit/build/my_robot_control/build/lib/my_robot_control/add_box_obstacle.py -> /home/login/ws_moveit/install/my_robot_control/lib/python3.12/site-packages/my_robot_control
[1.362s] copying /home/login/ws_moveit/build/my_robot_control/build/lib/my_robot_control/movelt_planning_obstacle.py -> /home/login/ws_moveit/install/my_robot_control/lib/python3.12/site-packages/my_robot_control
[1.362s] copying /home/login/ws_moveit/build/my_robot_control/build/lib/my_robot_control/trajectory_visualizer.py -> /home/login/ws_moveit/install/my_robot_control/lib/python3.12/site-packages/my_robot_control
[1.363s] copying /home/login/ws_moveit/build/my_robot_control/build/lib/my_robot_control/cartesian_commander_ur5.py -> /home/login/ws_moveit/install/my_robot_control/lib/python3.12/site-packages/my_robot_control
[1.363s] copying /home/login/ws_moveit/build/my_robot_control/build/lib/my_robot_control/home_commander_ur5.py -> /home/login/ws_moveit/install/my_robot_control/lib/python3.12/site-packages/my_robot_control
[1.363s] copying /home/login/ws_moveit/build/my_robot_control/build/lib/my_robot_control/home_commander_panda.py -> /home/login/ws_moveit/install/my_robot_control/lib/python3.12/site-packages/my_robot_control
[1.363s] copying /home/login/ws_moveit/build/my_robot_control/build/lib/my_robot_control/cartesian_commander_panda.py -> /home/login/ws_moveit/install/my_robot_control/lib/python3.12/site-packages/my_robot_control
[1.364s] byte-compiling /home/login/ws_moveit/install/my_robot_control/lib/python3.12/site-packages/my_robot_control/__init__.py to __init__.cpython-312.pyc
[1.365s] byte-compiling /home/login/ws_moveit/install/my_robot_control/lib/python3.12/site-packages/my_robot_control/add_box_obstacle.py to add_box_obstacle.cpython-312.pyc
[1.366s] byte-compiling /home/login/ws_moveit/install/my_robot_control/lib/python3.12/site-packages/my_robot_control/movelt_planning_obstacle.py to movelt_planning_obstacle.cpython-312.pyc
[1.369s] byte-compiling /home/login/ws_moveit/install/my_robot_control/lib/python3.12/site-packages/my_robot_control/trajectory_visualizer.py to trajectory_visualizer.cpython-312.pyc
[1.372s] byte-compiling /home/login/ws_moveit/install/my_robot_control/lib/python3.12/site-packages/my_robot_control/cartesian_commander_ur5.py to cartesian_commander_ur5.cpython-312.pyc
[1.373s] byte-compiling /home/login/ws_moveit/install/my_robot_control/lib/python3.12/site-packages/my_robot_control/home_commander_ur5.py to home_commander_ur5.cpython-312.pyc
[1.373s] byte-compiling /home/login/ws_moveit/install/my_robot_control/lib/python3.12/site-packages/my_robot_control/home_commander_panda.py to home_commander_panda.cpython-312.pyc
[1.374s] byte-compiling /home/login/ws_moveit/install/my_robot_control/lib/python3.12/site-packages/my_robot_control/cartesian_commander_panda.py to cartesian_commander_panda.cpython-312.pyc
[1.375s] running install_data
[1.375s] creating /home/login/ws_moveit/install/my_robot_control/share/ament_index
[1.375s] creating /home/login/ws_moveit/install/my_robot_control/share/ament_index/resource_index
[1.375s] creating /home/login/ws_moveit/install/my_robot_control/share/ament_index/resource_index/packages
[1.376s] copying resource/my_robot_control -> /home/login/ws_moveit/install/my_robot_control/share/ament_index/resource_index/packages
[1.376s] copying package.xml -> /home/login/ws_moveit/install/my_robot_control/share/my_robot_control
[1.377s] running install_egg_info
[1.400s] Copying ../../build/my_robot_control/my_robot_control.egg-info to /home/login/ws_moveit/install/my_robot_control/lib/python3.12/site-packages/my_robot_control-0.0.0-py3.12.egg-info
[1.402s] running install_scripts
[1.548s] Installing add_box_obstacle script to /home/login/ws_moveit/install/my_robot_control/lib/my_robot_control
[1.549s] Installing cartesian_commander_panda script to /home/login/ws_moveit/install/my_robot_control/lib/my_robot_control
[1.550s] Installing cartesian_commander_ur5 script to /home/login/ws_moveit/install/my_robot_control/lib/my_robot_control
[1.550s] Installing home_commander_panda script to /home/login/ws_moveit/install/my_robot_control/lib/my_robot_control
[1.550s] Installing home_commander_ur5 script to /home/login/ws_moveit/install/my_robot_control/lib/my_robot_control
[1.551s] Installing movelt_planning_obstacle script to /home/login/ws_moveit/install/my_robot_control/lib/my_robot_control
[1.551s] Installing trajectory_visualizer script to /home/login/ws_moveit/install/my_robot_control/lib/my_robot_control
[1.551s] writing list of installed files to '/home/login/ws_moveit/build/my_robot_control/install.log'
[1.602s] Invoked command in '/home/login/ws_moveit/src/my_robot_control' returned '0': PYTHONPATH=/home/login/ws_moveit/build/my_robot_control/prefix_override:/usr/lib/python3/dist-packages/colcon_core/task/python/colcon_distutils_commands:/home/login/ws_moveit/install/my_robot_control/lib/python3.12/site-packages:${PYTHONPATH} /usr/bin/python3 -W ignore:setup.py install is deprecated -W ignore:easy_install command is deprecated setup.py egg_info --egg-base ../../build/my_robot_control build --build-base /home/login/ws_moveit/build/my_robot_control/build install --record /home/login/ws_moveit/build/my_robot_control/install.log --single-version-externally-managed install_data
