[0.018s] Invoking command in '/home/login/ws_moveit/src/moveit_task_constructor/demo/build/moveit_task_constructor_demo': CMAKE_PREFIX_PATH=${CMAKE_PREFIX_PATH}:/home/login/ros2_ws/install/my_test_pkg:/home/login/install/my_test_pkg:/opt/ros/jazzy /usr/bin/cmake --build /home/login/ws_moveit/src/moveit_task_constructor/demo/build/moveit_task_constructor_demo -- -j12 -l12
[0.129s] [ 11%] Built target ik_clearance_cost_parameters
[0.130s] [ 22%] Built target pick_place_demo_parameters
[0.145s] [ 33%] Built target moveit_task_constructor_demo_modular
[0.145s] [ 44%] Built target moveit_task_constructor_demo_alternative_path_costs
[0.145s] [ 55%] Built target moveit_task_constructor_demo_cartesian
[0.146s] [ 66%] Built target moveit_task_constructor_demo_fallbacks_move_to
[0.167s] [ 77%] Built target moveit_task_constructor_demo_ik_clearance_cost
[0.170s] [ 88%] Built target moveit_task_constructor_demo_pick_place_task
[0.207s] [100%] Built target moveit_task_constructor_demo_pick_place_demo
[0.220s] Invoked command in '/home/login/ws_moveit/src/moveit_task_constructor/demo/build/moveit_task_constructor_demo' returned '0': CMAKE_PREFIX_PATH=${CMAKE_PREFIX_PATH}:/home/login/ros2_ws/install/my_test_pkg:/home/login/install/my_test_pkg:/opt/ros/jazzy /usr/bin/cmake --build /home/login/ws_moveit/src/moveit_task_constructor/demo/build/moveit_task_constructor_demo -- -j12 -l12
[0.231s] Invoking command in '/home/login/ws_moveit/src/moveit_task_constructor/demo/build/moveit_task_constructor_demo': CMAKE_PREFIX_PATH=${CMAKE_PREFIX_PATH}:/home/login/ros2_ws/install/my_test_pkg:/home/login/install/my_test_pkg:/opt/ros/jazzy /usr/bin/cmake --install /home/login/ws_moveit/src/moveit_task_constructor/demo/build/moveit_task_constructor_demo
[0.239s] -- Install configuration: "Release"
[0.241s] -- Up-to-date: /home/login/ws_moveit/src/moveit_task_constructor/demo/install/moveit_task_constructor_demo/lib/libmoveit_task_constructor_demo_pick_place_task.so
[0.242s] -- Up-to-date: /home/login/ws_moveit/src/moveit_task_constructor/demo/install/moveit_task_constructor_demo/lib/moveit_task_constructor_demo/cartesian
[0.243s] -- Up-to-date: /home/login/ws_moveit/src/moveit_task_constructor/demo/install/moveit_task_constructor_demo/lib/moveit_task_constructor_demo/modular
[0.244s] -- Up-to-date: /home/login/ws_moveit/src/moveit_task_constructor/demo/install/moveit_task_constructor_demo/lib/moveit_task_constructor_demo/alternative_path_costs
[0.244s] -- Up-to-date: /home/login/ws_moveit/src/moveit_task_constructor/demo/install/moveit_task_constructor_demo/include/moveit_task_constructor_demo
[0.244s] -- Up-to-date: /home/login/ws_moveit/src/moveit_task_constructor/demo/install/moveit_task_constructor_demo/include/moveit_task_constructor_demo/ik_clearance_cost_parameters.hpp
[0.244s] -- Up-to-date: /home/login/ws_moveit/src/moveit_task_constructor/demo/install/moveit_task_constructor_demo/include/moveit_task_constructor_demo/pick_place_demo_parameters.hpp
[0.245s] -- Up-to-date: /home/login/ws_moveit/src/moveit_task_constructor/demo/install/moveit_task_constructor_demo/lib/moveit_task_constructor_demo/ik_clearance_cost
[0.246s] -- Up-to-date: /home/login/ws_moveit/src/moveit_task_constructor/demo/install/moveit_task_constructor_demo/lib/moveit_task_constructor_demo/fallbacks_move_to
[0.246s] -- Up-to-date: /home/login/ws_moveit/src/moveit_task_constructor/demo/install/moveit_task_constructor_demo/include/moveit_task_constructor_demo
[0.246s] -- Up-to-date: /home/login/ws_moveit/src/moveit_task_constructor/demo/install/moveit_task_constructor_demo/include/moveit_task_constructor_demo/ik_clearance_cost_parameters.hpp
[0.247s] -- Up-to-date: /home/login/ws_moveit/src/moveit_task_constructor/demo/install/moveit_task_constructor_demo/include/moveit_task_constructor_demo/pick_place_demo_parameters.hpp
[0.247s] -- Up-to-date: /home/login/ws_moveit/src/moveit_task_constructor/demo/install/moveit_task_constructor_demo/lib/moveit_task_constructor_demo/pick_place_demo
[0.248s] -- Up-to-date: /home/login/ws_moveit/src/moveit_task_constructor/demo/install/moveit_task_constructor_demo/lib/moveit_task_constructor_demo/alternatives.py
[0.248s] -- Up-to-date: /home/login/ws_moveit/src/moveit_task_constructor/demo/install/moveit_task_constructor_demo/lib/moveit_task_constructor_demo/cartesian.py
[0.248s] -- Up-to-date: /home/login/ws_moveit/src/moveit_task_constructor/demo/install/moveit_task_constructor_demo/lib/moveit_task_constructor_demo/compute_ik.py
[0.248s] -- Up-to-date: /home/login/ws_moveit/src/moveit_task_constructor/demo/install/moveit_task_constructor_demo/lib/moveit_task_constructor_demo/constrained.py
[0.249s] -- Up-to-date: /home/login/ws_moveit/src/moveit_task_constructor/demo/install/moveit_task_constructor_demo/lib/moveit_task_constructor_demo/current_state.py
[0.249s] -- Up-to-date: /home/login/ws_moveit/src/moveit_task_constructor/demo/install/moveit_task_constructor_demo/lib/moveit_task_constructor_demo/fallbacks.py
[0.249s] -- Up-to-date: /home/login/ws_moveit/src/moveit_task_constructor/demo/install/moveit_task_constructor_demo/lib/moveit_task_constructor_demo/fix_collision_objects.py
[0.249s] -- Up-to-date: /home/login/ws_moveit/src/moveit_task_constructor/demo/install/moveit_task_constructor_demo/lib/moveit_task_constructor_demo/fixed_state.py
[0.249s] -- Up-to-date: /home/login/ws_moveit/src/moveit_task_constructor/demo/install/moveit_task_constructor_demo/lib/moveit_task_constructor_demo/generate_pose.py
[0.250s] -- Up-to-date: /home/login/ws_moveit/src/moveit_task_constructor/demo/install/moveit_task_constructor_demo/lib/moveit_task_constructor_demo/merger.py
[0.250s] -- Up-to-date: /home/login/ws_moveit/src/moveit_task_constructor/demo/install/moveit_task_constructor_demo/lib/moveit_task_constructor_demo/modify_planning_scene.py
[0.250s] -- Up-to-date: /home/login/ws_moveit/src/moveit_task_constructor/demo/install/moveit_task_constructor_demo/lib/moveit_task_constructor_demo/multi_planner.py
[0.250s] -- Up-to-date: /home/login/ws_moveit/src/moveit_task_constructor/demo/install/moveit_task_constructor_demo/lib/moveit_task_constructor_demo/pickplace.py
[0.250s] -- Up-to-date: /home/login/ws_moveit/src/moveit_task_constructor/demo/install/moveit_task_constructor_demo/lib/moveit_task_constructor_demo/properties.py
[0.250s] -- Installing: /home/login/ws_moveit/src/moveit_task_constructor/demo/install/moveit_task_constructor_demo/lib/moveit_task_constructor_demo/ur5_cli_goal.py
[0.250s] -- Up-to-date: /home/login/ws_moveit/src/moveit_task_constructor/demo/install/moveit_task_constructor_demo/share/moveit_task_constructor_demo/launch
[0.250s] -- Up-to-date: /home/login/ws_moveit/src/moveit_task_constructor/demo/install/moveit_task_constructor_demo/share/moveit_task_constructor_demo/launch/run.launch.py
[0.251s] -- Up-to-date: /home/login/ws_moveit/src/moveit_task_constructor/demo/install/moveit_task_constructor_demo/share/moveit_task_constructor_demo/launch/demo.launch.py
[0.251s] -- Up-to-date: /home/login/ws_moveit/src/moveit_task_constructor/demo/install/moveit_task_constructor_demo/share/moveit_task_constructor_demo/config
[0.251s] -- Up-to-date: /home/login/ws_moveit/src/moveit_task_constructor/demo/install/moveit_task_constructor_demo/share/moveit_task_constructor_demo/config/mtc.rviz
[0.251s] -- Up-to-date: /home/login/ws_moveit/src/moveit_task_constructor/demo/install/moveit_task_constructor_demo/share/moveit_task_constructor_demo/config/panda_config.yaml
[0.251s] -- Up-to-date: /home/login/ws_moveit/src/moveit_task_constructor/demo/install/moveit_task_constructor_demo/share/ament_index/resource_index/package_run_dependencies/moveit_task_constructor_demo
[0.252s] -- Up-to-date: /home/login/ws_moveit/src/moveit_task_constructor/demo/install/moveit_task_constructor_demo/share/ament_index/resource_index/parent_prefix_path/moveit_task_constructor_demo
[0.252s] -- Up-to-date: /home/login/ws_moveit/src/moveit_task_constructor/demo/install/moveit_task_constructor_demo/share/moveit_task_constructor_demo/environment/ament_prefix_path.sh
[0.252s] -- Up-to-date: /home/login/ws_moveit/src/moveit_task_constructor/demo/install/moveit_task_constructor_demo/share/moveit_task_constructor_demo/environment/ament_prefix_path.dsv
[0.252s] -- Up-to-date: /home/login/ws_moveit/src/moveit_task_constructor/demo/install/moveit_task_constructor_demo/share/moveit_task_constructor_demo/environment/path.sh
[0.252s] -- Up-to-date: /home/login/ws_moveit/src/moveit_task_constructor/demo/install/moveit_task_constructor_demo/share/moveit_task_constructor_demo/environment/path.dsv
[0.252s] -- Up-to-date: /home/login/ws_moveit/src/moveit_task_constructor/demo/install/moveit_task_constructor_demo/share/moveit_task_constructor_demo/local_setup.bash
[0.252s] -- Up-to-date: /home/login/ws_moveit/src/moveit_task_constructor/demo/install/moveit_task_constructor_demo/share/moveit_task_constructor_demo/local_setup.sh
[0.252s] -- Up-to-date: /home/login/ws_moveit/src/moveit_task_constructor/demo/install/moveit_task_constructor_demo/share/moveit_task_constructor_demo/local_setup.zsh
[0.252s] -- Up-to-date: /home/login/ws_moveit/src/moveit_task_constructor/demo/install/moveit_task_constructor_demo/share/moveit_task_constructor_demo/local_setup.dsv
[0.253s] -- Installing: /home/login/ws_moveit/src/moveit_task_constructor/demo/install/moveit_task_constructor_demo/share/moveit_task_constructor_demo/package.dsv
[0.253s] -- Up-to-date: /home/login/ws_moveit/src/moveit_task_constructor/demo/install/moveit_task_constructor_demo/share/ament_index/resource_index/packages/moveit_task_constructor_demo
[0.253s] -- Up-to-date: /home/login/ws_moveit/src/moveit_task_constructor/demo/install/moveit_task_constructor_demo/share/moveit_task_constructor_demo/cmake/moveit_task_constructor_demoConfig.cmake
[0.253s] -- Up-to-date: /home/login/ws_moveit/src/moveit_task_constructor/demo/install/moveit_task_constructor_demo/share/moveit_task_constructor_demo/cmake/moveit_task_constructor_demoConfig-version.cmake
[0.254s] -- Up-to-date: /home/login/ws_moveit/src/moveit_task_constructor/demo/install/moveit_task_constructor_demo/share/moveit_task_constructor_demo/package.xml
[0.254s] Invoked command in '/home/login/ws_moveit/src/moveit_task_constructor/demo/build/moveit_task_constructor_demo' returned '0': CMAKE_PREFIX_PATH=${CMAKE_PREFIX_PATH}:/home/login/ros2_ws/install/my_test_pkg:/home/login/install/my_test_pkg:/opt/ros/jazzy /usr/bin/cmake --install /home/login/ws_moveit/src/moveit_task_constructor/demo/build/moveit_task_constructor_demo
