[0.299s] DEBUG:colcon:Command line arguments: ['/usr/bin/colcon', 'build']
[0.299s] DEBUG:colcon:Parsed command line arguments: Namespace(log_base=None, log_level=None, verb_name='build', build_base='build', install_base='install', merge_install=False, symlink_install=False, test_result_base=None, continue_on_error=False, executor='parallel', parallel_workers=12, event_handlers=None, ignore_user_meta=False, metas=['./colcon.meta'], base_paths=['.'], packages_ignore=None, packages_ignore_regex=None, paths=None, packages_up_to=None, packages_up_to_regex=None, packages_above=None, packages_above_and_dependencies=None, packages_above_depth=None, packages_select_by_dep=None, packages_skip_by_dep=None, packages_skip_up_to=None, packages_select_build_failed=False, packages_skip_build_finished=False, packages_select_test_failures=False, packages_skip_test_passed=False, packages_select=None, packages_skip=None, packages_select_regex=None, packages_skip_regex=None, packages_start=None, packages_end=None, allow_overriding=[], cmake_args=None, cmake_target=None, cmake_target_skip_unavailable=False, cmake_clean_cache=False, cmake_clean_first=False, cmake_force_configure=False, ament_cmake_args=None, catkin_cmake_args=None, catkin_skip_building_tests=False, mixin_files=None, mixin=None, verb_parser=<colcon_mixin.mixin.mixin_argument.MixinArgumentDecorator object at 0x7f3e67efde20>, verb_extension=<colcon_core.verb.build.BuildVerb object at 0x7f3e67efda00>, main=<bound method BuildVerb.main of <colcon_core.verb.build.BuildVerb object at 0x7f3e67efda00>>, mixin_verb=('build',))
[0.337s] Level 1:colcon.colcon_core.package_discovery:discover_packages(colcon_meta) check parameters
[0.337s] Level 1:colcon.colcon_core.package_discovery:discover_packages(recursive) check parameters
[0.338s] Level 1:colcon.colcon_core.package_discovery:discover_packages(ignore) check parameters
[0.338s] Level 1:colcon.colcon_core.package_discovery:discover_packages(path) check parameters
[0.338s] Level 1:colcon.colcon_core.package_discovery:discover_packages(colcon_meta) discover
[0.338s] Level 1:colcon.colcon_core.package_discovery:discover_packages(recursive) discover
[0.338s] INFO:colcon.colcon_core.package_discovery:Crawling recursively for packages in '/home/login/ws_moveit/src/moveit_task_constructor/demo'
[0.338s] Level 1:colcon.colcon_core.package_identification:_identify(.) by extensions ['ignore', 'ignore_ament_install']
[0.338s] Level 1:colcon.colcon_core.package_identification:_identify(.) by extension 'ignore'
[0.338s] Level 1:colcon.colcon_core.package_identification:_identify(.) by extension 'ignore_ament_install'
[0.338s] Level 1:colcon.colcon_core.package_identification:_identify(.) by extensions ['colcon_pkg']
[0.338s] Level 1:colcon.colcon_core.package_identification:_identify(.) by extension 'colcon_pkg'
[0.338s] Level 1:colcon.colcon_core.package_identification:_identify(.) by extensions ['colcon_meta']
[0.338s] Level 1:colcon.colcon_core.package_identification:_identify(.) by extension 'colcon_meta'
[0.338s] Level 1:colcon.colcon_core.package_identification:_identify(.) by extensions ['ros']
[0.338s] Level 1:colcon.colcon_core.package_identification:_identify(.) by extension 'ros'
[0.371s] DEBUG:colcon.colcon_core.package_identification:Package '.' with type 'ros.ament_cmake' and name 'moveit_task_constructor_demo'
[0.372s] Level 1:colcon.colcon_core.package_discovery:discover_packages(recursive) using defaults
[0.372s] Level 1:colcon.colcon_core.package_discovery:discover_packages(ignore) discover
[0.372s] Level 1:colcon.colcon_core.package_discovery:discover_packages(ignore) using defaults
[0.372s] Level 1:colcon.colcon_core.package_discovery:discover_packages(path) discover
[0.372s] Level 1:colcon.colcon_core.package_discovery:discover_packages(path) using defaults
[0.396s] Level 1:colcon.colcon_core.package_discovery:discover_packages(prefix_path) check parameters
[0.396s] Level 1:colcon.colcon_core.package_discovery:discover_packages(prefix_path) discover
[0.400s] DEBUG:colcon.colcon_installed_package_information.package_discovery:Found 1 installed packages in /home/login/ws_moveit/src/moveit_task_constructor/demo/install
[0.401s] DEBUG:colcon.colcon_installed_package_information.package_discovery:Found 8 installed packages in /home/login/ws_moveit/install
[0.402s] DEBUG:colcon.colcon_installed_package_information.package_discovery:Found 3 installed packages in /home/login/ros2_ws/install
[0.402s] DEBUG:colcon.colcon_installed_package_information.package_discovery:Found 11 installed packages in /home/login/install
[0.405s] DEBUG:colcon.colcon_installed_package_information.package_discovery:Found 427 installed packages in /opt/ros/jazzy
[0.407s] Level 1:colcon.colcon_core.package_discovery:discover_packages(prefix_path) using defaults
[0.471s] Level 5:colcon.colcon_core.verb:set package 'moveit_task_constructor_demo' build argument 'cmake_args' from command line to 'None'
[0.471s] Level 5:colcon.colcon_core.verb:set package 'moveit_task_constructor_demo' build argument 'cmake_target' from command line to 'None'
[0.471s] Level 5:colcon.colcon_core.verb:set package 'moveit_task_constructor_demo' build argument 'cmake_target_skip_unavailable' from command line to 'False'
[0.471s] Level 5:colcon.colcon_core.verb:set package 'moveit_task_constructor_demo' build argument 'cmake_clean_cache' from command line to 'False'
[0.471s] Level 5:colcon.colcon_core.verb:set package 'moveit_task_constructor_demo' build argument 'cmake_clean_first' from command line to 'False'
[0.471s] Level 5:colcon.colcon_core.verb:set package 'moveit_task_constructor_demo' build argument 'cmake_force_configure' from command line to 'False'
[0.471s] Level 5:colcon.colcon_core.verb:set package 'moveit_task_constructor_demo' build argument 'ament_cmake_args' from command line to 'None'
[0.471s] Level 5:colcon.colcon_core.verb:set package 'moveit_task_constructor_demo' build argument 'catkin_cmake_args' from command line to 'None'
[0.471s] Level 5:colcon.colcon_core.verb:set package 'moveit_task_constructor_demo' build argument 'catkin_skip_building_tests' from command line to 'False'
[0.471s] DEBUG:colcon.colcon_core.verb:Building package 'moveit_task_constructor_demo' with the following arguments: {'ament_cmake_args': None, 'build_base': '/home/login/ws_moveit/src/moveit_task_constructor/demo/build/moveit_task_constructor_demo', 'catkin_cmake_args': None, 'catkin_skip_building_tests': False, 'cmake_args': None, 'cmake_clean_cache': False, 'cmake_clean_first': False, 'cmake_force_configure': False, 'cmake_target': None, 'cmake_target_skip_unavailable': False, 'install_base': '/home/login/ws_moveit/src/moveit_task_constructor/demo/install/moveit_task_constructor_demo', 'merge_install': False, 'path': '/home/login/ws_moveit/src/moveit_task_constructor/demo', 'symlink_install': False, 'test_result_base': None}
[0.472s] INFO:colcon.colcon_core.executor:Executing jobs using 'parallel' executor
[0.473s] DEBUG:colcon.colcon_parallel_executor.executor.parallel:run_until_complete
[0.474s] INFO:colcon.colcon_ros.task.ament_cmake.build:Building ROS package in '/home/login/ws_moveit/src/moveit_task_constructor/demo' with build type 'ament_cmake'
[0.474s] INFO:colcon.colcon_cmake.task.cmake.build:Building CMake package in '/home/login/ws_moveit/src/moveit_task_constructor/demo'
[0.478s] INFO:colcon.colcon_core.plugin_system:Skipping extension 'colcon_core.shell.bat': Not used on non-Windows systems
[0.478s] INFO:colcon.colcon_core.shell:Skip shell extension 'powershell' for command environment: Not usable outside of PowerShell
[0.478s] DEBUG:colcon.colcon_core.shell:Skip shell extension 'dsv' for command environment
[0.498s] DEBUG:colcon.colcon_core.event_handler.log_command:Invoking command in '/home/login/ws_moveit/src/moveit_task_constructor/demo/build/moveit_task_constructor_demo': CMAKE_PREFIX_PATH=${CMAKE_PREFIX_PATH}:/home/login/install/move_it:/home/login/ws_moveit/install/move_it:/home/login/ros2_ws/install/my_test_pkg:/home/login/install/my_test_pkg:/opt/ros/jazzy /usr/bin/cmake --build /home/login/ws_moveit/src/moveit_task_constructor/demo/build/moveit_task_constructor_demo -- -j12 -l12
[0.727s] DEBUG:colcon.colcon_core.event_handler.log_command:Invoked command in '/home/login/ws_moveit/src/moveit_task_constructor/demo/build/moveit_task_constructor_demo' returned '0': CMAKE_PREFIX_PATH=${CMAKE_PREFIX_PATH}:/home/login/install/move_it:/home/login/ws_moveit/install/move_it:/home/login/ros2_ws/install/my_test_pkg:/home/login/install/my_test_pkg:/opt/ros/jazzy /usr/bin/cmake --build /home/login/ws_moveit/src/moveit_task_constructor/demo/build/moveit_task_constructor_demo -- -j12 -l12
[0.742s] DEBUG:colcon.colcon_core.event_handler.log_command:Invoking command in '/home/login/ws_moveit/src/moveit_task_constructor/demo/build/moveit_task_constructor_demo': CMAKE_PREFIX_PATH=${CMAKE_PREFIX_PATH}:/home/login/install/move_it:/home/login/ws_moveit/install/move_it:/home/login/ros2_ws/install/my_test_pkg:/home/login/install/my_test_pkg:/opt/ros/jazzy /usr/bin/cmake --install /home/login/ws_moveit/src/moveit_task_constructor/demo/build/moveit_task_constructor_demo
[0.765s] Level 1:colcon.colcon_core.environment:create_environment_scripts_only(moveit_task_constructor_demo)
[0.765s] DEBUG:colcon.colcon_core.event_handler.log_command:Invoked command in '/home/login/ws_moveit/src/moveit_task_constructor/demo/build/moveit_task_constructor_demo' returned '0': CMAKE_PREFIX_PATH=${CMAKE_PREFIX_PATH}:/home/login/install/move_it:/home/login/ws_moveit/install/move_it:/home/login/ros2_ws/install/my_test_pkg:/home/login/install/my_test_pkg:/opt/ros/jazzy /usr/bin/cmake --install /home/login/ws_moveit/src/moveit_task_constructor/demo/build/moveit_task_constructor_demo
[0.768s] Level 1:colcon.colcon_core.environment:checking '/home/login/ws_moveit/src/moveit_task_constructor/demo/install/moveit_task_constructor_demo' for CMake module files
[0.769s] Level 1:colcon.colcon_core.environment:checking '/home/login/ws_moveit/src/moveit_task_constructor/demo/install/moveit_task_constructor_demo' for CMake config files
[0.769s] Level 1:colcon.colcon_core.shell:create_environment_hook('moveit_task_constructor_demo', 'cmake_prefix_path')
[0.770s] INFO:colcon.colcon_core.shell:Creating environment hook '/home/login/ws_moveit/src/moveit_task_constructor/demo/install/moveit_task_constructor_demo/share/moveit_task_constructor_demo/hook/cmake_prefix_path.ps1'
[0.770s] INFO:colcon.colcon_core.shell:Creating environment descriptor '/home/login/ws_moveit/src/moveit_task_constructor/demo/install/moveit_task_constructor_demo/share/moveit_task_constructor_demo/hook/cmake_prefix_path.dsv'
[0.771s] INFO:colcon.colcon_core.shell:Creating environment hook '/home/login/ws_moveit/src/moveit_task_constructor/demo/install/moveit_task_constructor_demo/share/moveit_task_constructor_demo/hook/cmake_prefix_path.sh'
[0.772s] Level 1:colcon.colcon_core.environment:checking '/home/login/ws_moveit/src/moveit_task_constructor/demo/install/moveit_task_constructor_demo/lib'
[0.772s] Level 1:colcon.colcon_core.shell:create_environment_hook('moveit_task_constructor_demo', 'ld_library_path_lib')
[0.772s] INFO:colcon.colcon_core.shell:Creating environment hook '/home/login/ws_moveit/src/moveit_task_constructor/demo/install/moveit_task_constructor_demo/share/moveit_task_constructor_demo/hook/ld_library_path_lib.ps1'
[0.772s] INFO:colcon.colcon_core.shell:Creating environment descriptor '/home/login/ws_moveit/src/moveit_task_constructor/demo/install/moveit_task_constructor_demo/share/moveit_task_constructor_demo/hook/ld_library_path_lib.dsv'
[0.773s] INFO:colcon.colcon_core.shell:Creating environment hook '/home/login/ws_moveit/src/moveit_task_constructor/demo/install/moveit_task_constructor_demo/share/moveit_task_constructor_demo/hook/ld_library_path_lib.sh'
[0.773s] Level 1:colcon.colcon_core.environment:checking '/home/login/ws_moveit/src/moveit_task_constructor/demo/install/moveit_task_constructor_demo/bin'
[0.774s] Level 1:colcon.colcon_core.environment:checking '/home/login/ws_moveit/src/moveit_task_constructor/demo/install/moveit_task_constructor_demo/lib/pkgconfig/moveit_task_constructor_demo.pc'
[0.774s] Level 1:colcon.colcon_core.environment:checking '/home/login/ws_moveit/src/moveit_task_constructor/demo/install/moveit_task_constructor_demo/lib/python3.12/site-packages'
[0.774s] Level 1:colcon.colcon_core.environment:checking '/home/login/ws_moveit/src/moveit_task_constructor/demo/install/moveit_task_constructor_demo/bin'
[0.775s] INFO:colcon.colcon_core.shell:Creating package script '/home/login/ws_moveit/src/moveit_task_constructor/demo/install/moveit_task_constructor_demo/share/moveit_task_constructor_demo/package.ps1'
[0.776s] INFO:colcon.colcon_core.shell:Creating package descriptor '/home/login/ws_moveit/src/moveit_task_constructor/demo/install/moveit_task_constructor_demo/share/moveit_task_constructor_demo/package.dsv'
[0.777s] INFO:colcon.colcon_core.shell:Creating package script '/home/login/ws_moveit/src/moveit_task_constructor/demo/install/moveit_task_constructor_demo/share/moveit_task_constructor_demo/package.sh'
[0.777s] INFO:colcon.colcon_core.shell:Creating package script '/home/login/ws_moveit/src/moveit_task_constructor/demo/install/moveit_task_constructor_demo/share/moveit_task_constructor_demo/package.bash'
[0.778s] INFO:colcon.colcon_core.shell:Creating package script '/home/login/ws_moveit/src/moveit_task_constructor/demo/install/moveit_task_constructor_demo/share/moveit_task_constructor_demo/package.zsh'
[0.778s] Level 1:colcon.colcon_core.environment:create_file_with_runtime_dependencies(/home/login/ws_moveit/src/moveit_task_constructor/demo/install/moveit_task_constructor_demo/share/colcon-core/packages/moveit_task_constructor_demo)
[0.779s] Level 1:colcon.colcon_core.environment:create_environment_scripts_only(moveit_task_constructor_demo)
[0.779s] Level 1:colcon.colcon_core.environment:checking '/home/login/ws_moveit/src/moveit_task_constructor/demo/install/moveit_task_constructor_demo' for CMake module files
[0.780s] Level 1:colcon.colcon_core.environment:checking '/home/login/ws_moveit/src/moveit_task_constructor/demo/install/moveit_task_constructor_demo' for CMake config files
[0.780s] Level 1:colcon.colcon_core.shell:create_environment_hook('moveit_task_constructor_demo', 'cmake_prefix_path')
[0.780s] INFO:colcon.colcon_core.shell:Creating environment hook '/home/login/ws_moveit/src/moveit_task_constructor/demo/install/moveit_task_constructor_demo/share/moveit_task_constructor_demo/hook/cmake_prefix_path.ps1'
[0.781s] INFO:colcon.colcon_core.shell:Creating environment descriptor '/home/login/ws_moveit/src/moveit_task_constructor/demo/install/moveit_task_constructor_demo/share/moveit_task_constructor_demo/hook/cmake_prefix_path.dsv'
[0.782s] INFO:colcon.colcon_core.shell:Creating environment hook '/home/login/ws_moveit/src/moveit_task_constructor/demo/install/moveit_task_constructor_demo/share/moveit_task_constructor_demo/hook/cmake_prefix_path.sh'
[0.782s] Level 1:colcon.colcon_core.environment:checking '/home/login/ws_moveit/src/moveit_task_constructor/demo/install/moveit_task_constructor_demo/lib'
[0.782s] Level 1:colcon.colcon_core.shell:create_environment_hook('moveit_task_constructor_demo', 'ld_library_path_lib')
[0.783s] INFO:colcon.colcon_core.shell:Creating environment hook '/home/login/ws_moveit/src/moveit_task_constructor/demo/install/moveit_task_constructor_demo/share/moveit_task_constructor_demo/hook/ld_library_path_lib.ps1'
[0.783s] INFO:colcon.colcon_core.shell:Creating environment descriptor '/home/login/ws_moveit/src/moveit_task_constructor/demo/install/moveit_task_constructor_demo/share/moveit_task_constructor_demo/hook/ld_library_path_lib.dsv'
[0.783s] INFO:colcon.colcon_core.shell:Creating environment hook '/home/login/ws_moveit/src/moveit_task_constructor/demo/install/moveit_task_constructor_demo/share/moveit_task_constructor_demo/hook/ld_library_path_lib.sh'
[0.784s] Level 1:colcon.colcon_core.environment:checking '/home/login/ws_moveit/src/moveit_task_constructor/demo/install/moveit_task_constructor_demo/bin'
[0.784s] Level 1:colcon.colcon_core.environment:checking '/home/login/ws_moveit/src/moveit_task_constructor/demo/install/moveit_task_constructor_demo/lib/pkgconfig/moveit_task_constructor_demo.pc'
[0.784s] Level 1:colcon.colcon_core.environment:checking '/home/login/ws_moveit/src/moveit_task_constructor/demo/install/moveit_task_constructor_demo/lib/python3.12/site-packages'
[0.784s] Level 1:colcon.colcon_core.environment:checking '/home/login/ws_moveit/src/moveit_task_constructor/demo/install/moveit_task_constructor_demo/bin'
[0.785s] INFO:colcon.colcon_core.shell:Creating package script '/home/login/ws_moveit/src/moveit_task_constructor/demo/install/moveit_task_constructor_demo/share/moveit_task_constructor_demo/package.ps1'
[0.785s] INFO:colcon.colcon_core.shell:Creating package descriptor '/home/login/ws_moveit/src/moveit_task_constructor/demo/install/moveit_task_constructor_demo/share/moveit_task_constructor_demo/package.dsv'
[0.786s] INFO:colcon.colcon_core.shell:Creating package script '/home/login/ws_moveit/src/moveit_task_constructor/demo/install/moveit_task_constructor_demo/share/moveit_task_constructor_demo/package.sh'
[0.786s] INFO:colcon.colcon_core.shell:Creating package script '/home/login/ws_moveit/src/moveit_task_constructor/demo/install/moveit_task_constructor_demo/share/moveit_task_constructor_demo/package.bash'
[0.787s] INFO:colcon.colcon_core.shell:Creating package script '/home/login/ws_moveit/src/moveit_task_constructor/demo/install/moveit_task_constructor_demo/share/moveit_task_constructor_demo/package.zsh'
[0.787s] Level 1:colcon.colcon_core.environment:create_file_with_runtime_dependencies(/home/login/ws_moveit/src/moveit_task_constructor/demo/install/moveit_task_constructor_demo/share/colcon-core/packages/moveit_task_constructor_demo)
[0.788s] DEBUG:colcon.colcon_parallel_executor.executor.parallel:closing loop
[0.788s] DEBUG:colcon.colcon_parallel_executor.executor.parallel:loop closed
[0.789s] DEBUG:colcon.colcon_parallel_executor.executor.parallel:run_until_complete finished with '0'
[0.789s] DEBUG:colcon.colcon_core.event_reactor:joining thread
[0.900s] INFO:colcon.colcon_core.plugin_system:Skipping extension 'colcon_notification.desktop_notification.notify_send': Could not find 'notify-send'
[0.900s] INFO:colcon.colcon_core.plugin_system:Skipping extension 'colcon_notification.desktop_notification.terminal_notifier': Not used on non-Darwin systems
[0.900s] INFO:colcon.colcon_core.plugin_system:Skipping extension 'colcon_notification.desktop_notification.win32': Not used on non-Windows systems
[0.900s] INFO:colcon.colcon_notification.desktop_notification:Sending desktop notification using 'notify2'
[0.902s] DEBUG:colcon.colcon_notification.desktop_notification.notify2:Failed to initialize notify2: org.freedesktop.DBus.Error.ServiceUnknown: The name org.freedesktop.Notifications was not provided by any .service files
[0.902s] DEBUG:colcon.colcon_core.event_reactor:joined thread
[0.902s] INFO:colcon.colcon_core.shell:Creating prefix script '/home/login/ws_moveit/src/moveit_task_constructor/demo/install/local_setup.ps1'
[0.903s] INFO:colcon.colcon_core.shell:Creating prefix util module '/home/login/ws_moveit/src/moveit_task_constructor/demo/install/_local_setup_util_ps1.py'
[0.904s] INFO:colcon.colcon_core.shell:Creating prefix chain script '/home/login/ws_moveit/src/moveit_task_constructor/demo/install/setup.ps1'
[0.907s] INFO:colcon.colcon_core.shell:Creating prefix script '/home/login/ws_moveit/src/moveit_task_constructor/demo/install/local_setup.sh'
[0.907s] INFO:colcon.colcon_core.shell:Creating prefix util module '/home/login/ws_moveit/src/moveit_task_constructor/demo/install/_local_setup_util_sh.py'
[0.908s] INFO:colcon.colcon_core.shell:Creating prefix chain script '/home/login/ws_moveit/src/moveit_task_constructor/demo/install/setup.sh'
[0.910s] INFO:colcon.colcon_core.shell:Creating prefix script '/home/login/ws_moveit/src/moveit_task_constructor/demo/install/local_setup.bash'
[0.910s] INFO:colcon.colcon_core.shell:Creating prefix chain script '/home/login/ws_moveit/src/moveit_task_constructor/demo/install/setup.bash'
[0.912s] INFO:colcon.colcon_core.shell:Creating prefix script '/home/login/ws_moveit/src/moveit_task_constructor/demo/install/local_setup.zsh'
[0.912s] INFO:colcon.colcon_core.shell:Creating prefix chain script '/home/login/ws_moveit/src/moveit_task_constructor/demo/install/setup.zsh'
