/home/login/ws_moveit/install/my_robot_control/lib/python3.12/site-packages/my_robot_control/__init__.py
/home/login/ws_moveit/install/my_robot_control/lib/python3.12/site-packages/my_robot_control/add_box_obstacle.py
/home/login/ws_moveit/install/my_robot_control/lib/python3.12/site-packages/my_robot_control/movelt_planning_obstacle.py
/home/login/ws_moveit/install/my_robot_control/lib/python3.12/site-packages/my_robot_control/trajectory_visualizer.py
/home/login/ws_moveit/install/my_robot_control/lib/python3.12/site-packages/my_robot_control/cartesian_commander_ur5.py
/home/login/ws_moveit/install/my_robot_control/lib/python3.12/site-packages/my_robot_control/home_commander_ur5.py
/home/login/ws_moveit/install/my_robot_control/lib/python3.12/site-packages/my_robot_control/home_commander_panda.py
/home/login/ws_moveit/install/my_robot_control/lib/python3.12/site-packages/my_robot_control/cartesian_commander_panda.py
/home/login/ws_moveit/install/my_robot_control/lib/python3.12/site-packages/my_robot_control/__pycache__/__init__.cpython-312.pyc
/home/login/ws_moveit/install/my_robot_control/lib/python3.12/site-packages/my_robot_control/__pycache__/add_box_obstacle.cpython-312.pyc
/home/login/ws_moveit/install/my_robot_control/lib/python3.12/site-packages/my_robot_control/__pycache__/movelt_planning_obstacle.cpython-312.pyc
/home/login/ws_moveit/install/my_robot_control/lib/python3.12/site-packages/my_robot_control/__pycache__/trajectory_visualizer.cpython-312.pyc
/home/login/ws_moveit/install/my_robot_control/lib/python3.12/site-packages/my_robot_control/__pycache__/cartesian_commander_ur5.cpython-312.pyc
/home/login/ws_moveit/install/my_robot_control/lib/python3.12/site-packages/my_robot_control/__pycache__/home_commander_ur5.cpython-312.pyc
/home/login/ws_moveit/install/my_robot_control/lib/python3.12/site-packages/my_robot_control/__pycache__/home_commander_panda.cpython-312.pyc
/home/login/ws_moveit/install/my_robot_control/lib/python3.12/site-packages/my_robot_control/__pycache__/cartesian_commander_panda.cpython-312.pyc
/home/login/ws_moveit/install/my_robot_control/share/ament_index/resource_index/packages/my_robot_control
/home/login/ws_moveit/install/my_robot_control/share/my_robot_control/package.xml
/home/login/ws_moveit/install/my_robot_control/lib/python3.12/site-packages/my_robot_control-0.0.0-py3.12.egg-info/zip-safe
/home/login/ws_moveit/install/my_robot_control/lib/python3.12/site-packages/my_robot_control-0.0.0-py3.12.egg-info/PKG-INFO
/home/login/ws_moveit/install/my_robot_control/lib/python3.12/site-packages/my_robot_control-0.0.0-py3.12.egg-info/SOURCES.txt
/home/login/ws_moveit/install/my_robot_control/lib/python3.12/site-packages/my_robot_control-0.0.0-py3.12.egg-info/dependency_links.txt
/home/login/ws_moveit/install/my_robot_control/lib/python3.12/site-packages/my_robot_control-0.0.0-py3.12.egg-info/top_level.txt
/home/login/ws_moveit/install/my_robot_control/lib/python3.12/site-packages/my_robot_control-0.0.0-py3.12.egg-info/entry_points.txt
/home/login/ws_moveit/install/my_robot_control/lib/python3.12/site-packages/my_robot_control-0.0.0-py3.12.egg-info/requires.txt
/home/login/ws_moveit/install/my_robot_control/lib/my_robot_control/add_box_obstacle
/home/login/ws_moveit/install/my_robot_control/lib/my_robot_control/cartesian_commander_panda
/home/login/ws_moveit/install/my_robot_control/lib/my_robot_control/cartesian_commander_ur5
/home/login/ws_moveit/install/my_robot_control/lib/my_robot_control/home_commander_panda
/home/login/ws_moveit/install/my_robot_control/lib/my_robot_control/home_commander_ur5
/home/login/ws_moveit/install/my_robot_control/lib/my_robot_control/movelt_planning_obstacle
/home/login/ws_moveit/install/my_robot_control/lib/my_robot_control/trajectory_visualizer
