[0.544s] Invoking command in '/home/login/ws_moveit/src/moveit_task_constructor/build/moveit_task_constructor_visualization': AMENT_PREFIX_PATH=/home/login/ws_moveit/src/moveit_task_constructor/install/moveit_task_constructor_core:/home/login/ws_moveit/src/moveit_task_constructor/install/rviz_marker_tools:/home/login/ws_moveit/src/moveit_task_constructor/install/moveit_task_constructor_msgs:${AMENT_PREFIX_PATH} CMAKE_MODULE_PATH=/home/login/ws_moveit/src/moveit_task_constructor/install/moveit_task_constructor_core/share/moveit_task_constructor_core/cmake:${CMAKE_MODULE_PATH} CMAKE_PREFIX_PATH=/home/login/ws_moveit/src/moveit_task_constructor/install/moveit_task_constructor_core:/home/login/ws_moveit/src/moveit_task_constructor/install/rviz_marker_tools:/home/login/ws_moveit/src/moveit_task_constructor/install/moveit_task_constructor_msgs:/home/login/ws_moveit/src/moveit_task_constructor/demo/install/moveit_task_constructor_demo:/home/login/install/moveit_task_constructor_visualization:/home/login/install/moveit_task_constructor_demo:/home/login/install/moveit_task_constructor_capabilities:/home/login/install/moveit2_tutorials:/home/login/install/moveit_task_constructor_core:/home/login/install/rviz_marker_tools:/home/login/install/moveit_task_constructor_msgs:/home/login/ws_moveit/install/moveit_task_constructor_visualization:/home/login/ws_moveit/install/moveit_task_constructor_demo:/home/login/ws_moveit/install/moveit_task_constructor_capabilities:/home/login/ws_moveit/install/moveit2_tutorials:/home/login/ws_moveit/install/moveit_task_constructor_core:/home/login/ws_moveit/install/rviz_marker_tools:/home/login/ws_moveit/install/moveit_task_constructor_msgs:/home/login/ros2_ws/install/ur5_moveit_config:/home/login/ros2_ws/install/my_robot_description:/home/login/install/ur5_moveit_config:/home/login/install/my_robot_description:/opt/ros/jazzy/opt/gz_sim_vendor:/opt/ros/jazzy/opt/gz_sensors_vendor:/opt/ros/jazzy/opt/gz_physics_vendor:/opt/ros/jazzy/opt/sdformat_vendor:/opt/ros/jazzy/opt/gz_gui_vendor:/opt/ros/jazzy/opt/gz_transport_vendor:/opt/ros/jazzy/opt/gz_rendering_vendor:/opt/ros/jazzy/opt/gz_plugin_vendor:/opt/ros/jazzy/opt/gz_fuel_tools_vendor:/opt/ros/jazzy/opt/gz_msgs_vendor:/opt/ros/jazzy/opt/gz_common_vendor:/opt/ros/jazzy/opt/gz_math_vendor:/opt/ros/jazzy/opt/gz_utils_vendor:/opt/ros/jazzy/opt/gz_tools_vendor:/opt/ros/jazzy/opt/gz_ogre_next_vendor:/opt/ros/jazzy/opt/gz_dartsim_vendor:/opt/ros/jazzy/opt/gz_cmake_vendor:/home/login/install/move_it:/home/login/ws_moveit/install/move_it:/home/login/ros2_ws/install/my_test_pkg:/home/login/install/my_test_pkg:/opt/ros/jazzy LD_LIBRARY_PATH=/home/login/ws_moveit/src/moveit_task_constructor/install/moveit_task_constructor_core/lib:/home/login/ws_moveit/src/moveit_task_constructor/install/rviz_marker_tools/lib:/home/login/ws_moveit/src/moveit_task_constructor/install/moveit_task_constructor_msgs/lib:${LD_LIBRARY_PATH} PYTHONPATH=/home/login/ws_moveit/src/moveit_task_constructor/install/moveit_task_constructor_core/lib/python3.12/site-packages:/home/login/ws_moveit/src/moveit_task_constructor/install/moveit_task_constructor_msgs/lib/python3.12/site-packages:${PYTHONPATH} /usr/bin/cmake /home/login/ws_moveit/src/moveit_task_constructor/visualization -DCMAKE_INSTALL_PREFIX=/home/login/ws_moveit/src/moveit_task_constructor/install/moveit_task_constructor_visualization
[0.723s] -- The C compiler identification is GNU 13.3.0
[1.725s] -- The CXX compiler identification is GNU 13.3.0
[2.568s] -- Detecting C compiler ABI info
[2.915s] -- Detecting C compiler ABI info - done
[2.927s] -- Check for working C compiler: /usr/bin/cc - skipped
[2.928s] -- Detecting C compile features
[2.928s] -- Detecting C compile features - done
[3.060s] -- Detecting CXX compiler ABI info
[3.455s] -- Detecting CXX compiler ABI info - done
[3.470s] -- Check for working CXX compiler: /usr/bin/c++ - skipped
[3.470s] -- Detecting CXX compile features
[3.471s] -- Detecting CXX compile features - done
[3.482s] -- Found ament_cmake: 2.5.4 (/opt/ros/jazzy/share/ament_cmake/cmake)
[3.714s] -- Found Python3: /usr/bin/python3 (found version "3.12.3") found components: Interpreter 
[3.957s] -- Found Boost: /usr/lib/x86_64-linux-gnu/cmake/Boost-1.83.0/BoostConfig.cmake (found version "1.83.0")  
[3.965s] -- Found moveit_common: 2.12.3 (/opt/ros/jazzy/share/moveit_common/cmake)
[4.082s] [0mmoveit_task_constructor_visualization: You did not request a specific build type: Choosing 'Release' for maximum performance[0m
[4.089s] -- Found moveit_core: 2.12.3 (/opt/ros/jazzy/share/moveit_core/cmake)
[4.504s] -- Found Boost: /usr/lib/x86_64-linux-gnu/cmake/Boost-1.83.0/BoostConfig.cmake (found version "1.83.0") found components: chrono date_time filesystem iostreams program_options regex serialization system thread 
[6.265s] -- Found parameter_traits: 0.5.0 (/opt/ros/jazzy/share/parameter_traits/cmake)
[6.425s] -- Found rosidl_generator_c: 4.6.5 (/opt/ros/jazzy/share/rosidl_generator_c/cmake)
[6.460s] -- Found rosidl_generator_cpp: 4.6.5 (/opt/ros/jazzy/share/rosidl_generator_cpp/cmake)
[6.503s] -- Using all available rosidl_typesupport_c: rosidl_typesupport_fastrtps_c;rosidl_typesupport_introspection_c
[6.546s] -- Using all available rosidl_typesupport_cpp: rosidl_typesupport_fastrtps_cpp;rosidl_typesupport_introspection_cpp
[6.703s] -- Found rmw_implementation_cmake: 7.3.2 (/opt/ros/jazzy/share/rmw_implementation_cmake/cmake)
[6.712s] -- Found rmw_fastrtps_cpp: 8.4.2 (/opt/ros/jazzy/share/rmw_fastrtps_cpp/cmake)
[6.869s] -- Found OpenSSL: /usr/lib/x86_64-linux-gnu/libcrypto.so (found version "3.0.13")  
[7.124s] -- Found FastRTPS: /opt/ros/jazzy/include (Required is at least version "2.13") 
[7.276s] -- Using RMW implementation 'rmw_fastrtps_cpp' as default
[7.618s] -- Found rclcpp_lifecycle: 28.1.10 (/opt/ros/jazzy/share/rclcpp_lifecycle/cmake)
[7.686s] -- Found Boost: /usr/lib/x86_64-linux-gnu/cmake/Boost-1.83.0/BoostConfig.cmake (found version "1.83.0") found components: filesystem 
[7.993s] -- Found Eigen3: TRUE (found version "3.4.0") 
[7.994s] -- Ensuring Eigen3 include directory is part of orocos-kdl CMake target
[8.563s] -- Found moveit_ros_visualization: 2.12.3 (/opt/ros/jazzy/share/moveit_ros_visualization/cmake)
[8.568s] -- Found Boost: /usr/lib/x86_64-linux-gnu/cmake/Boost-1.83.0/BoostConfig.cmake (found version "1.83.0") found components: thread date_time system filesystem 
[8.605s] -- Found Boost: /usr/lib/x86_64-linux-gnu/cmake/Boost-1.83.0/BoostConfig.cmake (found version "1.83.0") found components: system filesystem date_time program_options thread chrono 
[8.678s] -- Found Boost: /usr/lib/x86_64-linux-gnu/cmake/Boost-1.83.0/BoostConfig.cmake (found version "1.83.0") found components: date_time filesystem program_options system thread 
[8.702s] -- Found Boost: /usr/lib/x86_64-linux-gnu/cmake/Boost-1.83.0/BoostConfig.cmake (found version "1.83.0") found components: thread system filesystem regex date_time program_options 
[8.753s] -- Found Boost: /usr/lib/x86_64-linux-gnu/cmake/Boost-1.83.0/BoostConfig.cmake (found version "1.83.0") found components: system filesystem date_time program_options thread 
[8.881s] -- Setting OGRE_DIR to: '/opt/ros/jazzy/share/rviz_ogre_vendor/cmake/../../../opt/rviz_ogre_vendor/lib/OGRE/cmake'
[8.884s] -- Found OGRE
[8.884s] --   static     : OFF
[8.884s] --   components : MeshLodGenerator;Overlay;Paging;Property;RTShaderSystem;Terrain;Volume
[8.884s] --   plugins    : Plugin_BSPSceneManager;Plugin_OctreeSceneManager;Plugin_PCZSceneManager;Plugin_ParticleFX;RenderSystem_GL;RenderSystem_GL3Plus;Codec_STBI
[8.885s] --   media      : /opt/ros/jazzy/opt/rviz_ogre_vendor/share/OGRE/Media
[8.885s] -- OGRE_LIBRARIES: OgreMeshLodGenerator;OgreOverlay;OgrePaging;OgreProperty;OgreRTShaderSystem;OgreTerrain;OgreVolume;OgreMain
[8.885s] -- OGRE_LIBRARY_DIRS: /opt/ros/jazzy/opt/rviz_ogre_vendor/lib
[8.885s] -- OGRE_PLUGINS: Plugin_BSPSceneManager;Plugin_OctreeSceneManager;Plugin_PCZSceneManager;Plugin_ParticleFX;RenderSystem_GL;RenderSystem_GL3Plus;Codec_STBI
[8.885s] -- OGRE_PLUGIN_DIR: /opt/ros/jazzy/opt/rviz_ogre_vendor/lib/OGRE
[8.885s] -- rviz_ogre_vendor::OgreOverlay for IMPORTED_LOCATION_RELEASE: /opt/ros/jazzy/opt/rviz_ogre_vendor/lib/libOgreOverlay.so
[8.885s] -- rviz_ogre_vendor::OgreOverlay for IMPORTED_LOCATION_DEBUG: /opt/ros/jazzy/opt/rviz_ogre_vendor/lib/libOgreOverlay.so
[8.885s] -- rviz_ogre_vendor::OgreMain for IMPORTED_LOCATION_RELEASE: /opt/ros/jazzy/opt/rviz_ogre_vendor/lib/libOgreMain.so
[8.885s] -- rviz_ogre_vendor::OgreMain for IMPORTED_LOCATION_DEBUG: /opt/ros/jazzy/opt/rviz_ogre_vendor/lib/libOgreMain.so
[14.370s] -- Found ZLIB: /usr/lib/x86_64-linux-gnu/libz.so (found version "1.3")  
[16.051s] -- Found OpenGL: /usr/lib/x86_64-linux-gnu/libOpenGL.so   
[30.457s] -- Found X11: /usr/include   
[30.457s] -- Looking for XOpenDisplay in /usr/lib/x86_64-linux-gnu/libX11.so;/usr/lib/x86_64-linux-gnu/libXext.so
[30.878s] -- Looking for XOpenDisplay in /usr/lib/x86_64-linux-gnu/libX11.so;/usr/lib/x86_64-linux-gnu/libXext.so - found
[30.878s] -- Looking for gethostbyname
[31.293s] -- Looking for gethostbyname - found
[31.293s] -- Looking for connect
[31.673s] -- Looking for connect - found
[31.674s] -- Looking for remove
[31.997s] -- Looking for remove - found
[31.997s] -- Looking for shmat
[32.350s] -- Looking for shmat - found
[32.350s] -- Looking for IceConnectionNumber in ICE
[32.697s] -- Looking for IceConnectionNumber in ICE - found
[33.060s] -- Setting yaml-cpp_DIR to: '/opt/ros/jazzy/share/yaml_cpp_vendor/cmake/../../../opt/yaml_cpp_vendor/share/cmake/yaml-cpp'
[33.247s] -- Found moveit_task_constructor_core: 0.1.3 (/home/login/ws_moveit/src/moveit_task_constructor/install/moveit_task_constructor_core/share/moveit_task_constructor_core/cmake)
[33.372s] -- Found PkgConfig: /usr/bin/pkg-config (found version "1.8.1") 
[33.373s] -- Checking for module 'yaml-0.1'
[33.405s] --   Found yaml-0.1, version 0.2.5
[33.489s] -- Found ament_cmake_gtest: 2.5.4 (/opt/ros/jazzy/share/ament_cmake_gtest/cmake)
[33.499s] -- Found ament_cmake_gmock: 2.5.4 (/opt/ros/jazzy/share/ament_cmake_gmock/cmake)
[33.507s] -- Found launch_testing_ament_cmake: 3.4.5 (/opt/ros/jazzy/share/launch_testing_ament_cmake/cmake)
[33.516s] -- Found python_cmake_module: 0.11.1 (/opt/ros/jazzy/share/python_cmake_module/cmake)
[33.699s] -- Found PythonExtra: /usr/bin/python3  
[33.708s] -- Found gtest sources under '/opt/ros/jazzy/src/gtest_vendor': C++ tests using 'Google Test' will be built
[33.715s] -- Found Threads: TRUE  
[33.725s] -- Found gmock sources under '/opt/ros/jazzy/src/gmock_vendor': C++ tests using 'Google Mock' will be built
[33.751s] -- Configuring done (33.2s)
[34.145s] -- Generating done (0.3s)
[34.194s] -- Build files have been written to: /home/login/ws_moveit/src/moveit_task_constructor/build/moveit_task_constructor_visualization
[34.249s] Invoked command in '/home/login/ws_moveit/src/moveit_task_constructor/build/moveit_task_constructor_visualization' returned '0': AMENT_PREFIX_PATH=/home/login/ws_moveit/src/moveit_task_constructor/install/moveit_task_constructor_core:/home/login/ws_moveit/src/moveit_task_constructor/install/rviz_marker_tools:/home/login/ws_moveit/src/moveit_task_constructor/install/moveit_task_constructor_msgs:${AMENT_PREFIX_PATH} CMAKE_MODULE_PATH=/home/login/ws_moveit/src/moveit_task_constructor/install/moveit_task_constructor_core/share/moveit_task_constructor_core/cmake:${CMAKE_MODULE_PATH} CMAKE_PREFIX_PATH=/home/login/ws_moveit/src/moveit_task_constructor/install/moveit_task_constructor_core:/home/login/ws_moveit/src/moveit_task_constructor/install/rviz_marker_tools:/home/login/ws_moveit/src/moveit_task_constructor/install/moveit_task_constructor_msgs:/home/login/ws_moveit/src/moveit_task_constructor/demo/install/moveit_task_constructor_demo:/home/login/install/moveit_task_constructor_visualization:/home/login/install/moveit_task_constructor_demo:/home/login/install/moveit_task_constructor_capabilities:/home/login/install/moveit2_tutorials:/home/login/install/moveit_task_constructor_core:/home/login/install/rviz_marker_tools:/home/login/install/moveit_task_constructor_msgs:/home/login/ws_moveit/install/moveit_task_constructor_visualization:/home/login/ws_moveit/install/moveit_task_constructor_demo:/home/login/ws_moveit/install/moveit_task_constructor_capabilities:/home/login/ws_moveit/install/moveit2_tutorials:/home/login/ws_moveit/install/moveit_task_constructor_core:/home/login/ws_moveit/install/rviz_marker_tools:/home/login/ws_moveit/install/moveit_task_constructor_msgs:/home/login/ros2_ws/install/ur5_moveit_config:/home/login/ros2_ws/install/my_robot_description:/home/login/install/ur5_moveit_config:/home/login/install/my_robot_description:/opt/ros/jazzy/opt/gz_sim_vendor:/opt/ros/jazzy/opt/gz_sensors_vendor:/opt/ros/jazzy/opt/gz_physics_vendor:/opt/ros/jazzy/opt/sdformat_vendor:/opt/ros/jazzy/opt/gz_gui_vendor:/opt/ros/jazzy/opt/gz_transport_vendor:/opt/ros/jazzy/opt/gz_rendering_vendor:/opt/ros/jazzy/opt/gz_plugin_vendor:/opt/ros/jazzy/opt/gz_fuel_tools_vendor:/opt/ros/jazzy/opt/gz_msgs_vendor:/opt/ros/jazzy/opt/gz_common_vendor:/opt/ros/jazzy/opt/gz_math_vendor:/opt/ros/jazzy/opt/gz_utils_vendor:/opt/ros/jazzy/opt/gz_tools_vendor:/opt/ros/jazzy/opt/gz_ogre_next_vendor:/opt/ros/jazzy/opt/gz_dartsim_vendor:/opt/ros/jazzy/opt/gz_cmake_vendor:/home/login/install/move_it:/home/login/ws_moveit/install/move_it:/home/login/ros2_ws/install/my_test_pkg:/home/login/install/my_test_pkg:/opt/ros/jazzy LD_LIBRARY_PATH=/home/login/ws_moveit/src/moveit_task_constructor/install/moveit_task_constructor_core/lib:/home/login/ws_moveit/src/moveit_task_constructor/install/rviz_marker_tools/lib:/home/login/ws_moveit/src/moveit_task_constructor/install/moveit_task_constructor_msgs/lib:${LD_LIBRARY_PATH} PYTHONPATH=/home/login/ws_moveit/src/moveit_task_constructor/install/moveit_task_constructor_core/lib/python3.12/site-packages:/home/login/ws_moveit/src/moveit_task_constructor/install/moveit_task_constructor_msgs/lib/python3.12/site-packages:${PYTHONPATH} /usr/bin/cmake /home/login/ws_moveit/src/moveit_task_constructor/visualization -DCMAKE_INSTALL_PREFIX=/home/login/ws_moveit/src/moveit_task_constructor/install/moveit_task_constructor_visualization
[34.251s] Invoking command in '/home/login/ws_moveit/src/moveit_task_constructor/build/moveit_task_constructor_visualization': AMENT_PREFIX_PATH=/home/login/ws_moveit/src/moveit_task_constructor/install/moveit_task_constructor_core:/home/login/ws_moveit/src/moveit_task_constructor/install/rviz_marker_tools:/home/login/ws_moveit/src/moveit_task_constructor/install/moveit_task_constructor_msgs:${AMENT_PREFIX_PATH} CMAKE_MODULE_PATH=/home/login/ws_moveit/src/moveit_task_constructor/install/moveit_task_constructor_core/share/moveit_task_constructor_core/cmake:${CMAKE_MODULE_PATH} CMAKE_PREFIX_PATH=/home/login/ws_moveit/src/moveit_task_constructor/install/moveit_task_constructor_core:/home/login/ws_moveit/src/moveit_task_constructor/install/rviz_marker_tools:/home/login/ws_moveit/src/moveit_task_constructor/install/moveit_task_constructor_msgs:/home/login/ws_moveit/src/moveit_task_constructor/demo/install/moveit_task_constructor_demo:/home/login/install/moveit_task_constructor_visualization:/home/login/install/moveit_task_constructor_demo:/home/login/install/moveit_task_constructor_capabilities:/home/login/install/moveit2_tutorials:/home/login/install/moveit_task_constructor_core:/home/login/install/rviz_marker_tools:/home/login/install/moveit_task_constructor_msgs:/home/login/ws_moveit/install/moveit_task_constructor_visualization:/home/login/ws_moveit/install/moveit_task_constructor_demo:/home/login/ws_moveit/install/moveit_task_constructor_capabilities:/home/login/ws_moveit/install/moveit2_tutorials:/home/login/ws_moveit/install/moveit_task_constructor_core:/home/login/ws_moveit/install/rviz_marker_tools:/home/login/ws_moveit/install/moveit_task_constructor_msgs:/home/login/ros2_ws/install/ur5_moveit_config:/home/login/ros2_ws/install/my_robot_description:/home/login/install/ur5_moveit_config:/home/login/install/my_robot_description:/opt/ros/jazzy/opt/gz_sim_vendor:/opt/ros/jazzy/opt/gz_sensors_vendor:/opt/ros/jazzy/opt/gz_physics_vendor:/opt/ros/jazzy/opt/sdformat_vendor:/opt/ros/jazzy/opt/gz_gui_vendor:/opt/ros/jazzy/opt/gz_transport_vendor:/opt/ros/jazzy/opt/gz_rendering_vendor:/opt/ros/jazzy/opt/gz_plugin_vendor:/opt/ros/jazzy/opt/gz_fuel_tools_vendor:/opt/ros/jazzy/opt/gz_msgs_vendor:/opt/ros/jazzy/opt/gz_common_vendor:/opt/ros/jazzy/opt/gz_math_vendor:/opt/ros/jazzy/opt/gz_utils_vendor:/opt/ros/jazzy/opt/gz_tools_vendor:/opt/ros/jazzy/opt/gz_ogre_next_vendor:/opt/ros/jazzy/opt/gz_dartsim_vendor:/opt/ros/jazzy/opt/gz_cmake_vendor:/home/login/install/move_it:/home/login/ws_moveit/install/move_it:/home/login/ros2_ws/install/my_test_pkg:/home/login/install/my_test_pkg:/opt/ros/jazzy LD_LIBRARY_PATH=/home/login/ws_moveit/src/moveit_task_constructor/install/moveit_task_constructor_core/lib:/home/login/ws_moveit/src/moveit_task_constructor/install/rviz_marker_tools/lib:/home/login/ws_moveit/src/moveit_task_constructor/install/moveit_task_constructor_msgs/lib:${LD_LIBRARY_PATH} PYTHONPATH=/home/login/ws_moveit/src/moveit_task_constructor/install/moveit_task_constructor_core/lib/python3.12/site-packages:/home/login/ws_moveit/src/moveit_task_constructor/install/moveit_task_constructor_msgs/lib/python3.12/site-packages:${PYTHONPATH} /usr/bin/cmake --build /home/login/ws_moveit/src/moveit_task_constructor/build/moveit_task_constructor_visualization -- -j12 -l12
[34.350s] [  0%] Built target motion_planning_tasks_properties_autogen_timestamp_deps
[34.350s] [  0%] Built target gtest_autogen_timestamp_deps
[34.351s] [  0%] Built target moveit_task_visualization_tools_autogen_timestamp_deps
[34.351s] [  0%] Built target gmock_main_autogen_timestamp_deps
[34.351s] [  0%] Built target gmock_autogen_timestamp_deps
[34.352s] [  0%] Built target motion_planning_tasks_utils_autogen_timestamp_deps
[34.355s] [  0%] Built target gtest_main_autogen_timestamp_deps
[34.391s] [  2%] [34m[1mAutomatic MOC for target gmock_main[0m
[34.392s] [  2%] [34m[1mAutomatic MOC for target gtest[0m
[34.392s] [  6%] [34m[1mAutomatic MOC for target gtest_main[0m
[34.392s] [  6%] [34m[1mAutomatic MOC for target gmock[0m
[34.392s] [  6%] [34m[1mAutomatic MOC for target motion_planning_tasks_properties[0m
[34.392s] [  7%] [34m[1mAutomatic MOC for target moveit_task_visualization_tools[0m
[34.403s] [  9%] [34m[1mAutomatic MOC for target motion_planning_tasks_utils[0m
[34.485s] [  9%] Built target gtest_autogen
[34.491s] [  9%] Built target gmock_autogen
[34.497s] [  9%] Built target motion_planning_tasks_properties_autogen
[34.500s] [  9%] Built target gtest_main_autogen
[34.510s] [  9%] Built target gmock_main_autogen
[34.571s] [ 10%] [32mBuilding CXX object motion_planning_tasks/properties/CMakeFiles/motion_planning_tasks_properties.dir/motion_planning_tasks_properties_autogen/mocs_compilation.cpp.o[0m
[34.571s] [ 11%] [32mBuilding CXX object motion_planning_tasks/properties/CMakeFiles/motion_planning_tasks_properties.dir/property_factory.cpp.o[0m
[34.574s] [ 13%] [32mBuilding CXX object gtest/CMakeFiles/gtest_main.dir/gtest_main_autogen/mocs_compilation.cpp.o[0m
[34.591s] [ 15%] [32mBuilding CXX object gmock/CMakeFiles/gmock.dir/gmock_autogen/mocs_compilation.cpp.o[0m
[34.600s] [ 15%] [32mBuilding CXX object gmock/CMakeFiles/gmock.dir/opt/ros/jazzy/src/gtest_vendor/src/gtest-all.cc.o[0m
[34.604s] [ 17%] [32mBuilding CXX object gmock/CMakeFiles/gmock_main.dir/gmock_main_autogen/mocs_compilation.cpp.o[0m
[34.605s] [ 18%] [32mBuilding CXX object gtest/CMakeFiles/gtest_main.dir/src/gtest_main.cc.o[0m
[34.609s] [ 22%] [32mBuilding CXX object gmock/CMakeFiles/gmock.dir/src/gmock-all.cc.o[0m
[34.609s] [ 22%] [32mBuilding CXX object gtest/CMakeFiles/gtest.dir/gtest_autogen/mocs_compilation.cpp.o[0m
[34.610s] [ 22%] [32mBuilding CXX object motion_planning_tasks/properties/CMakeFiles/motion_planning_tasks_properties.dir/property_from_yaml.cpp.o[0m
[34.669s] [ 23%] [32mBuilding CXX object gtest/CMakeFiles/gtest.dir/src/gtest-all.cc.o[0m
[34.673s] [ 25%] [32mBuilding CXX object gmock/CMakeFiles/gmock_main.dir/src/gmock_main.cc.o[0m
[34.745s] [ 25%] Built target motion_planning_tasks_utils_autogen
[34.807s] [ 26%] [32mBuilding CXX object motion_planning_tasks/utils/CMakeFiles/motion_planning_tasks_utils.dir/flat_merge_proxy_model.cpp.o[0m
[34.840s] [ 27%] [32mBuilding CXX object motion_planning_tasks/utils/CMakeFiles/motion_planning_tasks_utils.dir/tree_merge_proxy_model.cpp.o[0m
[34.847s] [ 28%] [32mBuilding CXX object motion_planning_tasks/utils/CMakeFiles/motion_planning_tasks_utils.dir/motion_planning_tasks_utils_autogen/mocs_compilation.cpp.o[0m
[34.852s] [ 30%] [32mBuilding CXX object motion_planning_tasks/utils/CMakeFiles/motion_planning_tasks_utils.dir/icon.cpp.o[0m
[35.230s] [ 30%] Built target moveit_task_visualization_tools_autogen
[35.445s] [ 31%] [32mBuilding CXX object visualization_tools/CMakeFiles/moveit_task_visualization_tools.dir/moveit_task_visualization_tools_autogen/mocs_compilation.cpp.o[0m
[35.457s] [ 32%] [32mBuilding CXX object visualization_tools/CMakeFiles/moveit_task_visualization_tools.dir/src/display_solution.cpp.o[0m
[36.862s] [ 34%] [32m[1mLinking CXX static library libgtest_main.a[0m
[37.076s] [ 35%] [32m[1mLinking CXX static library libgmock_main.a[0m
[37.134s] [ 36%] Built target gtest_main
[37.183s] [ 38%] [32mBuilding CXX object visualization_tools/CMakeFiles/moveit_task_visualization_tools.dir/src/marker_visualization.cpp.o[0m
[37.258s] [ 39%] Built target gmock_main
[37.308s] [ 40%] [32mBuilding CXX object visualization_tools/CMakeFiles/moveit_task_visualization_tools.dir/src/task_solution_panel.cpp.o[0m
[37.594s] [ 42%] [32mBuilding CXX object visualization_tools/CMakeFiles/moveit_task_visualization_tools.dir/src/task_solution_visualization.cpp.o[0m
[40.235s] [ 43%] [32m[1mLinking CXX shared library libmotion_planning_tasks_utils.so[0m
[41.407s] [ 44%] Built target motion_planning_tasks_utils
[42.650s] [ 46%] [32m[1mLinking CXX shared library libmotion_planning_tasks_properties.so[0m
[45.191s] [ 47%] Built target motion_planning_tasks_properties
[51.396s] [ 48%] [32m[1mLinking CXX static library libgtest.a[0m
[51.523s] [ 50%] Built target gtest
[51.581s] [ 50%] Built target moveit_task_constructor_visualization-test-merge-models_autogen_timestamp_deps
[51.624s] [ 51%] [34m[1mAutomatic MOC for target moveit_task_constructor_visualization-test-merge-models[0m
[51.718s] [ 51%] Built target moveit_task_constructor_visualization-test-merge-models_autogen
[51.853s] [ 52%] [32mBuilding CXX object motion_planning_tasks/test/CMakeFiles/moveit_task_constructor_visualization-test-merge-models.dir/test_merge_models.cpp.o[0m
[51.854s] [ 53%] [32mBuilding CXX object motion_planning_tasks/test/CMakeFiles/moveit_task_constructor_visualization-test-merge-models.dir/moveit_task_constructor_visualization-test-merge-models_autogen/mocs_compilation.cpp.o[0m
[51.901s] [ 55%] [32m[1mLinking CXX static library libgmock.a[0m
[52.047s] [ 56%] Built target gmock
[57.590s] [ 57%] [32m[1mLinking CXX executable moveit_task_constructor_visualization-test-merge-models[0m
[58.754s] [ 59%] Built target moveit_task_constructor_visualization-test-merge-models
[67.717s] [ 60%] [32m[1mLinking CXX shared library libmoveit_task_visualization_tools.so[0m
[77.129s] [ 61%] Built target moveit_task_visualization_tools
[77.161s] [ 61%] Built target motion_planning_tasks_rviz_plugin_autogen_timestamp_deps
[77.196s] [ 63%] [34m[1mAutomatic MOC for target motion_planning_tasks_rviz_plugin[0m
[78.690s] [ 63%] Built target motion_planning_tasks_rviz_plugin_autogen
[78.710s] [ 68%] [34m[1mGenerating ui_task_view.h[0m
[78.710s] [ 68%] [34m[1mAutomatic RCC for resources.qrc[0m
[78.710s] [ 68%] [34m[1mGenerating ui_global_settings.h[0m
[78.710s] [ 68%] [34m[1mGenerating ui_task_panel.h[0m
[78.797s] [ 72%] [32mBuilding CXX object motion_planning_tasks/src/CMakeFiles/motion_planning_tasks_rviz_plugin.dir/plugin_init.cpp.o[0m
[78.798s] [ 72%] [32mBuilding CXX object motion_planning_tasks/src/CMakeFiles/motion_planning_tasks_rviz_plugin.dir/meta_task_list_model.cpp.o[0m
[78.798s] [ 72%] [32mBuilding CXX object motion_planning_tasks/src/CMakeFiles/motion_planning_tasks_rviz_plugin.dir/motion_planning_tasks_rviz_plugin_autogen/mocs_compilation.cpp.o[0m
[78.798s] [ 75%] [32mBuilding CXX object motion_planning_tasks/src/CMakeFiles/motion_planning_tasks_rviz_plugin.dir/factory_model.cpp.o[0m
[78.798s] [ 75%] [32mBuilding CXX object motion_planning_tasks/src/CMakeFiles/motion_planning_tasks_rviz_plugin.dir/job_queue.cpp.o[0m
[78.799s] [ 76%] [32mBuilding CXX object motion_planning_tasks/src/CMakeFiles/motion_planning_tasks_rviz_plugin.dir/icons.cpp.o[0m
[78.801s] [ 77%] [32mBuilding CXX object motion_planning_tasks/src/CMakeFiles/motion_planning_tasks_rviz_plugin.dir/local_task_model.cpp.o[0m
[78.806s] [ 78%] [32mBuilding CXX object motion_planning_tasks/src/CMakeFiles/motion_planning_tasks_rviz_plugin.dir/remote_task_model.cpp.o[0m
[78.813s] [ 80%] [32mBuilding CXX object motion_planning_tasks/src/CMakeFiles/motion_planning_tasks_rviz_plugin.dir/task_panel.cpp.o[0m
[78.815s] [ 82%] [32mBuilding CXX object motion_planning_tasks/src/CMakeFiles/motion_planning_tasks_rviz_plugin.dir/task_display.cpp.o[0m
[78.815s] [ 82%] [32mBuilding CXX object motion_planning_tasks/src/CMakeFiles/motion_planning_tasks_rviz_plugin.dir/motion_planning_tasks_rviz_plugin_autogen/EWIEGA46WW/qrc_resources.cpp.o[0m
[78.815s] [ 84%] [32mBuilding CXX object motion_planning_tasks/src/CMakeFiles/motion_planning_tasks_rviz_plugin.dir/task_list_model.cpp.o[0m
[122.061s] [ 85%] [32m[1mLinking CXX shared library libmotion_planning_tasks_rviz_plugin.so[0m
[127.843s] [ 86%] Built target motion_planning_tasks_rviz_plugin
[127.877s] [ 86%] Built target moveit_task_constructor_visualization-test-solution-models_autogen_timestamp_deps
[127.877s] [ 86%] Built target moveit_task_constructor_visualization-test-task_model_autogen_timestamp_deps
[127.906s] [ 88%] [34m[1mAutomatic MOC for target moveit_task_constructor_visualization-test-solution-models[0m
[127.906s] [ 89%] [34m[1mAutomatic MOC for target moveit_task_constructor_visualization-test-task_model[0m
[127.965s] [ 89%] Built target moveit_task_constructor_visualization-test-solution-models_autogen
[127.966s] [ 89%] Built target moveit_task_constructor_visualization-test-task_model_autogen
[128.000s] [ 92%] [32mBuilding CXX object motion_planning_tasks/test/CMakeFiles/moveit_task_constructor_visualization-test-solution-models.dir/moveit_task_constructor_visualization-test-solution-models_autogen/mocs_compilation.cpp.o[0m
[128.001s] [ 92%] [32mBuilding CXX object motion_planning_tasks/test/CMakeFiles/moveit_task_constructor_visualization-test-task_model.dir/moveit_task_constructor_visualization-test-task_model_autogen/mocs_compilation.cpp.o[0m
[128.001s] [ 94%] [32mBuilding CXX object motion_planning_tasks/test/CMakeFiles/moveit_task_constructor_visualization-test-task_model.dir/test_task_model.cpp.o[0m
[128.001s] [ 94%] [32mBuilding CXX object motion_planning_tasks/test/CMakeFiles/moveit_task_constructor_visualization-test-solution-models.dir/test_solution_models.cpp.o[0m
[138.411s] [ 96%] [32m[1mLinking CXX executable moveit_task_constructor_visualization-test-solution-models[0m
[139.400s] [ 97%] [32m[1mLinking CXX executable moveit_task_constructor_visualization-test-task_model[0m
[139.911s] [ 98%] Built target moveit_task_constructor_visualization-test-solution-models
[141.023s] [100%] Built target moveit_task_constructor_visualization-test-task_model
[141.048s] Invoked command in '/home/login/ws_moveit/src/moveit_task_constructor/build/moveit_task_constructor_visualization' returned '0': AMENT_PREFIX_PATH=/home/login/ws_moveit/src/moveit_task_constructor/install/moveit_task_constructor_core:/home/login/ws_moveit/src/moveit_task_constructor/install/rviz_marker_tools:/home/login/ws_moveit/src/moveit_task_constructor/install/moveit_task_constructor_msgs:${AMENT_PREFIX_PATH} CMAKE_MODULE_PATH=/home/login/ws_moveit/src/moveit_task_constructor/install/moveit_task_constructor_core/share/moveit_task_constructor_core/cmake:${CMAKE_MODULE_PATH} CMAKE_PREFIX_PATH=/home/login/ws_moveit/src/moveit_task_constructor/install/moveit_task_constructor_core:/home/login/ws_moveit/src/moveit_task_constructor/install/rviz_marker_tools:/home/login/ws_moveit/src/moveit_task_constructor/install/moveit_task_constructor_msgs:/home/login/ws_moveit/src/moveit_task_constructor/demo/install/moveit_task_constructor_demo:/home/login/install/moveit_task_constructor_visualization:/home/login/install/moveit_task_constructor_demo:/home/login/install/moveit_task_constructor_capabilities:/home/login/install/moveit2_tutorials:/home/login/install/moveit_task_constructor_core:/home/login/install/rviz_marker_tools:/home/login/install/moveit_task_constructor_msgs:/home/login/ws_moveit/install/moveit_task_constructor_visualization:/home/login/ws_moveit/install/moveit_task_constructor_demo:/home/login/ws_moveit/install/moveit_task_constructor_capabilities:/home/login/ws_moveit/install/moveit2_tutorials:/home/login/ws_moveit/install/moveit_task_constructor_core:/home/login/ws_moveit/install/rviz_marker_tools:/home/login/ws_moveit/install/moveit_task_constructor_msgs:/home/login/ros2_ws/install/ur5_moveit_config:/home/login/ros2_ws/install/my_robot_description:/home/login/install/ur5_moveit_config:/home/login/install/my_robot_description:/opt/ros/jazzy/opt/gz_sim_vendor:/opt/ros/jazzy/opt/gz_sensors_vendor:/opt/ros/jazzy/opt/gz_physics_vendor:/opt/ros/jazzy/opt/sdformat_vendor:/opt/ros/jazzy/opt/gz_gui_vendor:/opt/ros/jazzy/opt/gz_transport_vendor:/opt/ros/jazzy/opt/gz_rendering_vendor:/opt/ros/jazzy/opt/gz_plugin_vendor:/opt/ros/jazzy/opt/gz_fuel_tools_vendor:/opt/ros/jazzy/opt/gz_msgs_vendor:/opt/ros/jazzy/opt/gz_common_vendor:/opt/ros/jazzy/opt/gz_math_vendor:/opt/ros/jazzy/opt/gz_utils_vendor:/opt/ros/jazzy/opt/gz_tools_vendor:/opt/ros/jazzy/opt/gz_ogre_next_vendor:/opt/ros/jazzy/opt/gz_dartsim_vendor:/opt/ros/jazzy/opt/gz_cmake_vendor:/home/login/install/move_it:/home/login/ws_moveit/install/move_it:/home/login/ros2_ws/install/my_test_pkg:/home/login/install/my_test_pkg:/opt/ros/jazzy LD_LIBRARY_PATH=/home/login/ws_moveit/src/moveit_task_constructor/install/moveit_task_constructor_core/lib:/home/login/ws_moveit/src/moveit_task_constructor/install/rviz_marker_tools/lib:/home/login/ws_moveit/src/moveit_task_constructor/install/moveit_task_constructor_msgs/lib:${LD_LIBRARY_PATH} PYTHONPATH=/home/login/ws_moveit/src/moveit_task_constructor/install/moveit_task_constructor_core/lib/python3.12/site-packages:/home/login/ws_moveit/src/moveit_task_constructor/install/moveit_task_constructor_msgs/lib/python3.12/site-packages:${PYTHONPATH} /usr/bin/cmake --build /home/login/ws_moveit/src/moveit_task_constructor/build/moveit_task_constructor_visualization -- -j12 -l12
[141.051s] Invoking command in '/home/login/ws_moveit/src/moveit_task_constructor/build/moveit_task_constructor_visualization': AMENT_PREFIX_PATH=/home/login/ws_moveit/src/moveit_task_constructor/install/moveit_task_constructor_core:/home/login/ws_moveit/src/moveit_task_constructor/install/rviz_marker_tools:/home/login/ws_moveit/src/moveit_task_constructor/install/moveit_task_constructor_msgs:${AMENT_PREFIX_PATH} CMAKE_MODULE_PATH=/home/login/ws_moveit/src/moveit_task_constructor/install/moveit_task_constructor_core/share/moveit_task_constructor_core/cmake:${CMAKE_MODULE_PATH} CMAKE_PREFIX_PATH=/home/login/ws_moveit/src/moveit_task_constructor/install/moveit_task_constructor_core:/home/login/ws_moveit/src/moveit_task_constructor/install/rviz_marker_tools:/home/login/ws_moveit/src/moveit_task_constructor/install/moveit_task_constructor_msgs:/home/login/ws_moveit/src/moveit_task_constructor/demo/install/moveit_task_constructor_demo:/home/login/install/moveit_task_constructor_visualization:/home/login/install/moveit_task_constructor_demo:/home/login/install/moveit_task_constructor_capabilities:/home/login/install/moveit2_tutorials:/home/login/install/moveit_task_constructor_core:/home/login/install/rviz_marker_tools:/home/login/install/moveit_task_constructor_msgs:/home/login/ws_moveit/install/moveit_task_constructor_visualization:/home/login/ws_moveit/install/moveit_task_constructor_demo:/home/login/ws_moveit/install/moveit_task_constructor_capabilities:/home/login/ws_moveit/install/moveit2_tutorials:/home/login/ws_moveit/install/moveit_task_constructor_core:/home/login/ws_moveit/install/rviz_marker_tools:/home/login/ws_moveit/install/moveit_task_constructor_msgs:/home/login/ros2_ws/install/ur5_moveit_config:/home/login/ros2_ws/install/my_robot_description:/home/login/install/ur5_moveit_config:/home/login/install/my_robot_description:/opt/ros/jazzy/opt/gz_sim_vendor:/opt/ros/jazzy/opt/gz_sensors_vendor:/opt/ros/jazzy/opt/gz_physics_vendor:/opt/ros/jazzy/opt/sdformat_vendor:/opt/ros/jazzy/opt/gz_gui_vendor:/opt/ros/jazzy/opt/gz_transport_vendor:/opt/ros/jazzy/opt/gz_rendering_vendor:/opt/ros/jazzy/opt/gz_plugin_vendor:/opt/ros/jazzy/opt/gz_fuel_tools_vendor:/opt/ros/jazzy/opt/gz_msgs_vendor:/opt/ros/jazzy/opt/gz_common_vendor:/opt/ros/jazzy/opt/gz_math_vendor:/opt/ros/jazzy/opt/gz_utils_vendor:/opt/ros/jazzy/opt/gz_tools_vendor:/opt/ros/jazzy/opt/gz_ogre_next_vendor:/opt/ros/jazzy/opt/gz_dartsim_vendor:/opt/ros/jazzy/opt/gz_cmake_vendor:/home/login/install/move_it:/home/login/ws_moveit/install/move_it:/home/login/ros2_ws/install/my_test_pkg:/home/login/install/my_test_pkg:/opt/ros/jazzy LD_LIBRARY_PATH=/home/login/ws_moveit/src/moveit_task_constructor/install/moveit_task_constructor_core/lib:/home/login/ws_moveit/src/moveit_task_constructor/install/rviz_marker_tools/lib:/home/login/ws_moveit/src/moveit_task_constructor/install/moveit_task_constructor_msgs/lib:${LD_LIBRARY_PATH} PYTHONPATH=/home/login/ws_moveit/src/moveit_task_constructor/install/moveit_task_constructor_core/lib/python3.12/site-packages:/home/login/ws_moveit/src/moveit_task_constructor/install/moveit_task_constructor_msgs/lib/python3.12/site-packages:${PYTHONPATH} /usr/bin/cmake --install /home/login/ws_moveit/src/moveit_task_constructor/build/moveit_task_constructor_visualization
[141.067s] -- Install configuration: "Release"
[141.068s] -- Installing: /home/login/ws_moveit/src/moveit_task_constructor/install/moveit_task_constructor_visualization/include
[141.069s] -- Installing: /home/login/ws_moveit/src/moveit_task_constructor/install/moveit_task_constructor_visualization/include/moveit
[141.069s] -- Installing: /home/login/ws_moveit/src/moveit_task_constructor/install/moveit_task_constructor_visualization/include/moveit/visualization_tools
[141.069s] -- Installing: /home/login/ws_moveit/src/moveit_task_constructor/install/moveit_task_constructor_visualization/include/moveit/visualization_tools/display_solution.h
[141.069s] -- Installing: /home/login/ws_moveit/src/moveit_task_constructor/install/moveit_task_constructor_visualization/include/moveit/visualization_tools/task_solution_visualization.h
[141.070s] -- Installing: /home/login/ws_moveit/src/moveit_task_constructor/install/moveit_task_constructor_visualization/include/moveit/visualization_tools/marker_visualization.h
[141.070s] -- Installing: /home/login/ws_moveit/src/moveit_task_constructor/install/moveit_task_constructor_visualization/include/moveit/visualization_tools/task_solution_panel.h
[141.071s] -- Installing: /home/login/ws_moveit/src/moveit_task_constructor/install/moveit_task_constructor_visualization/lib/libmoveit_task_visualization_tools.so.0.1.3
[141.072s] -- Set non-toolchain portion of runtime path of "/home/login/ws_moveit/src/moveit_task_constructor/install/moveit_task_constructor_visualization/lib/libmoveit_task_visualization_tools.so.0.1.3" to ""
[141.073s] -- Installing: /home/login/ws_moveit/src/moveit_task_constructor/install/moveit_task_constructor_visualization/lib/libmoveit_task_visualization_tools.so
[141.073s] -- Installing: /home/login/ws_moveit/src/moveit_task_constructor/install/moveit_task_constructor_visualization/lib/libmotion_planning_tasks_utils.so
[141.074s] -- Installing: /home/login/ws_moveit/src/moveit_task_constructor/install/moveit_task_constructor_visualization/lib/libmotion_planning_tasks_properties.so
[141.075s] -- Set non-toolchain portion of runtime path of "/home/login/ws_moveit/src/moveit_task_constructor/install/moveit_task_constructor_visualization/lib/libmotion_planning_tasks_properties.so" to ""
[141.075s] -- Installing: /home/login/ws_moveit/src/moveit_task_constructor/install/moveit_task_constructor_visualization/lib/libmotion_planning_tasks_rviz_plugin.so.0.1.3
[141.083s] -- Set non-toolchain portion of runtime path of "/home/login/ws_moveit/src/moveit_task_constructor/install/moveit_task_constructor_visualization/lib/libmotion_planning_tasks_rviz_plugin.so.0.1.3" to ""
[141.084s] -- Installing: /home/login/ws_moveit/src/moveit_task_constructor/install/moveit_task_constructor_visualization/lib/libmotion_planning_tasks_rviz_plugin.so
[141.084s] -- Installing: /home/login/ws_moveit/src/moveit_task_constructor/install/moveit_task_constructor_visualization/share/icons
[141.084s] -- Installing: /home/login/ws_moveit/src/moveit_task_constructor/install/moveit_task_constructor_visualization/share/icons/classes
[141.084s] -- Installing: /home/login/ws_moveit/src/moveit_task_constructor/install/moveit_task_constructor_visualization/share/icons/classes/Motion Planning Tasks.svg
[141.085s] -- Installing: /home/login/ws_moveit/src/moveit_task_constructor/install/moveit_task_constructor_visualization/share/moveit_task_constructor_visualization/motion_planning_tasks_rviz_plugin_description.xml
[141.086s] -- Installing: /home/login/ws_moveit/src/moveit_task_constructor/install/moveit_task_constructor_visualization/share/moveit_task_constructor_visualization/environment/library_path.sh
[141.086s] -- Installing: /home/login/ws_moveit/src/moveit_task_constructor/install/moveit_task_constructor_visualization/share/moveit_task_constructor_visualization/environment/library_path.dsv
[141.087s] -- Installing: /home/login/ws_moveit/src/moveit_task_constructor/install/moveit_task_constructor_visualization/share/ament_index/resource_index/package_run_dependencies/moveit_task_constructor_visualization
[141.088s] -- Installing: /home/login/ws_moveit/src/moveit_task_constructor/install/moveit_task_constructor_visualization/share/ament_index/resource_index/parent_prefix_path/moveit_task_constructor_visualization
[141.088s] -- Installing: /home/login/ws_moveit/src/moveit_task_constructor/install/moveit_task_constructor_visualization/share/moveit_task_constructor_visualization/environment/ament_prefix_path.sh
[141.088s] -- Installing: /home/login/ws_moveit/src/moveit_task_constructor/install/moveit_task_constructor_visualization/share/moveit_task_constructor_visualization/environment/ament_prefix_path.dsv
[141.088s] -- Installing: /home/login/ws_moveit/src/moveit_task_constructor/install/moveit_task_constructor_visualization/share/moveit_task_constructor_visualization/environment/path.sh
[141.089s] -- Installing: /home/login/ws_moveit/src/moveit_task_constructor/install/moveit_task_constructor_visualization/share/moveit_task_constructor_visualization/environment/path.dsv
[141.089s] -- Installing: /home/login/ws_moveit/src/moveit_task_constructor/install/moveit_task_constructor_visualization/share/moveit_task_constructor_visualization/local_setup.bash
[141.089s] -- Installing: /home/login/ws_moveit/src/moveit_task_constructor/install/moveit_task_constructor_visualization/share/moveit_task_constructor_visualization/local_setup.sh
[141.089s] -- Installing: /home/login/ws_moveit/src/moveit_task_constructor/install/moveit_task_constructor_visualization/share/moveit_task_constructor_visualization/local_setup.zsh
[141.089s] -- Installing: /home/login/ws_moveit/src/moveit_task_constructor/install/moveit_task_constructor_visualization/share/moveit_task_constructor_visualization/local_setup.dsv
[141.090s] -- Installing: /home/login/ws_moveit/src/moveit_task_constructor/install/moveit_task_constructor_visualization/share/moveit_task_constructor_visualization/package.dsv
[141.091s] -- Installing: /home/login/ws_moveit/src/moveit_task_constructor/install/moveit_task_constructor_visualization/share/ament_index/resource_index/packages/moveit_task_constructor_visualization
[141.091s] -- Installing: /home/login/ws_moveit/src/moveit_task_constructor/install/moveit_task_constructor_visualization/share/ament_index/resource_index/rviz_common__pluginlib__plugin/moveit_task_constructor_visualization
[141.092s] -- Installing: /home/login/ws_moveit/src/moveit_task_constructor/install/moveit_task_constructor_visualization/share/moveit_task_constructor_visualization/cmake/ament_cmake_export_include_directories-extras.cmake
[141.092s] -- Installing: /home/login/ws_moveit/src/moveit_task_constructor/install/moveit_task_constructor_visualization/share/moveit_task_constructor_visualization/cmake/ament_cmake_export_libraries-extras.cmake
[141.093s] -- Installing: /home/login/ws_moveit/src/moveit_task_constructor/install/moveit_task_constructor_visualization/share/moveit_task_constructor_visualization/cmake/ament_cmake_export_dependencies-extras.cmake
[141.093s] -- Installing: /home/login/ws_moveit/src/moveit_task_constructor/install/moveit_task_constructor_visualization/share/moveit_task_constructor_visualization/cmake/moveit_task_constructor_visualizationConfig.cmake
[141.093s] -- Installing: /home/login/ws_moveit/src/moveit_task_constructor/install/moveit_task_constructor_visualization/share/moveit_task_constructor_visualization/cmake/moveit_task_constructor_visualizationConfig-version.cmake
[141.093s] -- Installing: /home/login/ws_moveit/src/moveit_task_constructor/install/moveit_task_constructor_visualization/share/moveit_task_constructor_visualization/package.xml
[141.099s] Invoked command in '/home/login/ws_moveit/src/moveit_task_constructor/build/moveit_task_constructor_visualization' returned '0': AMENT_PREFIX_PATH=/home/login/ws_moveit/src/moveit_task_constructor/install/moveit_task_constructor_core:/home/login/ws_moveit/src/moveit_task_constructor/install/rviz_marker_tools:/home/login/ws_moveit/src/moveit_task_constructor/install/moveit_task_constructor_msgs:${AMENT_PREFIX_PATH} CMAKE_MODULE_PATH=/home/login/ws_moveit/src/moveit_task_constructor/install/moveit_task_constructor_core/share/moveit_task_constructor_core/cmake:${CMAKE_MODULE_PATH} CMAKE_PREFIX_PATH=/home/login/ws_moveit/src/moveit_task_constructor/install/moveit_task_constructor_core:/home/login/ws_moveit/src/moveit_task_constructor/install/rviz_marker_tools:/home/login/ws_moveit/src/moveit_task_constructor/install/moveit_task_constructor_msgs:/home/login/ws_moveit/src/moveit_task_constructor/demo/install/moveit_task_constructor_demo:/home/login/install/moveit_task_constructor_visualization:/home/login/install/moveit_task_constructor_demo:/home/login/install/moveit_task_constructor_capabilities:/home/login/install/moveit2_tutorials:/home/login/install/moveit_task_constructor_core:/home/login/install/rviz_marker_tools:/home/login/install/moveit_task_constructor_msgs:/home/login/ws_moveit/install/moveit_task_constructor_visualization:/home/login/ws_moveit/install/moveit_task_constructor_demo:/home/login/ws_moveit/install/moveit_task_constructor_capabilities:/home/login/ws_moveit/install/moveit2_tutorials:/home/login/ws_moveit/install/moveit_task_constructor_core:/home/login/ws_moveit/install/rviz_marker_tools:/home/login/ws_moveit/install/moveit_task_constructor_msgs:/home/login/ros2_ws/install/ur5_moveit_config:/home/login/ros2_ws/install/my_robot_description:/home/login/install/ur5_moveit_config:/home/login/install/my_robot_description:/opt/ros/jazzy/opt/gz_sim_vendor:/opt/ros/jazzy/opt/gz_sensors_vendor:/opt/ros/jazzy/opt/gz_physics_vendor:/opt/ros/jazzy/opt/sdformat_vendor:/opt/ros/jazzy/opt/gz_gui_vendor:/opt/ros/jazzy/opt/gz_transport_vendor:/opt/ros/jazzy/opt/gz_rendering_vendor:/opt/ros/jazzy/opt/gz_plugin_vendor:/opt/ros/jazzy/opt/gz_fuel_tools_vendor:/opt/ros/jazzy/opt/gz_msgs_vendor:/opt/ros/jazzy/opt/gz_common_vendor:/opt/ros/jazzy/opt/gz_math_vendor:/opt/ros/jazzy/opt/gz_utils_vendor:/opt/ros/jazzy/opt/gz_tools_vendor:/opt/ros/jazzy/opt/gz_ogre_next_vendor:/opt/ros/jazzy/opt/gz_dartsim_vendor:/opt/ros/jazzy/opt/gz_cmake_vendor:/home/login/install/move_it:/home/login/ws_moveit/install/move_it:/home/login/ros2_ws/install/my_test_pkg:/home/login/install/my_test_pkg:/opt/ros/jazzy LD_LIBRARY_PATH=/home/login/ws_moveit/src/moveit_task_constructor/install/moveit_task_constructor_core/lib:/home/login/ws_moveit/src/moveit_task_constructor/install/rviz_marker_tools/lib:/home/login/ws_moveit/src/moveit_task_constructor/install/moveit_task_constructor_msgs/lib:${LD_LIBRARY_PATH} PYTHONPATH=/home/login/ws_moveit/src/moveit_task_constructor/install/moveit_task_constructor_core/lib/python3.12/site-packages:/home/login/ws_moveit/src/moveit_task_constructor/install/moveit_task_constructor_msgs/lib/python3.12/site-packages:${PYTHONPATH} /usr/bin/cmake --install /home/login/ws_moveit/src/moveit_task_constructor/build/moveit_task_constructor_visualization
